   8       0 sda 752090 9 21200970 1166476 227841 400332 10275616 5166612 0 1361964 6332776
   8       1 sda1 751940 9 21199770 1166424 227218 400332 10275616 5166344 0 1361696 6332464
   8      16 sdb 8439 13111 80186 4428 63026 65877 427284240 114944 0 8372 119348
   8      17 sdb1 8086 13089 77186 4360 62926 65877 427284240 114856 0 8216 119192
   8      32 sdc 2202755 791 520434130 141852916 1854156 153234 828406384 490266624 0 11520548 632116188
   8      33 sdc1 2202605 791 520432930 141852096 1818135 153234 828406384 490250456 0 11514264 632099784
   8       0 sda 373569 165 8643594 654144 45093 26325 1754176 794004 0 699024 1448024
   8       1 sda1 373419 165 8642394 654088 45085 26325 1754176 793928 0 698908 1447892
   8      16 sdb 44091 13108 363058 16744 50468 59725 426947208 113836 0 15076 130572
   8      17 sdb1 43738 13086 360058 16652 50367 59725 426947208 113776 0 14924 130420
   8      32 sdc 2526303 776 605465258 179612204 1703407 105086 793520184 492460852 0 11370024 672073020
   8      33 sdc1 2526153 776 605464058 179611376 1703316 105086 793520184 492460840 0 11369232 672071132
   8       0 sda 370376 129 8585562 586740 46415 26585 1772992 803036 0 689020 1389620
   8       1 sda1 370226 129 8584362 586720 46409 26585 1772992 802992 0 688972 1389552
   8      32 sdc 2183784 518 517994330 138800180 1694846 104399 792121232 478357368 0 10542480 617172084
   8      33 sdc1 2183634 518 517993130 138799360 1694760 104399 792121232 478357356 0 10541656 617154664
   8      16 sdb 44269 13108 364570 17680 50503 59434 426950792 99428 0 14648 117084
   8      17 sdb1 43917 13086 361578 17608 50400 59434 426950792 99172 0 14324 116756
   8       0 sda 370241 180 8560418 695772 45650 30579 1769832 812668 0 678108 1508280
   8       1 sda1 370091 180 8559218 695704 45644 30579 1769832 812624 0 678028 1508168
   8      16 sdb 42934 13108 353802 14508 49928 58977 426919768 93836 0 11528 108328
   8      17 sdb1 42581 13086 350802 14464 49824 58977 426919768 93588 0 11236 108036
   8      32 sdc 2164925 485 514092826 142027420 1884447 104351 887376256 537798328 0 10945200 679823708
   8      33 sdc1 2164775 485 514091626 142026588 1884356 104351 887376256 537798316 0 10944368 679839680
  eth0: 53147896866 42712322    0    0    0     0          0         0 63709755156 7802246    0    0    0     0       0          0
  eth0: 46455213724 37846859    0  916    0     0          0         0 75473616183 7423680    0    0    0     0       0          0
  eth0: 64691900607 49666464    0 1739    0     0          0         0 43960047452 7670994    0    0    0     0       0          0
  eth0: 70381892665 52428903    0  849    0     0          0         0 42434772147 7886916    0    0    0     0       0          0
