   8       0 sda 745746 9 21021378 1162616 223805 391315 10102528 5089736 0 1352964 6252040
   8       1 sda1 745596 9 21020178 1162564 223182 391315 10102528 5089468 0 1352696 6251728
   8      16 sdb 8424 13111 80066 4424 62870 65686 427278928 114892 0 8316 119292
   8      17 sdb1 8071 13089 77066 4356 62770 65686 427278928 114804 0 8160 119136
   8      32 sdc 2198971 789 519779594 141640008 1836217 152188 824031136 486555676 0 11456188 628192368
   8      33 sdc1 2198821 789 519778394 141639188 1800693 152188 824031136 486539604 0 11449964 628176060
   8       0 sda 370448 165 8572642 652128 44972 26235 1751264 793140 0 696720 1445148
   8       1 sda1 370298 165 8571442 652072 44964 26235 1751264 793064 0 696604 1445016
   8      16 sdb 44037 13108 362626 16600 50357 59590 426944576 113816 0 15036 130408
   8      17 sdb1 43684 13086 359626 16508 50256 59590 426944576 113756 0 14884 130256
   8      32 sdc 2523064 775 604764626 179475912 1697184 104457 791986824 491568636 0 11333288 671044524
   8      33 sdc1 2522914 775 604763426 179475084 1697093 104457 791986824 491568624 0 11332496 671042636
   8       0 sda 367250 129 8514130 585396 46303 26469 1769976 802424 0 687252 1387664
   8       1 sda1 367100 129 8512930 585376 46297 26469 1769976 802380 0 687204 1387596
   8      32 sdc 2181238 518 517441026 138696160 1692680 103816 791587720 478195156 0 10511744 616905856
   8      33 sdc1 2181088 518 517439826 138695340 1692594 103816 791587720 478195144 0 10510920 616888436
   8      16 sdb 44211 13108 364106 17676 50404 59314 426948256 99420 0 14636 117072
   8      17 sdb1 43859 13086 361114 17604 50301 59314 426948256 99164 0 14312 116744
   8       0 sda 367615 180 8501962 694280 45560 30514 1767952 812188 0 676520 1506308
   8       1 sda1 367465 180 8500762 694212 45554 30514 1767952 812144 0 676440 1506196
   8      16 sdb 42877 13108 353346 14496 49841 58884 426917688 93832 0 11512 108312
   8      17 sdb1 42524 13086 350346 14452 49737 58884 426917688 93584 0 11220 108020
   8      32 sdc 2162293 485 513538818 141918472 1883332 103860 887125832 537673192 0 10915176 679589624
   8      33 sdc1 2162143 485 513537618 141917640 1883241 103860 887125832 537673180 0 10914344 679605596
  eth0: 52446241800 42148380    0    0    0     0          0         0 61464827342 7680460    0    0    0     0       0          0
  eth0: 45731847030 37334018    0  916    0     0          0         0 75159036568 7380115    0    0    0     0       0          0
  eth0: 63338784294 48714714    0 1739    0     0          0         0 43478297994 7587682    0    0    0     0       0          0
  eth0: 69653054880 51911477    0  849    0     0          0         0 42105557804 7827843    0    0    0     0       0          0
