
Logging initialized using configuration in jar:file:/home/ubuntu/software/hive-1.2.1/lib/hive-common-1.2.1.jar!/hive-log4j.properties
Hive history file=/tmp/ubuntu/hive_job_log_897701fb-0a5f-4922-b2e8-1e0c70364beb_2113238926.txt
SLF4J: Class path contains multiple SLF4J bindings.
SLF4J: Found binding in [jar:file:/home/ubuntu/software/tez-0.7.1-SNAPSHOT-minimal/lib/slf4j-log4j12-1.7.5.jar!/org/slf4j/impl/StaticLoggerBinder.class]
SLF4J: Found binding in [jar:file:/home/ubuntu/software/hadoop-2.6.0/share/hadoop/common/lib/slf4j-log4j12-1.7.5.jar!/org/slf4j/impl/StaticLoggerBinder.class]
SLF4J: See http://www.slf4j.org/codes.html#multiple_bindings for an explanation.
SLF4J: Actual binding is of type [org.slf4j.impl.Log4jLoggerFactory]
OK
Time taken: 0.952 seconds
Query ID = ubuntu_20160924181613_2eb4fcf9-aba3-4261-89bc-68566794c104
Total jobs = 9
SLF4J: Class path contains multiple SLF4J bindings.
SLF4J: Found binding in [jar:file:/home/ubuntu/software/tez-0.7.1-SNAPSHOT-minimal/lib/slf4j-log4j12-1.7.5.jar!/org/slf4j/impl/StaticLoggerBinder.class]
SLF4J: Found binding in [jar:file:/home/ubuntu/software/hadoop-2.6.0/share/hadoop/common/lib/slf4j-log4j12-1.7.5.jar!/org/slf4j/impl/StaticLoggerBinder.class]
SLF4J: See http://www.slf4j.org/codes.html#multiple_bindings for an explanation.
SLF4J: Actual binding is of type [org.slf4j.impl.Log4jLoggerFactory]
Execution log at: /tmp/ubuntu/ubuntu_20160924181613_2eb4fcf9-aba3-4261-89bc-68566794c104.log
2016-09-24 18:16:18	Starting to launch local task to process map join;	maximum memory = 932184064
2016-09-24 18:16:20	Dump the side-table for tag: 1 with group count: 7 into file: file:/tmp/ubuntu/897701fb-0a5f-4922-b2e8-1e0c70364beb/hive_2016-09-24_18-16-13_459_7262213114502010220-1/-local-10016/HashTable-Stage-15/MapJoin-mapfile41--.hashtable
2016-09-24 18:16:20	Uploaded 1 File to: file:/tmp/ubuntu/897701fb-0a5f-4922-b2e8-1e0c70364beb/hive_2016-09-24_18-16-13_459_7262213114502010220-1/-local-10016/HashTable-Stage-15/MapJoin-mapfile41--.hashtable (504 bytes)
2016-09-24 18:16:20	End of local task; Time Taken: 1.273 sec.
Execution completed successfully
MapredLocal task succeeded
Launching Job 1 out of 9
Number of reduce tasks is set to 0 since there's no reduce operator
Starting Job = job_1474660851143_0310, Tracking URL = http://vm1:8088/proxy/application_1474660851143_0310/
Kill Command = /home/ubuntu/software/hadoop-2.6.0/bin/hadoop job  -kill job_1474660851143_0310
Hadoop job information for Stage-15: number of mappers: 5; number of reducers: 0
2016-09-24 18:16:27,852 Stage-15 map = 0%,  reduce = 0%
2016-09-24 18:16:42,576 Stage-15 map = 2%,  reduce = 0%, Cumulative CPU 33.25 sec
2016-09-24 18:16:43,636 Stage-15 map = 11%,  reduce = 0%, Cumulative CPU 43.83 sec
2016-09-24 18:16:45,742 Stage-15 map = 12%,  reduce = 0%, Cumulative CPU 47.02 sec
2016-09-24 18:16:49,919 Stage-15 map = 21%,  reduce = 0%, Cumulative CPU 72.83 sec
2016-09-24 18:16:52,010 Stage-15 map = 23%,  reduce = 0%, Cumulative CPU 75.95 sec
2016-09-24 18:16:53,053 Stage-15 map = 32%,  reduce = 0%, Cumulative CPU 87.05 sec
2016-09-24 18:16:55,152 Stage-15 map = 34%,  reduce = 0%, Cumulative CPU 89.93 sec
2016-09-24 18:16:56,202 Stage-15 map = 35%,  reduce = 0%, Cumulative CPU 101.2 sec
2016-09-24 18:16:59,332 Stage-15 map = 42%,  reduce = 0%, Cumulative CPU 115.78 sec
2016-09-24 18:17:01,429 Stage-15 map = 46%,  reduce = 0%, Cumulative CPU 121.58 sec
2016-09-24 18:17:02,483 Stage-15 map = 51%,  reduce = 0%, Cumulative CPU 129.93 sec
2016-09-24 18:17:04,591 Stage-15 map = 55%,  reduce = 0%, Cumulative CPU 138.87 sec
2016-09-24 18:17:05,627 Stage-15 map = 57%,  reduce = 0%, Cumulative CPU 144.4 sec
2016-09-24 18:17:06,667 Stage-15 map = 60%,  reduce = 0%, Cumulative CPU 145.43 sec
2016-09-24 18:17:07,740 Stage-15 map = 62%,  reduce = 0%, Cumulative CPU 154.39 sec
2016-09-24 18:17:08,780 Stage-15 map = 64%,  reduce = 0%, Cumulative CPU 157.37 sec
2016-09-24 18:17:09,823 Stage-15 map = 65%,  reduce = 0%, Cumulative CPU 160.39 sec
2016-09-24 18:17:10,878 Stage-15 map = 67%,  reduce = 0%, Cumulative CPU 168.17 sec
2016-09-24 18:17:12,944 Stage-15 map = 69%,  reduce = 0%, Cumulative CPU 171.32 sec
2016-09-24 18:17:13,978 Stage-15 map = 75%,  reduce = 0%, Cumulative CPU 179.17 sec
2016-09-24 18:17:17,107 Stage-15 map = 78%,  reduce = 0%, Cumulative CPU 190.83 sec
2016-09-24 18:17:19,192 Stage-15 map = 80%,  reduce = 0%, Cumulative CPU 193.96 sec
2016-09-24 18:17:20,230 Stage-15 map = 82%,  reduce = 0%, Cumulative CPU 202.23 sec
2016-09-24 18:17:22,290 Stage-15 map = 84%,  reduce = 0%, Cumulative CPU 205.29 sec
2016-09-24 18:17:23,324 Stage-15 map = 87%,  reduce = 0%, Cumulative CPU 213.81 sec
2016-09-24 18:17:25,381 Stage-15 map = 89%,  reduce = 0%, Cumulative CPU 216.19 sec
2016-09-24 18:17:26,423 Stage-15 map = 95%,  reduce = 0%, Cumulative CPU 224.89 sec
2016-09-24 18:17:27,455 Stage-15 map = 96%,  reduce = 0%, Cumulative CPU 226.15 sec
2016-09-24 18:17:29,531 Stage-15 map = 98%,  reduce = 0%, Cumulative CPU 232.13 sec
2016-09-24 18:17:30,559 Stage-15 map = 100%,  reduce = 0%, Cumulative CPU 232.67 sec
MapReduce Total cumulative CPU time: 3 minutes 52 seconds 670 msec
Ended Job = job_1474660851143_0310
Stage-18 is selected by condition resolver.
Stage-19 is filtered out by condition resolver.
Stage-2 is filtered out by condition resolver.
SLF4J: Class path contains multiple SLF4J bindings.
SLF4J: Found binding in [jar:file:/home/ubuntu/software/tez-0.7.1-SNAPSHOT-minimal/lib/slf4j-log4j12-1.7.5.jar!/org/slf4j/impl/StaticLoggerBinder.class]
SLF4J: Found binding in [jar:file:/home/ubuntu/software/hadoop-2.6.0/share/hadoop/common/lib/slf4j-log4j12-1.7.5.jar!/org/slf4j/impl/StaticLoggerBinder.class]
SLF4J: See http://www.slf4j.org/codes.html#multiple_bindings for an explanation.
SLF4J: Actual binding is of type [org.slf4j.impl.Log4jLoggerFactory]
Execution log at: /tmp/ubuntu/ubuntu_20160924181613_2eb4fcf9-aba3-4261-89bc-68566794c104.log
2016-09-24 18:17:34	Starting to launch local task to process map join;	maximum memory = 932184064
2016-09-24 18:17:36	Dump the side-table for tag: 1 with group count: 3863 into file: file:/tmp/ubuntu/897701fb-0a5f-4922-b2e8-1e0c70364beb/hive_2016-09-24_18-16-13_459_7262213114502010220-1/-local-10012/HashTable-Stage-12/MapJoin-mapfile21--.hashtable
2016-09-24 18:17:36	Uploaded 1 File to: file:/tmp/ubuntu/897701fb-0a5f-4922-b2e8-1e0c70364beb/hive_2016-09-24_18-16-13_459_7262213114502010220-1/-local-10012/HashTable-Stage-12/MapJoin-mapfile21--.hashtable (163270 bytes)
2016-09-24 18:17:36	End of local task; Time Taken: 1.958 sec.
Execution completed successfully
MapredLocal task succeeded
Launching Job 3 out of 9
Number of reduce tasks is set to 0 since there's no reduce operator
Starting Job = job_1474660851143_0311, Tracking URL = http://vm1:8088/proxy/application_1474660851143_0311/
Kill Command = /home/ubuntu/software/hadoop-2.6.0/bin/hadoop job  -kill job_1474660851143_0311
Hadoop job information for Stage-12: number of mappers: 10; number of reducers: 0
2016-09-24 18:17:47,438 Stage-12 map = 0%,  reduce = 0%
2016-09-24 18:17:57,812 Stage-12 map = 10%,  reduce = 0%, Cumulative CPU 5.64 sec
2016-09-24 18:17:59,886 Stage-12 map = 12%,  reduce = 0%, Cumulative CPU 59.14 sec
2016-09-24 18:18:01,961 Stage-12 map = 17%,  reduce = 0%, Cumulative CPU 62.3 sec
2016-09-24 18:18:06,127 Stage-12 map = 47%,  reduce = 0%, Cumulative CPU 113.61 sec
2016-09-24 18:18:07,165 Stage-12 map = 52%,  reduce = 0%, Cumulative CPU 115.58 sec
2016-09-24 18:18:08,201 Stage-12 map = 56%,  reduce = 0%, Cumulative CPU 121.65 sec
2016-09-24 18:18:09,237 Stage-12 map = 71%,  reduce = 0%, Cumulative CPU 140.17 sec
2016-09-24 18:18:10,272 Stage-12 map = 86%,  reduce = 0%, Cumulative CPU 144.83 sec
2016-09-24 18:18:11,308 Stage-12 map = 91%,  reduce = 0%, Cumulative CPU 152.18 sec
2016-09-24 18:18:12,345 Stage-12 map = 95%,  reduce = 0%, Cumulative CPU 152.36 sec
2016-09-24 18:18:13,377 Stage-12 map = 100%,  reduce = 0%, Cumulative CPU 154.14 sec
MapReduce Total cumulative CPU time: 2 minutes 34 seconds 140 msec
Ended Job = job_1474660851143_0311
Stage-16 is selected by condition resolver.
Stage-17 is filtered out by condition resolver.
Stage-3 is filtered out by condition resolver.
SLF4J: Class path contains multiple SLF4J bindings.
SLF4J: Found binding in [jar:file:/home/ubuntu/software/tez-0.7.1-SNAPSHOT-minimal/lib/slf4j-log4j12-1.7.5.jar!/org/slf4j/impl/StaticLoggerBinder.class]
SLF4J: Found binding in [jar:file:/home/ubuntu/software/hadoop-2.6.0/share/hadoop/common/lib/slf4j-log4j12-1.7.5.jar!/org/slf4j/impl/StaticLoggerBinder.class]
SLF4J: See http://www.slf4j.org/codes.html#multiple_bindings for an explanation.
SLF4J: Actual binding is of type [org.slf4j.impl.Log4jLoggerFactory]
Execution log at: /tmp/ubuntu/ubuntu_20160924181613_2eb4fcf9-aba3-4261-89bc-68566794c104.log
2016-09-24 18:18:17	Starting to launch local task to process map join;	maximum memory = 932184064
2016-09-24 18:18:19	Dump the side-table for tag: 1 with group count: 60 into file: file:/tmp/ubuntu/897701fb-0a5f-4922-b2e8-1e0c70364beb/hive_2016-09-24_18-16-13_459_7262213114502010220-1/-local-10008/HashTable-Stage-9/MapJoin-mapfile01--.hashtable
2016-09-24 18:18:19	Uploaded 1 File to: file:/tmp/ubuntu/897701fb-0a5f-4922-b2e8-1e0c70364beb/hive_2016-09-24_18-16-13_459_7262213114502010220-1/-local-10008/HashTable-Stage-9/MapJoin-mapfile01--.hashtable (2248 bytes)
2016-09-24 18:18:19	End of local task; Time Taken: 2.165 sec.
Execution completed successfully
MapredLocal task succeeded
Launching Job 5 out of 9
Number of reduce tasks is set to 0 since there's no reduce operator
Starting Job = job_1474660851143_0312, Tracking URL = http://vm1:8088/proxy/application_1474660851143_0312/
Kill Command = /home/ubuntu/software/hadoop-2.6.0/bin/hadoop job  -kill job_1474660851143_0312
Hadoop job information for Stage-9: number of mappers: 3; number of reducers: 0
2016-09-24 18:18:24,997 Stage-9 map = 0%,  reduce = 0%
2016-09-24 18:18:34,216 Stage-9 map = 33%,  reduce = 0%, Cumulative CPU 3.62 sec
2016-09-24 18:18:36,271 Stage-9 map = 92%,  reduce = 0%, Cumulative CPU 18.34 sec
2016-09-24 18:18:37,296 Stage-9 map = 100%,  reduce = 0%, Cumulative CPU 20.0 sec
MapReduce Total cumulative CPU time: 20 seconds 0 msec
Ended Job = job_1474660851143_0312
Launching Job 6 out of 9
Number of reduce tasks not specified. Estimated from input data size: 1
In order to change the average load for a reducer (in bytes):
  set hive.exec.reducers.bytes.per.reducer=<number>
In order to limit the maximum number of reducers:
  set hive.exec.reducers.max=<number>
In order to set a constant number of reducers:
  set mapreduce.job.reduces=<number>
Starting Job = job_1474660851143_0313, Tracking URL = http://vm1:8088/proxy/application_1474660851143_0313/
Kill Command = /home/ubuntu/software/hadoop-2.6.0/bin/hadoop job  -kill job_1474660851143_0313
Hadoop job information for Stage-4: number of mappers: 1; number of reducers: 1
2016-09-24 18:18:43,130 Stage-4 map = 0%,  reduce = 0%
2016-09-24 18:18:49,328 Stage-4 map = 100%,  reduce = 0%, Cumulative CPU 2.81 sec
2016-09-24 18:18:56,546 Stage-4 map = 100%,  reduce = 100%, Cumulative CPU 5.99 sec
MapReduce Total cumulative CPU time: 5 seconds 990 msec
Ended Job = job_1474660851143_0313
Launching Job 7 out of 9
Number of reduce tasks determined at compile time: 1
In order to change the average load for a reducer (in bytes):
  set hive.exec.reducers.bytes.per.reducer=<number>
In order to limit the maximum number of reducers:
  set hive.exec.reducers.max=<number>
In order to set a constant number of reducers:
  set mapreduce.job.reduces=<number>
Starting Job = job_1474660851143_0314, Tracking URL = http://vm1:8088/proxy/application_1474660851143_0314/
Kill Command = /home/ubuntu/software/hadoop-2.6.0/bin/hadoop job  -kill job_1474660851143_0314
Hadoop job information for Stage-5: number of mappers: 1; number of reducers: 1
2016-09-24 18:19:03,362 Stage-5 map = 0%,  reduce = 0%
2016-09-24 18:19:08,519 Stage-5 map = 100%,  reduce = 0%, Cumulative CPU 2.12 sec
2016-09-24 18:19:14,708 Stage-5 map = 100%,  reduce = 100%, Cumulative CPU 3.66 sec
MapReduce Total cumulative CPU time: 3 seconds 660 msec
Ended Job = job_1474660851143_0314
MapReduce Jobs Launched: 
Stage-Stage-15: Map: 5   Cumulative CPU: 232.67 sec   HDFS Read: 1164950191 HDFS Write: 2535951899 SUCCESS
Stage-Stage-12: Map: 10   Cumulative CPU: 154.14 sec   HDFS Read: 2536063335 HDFS Write: 246864624 SUCCESS
Stage-Stage-9: Map: 3   Cumulative CPU: 20.0 sec   HDFS Read: 246905378 HDFS Write: 1432440 SUCCESS
Stage-Stage-4: Map: 1  Reduce: 1   Cumulative CPU: 5.99 sec   HDFS Read: 1440614 HDFS Write: 432344 SUCCESS
Stage-Stage-5: Map: 1  Reduce: 1   Cumulative CPU: 3.66 sec   HDFS Read: 438339 HDFS Write: 2799 SUCCESS
Total MapReduce CPU Time Spent: 6 minutes 56 seconds 460 msec
OK
	AAAAAAAAAAANAAAA	2640	2496
	AAAAAAAAAACDAAAA	1034	1314
	AAAAAAAAAAHMAAAA	2644	3757
	AAAAAAAAAAIIAAAA	2502	2092
	AAAAAAAAAAKNAAAA	2183	2240
	AAAAAAAAAALAAAAA	2430	2468
	AAAAAAAAAANDAAAA	1584	1366
	AAAAAAAAAANKAAAA	1616	2105
	AAAAAAAAABDAAAAA	2514	2640
	AAAAAAAAABEFAAAA	1845	1548
	AAAAAAAAABGMAAAA	2334	1572
	AAAAAAAAABGNAAAA	2627	2304
	AAAAAAAAABIHAAAA	2087	2884
	AAAAAAAAABLFAAAA	2670	1925
	AAAAAAAAACGLAAAA	2470	2049
	AAAAAAAAACGOAAAA	1453	2075
	AAAAAAAAACHCAAAA	2280	2036
	AAAAAAAAACLDAAAA	2632	1873
	AAAAAAAAACLGAAAA	1525	2041
	AAAAAAAAACLNAAAA	1670	2320
	AAAAAAAAACOBAAAA	2566	2711
	AAAAAAAAACPDAAAA	1781	2658
	AAAAAAAAADCMAAAA	2977	2344
	AAAAAAAAADIOAAAA	2672	2435
	AAAAAAAAADJFAAAA	2645	2806
	AAAAAAAAADPOAAAA	2476	1953
	AAAAAAAAAEBFAAAA	1790	1845
	AAAAAAAAAEFBAAAA	1512	1700
	AAAAAAAAAEHOAAAA	2251	2443
	AAAAAAAAAELOAAAA	2213	2398
	AAAAAAAAAEMAAAAA	1647	1643
	AAAAAAAAAEOCAAAA	1950	2293
	AAAAAAAAAFADAAAA	1701	1553
	AAAAAAAAAFGJAAAA	1405	1941
	AAAAAAAAAFJLAAAA	2396	2375
	AAAAAAAAAFKEAAAA	1166	980
	AAAAAAAAAFPCAAAA	2526	3200
	AAAAAAAAAFPJAAAA	2733	2181
	AAAAAAAAAGIDAAAA	2661	2186
	AAAAAAAAAGNMAAAA	2035	2991
	AAAAAAAAAHGHAAAA	2577	3172
	AAAAAAAAAHJBAAAA	1907	1675
	AAAAAAAAAHJJAAAA	2095	2846
	AAAAAAAAAHKMAAAA	2284	2753
	AAAAAAAAAHNCAAAA	2540	3563
	AAAAAAAAAHOEAAAA	2198	3112
	AAAAAAAAAICKAAAA	1322	1955
	AAAAAAAAAIECAAAA	1759	2184
	AAAAAAAAAIENAAAA	1971	2162
	AAAAAAAAAIJLAAAA	1546	1807
	AAAAAAAAAINEAAAA	2279	2388
	AAAAAAAAAJACAAAA	2664	3148
	AAAAAAAAAJAIAAAA	1868	2481
	AAAAAAAAAJCAAAAA	2115	3069
	AAAAAAAAAJCIAAAA	3035	3028
	AAAAAAAAAJEDAAAA	1735	2566
	AAAAAAAAAJFIAAAA	2434	2179
	AAAAAAAAAJKBAAAA	2108	1725
	AAAAAAAAAJKGAAAA	2342	3151
	AAAAAAAAAJNEAAAA	2299	2512
	AAAAAAAAAJNHAAAA	1882	2463
	AAAAAAAAAKAAAAAA	3018	2187
	AAAAAAAAAKAHAAAA	2507	2815
	AAAAAAAAAKCLAAAA	2349	2460
	AAAAAAAAAKDHAAAA	2277	3281
	AAAAAAAAAKHFAAAA	2511	1776
	AAAAAAAAAKMHAAAA	1406	1593
	AAAAAAAAAKPNAAAA	1873	2357
	AAAAAAAAALECAAAA	2305	1994
	AAAAAAAAALFMAAAA	1979	1829
	AAAAAAAAALHFAAAA	1445	1341
	AAAAAAAAALIGAAAA	2138	1434
	AAAAAAAAALJCAAAA	1854	1895
	AAAAAAAAALKKAAAA	1809	1859
	AAAAAAAAALLNAAAA	2434	2437
	AAAAAAAAALPFAAAA	1843	2452
	AAAAAAAAAMALAAAA	1171	1491
	AAAAAAAAAMBEAAAA	1996	2202
	AAAAAAAAAMEKAAAA	2047	2684
	AAAAAAAAAMGNAAAA	2319	2796
	AAAAAAAAAMMOAAAA	2558	2480
	AAAAAAAAANBIAAAA	1817	1616
	AAAAAAAAANCFAAAA	2129	2180
	AAAAAAAAANEGAAAA	2294	1690
	AAAAAAAAANMHAAAA	2760	3511
	AAAAAAAAANPGAAAA	1710	2288
	AAAAAAAAAOAGAAAA	3238	2186
	AAAAAAAAAOIBAAAA	1721	2168
	AAAAAAAAAOJGAAAA	1984	2491
	AAAAAAAAAOMOAAAA	2450	1670
	AAAAAAAAAOPIAAAA	1730	2180
	AAAAAAAAAPEMAAAA	2384	3135
	AAAAAAAAAPHNAAAA	1752	2525
	AAAAAAAAAPLAAAAA	2431	3250
	AAAAAAAAAPLDAAAA	2445	2048
	AAAAAAAAAPOMAAAA	1591	2108
	AAAAAAAABAEIAAAA	2147	2378
	AAAAAAAABAIKAAAA	2341	2858
	AAAAAAAABAPDAAAA	1786	2327
	AAAAAAAABAPMAAAA	2586	2338
Time taken: 182.355 seconds, Fetched: 100 row(s)
Query 21: Total Execution Time = 190 seconds
