VM1 sda-sda
Previous Sectors Read = 21021378
Current Sectors Read = 21200970
Previous Sectors Written = 10102528
Current Sectors Written = 10275616
Sectors Read = 179592
Sectors Written = 173088
--------------------
VM1 sdb-sdb
Previous Sectors Read = 80066
Current Sectors Read = 80186
Previous Sectors Written = 427278928
Current Sectors Written = 427284240
Sectors Read = 120
Sectors Written = 5312
--------------------
VM1 sdc-sdc
Previous Sectors Read = 519779594
Current Sectors Read = 520434130
Previous Sectors Written = 824031136
Current Sectors Written = 828406384
Sectors Read = 654536
Sectors Written = 4375248
--------------------
VM2 sda-sda
Previous Sectors Read = 8572642
Current Sectors Read = 8643594
Previous Sectors Written = 1751264
Current Sectors Written = 1754176
Sectors Read = 70952
Sectors Written = 2912
--------------------
VM2 sdb-sdb
Previous Sectors Read = 362626
Current Sectors Read = 363058
Previous Sectors Written = 426944576
Current Sectors Written = 426947208
Sectors Read = 432
Sectors Written = 2632
--------------------
VM2 sdc-sdc
Previous Sectors Read = 604764626
Current Sectors Read = 605465258
Previous Sectors Written = 791986824
Current Sectors Written = 793520184
Sectors Read = 700632
Sectors Written = 1533360
--------------------
VM3 sda-sda
Previous Sectors Read = 8514130
Current Sectors Read = 8585562
Previous Sectors Written = 1769976
Current Sectors Written = 1772992
Sectors Read = 71432
Sectors Written = 3016
--------------------
VM3 sdc-sdc
Previous Sectors Read = 517441026
Current Sectors Read = 517994330
Previous Sectors Written = 791587720
Current Sectors Written = 792121232
Sectors Read = 553304
Sectors Written = 533512
--------------------
VM3 sdb-sdb
Previous Sectors Read = 364106
Current Sectors Read = 364570
Previous Sectors Written = 426948256
Current Sectors Written = 426950792
Sectors Read = 464
Sectors Written = 2536
--------------------
VM4 sda-sda
Previous Sectors Read = 8501962
Current Sectors Read = 8560418
Previous Sectors Written = 1767952
Current Sectors Written = 1769832
Sectors Read = 58456
Sectors Written = 1880
--------------------
VM4 sdb-sdb
Previous Sectors Read = 353346
Current Sectors Read = 353802
Previous Sectors Written = 426917688
Current Sectors Written = 426919768
Sectors Read = 456
Sectors Written = 2080
--------------------
VM4 sdc-sdc
Previous Sectors Read = 513538818
Current Sectors Read = 514092826
Previous Sectors Written = 887125832
Current Sectors Written = 887376256
Sectors Read = 554008
Sectors Written = 250424
--------------------
VM1
Previous Packets Received = 52446241800
Current Packets Received = 53147896866
Previous Packets Transmitted = 61464827342
Current Packets Transmitted = 63709755156
Packets received = 701655066
Packets Transmitted = 2244927814
--------------------
VM2
Previous Packets Received = 45731847030
Current Packets Received = 46455213724
Previous Packets Transmitted = 75159036568
Current Packets Transmitted = 75473616183
Packets received = 723366694
Packets Transmitted = 314579615
--------------------
VM3
Previous Packets Received = 63338784294
Current Packets Received = 64691900607
Previous Packets Transmitted = 43478297994
Current Packets Transmitted = 43960047452
Packets received = 1353116313
Packets Transmitted = 481749458
--------------------
VM4
Previous Packets Received = 69653054880
Current Packets Received = 70381892665
Previous Packets Transmitted = 42105557804
Current Packets Transmitted = 42434772147
Packets received = 728837785
Packets Transmitted = 329214343
--------------------
Total Sectors Read = 1456324608
Total Sectors Written = 3525632000
Total Packets Received = 3506975858
Total Packets Transmitted = 3370471230
