   8       0 sda 713525 9 20144498 1134404 218938 373771 9824808 5060924 0 1331780 6195028
   8       1 sda1 713375 9 20143298 1134352 218316 373771 9824808 5060656 0 1331512 6194708
   8      16 sdb 6988 13111 68578 3816 62261 65170 427262328 114772 0 7920 118564
   8      17 sdb1 6635 13089 65578 3748 62166 65170 427262328 114688 0 7768 118412
   8      32 sdc 2182881 775 517408826 141073940 1828369 149650 822392888 486136212 0 11286384 627206848
   8      33 sdc1 2182731 775 517407626 141073120 1794024 149650 822392888 486120340 0 11280340 627190740
   8       0 sda 353227 154 8187834 636104 44420 25814 1736408 788108 0 686096 1424096
   8       1 sda1 353077 154 8186634 636048 44412 25814 1736408 788032 0 685980 1423964
   8      16 sdb 32812 13108 272826 12316 49822 59045 426931080 113656 0 12280 125964
   8      17 sdb1 32459 13086 269826 12224 49726 59045 426931080 113600 0 12132 125816
   8      32 sdc 2505049 761 601831266 178639144 1676366 102192 782572824 487544012 0 11149784 666181948
   8      33 sdc1 2504899 761 601830066 178638316 1676280 102192 782572824 487544000 0 11148992 666180056
   8       0 sda 350205 127 8132922 579512 45690 25950 1753672 798304 0 679248 1377664
   8       1 sda1 350055 127 8131722 579492 45684 25950 1753672 798260 0 679200 1377596
   8      32 sdc 2165552 501 515092402 138161908 1683282 101408 788215256 477175032 0 10363100 615351484
   8      33 sdc1 2165402 501 515091202 138161088 1683200 101408 788215256 477175020 0 10362276 615334064
   8      16 sdb 32790 13108 272738 12648 49807 58673 426932320 99340 0 11732 111984
   8      17 sdb1 32438 13086 269746 12576 49709 58673 426932320 99088 0 11412 111660
   8       0 sda 351102 176 8133538 679756 45112 30163 1757248 809692 0 669196 1489296
   8       1 sda1 350952 176 8132338 679688 45106 30163 1757248 809648 0 669116 1489184
   8      16 sdb 31854 13108 265162 10856 49355 58345 426905528 93764 0 9628 104604
   8      17 sdb1 31501 13086 262162 10812 49256 58345 426905528 93516 0 9336 104312
   8      32 sdc 2146756 472 511194050 141223744 1859320 101667 875977464 532858620 0 10744844 674080364
   8      33 sdc1 2146606 472 511192850 141222912 1859233 101667 875977464 532858608 0 10744012 674096340
  eth0: 50804380616 40919712    0    0    0     0          0         0 60054574779 7511795    0    0    0     0       0          0
  eth0: 43855952455 35951832    0  916    0     0          0         0 73341771829 7196230    0    0    0     0       0          0
  eth0: 62145488705 47862528    0 1739    0     0          0         0 43007812849 7473668    0    0    0     0       0          0
  eth0: 68026476159 50707643    0  849    0     0          0         0 39706133689 7632936    0    0    0     0       0          0
