   8       0 sda 708735 9 19984938 1131672 218676 373596 9818152 5059444 0 1328528 6190820
   8       1 sda1 708585 9 19983738 1131620 218054 373596 9818152 5059176 0 1328260 6190500
   8      16 sdb 6955 13111 68314 3792 62151 65046 427259296 114768 0 7908 118536
   8      17 sdb1 6602 13089 65314 3724 62056 65046 427259296 114684 0 7756 118384
   8      32 sdc 2178248 769 516796938 140931232 1827967 149224 822385440 486131008 0 11245144 627058940
   8      33 sdc1 2178098 769 516795738 140930412 1793698 149224 822385440 486115148 0 11239104 627042844
   8       0 sda 352050 154 8165794 635316 44319 25720 1733512 787560 0 685116 1422760
   8       1 sda1 351900 154 8164594 635260 44311 25720 1733512 787484 0 685000 1422628
   8      16 sdb 32750 13108 272330 12312 49701 58940 426927440 113652 0 12272 125956
   8      17 sdb1 32397 13086 269330 12220 49605 58940 426927440 113596 0 12124 125808
   8      32 sdc 2499610 759 601062994 178463952 1676110 101964 782566248 487538844 0 11109784 666001588
   8      33 sdc1 2499460 759 601061794 178463124 1676024 101964 782566248 487538832 0 11108992 665999636
   8       0 sda 349099 125 8112234 578232 45640 25924 1752288 798024 0 677844 1376104
   8       1 sda1 348949 125 8111034 578212 45634 25924 1752288 797980 0 677796 1376036
   8      32 sdc 2160921 497 514481210 138022444 1683131 101211 788210792 477172780 0 10329452 615209612
   8      33 sdc1 2160771 497 514480010 138021624 1683049 101211 788210792 477172768 0 10328628 615192344
   8      16 sdb 32755 13108 272458 12640 49766 58609 426930952 99340 0 11724 111976
   8      17 sdb1 32403 13086 269466 12568 49668 58609 426930952 99088 0 11404 111652
   8       0 sda 349982 172 8112394 678724 45053 30129 1755560 809292 0 668404 1487864
   8       1 sda1 349832 172 8111194 678656 45047 30129 1755560 809248 0 668324 1487752
   8      16 sdb 31836 13108 265018 10816 49313 58282 426904152 93760 0 9612 104560
   8      17 sdb1 31483 13086 262018 10772 49214 58282 426904152 93512 0 9320 104268
   8      32 sdc 2142206 463 510584986 141091812 1859166 101489 875974672 532855724 0 10710124 673945536
   8      33 sdc1 2142056 463 510583786 141090980 1859079 101489 875974672 532855712 0 10709292 673961512
  eth0: 50772509758 40891116    0    0    0     0          0         0 60002983020 7500562    0    0    0     0       0          0
  eth0: 43852405931 35939480    0  916    0     0          0         0 73310696407 7189074    0    0    0     0       0          0
  eth0: 62093881223 47824724    0 1739    0     0          0         0 43006052388 7467506    0    0    0     0       0          0
  eth0: 68024820464 50705101    0  849    0     0          0         0 39705443746 7629368    0    0    0     0       0          0
