VM1 sda-sda
Previous Sectors Read = 19984938
Current Sectors Read = 20144498
Previous Sectors Written = 9818152
Current Sectors Written = 9824808
Sectors Read = 159560
Sectors Written = 6656
--------------------
VM1 sdb-sdb
Previous Sectors Read = 68314
Current Sectors Read = 68578
Previous Sectors Written = 427259296
Current Sectors Written = 427262328
Sectors Read = 264
Sectors Written = 3032
--------------------
VM1 sdc-sdc
Previous Sectors Read = 516796938
Current Sectors Read = 517408826
Previous Sectors Written = 822385440
Current Sectors Written = 822392888
Sectors Read = 611888
Sectors Written = 7448
--------------------
VM2 sda-sda
Previous Sectors Read = 8165794
Current Sectors Read = 8187834
Previous Sectors Written = 1733512
Current Sectors Written = 1736408
Sectors Read = 22040
Sectors Written = 2896
--------------------
VM2 sdb-sdb
Previous Sectors Read = 272330
Current Sectors Read = 272826
Previous Sectors Written = 426927440
Current Sectors Written = 426931080
Sectors Read = 496
Sectors Written = 3640
--------------------
VM2 sdc-sdc
Previous Sectors Read = 601062994
Current Sectors Read = 601831266
Previous Sectors Written = 782566248
Current Sectors Written = 782572824
Sectors Read = 768272
Sectors Written = 6576
--------------------
VM3 sda-sda
Previous Sectors Read = 8112234
Current Sectors Read = 8132922
Previous Sectors Written = 1752288
Current Sectors Written = 1753672
Sectors Read = 20688
Sectors Written = 1384
--------------------
VM3 sdc-sdc
Previous Sectors Read = 514481210
Current Sectors Read = 515092402
Previous Sectors Written = 788210792
Current Sectors Written = 788215256
Sectors Read = 611192
Sectors Written = 4464
--------------------
VM3 sdb-sdb
Previous Sectors Read = 272458
Current Sectors Read = 272738
Previous Sectors Written = 426930952
Current Sectors Written = 426932320
Sectors Read = 280
Sectors Written = 1368
--------------------
VM4 sda-sda
Previous Sectors Read = 8112394
Current Sectors Read = 8133538
Previous Sectors Written = 1755560
Current Sectors Written = 1757248
Sectors Read = 21144
Sectors Written = 1688
--------------------
VM4 sdb-sdb
Previous Sectors Read = 265018
Current Sectors Read = 265162
Previous Sectors Written = 426904152
Current Sectors Written = 426905528
Sectors Read = 144
Sectors Written = 1376
--------------------
VM4 sdc-sdc
Previous Sectors Read = 510584986
Current Sectors Read = 511194050
Previous Sectors Written = 875974672
Current Sectors Written = 875977464
Sectors Read = 609064
Sectors Written = 2792
--------------------
VM1
Previous Packets Received = 50772509758
Current Packets Received = 50804380616
Previous Packets Transmitted = 60002983020
Current Packets Transmitted = 60054574779
Packets received = 31870858
Packets Transmitted = 51591759
--------------------
VM2
Previous Packets Received = 43852405931
Current Packets Received = 43855952455
Previous Packets Transmitted = 73310696407
Current Packets Transmitted = 73341771829
Packets received = 3546524
Packets Transmitted = 31075422
--------------------
VM3
Previous Packets Received = 62093881223
Current Packets Received = 62145488705
Previous Packets Transmitted = 43006052388
Current Packets Transmitted = 43007812849
Packets received = 51607482
Packets Transmitted = 1760461
--------------------
VM4
Previous Packets Received = 68024820464
Current Packets Received = 68026476159
Previous Packets Transmitted = 39705443746
Current Packets Transmitted = 39706133689
Packets received = 1655695
Packets Transmitted = 689943
--------------------
Total Sectors Read = 1446416384
Total Sectors Written = 22179840
Total Packets Received = 88680559
Total Packets Transmitted = 85117585
