   8       0 sda 743637 9 20978810 1158776 223702 391254 10098880 5089064 0 1352152 6247528
   8       1 sda1 743487 9 20977610 1158724 223079 391254 10098880 5088796 0 1351884 6247216
   8      16 sdb 8159 13111 77946 4356 62845 65660 427278464 114884 0 8244 119216
   8      17 sdb1 7806 13089 74946 4288 62746 65660 427278464 114796 0 8088 119060
   8      32 sdc 2198970 789 519779586 141639988 1836141 152154 824029584 486555176 0 11455948 628191848
   8      33 sdc1 2198820 789 519778386 141639168 1800637 152154 824029584 486539108 0 11449728 628175544
   8       0 sda 368746 165 8533218 648608 44931 26201 1749664 792572 0 695796 1441060
   8       1 sda1 368596 165 8532018 648552 44923 26201 1749664 792496 0 695680 1440928
   8      16 sdb 41833 13108 344994 15868 50315 59568 426943712 113740 0 14496 129600
   8      17 sdb1 41480 13086 341994 15776 50215 59568 426943712 113680 0 14344 129448
   8      32 sdc 2523062 775 604764586 179475864 1697142 104423 791982840 491567524 0 11332572 671043364
   8      33 sdc1 2522912 775 604763386 179475036 1697052 104423 791982840 491567512 0 11331780 671041476
   8       0 sda 365545 129 8475162 584736 46270 26455 1769432 802272 0 686904 1386852
   8       1 sda1 365395 129 8473962 584716 46264 26455 1769432 802228 0 686856 1386784
   8      32 sdc 2181140 518 517440242 138692444 1692645 103790 791586272 478194568 0 10510848 616901552
   8      33 sdc1 2180990 518 517439042 138691624 1692560 103790 791586272 478194556 0 10510024 616884132
   8      16 sdb 41998 13108 346402 16792 50369 59297 426947408 99416 0 14156 116192
   8      17 sdb1 41646 13086 343410 16720 50267 59297 426947408 99160 0 13832 115864
   8       0 sda 365919 180 8463330 692980 45530 30495 1767520 812036 0 676048 1504860
   8       1 sda1 365769 180 8462130 692912 45524 30495 1767520 811992 0 675968 1504748
   8      16 sdb 40726 13108 336138 13804 49808 58866 426917104 93828 0 11144 107616
   8      17 sdb1 40373 13086 333138 13760 49705 58866 426917104 93580 0 10852 107324
   8      32 sdc 2162292 485 513538810 141918460 1883304 103824 887124704 537672916 0 10915064 679589336
   8      33 sdc1 2162142 485 513537610 141917628 1883214 103824 887124704 537672904 0 10914232 679605308
  eth0: 52445450288 42147377    0    0    0     0          0         0 61464721538 7679711    0    0    0     0       0          0
  eth0: 45731788338 37333490    0  916    0     0          0         0 75158328945 7379817    0    0    0     0       0          0
  eth0: 63338742139 48714497    0 1739    0     0          0         0 43478253735 7587429    0    0    0     0       0          0
  eth0: 69653030353 51911352    0  849    0     0          0         0 42105528765 7827696    0    0    0     0       0          0
