   8       0 sda 738874 9 20819906 1155536 223492 391062 10093360 5087796 0 1348788 6243024
   8       1 sda1 738724 9 20818706 1155484 222869 391062 10093360 5087528 0 1348520 6242712
   8      16 sdb 8086 13111 77362 4164 62710 65553 427275112 114876 0 8220 119016
   8      17 sdb1 7733 13089 74362 4096 62611 65553 427275112 114788 0 8064 118860
   8      32 sdc 2194268 782 519167962 141498992 1835606 151588 823999088 486547908 0 11410896 628043584
   8      33 sdc1 2194118 782 519166762 141498172 1800161 151588 823999088 486531848 0 11404684 628027288
   8       0 sda 367570 165 8511178 647956 44810 26088 1746368 790404 0 693200 1438240
   8       1 sda1 367420 165 8509978 647900 44802 26088 1746368 790328 0 693084 1438108
   8      16 sdb 41778 13108 344554 15804 50176 59435 426939840 113740 0 14492 129536
   8      17 sdb1 41425 13086 341554 15712 50076 59435 426939840 113680 0 14340 129384
   8      32 sdc 2517577 772 603995810 179312828 1696757 104040 791964824 491549308 32 11283936 670862504
   8      33 sdc1 2517427 772 603994610 179312000 1696667 104040 791964824 491549296 32 11283144 670860616
   8       0 sda 364379 127 8453922 584424 46161 26374 1766736 801364 0 685756 1385632
   8       1 sda1 364229 127 8452722 584404 46155 26374 1766736 801320 0 685708 1385564
   8      32 sdc 2176689 508 516830802 138569228 1692365 103474 791568104 478180868 0 10477176 616764636
   8      33 sdc1 2176539 508 516829602 138568408 1692280 103474 791568104 478180856 0 10476352 616747216
   8      16 sdb 41945 13108 345978 16776 50286 59198 426945280 99412 0 14148 116172
   8      17 sdb1 41593 13086 342986 16704 50184 59198 426945280 99156 0 13824 115844
   8       0 sda 364808 177 8441386 692324 45476 30454 1765800 811416 0 675080 1503588
   8       1 sda1 364658 177 8440186 692256 45470 30454 1765800 811372 0 675000 1503476
   8      16 sdb 40669 13108 335682 13792 49743 58770 426915240 93816 0 11120 107592
   8      17 sdb1 40316 13086 332682 13748 49640 58770 426915240 93568 0 10828 107300
   8      32 sdc 2157770 483 512927746 141772168 1883075 103568 887107928 537668964 0 10871020 679439096
   8      33 sdc1 2157620 483 512926546 141771336 1882985 103568 887107928 537668952 0 10870188 679455068
  eth0: 52414404738 42119216    0    0    0     0          0         0 61413152286 7667602    0    0    0     0       0          0
  eth0: 45678814255 37287136    0  916    0     0          0         0 75127076990 7369726    0    0    0     0       0          0
  eth0: 63238213361 48643136    0 1739    0     0          0         0 43475787741 7577777    0    0    0     0       0          0
  eth0: 69649911503 51903207    0  849    0     0          0         0 42010435233 7817378    0    0    0     0       0          0
