VM1 sda-sda
Previous Sectors Read = 20819906
Current Sectors Read = 20978810
Previous Sectors Written = 10093360
Current Sectors Written = 10098880
Sectors Read = 158904
Sectors Written = 5520
--------------------
VM1 sdb-sdb
Previous Sectors Read = 77362
Current Sectors Read = 77946
Previous Sectors Written = 427275112
Current Sectors Written = 427278464
Sectors Read = 584
Sectors Written = 3352
--------------------
VM1 sdc-sdc
Previous Sectors Read = 519167962
Current Sectors Read = 519779586
Previous Sectors Written = 823999088
Current Sectors Written = 824029584
Sectors Read = 611624
Sectors Written = 30496
--------------------
VM2 sda-sda
Previous Sectors Read = 8511178
Current Sectors Read = 8533218
Previous Sectors Written = 1746368
Current Sectors Written = 1749664
Sectors Read = 22040
Sectors Written = 3296
--------------------
VM2 sdb-sdb
Previous Sectors Read = 344554
Current Sectors Read = 344994
Previous Sectors Written = 426939840
Current Sectors Written = 426943712
Sectors Read = 440
Sectors Written = 3872
--------------------
VM2 sdc-sdc
Previous Sectors Read = 603995810
Current Sectors Read = 604764586
Previous Sectors Written = 791964824
Current Sectors Written = 791982840
Sectors Read = 768776
Sectors Written = 18016
--------------------
VM3 sda-sda
Previous Sectors Read = 8453922
Current Sectors Read = 8475162
Previous Sectors Written = 1766736
Current Sectors Written = 1769432
Sectors Read = 21240
Sectors Written = 2696
--------------------
VM3 sdc-sdc
Previous Sectors Read = 516830802
Current Sectors Read = 517440242
Previous Sectors Written = 791568104
Current Sectors Written = 791586272
Sectors Read = 609440
Sectors Written = 18168
--------------------
VM3 sdb-sdb
Previous Sectors Read = 345978
Current Sectors Read = 346402
Previous Sectors Written = 426945280
Current Sectors Written = 426947408
Sectors Read = 424
Sectors Written = 2128
--------------------
VM4 sda-sda
Previous Sectors Read = 8441386
Current Sectors Read = 8463330
Previous Sectors Written = 1765800
Current Sectors Written = 1767520
Sectors Read = 21944
Sectors Written = 1720
--------------------
VM4 sdb-sdb
Previous Sectors Read = 335682
Current Sectors Read = 336138
Previous Sectors Written = 426915240
Current Sectors Written = 426917104
Sectors Read = 456
Sectors Written = 1864
--------------------
VM4 sdc-sdc
Previous Sectors Read = 512927746
Current Sectors Read = 513538810
Previous Sectors Written = 887107928
Current Sectors Written = 887124704
Sectors Read = 611064
Sectors Written = 16776
--------------------
VM1
Previous Packets Received = 52414404738
Current Packets Received = 52445450288
Previous Packets Transmitted = 61413152286
Current Packets Transmitted = 61464721538
Packets received = 31045550
Packets Transmitted = 51569252
--------------------
VM2
Previous Packets Received = 45678814255
Current Packets Received = 45731788338
Previous Packets Transmitted = 75127076990
Current Packets Transmitted = 75158328945
Packets received = 52974083
Packets Transmitted = 31251955
--------------------
VM3
Previous Packets Received = 63238213361
Current Packets Received = 63338742139
Previous Packets Transmitted = 43475787741
Current Packets Transmitted = 43478253735
Packets received = 100528778
Packets Transmitted = 2465994
--------------------
VM4
Previous Packets Received = 69649911503
Current Packets Received = 69653030353
Previous Packets Transmitted = 42010435233
Current Packets Transmitted = 42105528765
Packets received = 3118850
Packets Transmitted = 95093532
--------------------
Total Sectors Read = 1447391232
Total Sectors Written = 55246848
Total Packets Received = 187667261
Total Packets Transmitted = 180380733
