   8       0 sda 936003 9 26331050 1327056 269104 528116 12682080 5577344 0 1569060 6904000
   8       1 sda1 935853 9 26329850 1327004 268477 528116 12682080 5577076 0 1568792 6903688
   8      16 sdb 26657 13111 225930 10476 73566 78117 427691384 117524 0 14216 127972
   8      17 sdb1 26304 13089 222930 10408 73443 78117 427691384 117424 0 14048 127804
   8      32 sdc 3492875 1165 834235538 219684948 2466480 224810 1102932576 631643496 0 16337672 851323860
   8      33 sdc1 3492725 1165 834234338 219684128 2417431 224810 1102932576 631623784 0 16329568 851303992
   8       0 sda 465740 217 10743082 729232 52436 32627 1976088 842380 0 777120 1571460
   8       1 sda1 465590 217 10741882 729176 52427 32627 1976088 842304 0 777004 1571328
   8      16 sdb 101555 13108 822770 40564 59531 71243 427253216 117432 0 30632 157980
   8      17 sdb1 101202 13086 819770 40472 59407 71243 427253216 117364 0 30472 157820
   8      32 sdc 4015072 990 972421290 292770684 2269830 150866 1059971584 654629476 0 16390920 947399760
   8      33 sdc1 4014922 990 972420090 292769856 2269717 150866 1059971584 654629456 0 16390128 947397048
   8       0 sda 463260 152 10709722 630760 54140 33227 2008320 856336 0 776408 1486896
   8       1 sda1 463110 152 10708522 630740 54134 33227 2008320 856292 0 776360 1486828
   8      32 sdc 3465719 656 831670994 219861196 2291225 151715 1072699944 641268472 0 15294076 861143256
   8      33 sdc1 3465569 656 831669794 219860376 2291118 151715 1072699944 641268452 0 15293296 861133476
   8      16 sdb 103343 13108 837162 42124 59740 71524 427268216 100968 0 30764 143036
   8      17 sdb1 102991 13086 834170 42052 59613 71524 427268216 100692 0 30420 142688
   8       0 sda 460590 221 10605986 834200 53026 37177 2002176 870568 0 765992 1704560
   8       1 sda1 460440 221 10604786 834132 53020 37177 2002176 870524 0 765912 1704448
   8      16 sdb 99518 13108 806474 31652 58955 70973 427236136 95544 0 21776 127176
   8      17 sdb1 99165 13086 803474 31608 58827 70973 427236136 95292 0 21480 126880
   8      32 sdc 3452281 828 828446834 223691008 2503706 151617 1176358960 700113664 0 15668720 923801656
   8      33 sdc1 3452131 828 828445634 223690176 2503595 151617 1176358960 700113648 0 15667884 923817564
  eth0: 81386589360 64146072    0  464    0     0          0         0 85643135856 10834241    0    0    0     0       0          0
  eth0: 62488327346 51587066    0 3773    0     0          0         0 112128343768 10023265    0    0    0     0       0          0
  eth0: 93241122996 71168431    0 1859    0     0          0         0 66008072581 10825779    0    0    0     0       0          0
  eth0: 99327079744 73935975    0 2652    0     0          0         0 59714629080 10889044    0    0    0     0       0          0
