   8       0 sda 929778 9 26153034 1322448 267912 519071 12541416 5552932 0 1560252 6874980
   8       1 sda1 929628 9 26151834 1322396 267285 519071 12541416 5552664 0 1559984 6874668
   8      16 sdb 26645 13111 225834 10472 73252 77766 427679912 117476 0 14164 127920
   8      17 sdb1 26292 13089 222834 10404 73129 77766 427679912 117376 0 13996 127752
   8      32 sdc 3475648 1164 830323954 218741944 2455914 222209 1098150720 629473420 0 16234252 848210792
   8      33 sdc1 3475498 1164 830322754 218741124 2407704 222209 1098150720 629453884 0 16226272 848191100
   8       0 sda 462604 214 10670402 726772 52196 32397 1968504 841092 0 774476 1567712
   8       1 sda1 462454 214 10669202 726716 52187 32397 1968504 841016 0 774360 1567580
   8      16 sdb 101452 13108 821946 40540 59256 70814 427244352 117396 0 30576 157920
   8      17 sdb1 101099 13086 818946 40448 59132 70814 427244352 117328 0 30416 157760
   8      32 sdc 3995864 990 967787330 291855188 2258435 148817 1054732112 652895392 0 16308656 944750196
   8      33 sdc1 3995714 990 967786130 291854360 2258322 148817 1054732112 652895372 0 16307864 944747484
   8       0 sda 460081 152 10636090 628508 53897 32989 2000992 854360 0 772452 1482672
   8       1 sda1 459931 152 10634890 628488 53891 32989 2000992 854316 0 772404 1482604
   8      32 sdc 3449493 654 827784178 219126520 2281222 149793 1067854720 638686012 0 15209860 857826152
   8      33 sdc1 3449343 654 827782978 219125700 2281115 149793 1067854720 638685992 0 15209080 857816372
   8      16 sdb 103168 13108 835762 41960 59478 71109 427258560 100932 0 30700 142840
   8      17 sdb1 102816 13086 832770 41888 59351 71109 427258560 100656 0 30356 142492
   8       0 sda 457885 218 10546482 832824 52690 36932 1993712 868808 0 763152 1701424
   8       1 sda1 457735 218 10545282 832756 52684 36932 1993712 868764 0 763072 1701312
   8      16 sdb 99391 13108 805458 31584 58689 70603 427228056 95516 0 21724 127080
   8      17 sdb1 99038 13086 802458 31540 58561 70603 427228056 95264 0 21428 126784
   8      32 sdc 3436038 828 824564634 222944288 2489259 149708 1170385512 697285084 0 15581616 920226376
   8      33 sdc1 3435888 828 824563434 222943456 2489148 149708 1170385512 697285068 0 15580780 920242284
  eth0: 80483090095 63437700    0  464    0     0          0         0 84706160440 10714320    0    0    0     0       0          0
  eth0: 61540083244 50841941    0 3773    0     0          0         0 110918498792 9907518    0    0    0     0       0          0
  eth0: 92424007280 70529681    0 1859    0     0          0         0 65296726864 10725392    0    0    0     0       0          0
  eth0: 98118014983 73041189    0 2652    0     0          0         0 58851198259 10757046    0    0    0     0       0          0
