VM1 sda-sda
Previous Sectors Read = 26153034
Current Sectors Read = 26331050
Previous Sectors Written = 12541416
Current Sectors Written = 12682080
Sectors Read = 178016
Sectors Written = 140664
--------------------
VM1 sdb-sdb
Previous Sectors Read = 225834
Current Sectors Read = 225930
Previous Sectors Written = 427679912
Current Sectors Written = 427691384
Sectors Read = 96
Sectors Written = 11472
--------------------
VM1 sdc-sdc
Previous Sectors Read = 830323954
Current Sectors Read = 834235538
Previous Sectors Written = 1098150720
Current Sectors Written = 1102932576
Sectors Read = 3911584
Sectors Written = 4781856
--------------------
VM2 sda-sda
Previous Sectors Read = 10670402
Current Sectors Read = 10743082
Previous Sectors Written = 1968504
Current Sectors Written = 1976088
Sectors Read = 72680
Sectors Written = 7584
--------------------
VM2 sdb-sdb
Previous Sectors Read = 821946
Current Sectors Read = 822770
Previous Sectors Written = 427244352
Current Sectors Written = 427253216
Sectors Read = 824
Sectors Written = 8864
--------------------
VM2 sdc-sdc
Previous Sectors Read = 967787330
Current Sectors Read = 972421290
Previous Sectors Written = 1054732112
Current Sectors Written = 1059971584
Sectors Read = 4633960
Sectors Written = 5239472
--------------------
VM3 sda-sda
Previous Sectors Read = 10636090
Current Sectors Read = 10709722
Previous Sectors Written = 2000992
Current Sectors Written = 2008320
Sectors Read = 73632
Sectors Written = 7328
--------------------
VM3 sdc-sdc
Previous Sectors Read = 827784178
Current Sectors Read = 831670994
Previous Sectors Written = 1067854720
Current Sectors Written = 1072699944
Sectors Read = 3886816
Sectors Written = 4845224
--------------------
VM3 sdb-sdb
Previous Sectors Read = 835762
Current Sectors Read = 837162
Previous Sectors Written = 427258560
Current Sectors Written = 427268216
Sectors Read = 1400
Sectors Written = 9656
--------------------
VM4 sda-sda
Previous Sectors Read = 10546482
Current Sectors Read = 10605986
Previous Sectors Written = 1993712
Current Sectors Written = 2002176
Sectors Read = 59504
Sectors Written = 8464
--------------------
VM4 sdb-sdb
Previous Sectors Read = 805458
Current Sectors Read = 806474
Previous Sectors Written = 427228056
Current Sectors Written = 427236136
Sectors Read = 1016
Sectors Written = 8080
--------------------
VM4 sdc-sdc
Previous Sectors Read = 824564634
Current Sectors Read = 828446834
Previous Sectors Written = 1170385512
Current Sectors Written = 1176358960
Sectors Read = 3882200
Sectors Written = 5973448
--------------------
VM1
Previous Packets Received = 80483090095
Current Packets Received = 81386589360
Previous Packets Transmitted = 84706160440
Current Packets Transmitted = 85643135856
Packets received = 903499265
Packets Transmitted = 936975416
--------------------
VM2
Previous Packets Received = 61540083244
Current Packets Received = 62488327346
Previous Packets Transmitted = 110918498792
Current Packets Transmitted = 112128343768
Packets received = 948244102
Packets Transmitted = 1209844976
--------------------
VM3
Previous Packets Received = 92424007280
Current Packets Received = 93241122996
Previous Packets Transmitted = 65296726864
Current Packets Transmitted = 66008072581
Packets received = 817115716
Packets Transmitted = 711345717
--------------------
VM4
Previous Packets Received = 98118014983
Current Packets Received = 99327079744
Previous Packets Transmitted = 58851198259
Current Packets Transmitted = 59714629080
Packets received = 1209064761
Packets Transmitted = 863430821
--------------------
Total Sectors Read = 8551284736
Total Sectors Written = 10773561344
Total Packets Received = 3877923844
Total Packets Transmitted = 3721596930
