   8       0 sda 782375 9 22038194 1186420 231913 417566 10547824 5225332 0 1383444 6411436
   8       1 sda1 782225 9 22036994 1186368 231290 417566 10547824 5225064 0 1383176 6411124
   8      16 sdb 9779 13111 90906 4808 63908 66819 427319784 115144 0 8776 119924
   8      17 sdb1 9426 13089 87906 4740 63804 66819 427319784 115052 0 8616 119764
   8      32 sdc 2257683 806 532575666 144313680 1874143 158656 836513816 492781784 0 11794184 637092076
   8      33 sdc1 2257533 806 532574466 144312860 1836560 158656 836513816 492765188 0 11787688 637075248
   8       0 sda 388945 172 8986066 666424 45652 26732 1770584 798024 0 708244 1464316
   8       1 sda1 388795 172 8984866 666368 45644 26732 1770584 797948 0 708128 1464184
   8      16 sdb 53152 13108 435546 20104 51133 60603 426969240 113996 0 17780 134088
   8      17 sdb1 52799 13086 432546 20012 51028 60603 426969240 113936 0 17628 133936
   8      32 sdc 2588890 794 619756882 183739568 1722378 108429 800595152 496989092 0 11643760 680728584
   8      33 sdc1 2588740 794 619755682 183738740 1722283 108429 800595152 496989076 0 11642968 680726648
   8       0 sda 385745 130 8928162 592260 47067 27120 1794048 807172 0 697428 1399268
   8       1 sda1 385595 130 8926962 592240 47061 27120 1794048 807128 0 697380 1399200
   8      32 sdc 2238496 527 530125186 141618144 1716826 108126 797685112 484456660 0 10811316 626089340
   8      33 sdc1 2238346 527 530123986 141617324 1716737 108126 797685112 484456644 0 10810488 626071852
   8      16 sdb 53508 13108 438482 21560 51299 60395 426975952 99608 0 17336 121140
   8      17 sdb1 53156 13086 435490 21488 51192 60395 426975952 99348 0 17008 120808
   8       0 sda 385179 185 8889730 737324 46307 31115 1790256 817780 0 688716 1554936
   8       1 sda1 385029 185 8888530 737256 46301 31115 1790256 817736 0 688636 1554824
   8      16 sdb 51847 13108 425106 17048 50628 59967 426943952 93896 0 13056 110924
   8      17 sdb1 51494 13086 422106 17004 50520 59967 426943952 93648 0 12764 110632
   8      32 sdc 2219703 503 526303082 144572688 1927202 108209 902098136 546567292 0 11256448 691137880
   8      33 sdc1 2219553 503 526301882 144571856 1927107 108209 902098136 546567280 0 11255616 691153852
  eth0: 55604233468 44637969    0    0    0     0          0         0 65860644478 8130299    0    0    0     0       0          0
  eth0: 49230430295 39984896    0  916    0     0          0         0 78071045930 7740942    0    0    0     0       0          0
  eth0: 67343793332 51692887    0 1739    0     0          0         0 46185167428 8004252    0    0    0     0       0          0
  eth0: 73392995483 54738865    0  849    0     0          0         0 45945245366 8294945    0    0    0     0       0          0
