   8       0 sda 776119 9 21858986 1182468 229406 408367 10392944 5174204 0 1375924 6356356
   8       1 sda1 775969 9 21857786 1182416 228783 408367 10392944 5173936 0 1375656 6356044
   8      16 sdb 9758 13111 90738 4808 63467 66274 427297960 115084 0 8716 119864
   8      17 sdb1 9405 13089 87738 4740 63363 66274 427297960 114992 0 8556 119704
   8      32 sdc 2215770 805 522232242 142251720 1859065 155074 833273408 490463068 0 11645780 632711428
   8      33 sdc1 2215620 805 522231042 142250900 1822375 155074 833273408 490446780 0 11639440 632694904
   8       0 sda 385815 169 8914138 664372 45396 26519 1760888 795496 0 704348 1459740
   8       1 sda1 385665 169 8912938 664316 45388 26519 1760888 795420 0 704232 1459608
   8      16 sdb 53069 13108 434882 20052 50811 60066 426955184 113928 0 17712 133968
   8      17 sdb1 52716 13086 431882 19960 50706 60066 426955184 113868 0 17560 133816
   8      32 sdc 2540588 793 607684690 180084300 1709854 106414 797499360 493168528 1 11486460 673253024
   8      33 sdc1 2540438 793 607683490 180083472 1709759 106414 797499360 493168512 1 11485668 673251084
   8       0 sda 382560 130 8855714 591400 46787 26875 1783152 805924 0 695528 1397160
   8       1 sda1 382410 130 8854514 591380 46781 26875 1783152 805880 0 695480 1397092
   8      32 sdc 2196870 526 519790650 139218964 1697229 105875 792857112 478590800 0 10654388 617824352
   8      33 sdc1 2196720 526 519789450 139218144 1697140 105875 792857112 478590784 0 10653560 617806864
   8      16 sdb 53389 13108 437530 21412 50933 59832 426961168 99536 0 17252 120920
   8      17 sdb1 53037 13086 434538 21340 50826 59832 426961168 99276 0 16924 120588
   8       0 sda 382478 182 8830018 735748 46007 30862 1779240 815160 0 685100 1550740
   8       1 sda1 382328 182 8828818 735680 46001 30862 1779240 815116 0 685020 1550628
   8      16 sdb 51680 13108 423770 16944 50277 59397 426929016 93876 0 13000 110800
   8      17 sdb1 51327 13086 420770 16900 50169 59397 426929016 93628 0 12708 110508
   8      32 sdc 2177914 503 515973018 142628628 1902680 105965 895997336 541381316 0 11082224 684007892
   8      33 sdc1 2177764 503 515971818 142627796 1902585 105965 895997336 541381304 0 11081392 684023864
  eth0: 54343605851 43592224    0    0    0     0          0         0 64388573140 7906508    0    0    0     0       0          0
  eth0: 46888691362 38169192    0  916    0     0          0         0 75955154973 7481835    0    0    0     0       0          0
  eth0: 65058365896 49946466    0 1739    0     0          0         0 44363069080 7735154    0    0    0     0       0          0
  eth0: 71256922301 53075054    0  849    0     0          0         0 43634935497 7995050    0    0    0     0       0          0
