
Logging initialized using configuration in jar:file:/home/ubuntu/software/hive-1.2.1/lib/hive-common-1.2.1.jar!/hive-log4j.properties
Hive history file=/tmp/ubuntu/hive_job_log_fe091442-50f0-40ff-95b5-1e21dc17df9d_1147324413.txt
SLF4J: Class path contains multiple SLF4J bindings.
SLF4J: Found binding in [jar:file:/home/ubuntu/software/tez-0.7.1-SNAPSHOT-minimal/lib/slf4j-log4j12-1.7.5.jar!/org/slf4j/impl/StaticLoggerBinder.class]
SLF4J: Found binding in [jar:file:/home/ubuntu/software/hadoop-2.6.0/share/hadoop/common/lib/slf4j-log4j12-1.7.5.jar!/org/slf4j/impl/StaticLoggerBinder.class]
SLF4J: See http://www.slf4j.org/codes.html#multiple_bindings for an explanation.
SLF4J: Actual binding is of type [org.slf4j.impl.Log4jLoggerFactory]
OK
Time taken: 0.947 seconds
Query ID = ubuntu_20160924182651_51bcf03b-a1e6-467f-a8ab-f03ee913364e
Total jobs = 10
Stage-1 is selected by condition resolver.
Launching Job 1 out of 10
Number of reduce tasks not specified. Estimated from input data size: 86
In order to change the average load for a reducer (in bytes):
  set hive.exec.reducers.bytes.per.reducer=<number>
In order to limit the maximum number of reducers:
  set hive.exec.reducers.max=<number>
In order to set a constant number of reducers:
  set mapreduce.job.reduces=<number>
Starting Job = job_1474660851143_0322, Tracking URL = http://vm1:8088/proxy/application_1474660851143_0322/
Kill Command = /home/ubuntu/software/hadoop-2.6.0/bin/hadoop job  -kill job_1474660851143_0322
Hadoop job information for Stage-1: number of mappers: 82; number of reducers: 86
2016-09-24 18:27:03,617 Stage-1 map = 0%,  reduce = 0%
2016-09-24 18:27:17,256 Stage-1 map = 1%,  reduce = 0%, Cumulative CPU 67.37 sec
2016-09-24 18:27:19,375 Stage-1 map = 3%,  reduce = 0%, Cumulative CPU 84.74 sec
2016-09-24 18:27:21,446 Stage-1 map = 4%,  reduce = 0%, Cumulative CPU 89.05 sec
2016-09-24 18:27:22,489 Stage-1 map = 7%,  reduce = 0%, Cumulative CPU 102.45 sec
2016-09-24 18:27:27,688 Stage-1 map = 8%,  reduce = 0%, Cumulative CPU 124.91 sec
2016-09-24 18:27:28,761 Stage-1 map = 11%,  reduce = 0%, Cumulative CPU 143.19 sec
2016-09-24 18:27:30,864 Stage-1 map = 12%,  reduce = 0%, Cumulative CPU 159.45 sec
2016-09-24 18:27:31,903 Stage-1 map = 16%,  reduce = 0%, Cumulative CPU 186.18 sec
2016-09-24 18:27:34,011 Stage-1 map = 18%,  reduce = 0%, Cumulative CPU 195.58 sec
2016-09-24 18:27:36,130 Stage-1 map = 19%,  reduce = 0%, Cumulative CPU 207.65 sec
2016-09-24 18:27:40,297 Stage-1 map = 20%,  reduce = 0%, Cumulative CPU 214.43 sec
2016-09-24 18:27:44,442 Stage-1 map = 21%,  reduce = 0%, Cumulative CPU 264.94 sec
2016-09-24 18:27:46,513 Stage-1 map = 22%,  reduce = 0%, Cumulative CPU 287.78 sec
2016-09-24 18:27:47,549 Stage-1 map = 23%,  reduce = 0%, Cumulative CPU 298.69 sec
2016-09-24 18:27:48,587 Stage-1 map = 24%,  reduce = 0%, Cumulative CPU 304.78 sec
2016-09-24 18:27:51,684 Stage-1 map = 26%,  reduce = 0%, Cumulative CPU 328.0 sec
2016-09-24 18:27:52,732 Stage-1 map = 27%,  reduce = 0%, Cumulative CPU 336.31 sec
2016-09-24 18:27:53,773 Stage-1 map = 28%,  reduce = 0%, Cumulative CPU 344.44 sec
2016-09-24 18:27:55,880 Stage-1 map = 30%,  reduce = 0%, Cumulative CPU 365.33 sec
2016-09-24 18:27:56,922 Stage-1 map = 32%,  reduce = 0%, Cumulative CPU 372.74 sec
2016-09-24 18:27:57,966 Stage-1 map = 34%,  reduce = 0%, Cumulative CPU 384.46 sec
2016-09-24 18:28:00,068 Stage-1 map = 36%,  reduce = 0%, Cumulative CPU 402.12 sec
2016-09-24 18:28:01,099 Stage-1 map = 37%,  reduce = 0%, Cumulative CPU 406.83 sec
2016-09-24 18:28:03,174 Stage-1 map = 38%,  reduce = 0%, Cumulative CPU 417.8 sec
2016-09-24 18:28:05,257 Stage-1 map = 39%,  reduce = 0%, Cumulative CPU 427.05 sec
2016-09-24 18:28:12,477 Stage-1 map = 40%,  reduce = 0%, Cumulative CPU 476.15 sec
2016-09-24 18:28:15,581 Stage-1 map = 41%,  reduce = 0%, Cumulative CPU 497.82 sec
2016-09-24 18:28:17,653 Stage-1 map = 42%,  reduce = 0%, Cumulative CPU 510.38 sec
2016-09-24 18:28:18,699 Stage-1 map = 43%,  reduce = 0%, Cumulative CPU 520.98 sec
2016-09-24 18:28:20,754 Stage-1 map = 45%,  reduce = 0%, Cumulative CPU 532.1 sec
2016-09-24 18:28:21,796 Stage-1 map = 46%,  reduce = 0%, Cumulative CPU 540.37 sec
2016-09-24 18:28:22,850 Stage-1 map = 47%,  reduce = 0%, Cumulative CPU 543.98 sec
2016-09-24 18:28:23,888 Stage-1 map = 48%,  reduce = 0%, Cumulative CPU 558.07 sec
2016-09-24 18:28:24,919 Stage-1 map = 49%,  reduce = 0%, Cumulative CPU 565.55 sec
2016-09-24 18:28:25,952 Stage-1 map = 51%,  reduce = 0%, Cumulative CPU 583.16 sec
2016-09-24 18:28:27,006 Stage-1 map = 52%,  reduce = 0%, Cumulative CPU 589.5 sec
2016-09-24 18:28:29,095 Stage-1 map = 55%,  reduce = 0%, Cumulative CPU 612.31 sec
2016-09-24 18:28:30,152 Stage-1 map = 56%,  reduce = 0%, Cumulative CPU 616.04 sec
2016-09-24 18:28:31,201 Stage-1 map = 57%,  reduce = 0%, Cumulative CPU 623.07 sec
2016-09-24 18:28:33,283 Stage-1 map = 58%,  reduce = 0%, Cumulative CPU 633.79 sec
2016-09-24 18:28:34,323 Stage-1 map = 59%,  reduce = 0%, Cumulative CPU 636.42 sec
2016-09-24 18:28:37,406 Stage-1 map = 60%,  reduce = 0%, Cumulative CPU 664.21 sec
2016-09-24 18:28:41,525 Stage-1 map = 61%,  reduce = 0%, Cumulative CPU 687.42 sec
2016-09-24 18:28:43,590 Stage-1 map = 63%,  reduce = 0%, Cumulative CPU 712.52 sec
2016-09-24 18:28:45,691 Stage-1 map = 64%,  reduce = 0%, Cumulative CPU 727.87 sec
2016-09-24 18:28:47,754 Stage-1 map = 65%,  reduce = 0%, Cumulative CPU 747.23 sec
2016-09-24 18:28:49,838 Stage-1 map = 67%,  reduce = 0%, Cumulative CPU 763.24 sec
2016-09-24 18:28:51,907 Stage-1 map = 69%,  reduce = 0%, Cumulative CPU 780.72 sec
2016-09-24 18:28:52,956 Stage-1 map = 71%,  reduce = 0%, Cumulative CPU 792.96 sec
2016-09-24 18:28:53,992 Stage-1 map = 72%,  reduce = 0%, Cumulative CPU 802.39 sec
2016-09-24 18:28:55,037 Stage-1 map = 74%,  reduce = 0%, Cumulative CPU 814.01 sec
2016-09-24 18:28:56,072 Stage-1 map = 75%,  reduce = 0%, Cumulative CPU 822.86 sec
2016-09-24 18:28:57,122 Stage-1 map = 76%,  reduce = 0%, Cumulative CPU 834.27 sec
2016-09-24 18:28:58,163 Stage-1 map = 77%,  reduce = 0%, Cumulative CPU 837.47 sec
2016-09-24 18:28:59,199 Stage-1 map = 78%,  reduce = 0%, Cumulative CPU 845.45 sec
2016-09-24 18:29:01,274 Stage-1 map = 79%,  reduce = 0%, Cumulative CPU 857.9 sec
2016-09-24 18:29:05,409 Stage-1 map = 80%,  reduce = 0%, Cumulative CPU 876.94 sec
2016-09-24 18:29:08,487 Stage-1 map = 81%,  reduce = 0%, Cumulative CPU 907.02 sec
2016-09-24 18:29:12,588 Stage-1 map = 83%,  reduce = 0%, Cumulative CPU 945.3 sec
2016-09-24 18:29:14,653 Stage-1 map = 85%,  reduce = 0%, Cumulative CPU 959.11 sec
2016-09-24 18:29:16,704 Stage-1 map = 86%,  reduce = 0%, Cumulative CPU 971.9 sec
2016-09-24 18:29:17,742 Stage-1 map = 87%,  reduce = 0%, Cumulative CPU 978.9 sec
2016-09-24 18:29:19,791 Stage-1 map = 89%,  reduce = 0%, Cumulative CPU 990.54 sec
2016-09-24 18:29:20,817 Stage-1 map = 90%,  reduce = 0%, Cumulative CPU 995.81 sec
2016-09-24 18:29:21,842 Stage-1 map = 91%,  reduce = 0%, Cumulative CPU 997.4 sec
2016-09-24 18:29:23,890 Stage-1 map = 92%,  reduce = 0%, Cumulative CPU 1013.54 sec
2016-09-24 18:29:24,915 Stage-1 map = 93%,  reduce = 0%, Cumulative CPU 1017.82 sec
2016-09-24 18:29:27,993 Stage-1 map = 94%,  reduce = 0%, Cumulative CPU 1026.06 sec
2016-09-24 18:29:31,074 Stage-1 map = 95%,  reduce = 0%, Cumulative CPU 1037.68 sec
2016-09-24 18:29:32,097 Stage-1 map = 96%,  reduce = 0%, Cumulative CPU 1039.15 sec
2016-09-24 18:29:35,166 Stage-1 map = 97%,  reduce = 0%, Cumulative CPU 1049.98 sec
2016-09-24 18:29:36,189 Stage-1 map = 98%,  reduce = 0%, Cumulative CPU 1055.24 sec
2016-09-24 18:29:37,215 Stage-1 map = 99%,  reduce = 0%, Cumulative CPU 1058.58 sec
2016-09-24 18:29:41,302 Stage-1 map = 100%,  reduce = 0%, Cumulative CPU 1069.09 sec
2016-09-24 18:29:51,677 Stage-1 map = 100%,  reduce = 4%, Cumulative CPU 1093.4 sec
2016-09-24 18:29:52,731 Stage-1 map = 100%,  reduce = 5%, Cumulative CPU 1097.49 sec
2016-09-24 18:29:53,790 Stage-1 map = 100%,  reduce = 8%, Cumulative CPU 1117.47 sec
2016-09-24 18:29:54,831 Stage-1 map = 100%,  reduce = 9%, Cumulative CPU 1125.42 sec
2016-09-24 18:29:55,861 Stage-1 map = 100%,  reduce = 14%, Cumulative CPU 1153.06 sec
2016-09-24 18:29:56,890 Stage-1 map = 100%,  reduce = 19%, Cumulative CPU 1179.82 sec
2016-09-24 18:30:03,109 Stage-1 map = 100%,  reduce = 21%, Cumulative CPU 1191.86 sec
2016-09-24 18:30:04,181 Stage-1 map = 100%,  reduce = 23%, Cumulative CPU 1204.87 sec
2016-09-24 18:30:05,219 Stage-1 map = 100%,  reduce = 25%, Cumulative CPU 1220.68 sec
2016-09-24 18:30:06,255 Stage-1 map = 100%,  reduce = 28%, Cumulative CPU 1234.48 sec
2016-09-24 18:30:07,294 Stage-1 map = 100%,  reduce = 31%, Cumulative CPU 1255.9 sec
2016-09-24 18:30:08,385 Stage-1 map = 100%,  reduce = 37%, Cumulative CPU 1289.48 sec
2016-09-24 18:30:14,624 Stage-1 map = 100%,  reduce = 38%, Cumulative CPU 1296.46 sec
2016-09-24 18:30:15,656 Stage-1 map = 100%,  reduce = 41%, Cumulative CPU 1315.32 sec
2016-09-24 18:30:16,688 Stage-1 map = 100%,  reduce = 43%, Cumulative CPU 1324.6 sec
2016-09-24 18:30:17,720 Stage-1 map = 100%,  reduce = 46%, Cumulative CPU 1344.56 sec
2016-09-24 18:30:18,794 Stage-1 map = 100%,  reduce = 49%, Cumulative CPU 1359.02 sec
2016-09-24 18:30:19,850 Stage-1 map = 100%,  reduce = 51%, Cumulative CPU 1373.39 sec
2016-09-24 18:30:20,885 Stage-1 map = 100%,  reduce = 56%, Cumulative CPU 1400.6 sec
2016-09-24 18:30:26,078 Stage-1 map = 100%,  reduce = 57%, Cumulative CPU 1407.42 sec
2016-09-24 18:30:27,123 Stage-1 map = 100%,  reduce = 58%, Cumulative CPU 1414.16 sec
2016-09-24 18:30:28,165 Stage-1 map = 100%,  reduce = 63%, Cumulative CPU 1445.05 sec
2016-09-24 18:30:29,197 Stage-1 map = 100%,  reduce = 65%, Cumulative CPU 1456.64 sec
2016-09-24 18:30:31,266 Stage-1 map = 100%,  reduce = 68%, Cumulative CPU 1477.37 sec
2016-09-24 18:30:32,305 Stage-1 map = 100%,  reduce = 73%, Cumulative CPU 1505.16 sec
2016-09-24 18:30:34,418 Stage-1 map = 100%,  reduce = 74%, Cumulative CPU 1511.82 sec
2016-09-24 18:30:38,581 Stage-1 map = 100%,  reduce = 75%, Cumulative CPU 1517.94 sec
2016-09-24 18:30:39,622 Stage-1 map = 100%,  reduce = 80%, Cumulative CPU 1543.71 sec
2016-09-24 18:30:40,650 Stage-1 map = 100%,  reduce = 82%, Cumulative CPU 1559.55 sec
2016-09-24 18:30:41,676 Stage-1 map = 100%,  reduce = 84%, Cumulative CPU 1568.02 sec
2016-09-24 18:30:42,701 Stage-1 map = 100%,  reduce = 86%, Cumulative CPU 1582.13 sec
2016-09-24 18:30:43,749 Stage-1 map = 100%,  reduce = 90%, Cumulative CPU 1607.67 sec
2016-09-24 18:30:44,791 Stage-1 map = 100%,  reduce = 92%, Cumulative CPU 1615.89 sec
2016-09-24 18:30:46,850 Stage-1 map = 100%,  reduce = 93%, Cumulative CPU 1622.62 sec
2016-09-24 18:30:48,903 Stage-1 map = 100%,  reduce = 94%, Cumulative CPU 1629.58 sec
2016-09-24 18:30:49,929 Stage-1 map = 100%,  reduce = 97%, Cumulative CPU 1642.99 sec
2016-09-24 18:30:50,953 Stage-1 map = 100%,  reduce = 100%, Cumulative CPU 1663.21 sec
MapReduce Total cumulative CPU time: 27 minutes 43 seconds 210 msec
Ended Job = job_1474660851143_0322
SLF4J: Class path contains multiple SLF4J bindings.
SLF4J: Found binding in [jar:file:/home/ubuntu/software/tez-0.7.1-SNAPSHOT-minimal/lib/slf4j-log4j12-1.7.5.jar!/org/slf4j/impl/StaticLoggerBinder.class]
SLF4J: Found binding in [jar:file:/home/ubuntu/software/hadoop-2.6.0/share/hadoop/common/lib/slf4j-log4j12-1.7.5.jar!/org/slf4j/impl/StaticLoggerBinder.class]
SLF4J: See http://www.slf4j.org/codes.html#multiple_bindings for an explanation.
SLF4J: Actual binding is of type [org.slf4j.impl.Log4jLoggerFactory]
Execution log at: /tmp/ubuntu/ubuntu_20160924182651_51bcf03b-a1e6-467f-a8ab-f03ee913364e.log
2016-09-24 18:30:55	Starting to launch local task to process map join;	maximum memory = 932184064
2016-09-24 18:30:56	Dump the side-table for tag: 1 with group count: 144 into file: file:/tmp/ubuntu/fe091442-50f0-40ff-95b5-1e21dc17df9d/hive_2016-09-24_18-26-51_923_5000228565370303866-1/-local-10017/HashTable-Stage-17/MapJoin-mapfile41--.hashtable
2016-09-24 18:30:56	Uploaded 1 File to: file:/tmp/ubuntu/fe091442-50f0-40ff-95b5-1e21dc17df9d/hive_2016-09-24_18-26-51_923_5000228565370303866-1/-local-10017/HashTable-Stage-17/MapJoin-mapfile41--.hashtable (13095 bytes)
2016-09-24 18:30:56	End of local task; Time Taken: 1.212 sec.
Execution completed successfully
MapredLocal task succeeded
Launching Job 2 out of 10
Number of reduce tasks is set to 0 since there's no reduce operator
Starting Job = job_1474660851143_0323, Tracking URL = http://vm1:8088/proxy/application_1474660851143_0323/
Kill Command = /home/ubuntu/software/hadoop-2.6.0/bin/hadoop job  -kill job_1474660851143_0323
Hadoop job information for Stage-17: number of mappers: 4; number of reducers: 0
2016-09-24 18:31:02,509 Stage-17 map = 0%,  reduce = 0%
2016-09-24 18:31:14,808 Stage-17 map = 17%,  reduce = 0%, Cumulative CPU 22.98 sec
2016-09-24 18:31:17,883 Stage-17 map = 35%,  reduce = 0%, Cumulative CPU 34.5 sec
2016-09-24 18:31:20,959 Stage-17 map = 53%,  reduce = 0%, Cumulative CPU 46.05 sec
2016-09-24 18:31:24,035 Stage-17 map = 72%,  reduce = 0%, Cumulative CPU 57.25 sec
2016-09-24 18:31:27,106 Stage-17 map = 92%,  reduce = 0%, Cumulative CPU 68.71 sec
2016-09-24 18:31:28,131 Stage-17 map = 95%,  reduce = 0%, Cumulative CPU 69.87 sec
2016-09-24 18:31:29,155 Stage-17 map = 100%,  reduce = 0%, Cumulative CPU 72.1 sec
MapReduce Total cumulative CPU time: 1 minutes 12 seconds 100 msec
Ended Job = job_1474660851143_0323
Stage-23 is selected by condition resolver.
Stage-24 is filtered out by condition resolver.
Stage-3 is filtered out by condition resolver.
SLF4J: Class path contains multiple SLF4J bindings.
SLF4J: Found binding in [jar:file:/home/ubuntu/software/tez-0.7.1-SNAPSHOT-minimal/lib/slf4j-log4j12-1.7.5.jar!/org/slf4j/impl/StaticLoggerBinder.class]
SLF4J: Found binding in [jar:file:/home/ubuntu/software/hadoop-2.6.0/share/hadoop/common/lib/slf4j-log4j12-1.7.5.jar!/org/slf4j/impl/StaticLoggerBinder.class]
SLF4J: See http://www.slf4j.org/codes.html#multiple_bindings for an explanation.
SLF4J: Actual binding is of type [org.slf4j.impl.Log4jLoggerFactory]
Execution log at: /tmp/ubuntu/ubuntu_20160924182651_51bcf03b-a1e6-467f-a8ab-f03ee913364e.log
2016-09-24 18:31:33	Starting to launch local task to process map join;	maximum memory = 932184064
2016-09-24 18:31:34	Dump the side-table for tag: 1 with group count: 73049 into file: file:/tmp/ubuntu/fe091442-50f0-40ff-95b5-1e21dc17df9d/hive_2016-09-24_18-26-51_923_5000228565370303866-1/-local-10013/HashTable-Stage-14/MapJoin-mapfile21--.hashtable
2016-09-24 18:31:34	Uploaded 1 File to: file:/tmp/ubuntu/fe091442-50f0-40ff-95b5-1e21dc17df9d/hive_2016-09-24_18-26-51_923_5000228565370303866-1/-local-10013/HashTable-Stage-14/MapJoin-mapfile21--.hashtable (1541779 bytes)
2016-09-24 18:31:34	End of local task; Time Taken: 1.839 sec.
Execution completed successfully
MapredLocal task succeeded
Launching Job 4 out of 10
Number of reduce tasks is set to 0 since there's no reduce operator
Starting Job = job_1474660851143_0324, Tracking URL = http://vm1:8088/proxy/application_1474660851143_0324/
Kill Command = /home/ubuntu/software/hadoop-2.6.0/bin/hadoop job  -kill job_1474660851143_0324
Hadoop job information for Stage-14: number of mappers: 5; number of reducers: 0
2016-09-24 18:31:40,374 Stage-14 map = 0%,  reduce = 0%
2016-09-24 18:31:51,718 Stage-14 map = 20%,  reduce = 0%, Cumulative CPU 4.54 sec
2016-09-24 18:31:52,750 Stage-14 map = 22%,  reduce = 0%, Cumulative CPU 23.69 sec
2016-09-24 18:31:53,784 Stage-14 map = 24%,  reduce = 0%, Cumulative CPU 29.72 sec
2016-09-24 18:31:55,844 Stage-14 map = 26%,  reduce = 0%, Cumulative CPU 39.31 sec
2016-09-24 18:32:02,030 Stage-14 map = 54%,  reduce = 0%, Cumulative CPU 68.65 sec
2016-09-24 18:32:05,129 Stage-14 map = 63%,  reduce = 0%, Cumulative CPU 81.38 sec
2016-09-24 18:32:09,245 Stage-14 map = 73%,  reduce = 0%, Cumulative CPU 94.93 sec
2016-09-24 18:32:10,275 Stage-14 map = 82%,  reduce = 0%, Cumulative CPU 97.01 sec
2016-09-24 18:32:11,307 Stage-14 map = 91%,  reduce = 0%, Cumulative CPU 103.12 sec
2016-09-24 18:32:12,336 Stage-14 map = 100%,  reduce = 0%, Cumulative CPU 104.18 sec
MapReduce Total cumulative CPU time: 1 minutes 44 seconds 180 msec
Ended Job = job_1474660851143_0324
Stage-21 is selected by condition resolver.
Stage-22 is filtered out by condition resolver.
Stage-4 is filtered out by condition resolver.
SLF4J: Class path contains multiple SLF4J bindings.
SLF4J: Found binding in [jar:file:/home/ubuntu/software/tez-0.7.1-SNAPSHOT-minimal/lib/slf4j-log4j12-1.7.5.jar!/org/slf4j/impl/StaticLoggerBinder.class]
SLF4J: Found binding in [jar:file:/home/ubuntu/software/hadoop-2.6.0/share/hadoop/common/lib/slf4j-log4j12-1.7.5.jar!/org/slf4j/impl/StaticLoggerBinder.class]
SLF4J: See http://www.slf4j.org/codes.html#multiple_bindings for an explanation.
SLF4J: Actual binding is of type [org.slf4j.impl.Log4jLoggerFactory]
Execution log at: /tmp/ubuntu/ubuntu_20160924182651_51bcf03b-a1e6-467f-a8ab-f03ee913364e.log
2016-09-24 18:32:16	Starting to launch local task to process map join;	maximum memory = 932184064
2016-09-24 18:32:17	Dump the side-table for tag: 1 with group count: 30 into file: file:/tmp/ubuntu/fe091442-50f0-40ff-95b5-1e21dc17df9d/hive_2016-09-24_18-26-51_923_5000228565370303866-1/-local-10009/HashTable-Stage-11/MapJoin-mapfile01--.hashtable
2016-09-24 18:32:17	Uploaded 1 File to: file:/tmp/ubuntu/fe091442-50f0-40ff-95b5-1e21dc17df9d/hive_2016-09-24_18-26-51_923_5000228565370303866-1/-local-10009/HashTable-Stage-11/MapJoin-mapfile01--.hashtable (893 bytes)
2016-09-24 18:32:17	End of local task; Time Taken: 1.314 sec.
Execution completed successfully
MapredLocal task succeeded
Launching Job 6 out of 10
Number of reduce tasks is set to 0 since there's no reduce operator
Starting Job = job_1474660851143_0325, Tracking URL = http://vm1:8088/proxy/application_1474660851143_0325/
Kill Command = /home/ubuntu/software/hadoop-2.6.0/bin/hadoop job  -kill job_1474660851143_0325
Hadoop job information for Stage-11: number of mappers: 5; number of reducers: 0
2016-09-24 18:32:23,983 Stage-11 map = 0%,  reduce = 0%
2016-09-24 18:32:34,308 Stage-11 map = 11%,  reduce = 0%, Cumulative CPU 7.37 sec
2016-09-24 18:32:36,370 Stage-11 map = 41%,  reduce = 0%, Cumulative CPU 12.5 sec
2016-09-24 18:32:37,402 Stage-11 map = 62%,  reduce = 0%, Cumulative CPU 33.38 sec
2016-09-24 18:32:38,435 Stage-11 map = 72%,  reduce = 0%, Cumulative CPU 35.53 sec
2016-09-24 18:32:39,466 Stage-11 map = 91%,  reduce = 0%, Cumulative CPU 40.81 sec
2016-09-24 18:32:40,500 Stage-11 map = 100%,  reduce = 0%, Cumulative CPU 41.67 sec
MapReduce Total cumulative CPU time: 41 seconds 670 msec
Ended Job = job_1474660851143_0325
Launching Job 7 out of 10
Number of reduce tasks not specified. Estimated from input data size: 1
In order to change the average load for a reducer (in bytes):
  set hive.exec.reducers.bytes.per.reducer=<number>
In order to limit the maximum number of reducers:
  set hive.exec.reducers.max=<number>
In order to set a constant number of reducers:
  set mapreduce.job.reduces=<number>
Starting Job = job_1474660851143_0326, Tracking URL = http://vm1:8088/proxy/application_1474660851143_0326/
Kill Command = /home/ubuntu/software/hadoop-2.6.0/bin/hadoop job  -kill job_1474660851143_0326
Hadoop job information for Stage-5: number of mappers: 2; number of reducers: 1
2016-09-24 18:32:46,560 Stage-5 map = 0%,  reduce = 0%
2016-09-24 18:32:52,729 Stage-5 map = 100%,  reduce = 0%, Cumulative CPU 2.72 sec
2016-09-24 18:32:58,905 Stage-5 map = 100%,  reduce = 100%, Cumulative CPU 4.1 sec
MapReduce Total cumulative CPU time: 4 seconds 100 msec
Ended Job = job_1474660851143_0326
Launching Job 8 out of 10
Number of reduce tasks determined at compile time: 1
In order to change the average load for a reducer (in bytes):
  set hive.exec.reducers.bytes.per.reducer=<number>
In order to limit the maximum number of reducers:
  set hive.exec.reducers.max=<number>
In order to set a constant number of reducers:
  set mapreduce.job.reduces=<number>
Starting Job = job_1474660851143_0327, Tracking URL = http://vm1:8088/proxy/application_1474660851143_0327/
Kill Command = /home/ubuntu/software/hadoop-2.6.0/bin/hadoop job  -kill job_1474660851143_0327
Hadoop job information for Stage-6: number of mappers: 1; number of reducers: 1
2016-09-24 18:33:04,925 Stage-6 map = 0%,  reduce = 0%
2016-09-24 18:33:10,060 Stage-6 map = 100%,  reduce = 0%, Cumulative CPU 1.17 sec
2016-09-24 18:33:17,226 Stage-6 map = 100%,  reduce = 100%, Cumulative CPU 2.6 sec
MapReduce Total cumulative CPU time: 2 seconds 600 msec
Ended Job = job_1474660851143_0327
MapReduce Jobs Launched: 
Stage-Stage-1: Map: 82  Reduce: 86   Cumulative CPU: 1663.21 sec   HDFS Read: 21844875476 HDFS Write: 490208950 SUCCESS
Stage-Stage-17: Map: 4   Cumulative CPU: 72.1 sec   HDFS Read: 490266936 HDFS Write: 1194927463 SUCCESS
Stage-Stage-14: Map: 5   Cumulative CPU: 104.18 sec   HDFS Read: 1194993865 HDFS Write: 1234824527 SUCCESS
Stage-Stage-11: Map: 5   Cumulative CPU: 41.67 sec   HDFS Read: 1234936412 HDFS Write: 33647 SUCCESS
Stage-Stage-5: Map: 2  Reduce: 1   Cumulative CPU: 4.1 sec   HDFS Read: 52663 HDFS Write: 7303 SUCCESS
Stage-Stage-6: Map: 1  Reduce: 1   Cumulative CPU: 2.6 sec   HDFS Read: 18618 HDFS Write: 6427 SUCCESS
Total MapReduce CPU Time Spent: 31 minutes 27 seconds 860 msec
OK
able	1	128	15th 	RD	Suite T	Oak Grove	Walker County	AL	38370	497	359	228	253	436
able	1	228	Cherry 	Avenue	Suite G	Oak Grove	Walker County	AL	38370	446	359	251	216	436
able	1	255	Sycamore 	Dr.	Suite 410	Riverside	Ziebach County	SD	59231	434	343	202	205	409
able	1	300	Forest 	Lane	Suite 230	Fairview	Walker County	AL	35709	447	355	209	200	452
able	1	302	Walnut Madison	Wy	Suite T	Oak Grove	Ziebach County	SD	58370	495	358	219	228	442
able	1	441	11th 	ST	Suite H	Pleasant Hill	Williamson County	TN	33604	482	351	221	219	424
able	1	479	Park First	Lane	Suite 20	Riverside	Walker County	AL	39231	435	348	204	206	420
able	1	543	West Elm	Ln	Suite A	Oak Grove	Walker County	AL	38370	425	339	219	204	432
able	1	557	Elevnth 7th	Pkwy	Suite L	Oak Grove	Walker County	AL	38370	476	375	225	237	450
able	1	722	Railroad Spring	Ct.	Suite M	Pleasant Hill	Ziebach County	SD	53604	451	334	216	204	441
anti	1	192	5th Highland	Blvd	Suite N	Riverside	Williamson County	TN	39231	460	338	208	198	456
anti	1	321	11th 	Parkway	Suite G	Five Points	Walker County	AL	36098	459	372	239	211	449
anti	1	735	Walnut 	Blvd	Suite 360	Midway	Walker County	AL	31904	466	361	215	206	440
anti	1	897	Ash Oak	Circle	Suite T	Mount Pleasant	Williamson County	TN	31933	477	348	230	213	395
ation	1	19	Fourth 	Boulevard	Suite N	Mount Pleasant	Walker County	AL	31933	489	365	220	190	450
ation	1	213	8th 	Road	Suite 490	Oak Grove	Williamson County	TN	38370	433	371	202	239	453
ation	1	421	12th Center	Avenue	Suite J	Oak Grove	Williamson County	TN	38370	461	353	245	189	456
ation	1	8	Cedar Maple	ST	Suite 320	Mount Pleasant	Williamson County	TN	31933	419	379	203	226	468
ation	1	811	Lee 	Circle	Suite T	Midway	Ziebach County	SD	51904	487	344	220	210	455
bar	1	147	Highland 	Ln	Suite 270	Midway	Ziebach County	SD	51904	479	370	233	226	483
bar	1	174	Sycamore 	Ln	Suite O	Riverside	Walker County	AL	39231	456	414	219	235	446
bar	1	175	4th 	Court	Suite C	Riverside	Williamson County	TN	39231	462	344	215	243	471
bar	1	200	Lake 	RD	Suite 320	Pleasant Hill	Ziebach County	SD	53604	444	357	216	215	408
bar	1	365	Railroad Smith	Boulevard	Suite O	Riverside	Williamson County	TN	39231	466	351	206	233	440
bar	1	543	Twelfth 	Avenue	Suite L	Midway	Ziebach County	SD	51904	407	346	230	202	462
bar	1	582	Oak Washington	Drive	Suite S	Oak Grove	Walker County	AL	38370	470	375	214	209	412
bar	1	818	1st Elm	Road	Suite 220	Fairview	Walker County	AL	35709	474	338	235	223	451
bar	1	829	Jefferson 	Lane	Suite 110	Mount Pleasant	Williamson County	TN	31933	380	358	208	228	438
bar	1	903	Sixth 	Court	Suite Q	Mount Pleasant	Ziebach County	SD	51933	464	368	204	223	461
cally	NULL	688		Avenue	Suite 50			TN		432	332	197	216	435
cally	1	353	Third View	Drive	Suite 380	Oak Grove	Williamson County	TN	38370	473	351	219	197	411
cally	1	392	15th 	Dr.	Suite W	Midway	Walker County	AL	31904	472	382	198	225	418
cally	1	409	4th 15th	Drive	Suite Q	Mount Pleasant	Walker County	AL	31933	448	388	210	238	467
cally	1	496	3rd 	Ct.	Suite E	Mount Pleasant	Williamson County	TN	31933	466	371	206	226	433
cally	1	588	View Mill	Court	Suite 160	Mount Pleasant	Ziebach County	SD	51933	480	370	220	218	425
cally	1	606	Lake Lincoln	Boulevard	Suite S	Riverside	Williamson County	TN	39231	439	359	216	215	432
cally	1	70	7th 	RD	Suite 160	Five Points	Williamson County	TN	36098	444	318	202	228	458
cally	1	956	View Sunset	Parkway	Suite 250	Riverside	Williamson County	TN	39231	450	340	236	234	443
eing	1	226	12th 	Lane	Suite D	Five Points	Walker County	AL	36098	432	392	215	246	417
eing	1	293	Center Main	Lane	Suite 200	Fairview	Ziebach County	SD	55709	453	364	196	213	416
eing	1	303	Fifteenth 	RD	Suite 340	Pleasant Hill	Williamson County	TN	33604	482	365	206	232	465
eing	1	317	Poplar 9th	Pkwy	Suite P	Oak Grove	Walker County	AL	38370	421	396	242	216	452
eing	1	317	Ridge Green	Lane	Suite A	Five Points	Williamson County	TN	36098	446	350	237	223	449
eing	1	408	Spring Locust	Wy	Suite 340	Five Points	Ziebach County	SD	56098	450	375	209	228	437
eing	1	618	Jefferson Lee	Pkwy	Suite W	Oak Grove	Ziebach County	SD	58370	465	360	208	227	470
eing	1	656	Washington 	Dr.	Suite 50	Oak Grove	Williamson County	TN	38370	427	358	209	243	459
eing	1	687	Ridge 	Blvd	Suite P	Pleasant Hill	Ziebach County	SD	53604	456	368	208	217	421
ese	1	27	Lake 	Ln	Suite 260	Pleasant Hill	Williamson County	TN	33604	443	364	218	194	428
ese	1	302	Spruce 	Court	Suite L	Fairview	Walker County	AL	35709	451	354	214	230	397
ese	1	313	East 	Court	Suite 300	Five Points	Walker County	AL	36098	444	348	212	229	433
ese	1	408	Washington 1st	Circle	Suite 390	Riverside	Ziebach County	SD	59231	457	343	225	229	448
ese	1	462	1st Washington	Parkway	Suite 290	Oak Grove	Walker County	AL	38370	472	376	230	210	423
ese	1	487	7th 	Street	Suite 0	Five Points	Williamson County	TN	36098	460	363	230	227	442
ese	1	521	9th 	Ave	Suite Y	Fairview	Ziebach County	SD	55709	455	377	228	215	438
ese	1	669	Locust Spring	Parkway	Suite E	Five Points	Walker County	AL	36098	430	355	227	258	452
ese	1	924	West 	Drive	Suite 130	Fairview	Walker County	AL	35709	432	357	213	217	426
ese	1	984	Oak 	Cir.	Suite D	Midway	Williamson County	TN	31904	486	362	224	230	436
n st	1	240	Willow 	RD	Suite 280	Pleasant Hill	Walker County	AL	33604	433	371	249	209	420
n st	1	49	Locust Lake	Way	Suite 90	Midway	Walker County	AL	31904	420	342	215	219	433
n st	1	495	Valley 	Lane	Suite D	Midway	Williamson County	TN	31904	437	378	231	222	401
n st	1	616	Cedar 	Street	Suite M	Pleasant Hill	Ziebach County	SD	53604	481	362	220	242	486
n st	1	638	Cherry 	Dr.	Suite T	Mount Pleasant	Walker County	AL	31933	466	339	215	229	443
ought	1	150	Maple Williams	Lane	Suite D	Fairview	Williamson County	TN	35709	458	391	195	220	446
ought	1	602	Chestnut 5th	Boulevard	Suite C	Midway	Williamson County	TN	31904	477	364	202	260	443
ought	1	75	2nd Oak	Pkwy	Suite C	Midway	Williamson County	TN	31904	418	335	179	200	476
ought	1	767	Spring 	Wy	Suite 250	Midway	Ziebach County	SD	51904	436	348	232	212	467
ought	1	934	Hill 	Circle	Suite 490	Fairview	Ziebach County	SD	55709	451	353	244	191	434
pri	1	392	Jefferson 	Ln	Suite K	Five Points	Williamson County	TN	36098	441	353	210	235	443
pri	1	728	Adams 	Way	Suite T	Oak Grove	Walker County	AL	38370	465	367	219	249	465
pri	1	84	First 	Cir.	Suite 180	Midway	Ziebach County	SD	51904	439	356	247	223	501
pri	1	872	Washington 	Pkwy	Suite 70	Riverside	Walker County	AL	39231	458	373	209	239	436
pri	1	889	River Wilson	Avenue	Suite 210	Fairview	Walker County	AL	35709	440	357	209	246	439
Time taken: 386.387 seconds, Fetched: 72 row(s)
Query 50: Total Execution Time = 394 seconds
