VM1 sda-sda
Previous Sectors Read = 21858986
Current Sectors Read = 22038194
Previous Sectors Written = 10392944
Current Sectors Written = 10547824
Sectors Read = 179208
Sectors Written = 154880
--------------------
VM1 sdb-sdb
Previous Sectors Read = 90738
Current Sectors Read = 90906
Previous Sectors Written = 427297960
Current Sectors Written = 427319784
Sectors Read = 168
Sectors Written = 21824
--------------------
VM1 sdc-sdc
Previous Sectors Read = 522232242
Current Sectors Read = 532575666
Previous Sectors Written = 833273408
Current Sectors Written = 836513816
Sectors Read = 10343424
Sectors Written = 3240408
--------------------
VM2 sda-sda
Previous Sectors Read = 8914138
Current Sectors Read = 8986066
Previous Sectors Written = 1760888
Current Sectors Written = 1770584
Sectors Read = 71928
Sectors Written = 9696
--------------------
VM2 sdb-sdb
Previous Sectors Read = 434882
Current Sectors Read = 435546
Previous Sectors Written = 426955184
Current Sectors Written = 426969240
Sectors Read = 664
Sectors Written = 14056
--------------------
VM2 sdc-sdc
Previous Sectors Read = 607684690
Current Sectors Read = 619756882
Previous Sectors Written = 797499360
Current Sectors Written = 800595152
Sectors Read = 12072192
Sectors Written = 3095792
--------------------
VM3 sda-sda
Previous Sectors Read = 8855714
Current Sectors Read = 8928162
Previous Sectors Written = 1783152
Current Sectors Written = 1794048
Sectors Read = 72448
Sectors Written = 10896
--------------------
VM3 sdc-sdc
Previous Sectors Read = 519790650
Current Sectors Read = 530125186
Previous Sectors Written = 792857112
Current Sectors Written = 797685112
Sectors Read = 10334536
Sectors Written = 4828000
--------------------
VM3 sdb-sdb
Previous Sectors Read = 437530
Current Sectors Read = 438482
Previous Sectors Written = 426961168
Current Sectors Written = 426975952
Sectors Read = 952
Sectors Written = 14784
--------------------
VM4 sda-sda
Previous Sectors Read = 8830018
Current Sectors Read = 8889730
Previous Sectors Written = 1779240
Current Sectors Written = 1790256
Sectors Read = 59712
Sectors Written = 11016
--------------------
VM4 sdb-sdb
Previous Sectors Read = 423770
Current Sectors Read = 425106
Previous Sectors Written = 426929016
Current Sectors Written = 426943952
Sectors Read = 1336
Sectors Written = 14936
--------------------
VM4 sdc-sdc
Previous Sectors Read = 515973018
Current Sectors Read = 526303082
Previous Sectors Written = 895997336
Current Sectors Written = 902098136
Sectors Read = 10330064
Sectors Written = 6100800
--------------------
VM1
Previous Packets Received = 54343605851
Current Packets Received = 55604233468
Previous Packets Transmitted = 64388573140
Current Packets Transmitted = 65860644478
Packets received = 1260627617
Packets Transmitted = 1472071338
--------------------
VM2
Previous Packets Received = 46888691362
Current Packets Received = 49230430295
Previous Packets Transmitted = 75955154973
Current Packets Transmitted = 78071045930
Packets received = 2341738933
Packets Transmitted = 2115890957
--------------------
VM3
Previous Packets Received = 65058365896
Current Packets Received = 67343793332
Previous Packets Transmitted = 44363069080
Current Packets Transmitted = 46185167428
Packets received = 2285427436
Packets Transmitted = 1822098348
--------------------
VM4
Previous Packets Received = 71256922301
Current Packets Received = 73392995483
Previous Packets Transmitted = 43634935497
Current Packets Transmitted = 45945245366
Packets received = 2136073182
Packets Transmitted = 2310309869
--------------------
Total Sectors Read = 22254915584
Total Sectors Written = 8968749056
Total Packets Received = 8023867168
Total Packets Transmitted = 7720370512
