   8       0 sda 988679 9 27803506 1383012 290976 553972 13445848 5837564 0 1661068 7220148
   8       1 sda1 988529 9 27802306 1382960 290347 553972 13445848 5837292 0 1660796 7219832
   8      16 sdb 37202 13111 310290 14744 78198 81912 427799616 118404 0 17512 133112
   8      17 sdb1 36849 13089 307290 14676 78068 81912 427799616 118304 0 17344 132944
   8      32 sdc 3638398 1322 865624546 239709132 3211004 254454 1471653088 849585924 0 18464236 1089290376
   8      33 sdc1 3638248 1322 865623346 239708312 3159000 254454 1471653088 849565164 0 18455604 1089268996
   8       0 sda 491371 235 11310746 752416 57164 34825 2084128 873668 0 815284 1625920
   8       1 sda1 491221 235 11309546 752360 57154 34825 2084128 873592 0 815168 1625788
   8      16 sdb 118888 13108 961434 47244 63265 74854 427335776 118024 0 34872 165252
   8      17 sdb1 118535 13086 958434 47152 63134 74854 427335776 117956 0 34712 165092
   8      32 sdc 4173355 1064 1008024490 313167988 3053257 176993 1451503672 884376808 0 18571788 1197544120
   8      33 sdc1 4173205 1064 1008023290 313167160 3053138 176993 1451503672 884376780 0 18570992 1197540896
   8       0 sda 488740 161 11275410 640612 59179 35389 2130720 889100 0 815616 1529500
   8       1 sda1 488590 161 11274210 640592 59173 35389 2130720 889056 0 815568 1529432
   8      32 sdc 3624991 891 866739634 240298308 3041011 177487 1446460472 859843588 0 17398976 1100155920
   8      33 sdc1 3624841 891 866738434 240297488 3040897 177487 1446460472 859843568 0 17398196 1100145852
   8      16 sdb 121284 13108 980690 50276 63646 75434 427362296 101352 0 36240 151564
   8      17 sdb1 120932 13086 977698 50204 63512 75434 427362296 101068 0 35888 151208
   8       0 sda 486769 225 11184602 855708 58056 40037 2121888 904132 0 805184 1759628
   8       1 sda1 486619 225 11183402 855640 58050 40037 2121888 904088 0 805104 1759516
   8      16 sdb 116798 13108 944714 36916 63010 74812 427325712 96124 0 24744 133020
   8      17 sdb1 116445 13086 941714 36872 62876 74812 427325712 95872 0 24448 132724
   8      32 sdc 3598052 1049 860063410 242884044 3282137 177130 1565513416 930193272 0 17814452 1173075548
   8      33 sdc1 3597902 1049 860062210 242883212 3282020 177130 1565513416 930193252 0 17813616 1173091920
  eth0: 89039634368 70706173    0  489    0     0          0         0 93827942775 12410968    0    0    0     0       0          0
  eth0: 71244130650 58531022    0 3830    0     0          0         0 119742102779 11732565    0    0    0     0       0          0
  eth0: 102460043764 79308795    0 1859    0     0          0         0 76174430414 12591171    0    0    0     0       0          0
  eth0: 108302437157 81315525    0 2805    0     0          0         0 67026012058 12548413    0    0    0     0       0          0
