   8       0 sda 983894 9 27642498 1379288 288780 553127 13406376 5825148 0 1647460 7204012
   8       1 sda1 983744 9 27641298 1379236 288151 553127 13406376 5824876 0 1647188 7203696
   8      16 sdb 37140 13111 309794 14628 77259 81233 427781696 118316 0 17412 132908
   8      17 sdb1 36787 13089 306794 14560 77129 81233 427781696 118216 0 17244 132740
   8      32 sdc 3615402 1313 860825242 235146916 3034702 249048 1383845992 796480172 2 18011868 1031621680
   8      33 sdc1 3615252 1313 860824042 235146096 2982777 249048 1383845992 796459424 2 18003248 1031601504
   8       0 sda 490212 233 11287234 751848 56220 34410 2062952 867896 0 809776 1619580
   8       1 sda1 490062 233 11286034 751792 56210 34410 2062952 867820 0 809660 1619448
   8      16 sdb 118719 13108 960082 47216 62586 74267 427322528 117896 0 34748 165096
   8      17 sdb1 118366 13086 957082 47124 62455 74267 427322528 117828 0 34588 164936
   8      32 sdc 4145803 1053 1002008154 309081844 2866087 171823 1357969912 830772632 0 18086820 1139853544
   8      33 sdc1 4145653 1053 1002006954 309081016 2865968 171823 1357969912 830772604 0 18086024 1139850320
   8       0 sda 487543 161 11251466 640228 58112 34969 2105632 883532 0 809880 1523552
   8       1 sda1 487393 161 11250266 640208 58106 34969 2105632 883488 0 809832 1523484
   8      32 sdc 3599762 792 861445194 236060756 2867606 172760 1359808000 809484892 0 16949940 1045559356
   8      33 sdc1 3599612 792 861443994 236059936 2867492 172760 1359808000 809484872 0 16949160 1045549900
   8      16 sdb 121074 13108 979010 50156 62895 74763 427345312 101300 0 36168 151392
   8      17 sdb1 120722 13086 976018 50084 62761 74763 427345312 101016 0 35816 151036
   8       0 sda 485556 224 11160962 854472 57037 39501 2098304 896756 0 797592 1751016
   8       1 sda1 485406 224 11159762 854404 57031 39501 2098304 896712 0 797512 1750904
   8      16 sdb 116625 13108 943330 36716 62229 74157 427311136 95896 0 24652 132592
   8      17 sdb1 116272 13086 940330 36672 62095 74157 427311136 95644 0 24356 132296
   8      32 sdc 3574611 1023 855166842 238726660 3092701 172184 1470873432 873522432 0 17331412 1112246388
   8      33 sdc1 3574461 1023 855165642 238725828 3092584 172184 1470873432 873522412 0 17330576 1112262760
  eth0: 87684169717 69526111    0  489    0     0          0         0 92562700656 12101301    0    0    0     0       0          0
  eth0: 69938575950 57394560    0 3830    0     0          0         0 118281145725 11439118    0    0    0     0       0          0
  eth0: 101181516511 78087078    0 1859    0     0          0         0 74833810827 12247471    0    0    0     0       0          0
  eth0: 106810310407 80084753    0 2805    0     0          0         0 65864384448 12214978    0    0    0     0       0          0
