VM1 sda-sda
Previous Sectors Read = 27642498
Current Sectors Read = 27803506
Previous Sectors Written = 13406376
Current Sectors Written = 13445848
Sectors Read = 161008
Sectors Written = 39472
--------------------
VM1 sdb-sdb
Previous Sectors Read = 309794
Current Sectors Read = 310290
Previous Sectors Written = 427781696
Current Sectors Written = 427799616
Sectors Read = 496
Sectors Written = 17920
--------------------
VM1 sdc-sdc
Previous Sectors Read = 860825242
Current Sectors Read = 865624546
Previous Sectors Written = 1383845992
Current Sectors Written = 1471653088
Sectors Read = 4799304
Sectors Written = 87807096
--------------------
VM2 sda-sda
Previous Sectors Read = 11287234
Current Sectors Read = 11310746
Previous Sectors Written = 2062952
Current Sectors Written = 2084128
Sectors Read = 23512
Sectors Written = 21176
--------------------
VM2 sdb-sdb
Previous Sectors Read = 960082
Current Sectors Read = 961434
Previous Sectors Written = 427322528
Current Sectors Written = 427335776
Sectors Read = 1352
Sectors Written = 13248
--------------------
VM2 sdc-sdc
Previous Sectors Read = 1002008154
Current Sectors Read = 1008024490
Previous Sectors Written = 1357969912
Current Sectors Written = 1451503672
Sectors Read = 6016336
Sectors Written = 93533760
--------------------
VM3 sda-sda
Previous Sectors Read = 11251466
Current Sectors Read = 11275410
Previous Sectors Written = 2105632
Current Sectors Written = 2130720
Sectors Read = 23944
Sectors Written = 25088
--------------------
VM3 sdc-sdc
Previous Sectors Read = 861445194
Current Sectors Read = 866739634
Previous Sectors Written = 1359808000
Current Sectors Written = 1446460472
Sectors Read = 5294440
Sectors Written = 86652472
--------------------
VM3 sdb-sdb
Previous Sectors Read = 979010
Current Sectors Read = 980690
Previous Sectors Written = 427345312
Current Sectors Written = 427362296
Sectors Read = 1680
Sectors Written = 16984
--------------------
VM4 sda-sda
Previous Sectors Read = 11160962
Current Sectors Read = 11184602
Previous Sectors Written = 2098304
Current Sectors Written = 2121888
Sectors Read = 23640
Sectors Written = 23584
--------------------
VM4 sdb-sdb
Previous Sectors Read = 943330
Current Sectors Read = 944714
Previous Sectors Written = 427311136
Current Sectors Written = 427325712
Sectors Read = 1384
Sectors Written = 14576
--------------------
VM4 sdc-sdc
Previous Sectors Read = 855166842
Current Sectors Read = 860063410
Previous Sectors Written = 1470873432
Current Sectors Written = 1565513416
Sectors Read = 4896568
Sectors Written = 94639984
--------------------
VM1
Previous Packets Received = 87684169717
Current Packets Received = 89039634368
Previous Packets Transmitted = 92562700656
Current Packets Transmitted = 93827942775
Packets received = 1355464651
Packets Transmitted = 1265242119
--------------------
VM2
Previous Packets Received = 69938575950
Current Packets Received = 71244130650
Previous Packets Transmitted = 118281145725
Current Packets Transmitted = 119742102779
Packets received = 1305554700
Packets Transmitted = 1460957054
--------------------
VM3
Previous Packets Received = 101181516511
Current Packets Received = 102460043764
Previous Packets Transmitted = 74833810827
Current Packets Transmitted = 76174430414
Packets received = 1278527253
Packets Transmitted = 1340619587
--------------------
VM4
Previous Packets Received = 106810310407
Current Packets Received = 108302437157
Previous Packets Transmitted = 65864384448
Current Packets Transmitted = 67026012058
Packets received = 1492126750
Packets Transmitted = 1161627610
--------------------
Total Sectors Read = 10876755968
Total Sectors Written = 185756344320
Total Packets Received = 5431673354
Total Packets Transmitted = 5228446370
