   8       0 sda 896823 9 25261770 1291492 259988 493899 12060120 5468328 0 1521520 6759440
   8       1 sda1 896673 9 25260570 1291440 259361 493899 12060120 5468060 0 1521252 6759128
   8      16 sdb 20525 13111 176874 8416 71002 75103 427583448 116760 0 12320 125148
   8      17 sdb1 20172 13089 173874 8348 70884 75103 427583448 116660 0 12152 124980
   8      32 sdc 3145328 1040 749043906 197215256 2283855 206676 1009280624 585256040 0 15053536 782466972
   8      33 sdc1 3145178 1040 749042706 197214436 2238250 206676 1009280624 585237064 0 15045792 782447840
   8       0 sda 445462 205 10288474 713468 50647 31092 1922424 831652 0 760016 1544984
   8       1 sda1 445312 205 10287274 713412 50638 31092 1922424 831576 0 759900 1544852
   8      16 sdb 88974 13108 722122 35640 57347 68422 427168888 117012 0 27576 152636
   8      17 sdb1 88621 13086 719122 35548 57228 68422 427168888 116944 0 27416 152476
   8      32 sdc 3613091 895 872651026 261789656 2101310 139175 970779184 606647180 0 15084604 868435996
   8      33 sdc1 3612941 895 872649826 261788828 2101202 139175 970779184 606647164 0 15083812 868434060
   8       0 sda 442908 148 10251906 621924 52241 31628 1949944 844364 0 757092 1466100
   8       1 sda1 442758 148 10250706 621904 52235 31628 1949944 844320 0 757044 1466032
   8      32 sdc 3119526 604 746359970 196245332 2123538 139450 983582096 595156400 0 14063532 791415684
   8      33 sdc1 3119376 604 746358770 196244512 2123435 139450 983582096 595156380 0 14062752 791405904
   8      16 sdb 90316 13108 732946 36480 57502 68518 427180392 100440 0 27216 136876
   8      17 sdb1 89964 13086 729954 36408 57380 68518 427180392 100168 0 26876 136532
   8       0 sda 441303 211 10177954 784772 51403 35756 1952752 857948 0 746208 1642516
   8       1 sda1 441153 211 10176754 784704 51397 35756 1952752 857904 0 746128 1642404
   8      16 sdb 87010 13108 706410 27440 56902 68227 427157704 94972 0 19484 122392
   8      17 sdb1 86657 13086 703410 27396 56779 68227 427157704 94720 0 19188 122096
   8      32 sdc 3106266 684 743212082 198590024 2329071 140176 1084099960 649970224 0 14456248 848557460
   8      33 sdc1 3106116 684 743210882 198589192 2328965 140176 1084099960 649970212 0 14455412 848573440
  eth0: 75367179282 59753390    0  464    0     0          0         0 83071277710 10296729    0    0    0     0       0          0
  eth0: 60943077550 49949485    0 3773    0     0          0         0 104293596525 9633412    0    0    0     0       0          0
  eth0: 88425030539 67622509    0 1859    0     0          0         0 63631295667 10347587    0    0    0     0       0          0
  eth0: 95955233527 71435956    0 2652    0     0          0         0 57407040825 10535011    0    0    0     0       0          0
