   8       0 sda 892029 9 25101778 1288532 259307 493251 12041624 5464144 0 1515948 6752300
   8       1 sda1 891879 9 25100578 1288480 258680 493251 12041624 5463876 0 1515680 6751988
   8      16 sdb 20442 13111 176210 8280 70440 74476 427566712 116664 0 12216 124916
   8      17 sdb1 20089 13089 173210 8212 70322 74476 427566712 116564 0 12048 124748
   8      32 sdc 3061780 944 728705690 189532620 2209952 203077 970879064 564464768 0 14695132 753993208
   8      33 sdc1 3061630 944 728704490 189531800 2164435 203077 970879064 564445820 0 14687412 753974104
   8       0 sda 444314 203 10266570 712600 50304 30760 1911808 829456 0 757516 1541920
   8       1 sda1 444164 203 10265370 712544 50295 30760 1911808 829380 0 757400 1541788
   8      16 sdb 88871 13108 721298 35564 56800 67866 427155752 116972 0 27520 152520
   8      17 sdb1 88518 13086 718298 35472 56681 67866 427155752 116904 0 27360 152360
   8      32 sdc 3516386 870 848841114 250928420 2027143 136581 932137528 583792204 0 14707576 834719876
   8      33 sdc1 3516236 870 848839914 250927592 2027035 136581 932137528 583792188 0 14706784 834717940
   8       0 sda 441722 148 10229106 621320 51840 31243 1937296 841556 0 753988 1462688
   8       1 sda1 441572 148 10227906 621300 51834 31243 1937296 841512 0 753940 1462620
   8      32 sdc 3035783 592 725972426 189200068 2047477 136751 943447040 574562344 1 13692920 763776544
   8      33 sdc1 3035633 592 725971226 189199248 2047374 136751 943447040 574562324 1 13692140 763766764
   8      16 sdb 90240 13108 732338 36472 56868 67864 427161744 100396 0 27164 136824
   8      17 sdb1 89888 13086 729346 36400 56746 67864 427161744 100124 0 26824 136480
   8       0 sda 440165 208 10156274 783820 51085 35494 1942560 856548 0 744420 1640164
   8       1 sda1 440015 208 10155074 783752 51079 35494 1942560 856504 0 744340 1640052
   8      16 sdb 86942 13108 705866 27432 56412 67660 427144912 94872 0 19440 122284
   8      17 sdb1 86589 13086 702866 27388 56289 67660 427144912 94620 0 19144 121988
   8      32 sdc 3022658 608 722832930 190795240 2250195 137635 1042999640 626571432 0 14097304 817364036
   8      33 sdc1 3022508 608 722831730 190794408 2250089 137635 1042999640 626571420 0 14096468 817380016
  eth0: 74308382629 58980910    0  464    0     0          0         0 82480080704 10202237    0    0    0     0       0          0
  eth0: 60920334941 49847464    0 3773    0     0          0         0 102701894092 9564018    0    0    0     0       0          0
  eth0: 86769165087 66386816    0 1859    0     0          0         0 62913404696 10210859    0    0    0     0       0          0
  eth0: 95058708621 70772177    0 2652    0     0          0         0 56827485401 10448173    0    0    0     0       0          0
