VM1 sda-sda
Previous Sectors Read = 25101778
Current Sectors Read = 25261770
Previous Sectors Written = 12041624
Current Sectors Written = 12060120
Sectors Read = 159992
Sectors Written = 18496
--------------------
VM1 sdb-sdb
Previous Sectors Read = 176210
Current Sectors Read = 176874
Previous Sectors Written = 427566712
Current Sectors Written = 427583448
Sectors Read = 664
Sectors Written = 16736
--------------------
VM1 sdc-sdc
Previous Sectors Read = 728705690
Current Sectors Read = 749043906
Previous Sectors Written = 970879064
Current Sectors Written = 1009280624
Sectors Read = 20338216
Sectors Written = 38401560
--------------------
VM2 sda-sda
Previous Sectors Read = 10266570
Current Sectors Read = 10288474
Previous Sectors Written = 1911808
Current Sectors Written = 1922424
Sectors Read = 21904
Sectors Written = 10616
--------------------
VM2 sdb-sdb
Previous Sectors Read = 721298
Current Sectors Read = 722122
Previous Sectors Written = 427155752
Current Sectors Written = 427168888
Sectors Read = 824
Sectors Written = 13136
--------------------
VM2 sdc-sdc
Previous Sectors Read = 848841114
Current Sectors Read = 872651026
Previous Sectors Written = 932137528
Current Sectors Written = 970779184
Sectors Read = 23809912
Sectors Written = 38641656
--------------------
VM3 sda-sda
Previous Sectors Read = 10229106
Current Sectors Read = 10251906
Previous Sectors Written = 1937296
Current Sectors Written = 1949944
Sectors Read = 22800
Sectors Written = 12648
--------------------
VM3 sdc-sdc
Previous Sectors Read = 725972426
Current Sectors Read = 746359970
Previous Sectors Written = 943447040
Current Sectors Written = 983582096
Sectors Read = 20387544
Sectors Written = 40135056
--------------------
VM3 sdb-sdb
Previous Sectors Read = 732338
Current Sectors Read = 732946
Previous Sectors Written = 427161744
Current Sectors Written = 427180392
Sectors Read = 608
Sectors Written = 18648
--------------------
VM4 sda-sda
Previous Sectors Read = 10156274
Current Sectors Read = 10177954
Previous Sectors Written = 1942560
Current Sectors Written = 1952752
Sectors Read = 21680
Sectors Written = 10192
--------------------
VM4 sdb-sdb
Previous Sectors Read = 705866
Current Sectors Read = 706410
Previous Sectors Written = 427144912
Current Sectors Written = 427157704
Sectors Read = 544
Sectors Written = 12792
--------------------
VM4 sdc-sdc
Previous Sectors Read = 722832930
Current Sectors Read = 743212082
Previous Sectors Written = 1042999640
Current Sectors Written = 1084099960
Sectors Read = 20379152
Sectors Written = 41100320
--------------------
VM1
Previous Packets Received = 74308382629
Current Packets Received = 75367179282
Previous Packets Transmitted = 82480080704
Current Packets Transmitted = 83071277710
Packets received = 1058796653
Packets Transmitted = 591197006
--------------------
VM2
Previous Packets Received = 60920334941
Current Packets Received = 60943077550
Previous Packets Transmitted = 102701894092
Current Packets Transmitted = 104293596525
Packets received = 22742609
Packets Transmitted = 1591702433
--------------------
VM3
Previous Packets Received = 86769165087
Current Packets Received = 88425030539
Previous Packets Transmitted = 62913404696
Current Packets Transmitted = 63631295667
Packets received = 1655865452
Packets Transmitted = 717890971
--------------------
VM4
Previous Packets Received = 95058708621
Current Packets Received = 95955233527
Previous Packets Transmitted = 56827485401
Current Packets Transmitted = 57407040825
Packets received = 896524906
Packets Transmitted = 579555424
--------------------
Total Sectors Read = 43593646080
Total Sectors Written = 81096630272
Total Packets Received = 3633929620
Total Packets Transmitted = 3480345834
