   8       0 sda 667203 272 149730538 43538232 574461 47446 247410656 122882120 0 2290684 166419924
   8       1 sda1 667053 272 149729338 43537920 557941 47446 247410656 122876644 0 2288096 166413424
   8      16 sdb 436891 4 12438658 553816 148372 209423 6044880 8150572 0 539724 8704176
   8      17 sdb1 436741 4 12437458 553764 148350 209423 6044880 8150428 0 539556 8703980
   8      32 sdc 5943 13105 57850 2352 41093 45965 426623600 100844 0 4856 103192
   8      33 sdc1 5590 13083 54850 2272 41029 45965 426623600 100816 0 4748 103084
   8       1 sda1 208679 57 4929570 227212 20978 12262 612088 131616 0 158892 358748
   2       0 fd0 0 0 0 0 0 0 0 0 0 0 0
   8      16 sdb 5556 13105 54754 2692 34694 40926 426461808 109620 0 3868 112300
   8      17 sdb1 5203 13083 51754 2624 34630 40926 426461808 109580 0 3764 112192
   8      32 sdc 737338 145 164891266 66420332 477768 37459 224194528 116621804 0 2368992 183041752
   8      33 sdc1 737188 145 164890066 66420020 477710 37459 224194528 116621800 0 2368676 183041428
   8       0 sda 615554 251 89031282 15327020 365639 44813 140258920 196514236 0 2235596 211840356
   8       1 sda1 615404 251 89030082 15326964 365639 44813 140258920 196514236 0 2235592 211840328
   8      16 sdb 936 13045 17600 244 0 0 0 0 0 140 244
   8      17 sdb1 757 13045 16168 188 0 0 0 0 0 84 188
   8      32 sdc 5029 0 40226 67320 8078 8490 219960 116112 0 65616 183428
   8      33 sdc1 4879 0 39026 67036 8022 8490 219960 116108 0 65328 183140
   8      16 sdb 5625 13105 55306 2248 34592 40880 426446896 107840 0 4008 110084
   8      17 sdb1 5272 13083 52306 2164 34531 40880 426446896 107592 0 3676 109752
   8       0 sda 207328 76 4863538 195276 27122 15159 685768 202608 0 201060 397764
   8       1 sda1 207178 76 4862338 195264 27121 15159 685768 202600 0 201044 397744
   8      32 sdc 583843 178 124921498 35449660 491644 38750 245959992 104873584 0 2035028 140323624
   8      33 sdc1 583693 178 124920298 35449272 491587 38750 245959992 104873580 0 2034636 140321892
  eth0: 15023879155 12232336    0 1865    0     0          0         0 31425435526 2450216    0    0    0     0       0          0
  eth0: 13945502308 11228964    0    0    0     0          0         0 33698663646 2363184    0    0    0     0       0          0
  eth0: 45291307588 31855294    0 1403    0     0          0         0 9394218332 2640126    0    0    0     0       0          0
  eth0: 22991219422 16832903    0 1308    0     0          0         0 19175547106 2215449    0    0    0     0       0          0
