   8       0 sda 861388 9 24256090 1257536 247064 465393 11452832 5367556 0 1473816 6624732
   8       1 sda1 861238 9 24254890 1257484 246438 465393 11452832 5367288 0 1473548 6624420
   8      16 sdb 16459 13111 144346 6732 68371 71984 427481920 116100 0 10944 122804
   8      17 sdb1 16106 13089 141346 6664 68257 71984 427481920 116000 0 10776 122636
   8      32 sdc 2731318 874 647378842 168173836 2045340 188536 891582408 522658092 0 13540020 690828120
   8      33 sdc1 2731168 874 647377642 168173016 2002420 188536 891582408 522639724 0 13532696 690809596
   8       0 sda 428712 197 9919002 701224 48617 29037 1860856 816188 0 740644 1517284
   8       1 sda1 428562 197 9917802 701168 48608 29037 1860856 816112 0 740528 1517152
   8      16 sdb 78994 13108 642282 30752 54776 65304 427080632 114632 0 24760 145368
   8      17 sdb1 78641 13086 639282 30660 54661 65304 427080632 114568 0 24604 145212
   8      32 sdc 3133899 850 753705290 220859896 1870635 126625 853427128 536796208 0 13462732 757655700
   8      33 sdc1 3133749 850 753704090 220859068 1870531 126625 853427128 536796192 0 13461940 757653764
   8       0 sda 425908 138 9826826 610172 50430 29931 1893864 832124 0 735596 1442108
   8       1 sda1 425758 138 9825626 610152 50424 29931 1893864 832080 0 735548 1442040
   8      32 sdc 2706873 572 644565898 166499292 1890091 127002 864062856 529416576 0 12551348 695930172
   8      33 sdc1 2706723 572 644564698 166498472 1889992 127002 864062856 529416556 0 12550520 695912612
   8      16 sdb 80021 13108 650586 31904 54898 65414 427097384 100144 0 24192 132012
   8      17 sdb1 79669 13086 647594 31832 54780 65414 427097384 99876 0 23856 131672
   8       0 sda 424612 201 9764122 770180 49432 33620 1890208 842240 0 723956 1612220
   8       1 sda1 424462 201 9762922 770112 49426 33620 1890208 842196 0 723876 1612108
   8      16 sdb 77132 13108 627386 24252 54417 65113 427070392 94452 0 17616 118684
   8      17 sdb1 76779 13086 624386 24208 54298 65113 427070392 94204 0 17324 118392
   8      32 sdc 2693164 586 641489850 168104268 2082520 127000 958850992 577266144 0 12948972 745367992
   8      33 sdc1 2693014 586 641488650 168103436 2082418 127000 958850992 577266132 0 12948136 745383964
  eth0: 71600678849 56908443    0  464    0     0          0         0 80181328934 9900965    0    0    0     0       0          0
  eth0: 60269985759 48930752    0 3773    0     0          0         0 96397327661 9288729    0    0    0     0       0          0
  eth0: 81891550564 62941471    0 1859    0     0          0         0 61562795932 9790115    0    0    0     0       0          0
  eth0: 92112853762 68613433    0 2652    0     0          0         0 56076270313 10183123    0    0    0     0       0          0
