VM1 sda-sda
Previous Sectors Read = 24256090
Current Sectors Read = 24416154
Previous Sectors Written = 11452832
Current Sectors Written = 11471896
Sectors Read = 160064
Sectors Written = 19064
--------------------
VM1 sdb-sdb
Previous Sectors Read = 144346
Current Sectors Read = 144906
Previous Sectors Written = 427481920
Current Sectors Written = 427499056
Sectors Read = 560
Sectors Written = 17136
--------------------
VM1 sdc-sdc
Previous Sectors Read = 647378842
Current Sectors Read = 667734466
Previous Sectors Written = 891582408
Current Sectors Written = 929625056
Sectors Read = 20355624
Sectors Written = 38042648
--------------------
VM2 sda-sda
Previous Sectors Read = 9919002
Current Sectors Read = 9943018
Previous Sectors Written = 1860856
Current Sectors Written = 1870240
Sectors Read = 24016
Sectors Written = 9384
--------------------
VM2 sdb-sdb
Previous Sectors Read = 642282
Current Sectors Read = 642994
Previous Sectors Written = 427080632
Current Sectors Written = 427094576
Sectors Read = 712
Sectors Written = 13944
--------------------
VM2 sdc-sdc
Previous Sectors Read = 753705290
Current Sectors Read = 777514426
Previous Sectors Written = 853427128
Current Sectors Written = 890779736
Sectors Read = 23809136
Sectors Written = 37352608
--------------------
VM3 sda-sda
Previous Sectors Read = 9826826
Current Sectors Read = 9908226
Previous Sectors Written = 1893864
Current Sectors Written = 1905936
Sectors Read = 81400
Sectors Written = 12072
--------------------
VM3 sdc-sdc
Previous Sectors Read = 644565898
Current Sectors Read = 664939458
Previous Sectors Written = 864062856
Current Sectors Written = 900469688
Sectors Read = 20373560
Sectors Written = 36406832
--------------------
VM3 sdb-sdb
Previous Sectors Read = 650586
Current Sectors Read = 651690
Previous Sectors Written = 427097384
Current Sectors Written = 427111104
Sectors Read = 1104
Sectors Written = 13720
--------------------
VM4 sda-sda
Previous Sectors Read = 9764122
Current Sectors Read = 9788170
Previous Sectors Written = 1890208
Current Sectors Written = 1903776
Sectors Read = 24048
Sectors Written = 13568
--------------------
VM4 sdb-sdb
Previous Sectors Read = 627386
Current Sectors Read = 628306
Previous Sectors Written = 427070392
Current Sectors Written = 427089352
Sectors Read = 920
Sectors Written = 18960
--------------------
VM4 sdc-sdc
Previous Sectors Read = 641489850
Current Sectors Read = 661864562
Previous Sectors Written = 958850992
Current Sectors Written = 998943392
Sectors Read = 20374712
Sectors Written = 40092400
--------------------
VM1
Previous Packets Received = 71600678849
Current Packets Received = 72980019638
Previous Packets Transmitted = 80181328934
Current Packets Transmitted = 80764098695
Packets received = 1379340789
Packets Transmitted = 582769761
--------------------
VM2
Previous Packets Received = 60269985759
Current Packets Received = 60294606647
Previous Packets Transmitted = 96397327661
Current Packets Transmitted = 97989009666
Packets received = 24620888
Packets Transmitted = 1591682005
--------------------
VM3
Previous Packets Received = 81891550564
Current Packets Received = 83078213435
Previous Packets Transmitted = 61562795932
Current Packets Transmitted = 62293602889
Packets received = 1186662871
Packets Transmitted = 730806957
--------------------
VM4
Previous Packets Received = 92112853762
Current Packets Received = 92873567889
Previous Packets Transmitted = 56076270313
Current Packets Transmitted = 56380161612
Packets received = 760714127
Packets Transmitted = 303891299
--------------------
Total Sectors Read = 43625398272
Total Sectors Written = 77830316032
Total Packets Received = 3351338675
Total Packets Transmitted = 3209150022
