   8       0 sda 828274 9 23309490 1232052 240282 444106 11044056 5300952 0 1435752 6532660
   8       1 sda1 828124 9 23308290 1232000 239656 444106 11044056 5300684 0 1435484 6532348
   8      16 sdb 12681 13111 114122 5568 66565 69909 427416840 115748 0 9916 121288
   8      17 sdb1 12328 13089 111122 5500 66456 69909 427416840 115656 0 9756 121128
   8      32 sdc 2519079 847 595801106 157469272 1979803 176271 867657664 511407744 0 12796816 668873352
   8      33 sdc1 2518929 847 595799906 157468452 1939182 176271 867657664 511390464 0 12789756 668855916
   8       0 sda 411620 183 9490850 687824 47411 27957 1824800 809076 0 726888 1496764
   8       1 sda1 411470 183 9489650 687768 47403 27957 1824800 809000 0 726772 1496632
   8      16 sdb 66929 13108 545762 26084 53383 63430 427038960 114504 0 21752 140576
   8      17 sdb1 66576 13086 542762 25992 53272 63430 427038960 114444 0 21600 140424
   8      32 sdc 2888588 833 693175354 206111288 1817469 119487 833982864 524268408 1 12714356 730379448
   8      33 sdc1 2888438 833 693174154 206110460 1817368 119487 833982864 524268392 1 12713564 730377512
   8       0 sda 408829 136 9444562 603600 49073 28670 1854040 821920 0 720860 1425344
   8       1 sda1 408679 136 9443362 603580 49067 28670 1854040 821876 0 720812 1425276
   8      32 sdc 2495345 554 592698514 155319196 1838824 119429 843344952 516219556 0 11832144 671553132
   8      33 sdc1 2495195 554 592697314 155318376 1838730 119429 843344952 516219540 0 11831316 671535640
   8      16 sdb 67637 13108 551514 27232 53435 63408 427050904 99968 0 21192 127168
   8      17 sdb1 67285 13086 548522 27160 53322 63408 427050904 99708 0 20864 126836
   8       0 sda 407369 194 9380266 753880 48208 32587 1850832 834088 0 710688 1587792
   8       1 sda1 407219 194 9379066 753812 48202 32587 1850832 834044 0 710608 1587680
   8      16 sdb 65295 13108 532690 20572 52878 62968 427019024 94196 0 15516 114748
   8      17 sdb1 64942 13086 529690 20528 52764 62968 427019024 93948 0 15224 114456
   8      32 sdc 2478668 524 589159922 157662488 2025176 118854 938112816 566221612 0 12224288 723881808
   8      33 sdc1 2478518 524 589158722 157661656 2025077 118854 938112816 566221600 0 12223456 723897780
  eth0: 66176057733 52708076    0  464    0     0          0         0 74784376581 9307116    0    0    0     0       0          0
  eth0: 57115224298 46308924    0 3023    0     0          0         0 89678189460 8779239    0    0    0     0       0          0
  eth0: 76716182317 58981428    0 1859    0     0          0         0 56998158855 9262147    0    0    0     0       0          0
  eth0: 85345591046 63685158    0 1196    0     0          0         0 52984424380 9494689    0    0    0     0       0          0
