   8       0 sda 821963 9 23130450 1228312 236720 435420 10867752 5268856 0 1423096 6496832
   8       1 sda1 821813 9 23129250 1228260 236094 435420 10867752 5268588 0 1422828 6496520
   8      16 sdb 12664 13111 113986 5564 66037 69268 427395192 115652 0 9816 121188
   8      17 sdb1 12311 13089 110986 5496 65928 69268 427395192 115560 0 9656 121028
   8      32 sdc 2476744 843 585391042 155469904 1955111 172366 861995376 507452248 0 12632924 662918536
   8      33 sdc1 2476594 843 585389842 155469084 1915389 172366 861995376 507435160 0 12626020 662901292
   8       0 sda 408483 181 9418978 685952 47049 27598 1813264 806808 0 723224 1492624
   8       1 sda1 408333 181 9417778 685896 47041 27598 1813264 806732 0 723108 1492492
   8      16 sdb 66868 13108 545274 26004 53050 62939 427025328 114372 0 21696 140364
   8      17 sdb1 66515 13086 542274 25912 52939 62939 427025328 114312 0 21544 140212
   8      32 sdc 2840090 830 681101642 202433844 1805056 117250 830890360 521793240 0 12563588 724226816
   8      33 sdc1 2839940 830 681100442 202433016 1804955 117250 830890360 521793224 0 12562796 724224880
   8       0 sda 405623 136 9371778 601508 48778 28364 1842416 819876 0 716880 1421212
   8       1 sda1 405473 136 9370578 601488 48772 28364 1842416 819832 0 716832 1421144
   8      32 sdc 2453636 550 582363474 152958616 1815964 116983 837654656 510635128 0 11660684 663608156
   8      33 sdc1 2453486 550 582362274 152957796 1815870 116983 837654656 510635112 0 11659856 663590664
   8      16 sdb 67545 13108 550778 27228 53100 62782 427033168 99916 0 21136 127112
   8      17 sdb1 67193 13086 547786 27156 52987 62782 427033168 99656 0 20808 126780
   8       0 sda 404699 192 9321106 752348 47866 32366 1839872 831136 0 706740 1583308
   8       1 sda1 404549 192 9319906 752280 47860 32366 1839872 831092 0 706660 1583196
   8      16 sdb 65200 13108 531930 20560 52586 62423 427005168 94124 0 15460 114664
   8      17 sdb1 64847 13086 528930 20516 52472 62423 427005168 93876 0 15168 114372
   8      32 sdc 2436666 523 578828018 155585928 2012275 116601 934873920 564546996 0 12087200 720130656
   8      33 sdc1 2436516 523 578826818 155585096 2012176 116601 934873920 564546984 0 12086368 720146628
  eth0: 63682346224 50789804    0  464    0     0          0         0 72120972889 8997635    0    0    0     0       0          0
  eth0: 54629331110 44399908    0 3023    0     0          0         0 87681349223 8527029    0    0    0     0       0          0
  eth0: 74659267825 57358210    0 1859    0     0          0         0 54700805521 8958237    0    0    0     0       0          0
  eth0: 83898739371 62540750    0 1196    0     0          0         0 51765710562 9272947    0    0    0     0       0          0
