VM1 sda-sda
Previous Sectors Read = 23130450
Current Sectors Read = 23309490
Previous Sectors Written = 10867752
Current Sectors Written = 11044056
Sectors Read = 179040
Sectors Written = 176304
--------------------
VM1 sdb-sdb
Previous Sectors Read = 113986
Current Sectors Read = 114122
Previous Sectors Written = 427395192
Current Sectors Written = 427416840
Sectors Read = 136
Sectors Written = 21648
--------------------
VM1 sdc-sdc
Previous Sectors Read = 585391042
Current Sectors Read = 595801106
Previous Sectors Written = 861995376
Current Sectors Written = 867657664
Sectors Read = 10410064
Sectors Written = 5662288
--------------------
VM2 sda-sda
Previous Sectors Read = 9418978
Current Sectors Read = 9490850
Previous Sectors Written = 1813264
Current Sectors Written = 1824800
Sectors Read = 71872
Sectors Written = 11536
--------------------
VM2 sdb-sdb
Previous Sectors Read = 545274
Current Sectors Read = 545762
Previous Sectors Written = 427025328
Current Sectors Written = 427038960
Sectors Read = 488
Sectors Written = 13632
--------------------
VM2 sdc-sdc
Previous Sectors Read = 681101642
Current Sectors Read = 693175354
Previous Sectors Written = 830890360
Current Sectors Written = 833982864
Sectors Read = 12073712
Sectors Written = 3092504
--------------------
VM3 sda-sda
Previous Sectors Read = 9371778
Current Sectors Read = 9444562
Previous Sectors Written = 1842416
Current Sectors Written = 1854040
Sectors Read = 72784
Sectors Written = 11624
--------------------
VM3 sdc-sdc
Previous Sectors Read = 582363474
Current Sectors Read = 592698514
Previous Sectors Written = 837654656
Current Sectors Written = 843344952
Sectors Read = 10335040
Sectors Written = 5690296
--------------------
VM3 sdb-sdb
Previous Sectors Read = 550778
Current Sectors Read = 551514
Previous Sectors Written = 427033168
Current Sectors Written = 427050904
Sectors Read = 736
Sectors Written = 17736
--------------------
VM4 sda-sda
Previous Sectors Read = 9321106
Current Sectors Read = 9380266
Previous Sectors Written = 1839872
Current Sectors Written = 1850832
Sectors Read = 59160
Sectors Written = 10960
--------------------
VM4 sdb-sdb
Previous Sectors Read = 531930
Current Sectors Read = 532690
Previous Sectors Written = 427005168
Current Sectors Written = 427019024
Sectors Read = 760
Sectors Written = 13856
--------------------
VM4 sdc-sdc
Previous Sectors Read = 578828018
Current Sectors Read = 589159922
Previous Sectors Written = 934873920
Current Sectors Written = 938112816
Sectors Read = 10331904
Sectors Written = 3238896
--------------------
VM1
Previous Packets Received = 63682346224
Current Packets Received = 66176057733
Previous Packets Transmitted = 72120972889
Current Packets Transmitted = 74784376581
Packets received = 2493711509
Packets Transmitted = 2663403692
--------------------
VM2
Previous Packets Received = 54629331110
Current Packets Received = 57115224298
Previous Packets Transmitted = 87681349223
Current Packets Transmitted = 89678189460
Packets received = 2485893188
Packets Transmitted = 1996840237
--------------------
VM3
Previous Packets Received = 74659267825
Current Packets Received = 76716182317
Previous Packets Transmitted = 54700805521
Current Packets Transmitted = 56998158855
Packets received = 2056914492
Packets Transmitted = 2297353334
--------------------
VM4
Previous Packets Received = 83898739371
Current Packets Received = 85345591046
Previous Packets Transmitted = 51765710562
Current Packets Transmitted = 52984424380
Packets received = 1446851675
Packets Transmitted = 1218713818
--------------------
Total Sectors Read = 22290276352
Total Sectors Written = 9196175360
Total Packets Received = 8483370864
Total Packets Transmitted = 8176311081
