   8       0 sda 667878 9 18884578 1051972 209254 350706 9356192 4937040 0 1300128 5988748
   8       1 sda1 667728 9 18883378 1051920 208634 350706 9356192 4936772 0 1299860 5988428
   8      16 sdb 5727 13111 58490 3300 61258 64060 427228896 114536 0 7480 117812
   8      17 sdb1 5374 13089 55490 3232 61169 64060 427228896 114456 0 7332 117664
   8      32 sdc 2111040 754 501722826 137799580 1794564 144400 809328336 480543260 0 10925484 618339612
   8      33 sdc1 2110890 754 501721626 137798760 1762066 144400 809328336 480528208 0 10919616 618324324
   8       0 sda 331164 143 7701994 620188 43570 25235 1713232 783072 0 673776 1403156
   8       1 sda1 331014 143 7700794 620132 43562 25235 1713232 782996 0 673660 1403024
   8      16 sdb 19589 13108 167042 7940 48992 58116 426907408 113552 0 9400 121484
   8      17 sdb1 19236 13086 164042 7848 48902 58116 426907408 113500 0 9256 121340
   8      32 sdc 2422556 751 583118642 175002180 1663393 99342 777544072 484474068 0 10814192 659475084
   8      33 sdc1 2422406 751 583117442 175001352 1663313 99342 777544072 484474056 0 10813400 659473132
   8       0 sda 327679 121 7632922 570380 44898 25356 1733616 794108 0 667916 1364340
   8       1 sda1 327529 121 7631722 570360 44892 25356 1733616 794064 0 667868 1364272
   8      32 sdc 2094286 452 499397786 134922852 1669917 98243 783265600 474245040 0 10057916 609182316
   8      33 sdc1 2094136 452 499396586 134922032 1669841 98243 783265600 474245032 0 10057092 609165052
   8      16 sdb 19421 13108 165786 7500 48974 57750 426910400 99248 0 8368 106744
   8      17 sdb1 19069 13086 162794 7428 48882 57750 426910400 99000 0 8052 106424
   8       0 sda 328140 171 7619082 646224 44270 29441 1733064 804896 0 656704 1450976
   8       1 sda1 327990 171 7617882 646156 44264 29441 1733064 804852 0 656624 1450864
   8      16 sdb 19045 13108 162690 6892 48534 57346 426881296 93684 0 7364 100564
   8      17 sdb1 18692 13086 159690 6848 48441 57346 426881296 93436 0 7072 100272
   8      32 sdc 2075610 453 495413978 138149828 1840268 98273 868199120 529334952 0 10435172 667482812
   8      33 sdc1 2075460 453 495412778 138148996 1840187 98273 868199120 529334940 0 10434340 667498788
  eth0: 49684184452 40016078    0    0    0     0          0         0 57532264967 7316331    0    0    0     0       0          0
  eth0: 43416094305 35501896    0  916    0     0          0         0 71485131500 7062235    0    0    0     0       0          0
  eth0: 59724567647 46134543    0 1739    0     0          0         0 41894664589 7285383    0    0    0     0       0          0
  eth0: 65514444573 48902531    0  849    0     0          0         0 38964524758 7455144    0    0    0     0       0          0
