   8       0 sda 663098 9 18725018 1049336 209011 350505 9349416 4935216 0 1296904 5984292
   8       1 sda1 662948 9 18723818 1049284 208391 350505 9349416 4934948 0 1296636 5983972
   8      16 sdb 5717 13111 58410 3300 61069 63905 427224232 114500 0 7444 117776
   8      17 sdb1 5364 13089 55410 3232 60980 63905 427224232 114420 0 7296 117628
   8      32 sdc 2094545 747 498071162 137125904 1793917 143716 809310832 480530564 0 10861448 617653244
   8      33 sdc1 2094395 747 498069962 137125084 1761477 143716 809310832 480515524 0 10855584 617637968
   8       0 sda 329985 143 7679858 619660 43404 25086 1708400 782396 0 672712 1401952
   8       1 sda1 329835 143 7678658 619604 43396 25086 1708400 782320 0 672596 1401820
   8      16 sdb 19496 13108 166298 7936 48842 57944 426902224 113496 0 9364 121424
   8      17 sdb1 19143 13086 163298 7844 48752 57944 426902224 113444 0 9220 121280
   8      32 sdc 2403137 749 578798922 174240264 1663017 98965 777528128 484465104 0 10744444 658704208
   8      33 sdc1 2402987 749 578797722 174239436 1662937 98965 777528128 484465092 0 10743652 658702256
   8       0 sda 326506 117 7611042 569596 44765 25228 1729688 793204 0 666380 1362652
   8       1 sda1 326356 117 7609842 569576 44759 25228 1729688 793160 0 666332 1362584
   8      32 sdc 2077752 444 495740986 134238820 1669565 97903 783252944 474238976 0 9998872 608492228
   8      33 sdc1 2077602 444 495739786 134238000 1669489 97903 783252944 474238968 0 9998048 608474964
   8      16 sdb 19379 13108 165450 7496 48886 57631 426907704 99232 0 8348 106724
   8      17 sdb1 19027 13086 162458 7424 48794 57631 426907704 98984 0 8032 106404
   8       0 sda 326984 170 7597010 645320 44186 29370 1729888 804628 0 655972 1449804
   8       1 sda1 326834 170 7595810 645252 44180 29370 1729888 804584 0 655892 1449692
   8      16 sdb 18943 13108 161874 6760 48424 57184 426877848 93680 0 7356 100428
   8      17 sdb1 18590 13086 158874 6716 48331 57184 426877848 93432 0 7064 100136
   8      32 sdc 2058464 441 491643058 137567716 1839848 97822 868176896 529322464 0 10372108 666888216
   8      33 sdc1 2058314 441 491641858 137566884 1839767 97822 868176896 529322452 0 10371276 666904192
  eth0: 49647836886 39985318    0    0    0     0          0         0 57525838723 7296264    0    0    0     0       0          0
  eth0: 43372470320 35441700    0  916    0     0          0         0 71293939878 7035510    0    0    0     0       0          0
  eth0: 59677143105 46098737    0 1739    0     0          0         0 41891261786 7267099    0    0    0     0       0          0
  eth0: 65319154458 48733521    0  849    0     0          0         0 38856031146 7427227    0    0    0     0       0          0
