VM1 sda-sda
Previous Sectors Read = 18725018
Current Sectors Read = 18884578
Previous Sectors Written = 9349416
Current Sectors Written = 9356192
Sectors Read = 159560
Sectors Written = 6776
--------------------
VM1 sdb-sdb
Previous Sectors Read = 58410
Current Sectors Read = 58490
Previous Sectors Written = 427224232
Current Sectors Written = 427228896
Sectors Read = 80
Sectors Written = 4664
--------------------
VM1 sdc-sdc
Previous Sectors Read = 498071162
Current Sectors Read = 501722826
Previous Sectors Written = 809310832
Current Sectors Written = 809328336
Sectors Read = 3651664
Sectors Written = 17504
--------------------
VM2 sda-sda
Previous Sectors Read = 7679858
Current Sectors Read = 7701994
Previous Sectors Written = 1708400
Current Sectors Written = 1713232
Sectors Read = 22136
Sectors Written = 4832
--------------------
VM2 sdb-sdb
Previous Sectors Read = 166298
Current Sectors Read = 167042
Previous Sectors Written = 426902224
Current Sectors Written = 426907408
Sectors Read = 744
Sectors Written = 5184
--------------------
VM2 sdc-sdc
Previous Sectors Read = 578798922
Current Sectors Read = 583118642
Previous Sectors Written = 777528128
Current Sectors Written = 777544072
Sectors Read = 4319720
Sectors Written = 15944
--------------------
VM3 sda-sda
Previous Sectors Read = 7611042
Current Sectors Read = 7632922
Previous Sectors Written = 1729688
Current Sectors Written = 1733616
Sectors Read = 21880
Sectors Written = 3928
--------------------
VM3 sdc-sdc
Previous Sectors Read = 495740986
Current Sectors Read = 499397786
Previous Sectors Written = 783252944
Current Sectors Written = 783265600
Sectors Read = 3656800
Sectors Written = 12656
--------------------
VM3 sdb-sdb
Previous Sectors Read = 165450
Current Sectors Read = 165786
Previous Sectors Written = 426907704
Current Sectors Written = 426910400
Sectors Read = 336
Sectors Written = 2696
--------------------
VM4 sda-sda
Previous Sectors Read = 7597010
Current Sectors Read = 7619082
Previous Sectors Written = 1729888
Current Sectors Written = 1733064
Sectors Read = 22072
Sectors Written = 3176
--------------------
VM4 sdb-sdb
Previous Sectors Read = 161874
Current Sectors Read = 162690
Previous Sectors Written = 426877848
Current Sectors Written = 426881296
Sectors Read = 816
Sectors Written = 3448
--------------------
VM4 sdc-sdc
Previous Sectors Read = 491643058
Current Sectors Read = 495413978
Previous Sectors Written = 868176896
Current Sectors Written = 868199120
Sectors Read = 3770920
Sectors Written = 22224
--------------------
VM1
Previous Packets Received = 49647836886
Current Packets Received = 49684184452
Previous Packets Transmitted = 57525838723
Current Packets Transmitted = 57532264967
Packets received = 36347566
Packets Transmitted = 6426244
--------------------
VM2
Previous Packets Received = 43372470320
Current Packets Received = 43416094305
Previous Packets Transmitted = 71293939878
Current Packets Transmitted = 71485131500
Packets received = 43623985
Packets Transmitted = 191191622
--------------------
VM3
Previous Packets Received = 59677143105
Current Packets Received = 59724567647
Previous Packets Transmitted = 41891261786
Current Packets Transmitted = 41894664589
Packets received = 47424542
Packets Transmitted = 3402803
--------------------
VM4
Previous Packets Received = 65319154458
Current Packets Received = 65514444573
Previous Packets Transmitted = 38856031146
Current Packets Transmitted = 38964524758
Packets received = 195290115
Packets Transmitted = 108493612
--------------------
Total Sectors Read = 8000884736
Total Sectors Written = 52752384
Total Packets Received = 322686208
Total Packets Transmitted = 309514281
