Start: 1475206321

Logging initialized using configuration in jar:file:/home/ubuntu/software/hive-1.2.1/lib/hive-common-1.2.1.jar!/hive-log4j.properties
Hive history file=/tmp/ubuntu/hive_job_log_4d3648c7-d878-4661-ab89-5a8b68828add_689012036.txt
SLF4J: Class path contains multiple SLF4J bindings.
SLF4J: Found binding in [jar:file:/home/ubuntu/software/tez-0.7.1-SNAPSHOT-minimal/lib/slf4j-log4j12-1.7.5.jar!/org/slf4j/impl/StaticLoggerBinder.class]
SLF4J: Found binding in [jar:file:/home/ubuntu/software/hadoop-2.6.0/share/hadoop/common/lib/slf4j-log4j12-1.7.5.jar!/org/slf4j/impl/StaticLoggerBinder.class]
SLF4J: See http://www.slf4j.org/codes.html#multiple_bindings for an explanation.
SLF4J: Actual binding is of type [org.slf4j.impl.Log4jLoggerFactory]
OK
Time taken: 0.912 seconds
Query ID = ubuntu_20160930033207_4bd358af-d452-49ad-8c7b-d970195ff2c5
Total jobs = 9
SLF4J: Class path contains multiple SLF4J bindings.
SLF4J: Found binding in [jar:file:/home/ubuntu/software/tez-0.7.1-SNAPSHOT-minimal/lib/slf4j-log4j12-1.7.5.jar!/org/slf4j/impl/StaticLoggerBinder.class]
SLF4J: Found binding in [jar:file:/home/ubuntu/software/hadoop-2.6.0/share/hadoop/common/lib/slf4j-log4j12-1.7.5.jar!/org/slf4j/impl/StaticLoggerBinder.class]
SLF4J: See http://www.slf4j.org/codes.html#multiple_bindings for an explanation.
SLF4J: Actual binding is of type [org.slf4j.impl.Log4jLoggerFactory]
Execution log at: /tmp/ubuntu/ubuntu_20160930033207_4bd358af-d452-49ad-8c7b-d970195ff2c5.log
2016-09-30 03:32:12	Starting to launch local task to process map join;	maximum memory = 932184064
2016-09-30 03:32:14	Dump the side-table for tag: 1 with group count: 7 into file: file:/tmp/ubuntu/4d3648c7-d878-4661-ab89-5a8b68828add/hive_2016-09-30_03-32-07_719_8324435072421669995-1/-local-10016/HashTable-Stage-15/MapJoin-mapfile41--.hashtable
2016-09-30 03:32:14	Uploaded 1 File to: file:/tmp/ubuntu/4d3648c7-d878-4661-ab89-5a8b68828add/hive_2016-09-30_03-32-07_719_8324435072421669995-1/-local-10016/HashTable-Stage-15/MapJoin-mapfile41--.hashtable (504 bytes)
2016-09-30 03:32:14	End of local task; Time Taken: 1.293 sec.
Execution completed successfully
MapredLocal task succeeded
Launching Job 1 out of 9
Number of reduce tasks is set to 0 since there's no reduce operator
Starting Job = job_1475103985662_0141, Tracking URL = http://vm1:8088/proxy/application_1475103985662_0141/
Kill Command = /home/ubuntu/software/hadoop-2.6.0/bin/hadoop job  -kill job_1475103985662_0141
Hadoop job information for Stage-15: number of mappers: 5; number of reducers: 0
2016-09-30 03:32:21,294 Stage-15 map = 0%,  reduce = 0%
2016-09-30 03:32:31,599 Stage-15 map = 3%,  reduce = 0%, Cumulative CPU 7.45 sec
2016-09-30 03:32:37,803 Stage-15 map = 13%,  reduce = 0%, Cumulative CPU 48.88 sec
2016-09-30 03:32:40,888 Stage-15 map = 19%,  reduce = 0%, Cumulative CPU 63.9 sec
2016-09-30 03:32:42,942 Stage-15 map = 22%,  reduce = 0%, Cumulative CPU 67.06 sec
2016-09-30 03:32:43,976 Stage-15 map = 25%,  reduce = 0%, Cumulative CPU 78.79 sec
2016-09-30 03:32:46,035 Stage-15 map = 28%,  reduce = 0%, Cumulative CPU 81.95 sec
2016-09-30 03:32:47,065 Stage-15 map = 36%,  reduce = 0%, Cumulative CPU 93.6 sec
2016-09-30 03:32:50,154 Stage-15 map = 41%,  reduce = 0%, Cumulative CPU 108.06 sec
2016-09-30 03:32:52,208 Stage-15 map = 44%,  reduce = 0%, Cumulative CPU 111.14 sec
2016-09-30 03:32:53,246 Stage-15 map = 46%,  reduce = 0%, Cumulative CPU 122.54 sec
2016-09-30 03:32:55,418 Stage-15 map = 50%,  reduce = 0%, Cumulative CPU 127.74 sec
2016-09-30 03:32:56,454 Stage-15 map = 56%,  reduce = 0%, Cumulative CPU 136.53 sec
2016-09-30 03:32:58,512 Stage-15 map = 58%,  reduce = 0%, Cumulative CPU 145.68 sec
2016-09-30 03:32:59,541 Stage-15 map = 64%,  reduce = 0%, Cumulative CPU 151.9 sec
2016-09-30 03:33:01,598 Stage-15 map = 66%,  reduce = 0%, Cumulative CPU 160.72 sec
2016-09-30 03:33:04,692 Stage-15 map = 72%,  reduce = 0%, Cumulative CPU 172.21 sec
2016-09-30 03:33:05,726 Stage-15 map = 74%,  reduce = 0%, Cumulative CPU 175.22 sec
2016-09-30 03:33:07,796 Stage-15 map = 81%,  reduce = 0%, Cumulative CPU 186.83 sec
2016-09-30 03:33:10,889 Stage-15 map = 84%,  reduce = 0%, Cumulative CPU 197.92 sec
2016-09-30 03:33:13,988 Stage-15 map = 89%,  reduce = 0%, Cumulative CPU 207.14 sec
2016-09-30 03:33:17,077 Stage-15 map = 95%,  reduce = 0%, Cumulative CPU 215.13 sec
2016-09-30 03:33:19,133 Stage-15 map = 96%,  reduce = 0%, Cumulative CPU 217.31 sec
2016-09-30 03:33:20,161 Stage-15 map = 98%,  reduce = 0%, Cumulative CPU 222.89 sec
2016-09-30 03:33:21,188 Stage-15 map = 100%,  reduce = 0%, Cumulative CPU 223.75 sec
MapReduce Total cumulative CPU time: 3 minutes 43 seconds 750 msec
Ended Job = job_1475103985662_0141
Stage-18 is selected by condition resolver.
Stage-19 is filtered out by condition resolver.
Stage-2 is filtered out by condition resolver.
SLF4J: Class path contains multiple SLF4J bindings.
SLF4J: Found binding in [jar:file:/home/ubuntu/software/tez-0.7.1-SNAPSHOT-minimal/lib/slf4j-log4j12-1.7.5.jar!/org/slf4j/impl/StaticLoggerBinder.class]
SLF4J: Found binding in [jar:file:/home/ubuntu/software/hadoop-2.6.0/share/hadoop/common/lib/slf4j-log4j12-1.7.5.jar!/org/slf4j/impl/StaticLoggerBinder.class]
SLF4J: See http://www.slf4j.org/codes.html#multiple_bindings for an explanation.
SLF4J: Actual binding is of type [org.slf4j.impl.Log4jLoggerFactory]
Execution log at: /tmp/ubuntu/ubuntu_20160930033207_4bd358af-d452-49ad-8c7b-d970195ff2c5.log
2016-09-30 03:33:25	Starting to launch local task to process map join;	maximum memory = 932184064
2016-09-30 03:33:26	Dump the side-table for tag: 1 with group count: 3863 into file: file:/tmp/ubuntu/4d3648c7-d878-4661-ab89-5a8b68828add/hive_2016-09-30_03-32-07_719_8324435072421669995-1/-local-10012/HashTable-Stage-12/MapJoin-mapfile21--.hashtable
2016-09-30 03:33:27	Uploaded 1 File to: file:/tmp/ubuntu/4d3648c7-d878-4661-ab89-5a8b68828add/hive_2016-09-30_03-32-07_719_8324435072421669995-1/-local-10012/HashTable-Stage-12/MapJoin-mapfile21--.hashtable (163270 bytes)
2016-09-30 03:33:27	End of local task; Time Taken: 1.685 sec.
Execution completed successfully
MapredLocal task succeeded
Launching Job 3 out of 9
Number of reduce tasks is set to 0 since there's no reduce operator
Starting Job = job_1475103985662_0142, Tracking URL = http://vm1:8088/proxy/application_1475103985662_0142/
Kill Command = /home/ubuntu/software/hadoop-2.6.0/bin/hadoop job  -kill job_1475103985662_0142
Hadoop job information for Stage-12: number of mappers: 10; number of reducers: 0
2016-09-30 03:33:32,788 Stage-12 map = 0%,  reduce = 0%
2016-09-30 03:33:43,065 Stage-12 map = 1%,  reduce = 0%, Cumulative CPU 12.39 sec
2016-09-30 03:33:45,128 Stage-12 map = 2%,  reduce = 0%, Cumulative CPU 35.95 sec
2016-09-30 03:33:46,159 Stage-12 map = 12%,  reduce = 0%, Cumulative CPU 45.51 sec
2016-09-30 03:33:49,251 Stage-12 map = 22%,  reduce = 0%, Cumulative CPU 81.73 sec
2016-09-30 03:33:51,333 Stage-12 map = 41%,  reduce = 0%, Cumulative CPU 105.93 sec
2016-09-30 03:33:53,398 Stage-12 map = 46%,  reduce = 0%, Cumulative CPU 110.17 sec
2016-09-30 03:33:54,431 Stage-12 map = 51%,  reduce = 0%, Cumulative CPU 131.59 sec
2016-09-30 03:33:55,475 Stage-12 map = 61%,  reduce = 0%, Cumulative CPU 132.6 sec
2016-09-30 03:33:56,508 Stage-12 map = 65%,  reduce = 0%, Cumulative CPU 134.16 sec
2016-09-30 03:33:57,541 Stage-12 map = 84%,  reduce = 0%, Cumulative CPU 146.5 sec
2016-09-30 03:34:00,625 Stage-12 map = 86%,  reduce = 0%, Cumulative CPU 155.76 sec
2016-09-30 03:34:04,749 Stage-12 map = 96%,  reduce = 0%, Cumulative CPU 167.12 sec
2016-09-30 03:34:08,864 Stage-12 map = 100%,  reduce = 0%, Cumulative CPU 171.96 sec
MapReduce Total cumulative CPU time: 2 minutes 51 seconds 960 msec
Ended Job = job_1475103985662_0142
Stage-16 is selected by condition resolver.
Stage-17 is filtered out by condition resolver.
Stage-3 is filtered out by condition resolver.
SLF4J: Class path contains multiple SLF4J bindings.
SLF4J: Found binding in [jar:file:/home/ubuntu/software/tez-0.7.1-SNAPSHOT-minimal/lib/slf4j-log4j12-1.7.5.jar!/org/slf4j/impl/StaticLoggerBinder.class]
SLF4J: Found binding in [jar:file:/home/ubuntu/software/hadoop-2.6.0/share/hadoop/common/lib/slf4j-log4j12-1.7.5.jar!/org/slf4j/impl/StaticLoggerBinder.class]
SLF4J: See http://www.slf4j.org/codes.html#multiple_bindings for an explanation.
SLF4J: Actual binding is of type [org.slf4j.impl.Log4jLoggerFactory]
Execution log at: /tmp/ubuntu/ubuntu_20160930033207_4bd358af-d452-49ad-8c7b-d970195ff2c5.log
2016-09-30 03:34:12	Starting to launch local task to process map join;	maximum memory = 932184064
2016-09-30 03:34:14	Dump the side-table for tag: 1 with group count: 60 into file: file:/tmp/ubuntu/4d3648c7-d878-4661-ab89-5a8b68828add/hive_2016-09-30_03-32-07_719_8324435072421669995-1/-local-10008/HashTable-Stage-9/MapJoin-mapfile01--.hashtable
2016-09-30 03:34:14	Uploaded 1 File to: file:/tmp/ubuntu/4d3648c7-d878-4661-ab89-5a8b68828add/hive_2016-09-30_03-32-07_719_8324435072421669995-1/-local-10008/HashTable-Stage-9/MapJoin-mapfile01--.hashtable (2248 bytes)
2016-09-30 03:34:14	End of local task; Time Taken: 1.766 sec.
Execution completed successfully
MapredLocal task succeeded
Launching Job 5 out of 9
Number of reduce tasks is set to 0 since there's no reduce operator
Starting Job = job_1475103985662_0143, Tracking URL = http://vm1:8088/proxy/application_1475103985662_0143/
Kill Command = /home/ubuntu/software/hadoop-2.6.0/bin/hadoop job  -kill job_1475103985662_0143
Hadoop job information for Stage-9: number of mappers: 4; number of reducers: 0
2016-09-30 03:34:20,167 Stage-9 map = 0%,  reduce = 0%
2016-09-30 03:34:29,419 Stage-9 map = 25%,  reduce = 0%, Cumulative CPU 3.13 sec
2016-09-30 03:34:30,448 Stage-9 map = 50%,  reduce = 0%, Cumulative CPU 8.47 sec
2016-09-30 03:34:31,474 Stage-9 map = 75%,  reduce = 0%, Cumulative CPU 13.68 sec
2016-09-30 03:34:32,508 Stage-9 map = 94%,  reduce = 0%, Cumulative CPU 20.44 sec
2016-09-30 03:34:33,542 Stage-9 map = 100%,  reduce = 0%, Cumulative CPU 21.82 sec
MapReduce Total cumulative CPU time: 21 seconds 820 msec
Ended Job = job_1475103985662_0143
Launching Job 6 out of 9
Number of reduce tasks not specified. Defaulting to jobconf value of: 20
In order to change the average load for a reducer (in bytes):
  set hive.exec.reducers.bytes.per.reducer=<number>
In order to limit the maximum number of reducers:
  set hive.exec.reducers.max=<number>
In order to set a constant number of reducers:
  set mapreduce.job.reduces=<number>
Starting Job = job_1475103985662_0144, Tracking URL = http://vm1:8088/proxy/application_1475103985662_0144/
Kill Command = /home/ubuntu/software/hadoop-2.6.0/bin/hadoop job  -kill job_1475103985662_0144
Hadoop job information for Stage-4: number of mappers: 1; number of reducers: 20
2016-09-30 03:34:39,684 Stage-4 map = 0%,  reduce = 0%
2016-09-30 03:34:45,867 Stage-4 map = 100%,  reduce = 0%, Cumulative CPU 2.83 sec
2016-09-30 03:34:53,178 Stage-4 map = 100%,  reduce = 15%, Cumulative CPU 8.68 sec
2016-09-30 03:34:54,230 Stage-4 map = 100%,  reduce = 30%, Cumulative CPU 14.61 sec
2016-09-30 03:34:56,315 Stage-4 map = 100%,  reduce = 60%, Cumulative CPU 26.31 sec
2016-09-30 03:34:57,355 Stage-4 map = 100%,  reduce = 65%, Cumulative CPU 29.63 sec
2016-09-30 03:34:58,396 Stage-4 map = 100%,  reduce = 80%, Cumulative CPU 35.84 sec
2016-09-30 03:34:59,427 Stage-4 map = 100%,  reduce = 100%, Cumulative CPU 44.37 sec
MapReduce Total cumulative CPU time: 44 seconds 370 msec
Ended Job = job_1475103985662_0144
Launching Job 7 out of 9
Number of reduce tasks determined at compile time: 1
In order to change the average load for a reducer (in bytes):
  set hive.exec.reducers.bytes.per.reducer=<number>
In order to limit the maximum number of reducers:
  set hive.exec.reducers.max=<number>
In order to set a constant number of reducers:
  set mapreduce.job.reduces=<number>
Starting Job = job_1475103985662_0145, Tracking URL = http://vm1:8088/proxy/application_1475103985662_0145/
Kill Command = /home/ubuntu/software/hadoop-2.6.0/bin/hadoop job  -kill job_1475103985662_0145
Hadoop job information for Stage-5: number of mappers: 4; number of reducers: 1
2016-09-30 03:35:06,624 Stage-5 map = 0%,  reduce = 0%
2016-09-30 03:35:14,865 Stage-5 map = 100%,  reduce = 0%, Cumulative CPU 6.92 sec
2016-09-30 03:35:21,051 Stage-5 map = 100%,  reduce = 100%, Cumulative CPU 8.42 sec
MapReduce Total cumulative CPU time: 8 seconds 420 msec
Ended Job = job_1475103985662_0145
MapReduce Jobs Launched: 
Stage-Stage-15: Map: 5   Cumulative CPU: 223.75 sec   HDFS Read: 1164950191 HDFS Write: 2535951919 SUCCESS
Stage-Stage-12: Map: 10   Cumulative CPU: 171.96 sec   HDFS Read: 2536071964 HDFS Write: 246864644 SUCCESS
Stage-Stage-9: Map: 4   Cumulative CPU: 21.82 sec   HDFS Read: 246918166 HDFS Write: 1446313 SUCCESS
Stage-Stage-4: Map: 1  Reduce: 20   Cumulative CPU: 44.37 sec   HDFS Read: 1544747 HDFS Write: 433988 SUCCESS
Stage-Stage-5: Map: 4  Reduce: 1   Cumulative CPU: 8.42 sec   HDFS Read: 452120 HDFS Write: 2799 SUCCESS
Total MapReduce CPU Time Spent: 7 minutes 50 seconds 320 msec
OK
	AAAAAAAAAAANAAAA	2640	2496
	AAAAAAAAAACDAAAA	1034	1314
	AAAAAAAAAAHMAAAA	2644	3757
	AAAAAAAAAAIIAAAA	2502	2092
	AAAAAAAAAAKNAAAA	2183	2240
	AAAAAAAAAALAAAAA	2430	2468
	AAAAAAAAAANDAAAA	1584	1366
	AAAAAAAAAANKAAAA	1616	2105
	AAAAAAAAABDAAAAA	2514	2640
	AAAAAAAAABEFAAAA	1845	1548
	AAAAAAAAABGMAAAA	2334	1572
	AAAAAAAAABGNAAAA	2627	2304
	AAAAAAAAABIHAAAA	2087	2884
	AAAAAAAAABLFAAAA	2670	1925
	AAAAAAAAACGLAAAA	2470	2049
	AAAAAAAAACGOAAAA	1453	2075
	AAAAAAAAACHCAAAA	2280	2036
	AAAAAAAAACLDAAAA	2632	1873
	AAAAAAAAACLGAAAA	1525	2041
	AAAAAAAAACLNAAAA	1670	2320
	AAAAAAAAACOBAAAA	2566	2711
	AAAAAAAAACPDAAAA	1781	2658
	AAAAAAAAADCMAAAA	2977	2344
	AAAAAAAAADIOAAAA	2672	2435
	AAAAAAAAADJFAAAA	2645	2806
	AAAAAAAAADPOAAAA	2476	1953
	AAAAAAAAAEBFAAAA	1790	1845
	AAAAAAAAAEFBAAAA	1512	1700
	AAAAAAAAAEHOAAAA	2251	2443
	AAAAAAAAAELOAAAA	2213	2398
	AAAAAAAAAEMAAAAA	1647	1643
	AAAAAAAAAEOCAAAA	1950	2293
	AAAAAAAAAFADAAAA	1701	1553
	AAAAAAAAAFGJAAAA	1405	1941
	AAAAAAAAAFJLAAAA	2396	2375
	AAAAAAAAAFKEAAAA	1166	980
	AAAAAAAAAFPCAAAA	2526	3200
	AAAAAAAAAFPJAAAA	2733	2181
	AAAAAAAAAGIDAAAA	2661	2186
	AAAAAAAAAGNMAAAA	2035	2991
	AAAAAAAAAHGHAAAA	2577	3172
	AAAAAAAAAHJBAAAA	1907	1675
	AAAAAAAAAHJJAAAA	2095	2846
	AAAAAAAAAHKMAAAA	2284	2753
	AAAAAAAAAHNCAAAA	2540	3563
	AAAAAAAAAHOEAAAA	2198	3112
	AAAAAAAAAICKAAAA	1322	1955
	AAAAAAAAAIECAAAA	1759	2184
	AAAAAAAAAIENAAAA	1971	2162
	AAAAAAAAAIJLAAAA	1546	1807
	AAAAAAAAAINEAAAA	2279	2388
	AAAAAAAAAJACAAAA	2664	3148
	AAAAAAAAAJAIAAAA	1868	2481
	AAAAAAAAAJCAAAAA	2115	3069
	AAAAAAAAAJCIAAAA	3035	3028
	AAAAAAAAAJEDAAAA	1735	2566
	AAAAAAAAAJFIAAAA	2434	2179
	AAAAAAAAAJKBAAAA	2108	1725
	AAAAAAAAAJKGAAAA	2342	3151
	AAAAAAAAAJNEAAAA	2299	2512
	AAAAAAAAAJNHAAAA	1882	2463
	AAAAAAAAAKAAAAAA	3018	2187
	AAAAAAAAAKAHAAAA	2507	2815
	AAAAAAAAAKCLAAAA	2349	2460
	AAAAAAAAAKDHAAAA	2277	3281
	AAAAAAAAAKHFAAAA	2511	1776
	AAAAAAAAAKMHAAAA	1406	1593
	AAAAAAAAAKPNAAAA	1873	2357
	AAAAAAAAALECAAAA	2305	1994
	AAAAAAAAALFMAAAA	1979	1829
	AAAAAAAAALHFAAAA	1445	1341
	AAAAAAAAALIGAAAA	2138	1434
	AAAAAAAAALJCAAAA	1854	1895
	AAAAAAAAALKKAAAA	1809	1859
	AAAAAAAAALLNAAAA	2434	2437
	AAAAAAAAALPFAAAA	1843	2452
	AAAAAAAAAMALAAAA	1171	1491
	AAAAAAAAAMBEAAAA	1996	2202
	AAAAAAAAAMEKAAAA	2047	2684
	AAAAAAAAAMGNAAAA	2319	2796
	AAAAAAAAAMMOAAAA	2558	2480
	AAAAAAAAANBIAAAA	1817	1616
	AAAAAAAAANCFAAAA	2129	2180
	AAAAAAAAANEGAAAA	2294	1690
	AAAAAAAAANMHAAAA	2760	3511
	AAAAAAAAANPGAAAA	1710	2288
	AAAAAAAAAOAGAAAA	3238	2186
	AAAAAAAAAOIBAAAA	1721	2168
	AAAAAAAAAOJGAAAA	1984	2491
	AAAAAAAAAOMOAAAA	2450	1670
	AAAAAAAAAOPIAAAA	1730	2180
	AAAAAAAAAPEMAAAA	2384	3135
	AAAAAAAAAPHNAAAA	1752	2525
	AAAAAAAAAPLAAAAA	2431	3250
	AAAAAAAAAPLDAAAA	2445	2048
	AAAAAAAAAPOMAAAA	1591	2108
	AAAAAAAABAEIAAAA	2147	2378
	AAAAAAAABAIKAAAA	2341	2858
	AAAAAAAABAPDAAAA	1786	2327
	AAAAAAAABAPMAAAA	2586	2338
Time taken: 194.469 seconds, Fetched: 100 row(s)
End: 1475206522
Total Execution Time: 201
