   8       0 sda 927627 9 26110130 1317768 267820 518990 12535632 5552232 0 1559572 6869600
   8       1 sda1 927477 9 26108930 1317716 267193 518990 12535632 5551964 0 1559304 6869288
   8      16 sdb 25326 13111 215282 10020 73169 77718 427672016 117348 0 13820 127340
   8      17 sdb1 24973 13089 212282 9952 73047 77718 427672016 117248 0 13652 127172
   8      32 sdc 3475537 1164 830323066 218736560 2455678 222084 1098134040 629469464 0 16233060 848201452
   8      33 sdc1 3475387 1164 830321866 218735740 2407487 222084 1098134040 629449932 0 16225084 848181764
   8       0 sda 460857 214 10631170 725372 52163 32382 1968056 840592 0 773576 1565812
   8       1 sda1 460707 214 10629970 725316 52154 32382 1968056 840516 0 773460 1565680
   8      16 sdb 99088 13108 803034 39884 59198 70780 427238792 117244 0 30144 157112
   8      17 sdb1 98735 13086 800034 39792 59075 70780 427238792 117176 0 29984 156952
   8      32 sdc 3995787 990 967786714 291851736 2258230 148696 1054718536 652886496 0 16307312 944737848
   8      33 sdc1 3995637 990 967785514 291850908 2258118 148696 1054718536 652886476 0 16306520 944735136
   8       0 sda 458367 152 10596946 626868 53855 32951 1999304 854176 0 770876 1480848
   8       1 sda1 458217 152 10595746 626848 53849 32951 1999304 854132 0 770828 1480780
   8      32 sdc 3449386 654 827783242 219121312 2281038 149666 1067834800 638682136 0 15209160 857817068
   8      33 sdc1 3449236 654 827782042 219120492 2280932 149666 1067834800 638682116 0 15208380 857807288
   8      16 sdb 100690 13108 815938 40988 59412 71065 427252848 100820 0 29968 141760
   8      17 sdb1 100338 13086 812946 40916 59286 71065 427252848 100544 0 29624 141412
   8       0 sda 456177 218 10507666 831732 52660 36914 1993272 868480 0 762460 1700004
   8       1 sda1 456027 218 10506466 831664 52654 36914 1993272 868436 0 762380 1699892
   8      16 sdb 97025 13108 786530 30860 58670 70571 427227624 95516 0 21300 126356
   8      17 sdb1 96672 13086 783530 30816 58543 70571 427227624 95264 0 21004 126060
   8      32 sdc 3436038 828 824564634 222944288 2489069 149635 1170369864 697278660 0 15580904 920219952
   8      33 sdc1 3435888 828 824563434 222943456 2488959 149635 1170369864 697278648 0 15580068 920235864
  eth0: 80481040406 63435784    0  464    0     0          0         0 84706036943 10713365    0    0    0     0       0          0
  eth0: 61540048151 50841792    0 3773    0     0          0         0 110918462687 9907332    0    0    0     0       0          0
  eth0: 92423920204 70528898    0 1859    0     0          0         0 65294814557 10724926    0    0    0     0       0          0
  eth0: 98117978937 73041028    0 2652    0     0          0         0 58851161565 10756848    0    0    0     0       0          0
