   8       0 sda 922764 9 25948882 1314244 267088 518327 12512992 5546856 0 1553156 6860700
   8       1 sda1 922614 9 25947682 1314192 266461 518327 12512992 5546588 0 1552888 6860388
   8      16 sdb 25284 13111 214946 10020 72600 77057 427654768 117184 0 13716 127176
   8      17 sdb1 24931 13089 211946 9952 72478 77057 427654768 117084 0 13548 127008
   8      32 sdc 3391898 1071 809983058 212181696 2378829 218494 1058351600 608608376 0 15876184 820785592
   8      33 sdc1 3391748 1071 809981858 212180876 2330731 218494 1058351600 608588872 0 15868208 820765932
   8       0 sda 459716 210 10609170 724512 51770 32009 1956808 838408 0 771084 1562772
   8       1 sda1 459566 210 10607970 724456 51761 32009 1956808 838332 0 770968 1562640
   8      16 sdb 98896 13108 801498 39692 58735 70219 427226104 117176 0 30068 156852
   8      17 sdb1 98543 13086 798498 39600 58612 70219 427226104 117108 0 29908 156692
   8      32 sdc 3899080 912 943977154 281902288 2184044 146322 1016079168 630568084 0 15933024 912470156
   8      33 sdc1 3898930 912 943975954 281901460 2183932 146322 1016079168 630568064 0 15932232 912467444
   8       0 sda 457190 152 10574426 625900 53352 32552 1984536 851556 0 767556 1477260
   8       1 sda1 457040 152 10573226 625880 53346 32552 1984536 851512 0 767508 1477192
   8      32 sdc 3365245 621 807368826 211541204 2205767 147160 1028575872 617822104 0 14848376 829377084
   8      33 sdc1 3365095 621 807367626 211540384 2205661 147160 1028575872 617822084 0 14847596 829367304
   8      16 sdb 100575 13108 815018 40984 58838 70347 427233632 100764 0 29908 141700
   8      17 sdb1 100223 13086 812026 40912 58712 70347 427233632 100488 0 29564 141352
   8       0 sda 455076 218 10485690 831200 52374 36690 1984184 865624 0 759252 1696620
   8       1 sda1 454926 218 10484490 831132 52368 36690 1984184 865580 0 759172 1696508
   8      16 sdb 96889 13108 785442 30844 58149 69977 427208112 95252 0 21248 126076
   8      17 sdb1 96536 13086 782442 30800 58022 69977 427208112 95000 0 20952 125780
   8      32 sdc 3352473 702 804201282 213822972 2412448 147384 1129817056 673491968 0 15228700 887312036
   8      33 sdc1 3352323 702 804200082 213822140 2412338 147384 1129817056 673491956 0 15227864 887327948
  eth0: 79117788488 62454082    0  464    0     0          0         0 84244790837 10592304    0    0    0     0       0          0
  eth0: 61517077159 50731944    0 3773    0     0          0         0 109326413519 9836725    0    0    0     0       0          0
  eth0: 90909165300 69392033    0 1859    0     0          0         0 64556732761 10583939    0    0    0     0       0          0
  eth0: 97526420201 72593521    0 2652    0     0          0         0 58297689720 10703000    0    0    0     0       0          0
