   8       0 sda 920679 9 25907058 1312716 266939 518247 12502688 5546440 0 1552632 6858756
   8       1 sda1 920529 9 25905858 1312664 266312 518247 12502688 5546172 0 1552364 6858444
   8      16 sdb 24012 13111 204770 9632 72569 77027 427653752 117180 0 13388 126784
   8      17 sdb1 23659 13089 201770 9564 72448 77027 427653752 117080 0 13220 126616
   8      32 sdc 3391897 1071 809983050 212181596 2378499 218385 1058185408 608539360 0 15874924 820716476
   8      33 sdc1 3391747 1071 809981850 212180776 2330415 218385 1058185408 608519856 0 15866948 820696816
   8       0 sda 458016 210 10570194 723236 51733 31988 1956280 838276 0 770564 1561364
   8       1 sda1 457866 210 10568994 723180 51724 31988 1956280 838200 0 770448 1561232
   8      16 sdb 96468 13108 782074 38516 58707 70201 427225664 117172 0 29556 155672
   8      17 sdb1 96115 13086 779074 38424 58585 70201 427225664 117104 0 29396 155512
   8      32 sdc 3899079 912 943977146 281902252 2183949 146267 1015997016 630567344 0 15932484 912469380
   8      33 sdc1 3898929 912 943975946 281901424 2183838 146267 1015997016 630567328 0 15931696 912466672
   8       0 sda 455509 152 10535490 625760 53317 32534 1984040 851416 0 767300 1476980
   8       1 sda1 455359 152 10534290 625740 53311 32534 1984040 851372 0 767252 1476912
   8      32 sdc 3365245 621 807368826 211541204 2205675 147084 1028312248 617820788 0 14847592 829375768
   8      33 sdc1 3365095 621 807367626 211540384 2205570 147084 1028312248 617820768 0 14846812 829365988
   8      16 sdb 98137 13108 795514 40036 58809 70325 427232928 100760 0 29340 140748
   8      17 sdb1 97785 13086 792522 39964 58684 70325 427232928 100488 0 29000 140404
   8       0 sda 453331 218 10446474 797288 52345 36673 1983776 865552 0 757616 1662636
   8       1 sda1 453181 218 10445274 797220 52339 36673 1983776 865508 0 757536 1662524
   8      16 sdb 94499 13108 766322 30192 58127 69956 427207584 95252 0 20888 125424
   8      17 sdb1 94146 13086 763322 30148 58001 69956 427207584 95000 0 20592 125128
   8      32 sdc 3352473 702 804201282 213822972 2412138 147300 1129692384 673465488 0 15227560 887285556
   8      33 sdc1 3352323 702 804200082 213822140 2412029 147300 1129692384 673465476 0 15226724 887301468
  eth0: 79117065371 62453120    0  464    0     0          0         0 84244680299 10591602    0    0    0     0       0          0
  eth0: 61517039248 50731782    0 3773    0     0          0         0 109326372936 9836532    0    0    0     0       0          0
  eth0: 90909114903 69391709    0 1859    0     0          0         0 64556478553 10583632    0    0    0     0       0          0
  eth0: 97526372193 72593195    0 2652    0     0          0         0 58297267051 10702764    0    0    0     0       0          0
