   8       0 sda 914394 9 25729098 1308900 265481 506585 12336016 5527452 0 1543292 6835952
   8       1 sda1 914244 9 25727898 1308848 264854 506585 12336016 5527184 0 1543024 6835640
   8      16 sdb 23992 13111 204610 9632 72175 76477 427634640 117104 0 13312 126708
   8      17 sdb1 23639 13089 201610 9564 72054 76477 427634640 117004 0 13144 126540
   8      32 sdc 3310049 1058 789695474 208408684 2371564 214370 1054710824 607991868 0 15646564 816396080
   8      33 sdc1 3309899 1058 789694274 208407864 2324648 214370 1054710824 607972600 0 15638692 816376656
   8       0 sda 454258 208 10486498 720828 51468 31756 1947440 836616 0 767228 1557296
   8       1 sda1 454108 208 10485298 720772 51459 31756 1947440 836540 0 767112 1557164
   8      16 sdb 96380 13108 781370 38500 58416 69712 427214416 117148 0 29520 155632
   8      17 sdb1 96027 13086 778370 38408 58294 69712 427214416 117080 0 29360 155472
   8      32 sdc 3804580 906 920225034 277356004 2180454 144333 1013031288 630270596 0 15702032 907626408
   8      33 sdc1 3804430 906 920223834 277355176 2180343 144333 1013031288 630270580 0 15701244 907623700
   8       0 sda 452309 152 10462786 624724 52958 32188 1972376 849172 0 764184 1473704
   8       1 sda1 452159 152 10461586 624704 52952 32188 1972376 849128 0 764136 1473636
   8      32 sdc 3283802 616 787049506 207707516 2200926 144701 1025024288 617188328 0 14633956 824909624
   8      33 sdc1 3283652 616 787048306 207706696 2200821 144701 1025024288 617188308 0 14633176 824899844
   8      16 sdb 98013 13108 794522 40012 58469 69766 427220248 100732 0 29288 140696
   8      17 sdb1 97661 13086 791530 39940 58344 69766 427220248 100460 0 28948 140352
   8       0 sda 450190 216 10374090 795476 52076 36406 1973904 864120 0 754944 1659392
   8       1 sda1 450040 216 10372890 795408 52070 36406 1973904 864076 0 754864 1659280
   8      16 sdb 94397 13108 765506 30048 57813 69394 427194760 95208 0 20816 125236
   8      17 sdb1 94044 13086 762506 30004 57687 69394 427194760 94956 0 20520 124940
   8      32 sdc 3270714 696 783893362 209857872 2408563 144953 1126691600 673162364 0 15022072 883017296
   8      33 sdc1 3270564 696 783892162 209857040 2408454 144953 1126691600 673162352 0 15021236 883033276
  eth0: 78030830936 61663270    0  464    0     0          0         0 83794863321 10503588    0    0    0     0       0          0
  eth0: 61219476482 50393452    0 3773    0     0          0         0 107124217063 9771574    0    0    0     0       0          0
  eth0: 89777463361 68602743    0 1859    0     0          0         0 64430382401 10491682    0    0    0     0       0          0
  eth0: 97008866787 72226189    0 2652    0     0          0         0 58174228120 10663996    0    0    0     0       0          0
