VM1 sda-sda
Previous Sectors Read = 25729098
Current Sectors Read = 25907058
Previous Sectors Written = 12336016
Current Sectors Written = 12502688
Sectors Read = 177960
Sectors Written = 166672
--------------------
VM1 sdb-sdb
Previous Sectors Read = 204610
Current Sectors Read = 204770
Previous Sectors Written = 427634640
Current Sectors Written = 427653752
Sectors Read = 160
Sectors Written = 19112
--------------------
VM1 sdc-sdc
Previous Sectors Read = 789695474
Current Sectors Read = 809983050
Previous Sectors Written = 1054710824
Current Sectors Written = 1058185408
Sectors Read = 20287576
Sectors Written = 3474584
--------------------
VM2 sda-sda
Previous Sectors Read = 10486498
Current Sectors Read = 10570194
Previous Sectors Written = 1947440
Current Sectors Written = 1956280
Sectors Read = 83696
Sectors Written = 8840
--------------------
VM2 sdb-sdb
Previous Sectors Read = 781370
Current Sectors Read = 782074
Previous Sectors Written = 427214416
Current Sectors Written = 427225664
Sectors Read = 704
Sectors Written = 11248
--------------------
VM2 sdc-sdc
Previous Sectors Read = 920225034
Current Sectors Read = 943977146
Previous Sectors Written = 1013031288
Current Sectors Written = 1015997016
Sectors Read = 23752112
Sectors Written = 2965728
--------------------
VM3 sda-sda
Previous Sectors Read = 10462786
Current Sectors Read = 10535490
Previous Sectors Written = 1972376
Current Sectors Written = 1984040
Sectors Read = 72704
Sectors Written = 11664
--------------------
VM3 sdc-sdc
Previous Sectors Read = 787049506
Current Sectors Read = 807368826
Previous Sectors Written = 1025024288
Current Sectors Written = 1028312248
Sectors Read = 20319320
Sectors Written = 3287960
--------------------
VM3 sdb-sdb
Previous Sectors Read = 794522
Current Sectors Read = 795514
Previous Sectors Written = 427220248
Current Sectors Written = 427232928
Sectors Read = 992
Sectors Written = 12680
--------------------
VM4 sda-sda
Previous Sectors Read = 10374090
Current Sectors Read = 10446474
Previous Sectors Written = 1973904
Current Sectors Written = 1983776
Sectors Read = 72384
Sectors Written = 9872
--------------------
VM4 sdb-sdb
Previous Sectors Read = 765506
Current Sectors Read = 766322
Previous Sectors Written = 427194760
Current Sectors Written = 427207584
Sectors Read = 816
Sectors Written = 12824
--------------------
VM4 sdc-sdc
Previous Sectors Read = 783893362
Current Sectors Read = 804201282
Previous Sectors Written = 1126691600
Current Sectors Written = 1129692384
Sectors Read = 20307920
Sectors Written = 3000784
--------------------
VM1
Previous Packets Received = 78030830936
Current Packets Received = 79117065371
Previous Packets Transmitted = 83794863321
Current Packets Transmitted = 84244680299
Packets received = 1086234435
Packets Transmitted = 449816978
--------------------
VM2
Previous Packets Received = 61219476482
Current Packets Received = 61517039248
Previous Packets Transmitted = 107124217063
Current Packets Transmitted = 109326372936
Packets received = 297562766
Packets Transmitted = 2202155873
--------------------
VM3
Previous Packets Received = 89777463361
Current Packets Received = 90909114903
Previous Packets Transmitted = 64430382401
Current Packets Transmitted = 64556478553
Packets received = 1131651542
Packets Transmitted = 126096152
--------------------
VM4
Previous Packets Received = 97008866787
Current Packets Received = 97526372193
Previous Packets Transmitted = 58174228120
Current Packets Transmitted = 58297267051
Packets received = 517505406
Packets Transmitted = 123038931
--------------------
Total Sectors Read = 43559088128
Total Sectors Written = 6646767616
Total Packets Received = 3032954149
Total Packets Transmitted = 2901107934
