   8       0 sda 997009 9 28025138 1389864 295482 561059 13639920 5893564 0 1671276 7283000
   8       1 sda1 996859 9 28023938 1389812 294853 561059 13639920 5893292 0 1671004 7282684
   8      16 sdb 38783 13111 322938 15564 78612 82351 427814224 118464 0 18072 133992
   8      17 sdb1 38430 13089 319938 15496 78481 82351 427814224 118364 0 17904 133824
   8      32 sdc 3655644 1323 869516578 240592236 3224765 257243 1474630944 851375692 0 18561220 1091963236
   8      33 sdc1 3655494 1323 869515378 240591416 3171903 257243 1474630944 851354724 0 18552416 1091941648
   8       0 sda 496245 238 11421914 756532 57410 35028 2091360 875268 0 818648 1631628
   8       1 sda1 496095 238 11420714 756476 57400 35028 2091360 875192 0 818532 1631496
   8      16 sdb 121332 13108 980986 48048 63554 75276 427345152 118056 0 35356 166084
   8      17 sdb1 120979 13086 977986 47956 63422 75276 427345152 117988 0 35196 165924
   8      32 sdc 4193157 1064 1012663282 314137740 3066637 179204 1455028904 886763888 0 18667500 1200900924
   8      33 sdc1 4193007 1064 1012662082 314136912 3066517 179204 1455028904 886763860 0 18666704 1200897700
   8       0 sda 493564 162 11385402 643428 59394 35556 2137344 890808 0 819580 1534020
   8       1 sda1 493414 162 11384202 643408 59388 35556 2137344 890764 0 819532 1533952
   8      32 sdc 3642192 892 870634314 241086420 3048751 179174 1448466208 861777912 0 17481976 1102878348
   8      33 sdc1 3642042 892 870633114 241085600 3048636 179174 1448466208 861777892 0 17481196 1102868280
   8      16 sdb 123749 13108 1000410 51460 63913 75832 427370288 101380 0 36936 152776
   8      17 sdb1 123397 13086 997418 51388 63778 75832 427370288 101096 0 36584 152420
   8       0 sda 491625 226 11295810 858772 58299 40254 2129008 906060 0 808632 1764616
   8       1 sda1 491475 226 11294610 858704 58293 40254 2129008 906016 0 808552 1764504
   8      16 sdb 119168 13108 963674 37824 63313 75224 427334968 96164 0 25248 133968
   8      17 sdb1 118815 13086 960674 37780 63178 75224 427334968 95912 0 24952 133672
   8      32 sdc 3615425 1049 863954642 243674716 3297471 179172 1569652968 932521024 0 17905088 1176193944
   8      33 sdc1 3615275 1049 863953442 243673884 3297353 179172 1569652968 932521004 0 17904252 1176210316
  eth0: 89718476323 71273388    0  489    0     0          0         0 94949839398 12517113    0    0    0     0       0          0
  eth0: 72869385625 59766286    0 3830    0     0          0         0 121167325602 11881679    0    0    0     0       0          0
  eth0: 103296437962 79949711    0 1859    0     0          0         0 76875926083 12710159    0    0    0     0       0          0
  eth0: 109698969708 82355348    0 2805    0     0          0         0 68132551775 12707270    0    0    0     0       0          0
