   8       0 sda 990785 9 27846018 1386276 291084 554033 13450808 5842204 0 1662240 7228052
   8       1 sda1 990635 9 27844818 1386224 290455 554033 13450808 5841932 0 1661968 7227736
   8      16 sdb 38765 13111 322794 15564 78231 81939 427800288 118404 0 18012 133932
   8      17 sdb1 38412 13089 319794 15496 78100 81939 427800288 118304 0 17844 133764
   8      32 sdc 3638399 1322 865624554 239709176 3211381 254497 1471720976 849619944 0 18465524 1089324440
   8      33 sdc1 3638249 1322 865623354 239708356 3159357 254497 1471720976 849599180 0 18456888 1089303056
   8       0 sda 493068 235 11349466 753932 57192 34845 2084608 873748 0 815704 1627512
   8       1 sda1 492918 235 11348266 753876 57182 34845 2084608 873672 0 815588 1627380
   8      16 sdb 121144 13108 979482 48012 63301 74887 427336544 118024 0 35308 166016
   8      17 sdb1 120791 13086 976482 47920 63169 74887 427336544 117956 0 35148 165856
   8      32 sdc 4173434 1064 1008025122 313172412 3053352 177056 1451508120 884378400 0 18572700 1197550136
   8      33 sdc1 4173284 1064 1008023922 313171584 3053232 177056 1451508120 884378372 0 18571904 1197546912
   8       0 sda 490409 161 11314122 642636 59217 35423 2132328 889312 0 817384 1531736
   8       1 sda1 490259 161 11312922 642616 59211 35423 2132328 889268 0 817336 1531668
   8      32 sdc 3625100 891 866740586 240303212 3041330 177539 1446533464 859926564 0 17401072 1100243800
   8      33 sdc1 3624950 891 866739386 240302392 3041215 177539 1446533464 859926544 0 17400292 1100233732
   8      16 sdb 123555 13108 998858 51384 63676 75475 427363016 101356 0 36892 152676
   8      17 sdb1 123203 13086 995866 51312 63541 75475 427363016 101072 0 36540 152320
   8       0 sda 488467 225 11223266 857056 58085 40059 2122336 904240 0 805656 1761084
   8       1 sda1 488317 225 11222066 856988 58079 40059 2122336 904196 0 805576 1760972
   8      16 sdb 118999 13108 962322 37748 63042 74834 427326360 96124 0 25168 133852
   8      17 sdb1 118646 13086 959322 37704 62907 74834 427326360 95872 0 24872 133556
   8      32 sdc 3598165 1049 860064314 242888988 3282734 177186 1565644888 930365156 0 17816964 1173252376
   8      33 sdc1 3598015 1049 860063114 242888156 3282616 177186 1565644888 930365136 0 17816128 1173268748
  eth0: 89041266840 70707777    0  489    0     0          0         0 93828059507 12411825    0    0    0     0       0          0
  eth0: 71244165510 58531167    0 3830    0     0          0         0 119742137802 11732745    0    0    0     0       0          0
  eth0: 102460118221 79309434    0 1859    0     0          0         0 76175936858 12591560    0    0    0     0       0          0
  eth0: 108302472427 81315679    0 2805    0     0          0         0 67026047328 12548601    0    0    0     0       0          0
