VM1 sda-sda
Previous Sectors Read = 27846018
Current Sectors Read = 28025138
Previous Sectors Written = 13450808
Current Sectors Written = 13639920
Sectors Read = 179120
Sectors Written = 189112
--------------------
VM1 sdb-sdb
Previous Sectors Read = 322794
Current Sectors Read = 322938
Previous Sectors Written = 427800288
Current Sectors Written = 427814224
Sectors Read = 144
Sectors Written = 13936
--------------------
VM1 sdc-sdc
Previous Sectors Read = 865624554
Current Sectors Read = 869516578
Previous Sectors Written = 1471720976
Current Sectors Written = 1474630944
Sectors Read = 3892024
Sectors Written = 2909968
--------------------
VM2 sda-sda
Previous Sectors Read = 11349466
Current Sectors Read = 11421914
Previous Sectors Written = 2084608
Current Sectors Written = 2091360
Sectors Read = 72448
Sectors Written = 6752
--------------------
VM2 sdb-sdb
Previous Sectors Read = 979482
Current Sectors Read = 980986
Previous Sectors Written = 427336544
Current Sectors Written = 427345152
Sectors Read = 1504
Sectors Written = 8608
--------------------
VM2 sdc-sdc
Previous Sectors Read = 1008025122
Current Sectors Read = 1012663282
Previous Sectors Written = 1451508120
Current Sectors Written = 1455028904
Sectors Read = 4638160
Sectors Written = 3520784
--------------------
VM3 sda-sda
Previous Sectors Read = 11314122
Current Sectors Read = 11385402
Previous Sectors Written = 2132328
Current Sectors Written = 2137344
Sectors Read = 71280
Sectors Written = 5016
--------------------
VM3 sdc-sdc
Previous Sectors Read = 866740586
Current Sectors Read = 870634314
Previous Sectors Written = 1446533464
Current Sectors Written = 1448466208
Sectors Read = 3893728
Sectors Written = 1932744
--------------------
VM3 sdb-sdb
Previous Sectors Read = 998858
Current Sectors Read = 1000410
Previous Sectors Written = 427363016
Current Sectors Written = 427370288
Sectors Read = 1552
Sectors Written = 7272
--------------------
VM4 sda-sda
Previous Sectors Read = 11223266
Current Sectors Read = 11295810
Previous Sectors Written = 2122336
Current Sectors Written = 2129008
Sectors Read = 72544
Sectors Written = 6672
--------------------
VM4 sdb-sdb
Previous Sectors Read = 962322
Current Sectors Read = 963674
Previous Sectors Written = 427326360
Current Sectors Written = 427334968
Sectors Read = 1352
Sectors Written = 8608
--------------------
VM4 sdc-sdc
Previous Sectors Read = 860064314
Current Sectors Read = 863954642
Previous Sectors Written = 1565644888
Current Sectors Written = 1569652968
Sectors Read = 3890328
Sectors Written = 4008080
--------------------
VM1
Previous Packets Received = 89041266840
Current Packets Received = 89718476323
Previous Packets Transmitted = 93828059507
Current Packets Transmitted = 94949839398
Packets received = 677209483
Packets Transmitted = 1121779891
--------------------
VM2
Previous Packets Received = 71244165510
Current Packets Received = 72869385625
Previous Packets Transmitted = 119742137802
Current Packets Transmitted = 121167325602
Packets received = 1625220115
Packets Transmitted = 1425187800
--------------------
VM3
Previous Packets Received = 102460118221
Current Packets Received = 103296437962
Previous Packets Transmitted = 76175936858
Current Packets Transmitted = 76875926083
Packets received = 836319741
Packets Transmitted = 699989225
--------------------
VM4
Previous Packets Received = 108302472427
Current Packets Received = 109698969708
Previous Packets Transmitted = 67026047328
Current Packets Transmitted = 68132551775
Packets received = 1396497281
Packets Transmitted = 1106504447
--------------------
Total Sectors Read = 8557662208
Total Sectors Written = 6460186624
Total Packets Received = 4535246620
Total Packets Transmitted = 4353461363
