   8       0 sda 874644 9 24636858 1265788 254430 481126 11781344 5426088 0 1495804 6691516
   8       1 sda1 874494 9 24635658 1265736 253804 481126 11781344 5425820 0 1495536 6691204
   8      16 sdb 17456 13111 152322 7112 69382 73235 427523568 116448 0 11324 123532
   8      17 sdb1 17103 13089 149322 7044 69267 73235 427523568 116348 0 11156 123364
   8      32 sdc 2896328 922 688038498 178848304 2128638 195560 930586992 544190720 0 14117032 723034992
   8      33 sdc1 2896178 922 688037298 178847484 2084422 195560 930586992 544172020 0 14109488 723016136
   8       0 sda 434776 202 10054434 705672 49331 29763 1882848 821900 0 748360 1527444
   8       1 sda1 434626 202 10053234 705616 49322 29763 1882848 821824 0 748244 1527312
   8      16 sdb 81587 13108 663026 32648 55714 66545 427114248 116620 0 25728 149252
   8      17 sdb1 81234 13086 660026 32556 55598 66545 427114248 116552 0 25568 149092
   8      32 sdc 3324981 867 801267002 235995584 1948782 131479 891639808 560209932 0 14087392 796204988
   8      33 sdc1 3324831 867 801265802 235994756 1948677 131479 891639808 560209916 0 14086600 796203052
   8       0 sda 432361 143 10018234 617668 51165 30597 1916200 837316 0 747264 1454796
   8       1 sda1 432211 143 10017034 617648 51159 30597 1916200 837272 0 747216 1454728
   8      32 sdc 2871281 581 685256722 177450392 1966549 131433 901369400 552745128 0 13124156 730209688
   8      33 sdc1 2871131 581 685255522 177449572 1966449 131433 901369400 552745108 0 13123380 730199908
   8      16 sdb 82666 13108 671746 33228 55838 66621 427128864 100264 0 25012 133448
   8      17 sdb1 82314 13086 668754 33156 55719 66621 427128864 99996 0 24676 133108
   8       0 sda 431132 203 9957722 776636 50291 34700 1918728 850432 0 735980 1626868
   8       1 sda1 430982 203 9956522 776568 50285 34700 1918728 850388 0 735900 1626756
   8      16 sdb 79708 13108 647994 25248 55452 66441 427110672 94744 0 18196 119972
   8      17 sdb1 79355 13086 644994 25204 55332 66441 427110672 94492 0 17900 119676
   8      32 sdc 2858414 595 682170098 179131672 2166694 132223 999949592 601854388 0 13525328 780983540
   8      33 sdc1 2858264 595 682168898 179130840 2166591 132223 999949592 601854376 0 13524492 780999512
  eth0: 73055708709 58010485    0  464    0     0          0         0 81219660824 10048278    0    0    0     0       0          0
  eth0: 60615812676 49371338    0 3773    0     0          0         0 99529666082 9416494    0    0    0     0       0          0
  eth0: 84548565962 64816305    0 1859    0     0          0         0 62534619451 10016307    0    0    0     0       0          0
  eth0: 93497359932 69667881    0 2652    0     0          0         0 56528133074 10320432    0    0    0     0       0          0
