   8       0 sda 868331 9 24458650 1261960 247892 466125 11481304 5377156 0 1483600 6638756
   8       1 sda1 868181 9 24457450 1261908 247266 466125 11481304 5376888 0 1483332 6638444
   8      16 sdb 17408 13111 151938 7044 69012 72697 427505256 116360 0 11228 123376
   8      17 sdb1 17055 13089 148938 6976 68897 72697 427505256 116260 0 11060 123208
   8      32 sdc 2814903 914 667734474 175090348 2122181 192513 929639208 543935516 0 13904084 719021852
   8      33 sdc1 2814753 914 667733274 175089528 2079146 192513 929639208 543917132 0 13896744 719003312
   8       0 sda 431619 202 9981954 703924 48948 29350 1870928 819588 0 744688 1523384
   8       1 sda1 431469 202 9980754 703868 48939 29350 1870928 819512 0 744572 1523252
   8      16 sdb 81442 13108 661866 32316 55394 65980 427101872 114824 0 25444 147124
   8      17 sdb1 81089 13086 658866 32224 55278 65980 427101872 114756 0 25284 146964
   8      32 sdc 3230488 863 777514434 231442640 1945178 129412 890792480 559786188 0 13848492 791228308
   8      33 sdc1 3230338 863 777513234 231441812 1945073 129412 890792480 559786172 0 13847700 791226372
   8       0 sda 429185 142 9946746 615248 50895 30393 1906528 836040 0 744052 1451100
   8       1 sda1 429035 142 9945546 615228 50889 30393 1906528 835996 0 744004 1451032
   8      32 sdc 2790157 579 664940434 173644672 1962881 129408 900480264 552309420 0 12915556 725968272
   8      33 sdc1 2790007 579 664939234 173643852 1962781 129408 900480264 552309400 0 12914780 725958512
   8      16 sdb 82582 13108 671074 33164 55508 66056 427116752 100224 0 24956 133348
   8      17 sdb1 82230 13086 668082 33092 55389 66056 427116752 99956 0 24620 133008
   8       0 sda 427968 201 9885378 774952 50018 34426 1908392 846016 0 730456 1620768
   8       1 sda1 427818 201 9884178 774884 50012 34426 1908392 845972 0 730376 1620656
   8      16 sdb 79550 13108 646730 25060 55136 65857 427097152 94712 0 18152 119752
   8      17 sdb1 79197 13086 643730 25016 55016 65857 427097152 94460 0 17856 119456
   8      32 sdc 2776955 590 661864810 175298056 2162643 129946 998968800 601376332 0 13317428 776671876
   8      33 sdc1 2776805 590 661863610 175297224 2162540 129946 998968800 601376320 0 13316592 776687848
  eth0: 72982072265 57913712    0  464    0     0          0         0 80764239102 10017989    0    0    0     0       0          0
  eth0: 60294646420 49061176    0 3773    0     0          0         0 97989052590 9359532    0    0    0     0       0          0
  eth0: 83078251737 63792695    0 1859    0     0          0         0 62293641414 9906845    0    0    0     0       0          0
  eth0: 92873655335 69226326    0 2652    0     0          0         0 56382063299 10281754    0    0    0     0       0          0
