VM1 sda-sda
Previous Sectors Read = 24458650
Current Sectors Read = 24636858
Previous Sectors Written = 11481304
Current Sectors Written = 11781344
Sectors Read = 178208
Sectors Written = 300040
--------------------
VM1 sdb-sdb
Previous Sectors Read = 151938
Current Sectors Read = 152322
Previous Sectors Written = 427505256
Current Sectors Written = 427523568
Sectors Read = 384
Sectors Written = 18312
--------------------
VM1 sdc-sdc
Previous Sectors Read = 667734474
Current Sectors Read = 688038498
Previous Sectors Written = 929639208
Current Sectors Written = 930586992
Sectors Read = 20304024
Sectors Written = 947784
--------------------
VM2 sda-sda
Previous Sectors Read = 9981954
Current Sectors Read = 10054434
Previous Sectors Written = 1870928
Current Sectors Written = 1882848
Sectors Read = 72480
Sectors Written = 11920
--------------------
VM2 sdb-sdb
Previous Sectors Read = 661866
Current Sectors Read = 663026
Previous Sectors Written = 427101872
Current Sectors Written = 427114248
Sectors Read = 1160
Sectors Written = 12376
--------------------
VM2 sdc-sdc
Previous Sectors Read = 777514434
Current Sectors Read = 801267002
Previous Sectors Written = 890792480
Current Sectors Written = 891639808
Sectors Read = 23752568
Sectors Written = 847328
--------------------
VM3 sda-sda
Previous Sectors Read = 9946746
Current Sectors Read = 10018234
Previous Sectors Written = 1906528
Current Sectors Written = 1916200
Sectors Read = 71488
Sectors Written = 9672
--------------------
VM3 sdc-sdc
Previous Sectors Read = 664940434
Current Sectors Read = 685256722
Previous Sectors Written = 900480264
Current Sectors Written = 901369400
Sectors Read = 20316288
Sectors Written = 889136
--------------------
VM3 sdb-sdb
Previous Sectors Read = 671074
Current Sectors Read = 671746
Previous Sectors Written = 427116752
Current Sectors Written = 427128864
Sectors Read = 672
Sectors Written = 12112
--------------------
VM4 sda-sda
Previous Sectors Read = 9885378
Current Sectors Read = 9957722
Previous Sectors Written = 1908392
Current Sectors Written = 1918728
Sectors Read = 72344
Sectors Written = 10336
--------------------
VM4 sdb-sdb
Previous Sectors Read = 646730
Current Sectors Read = 647994
Previous Sectors Written = 427097152
Current Sectors Written = 427110672
Sectors Read = 1264
Sectors Written = 13520
--------------------
VM4 sdc-sdc
Previous Sectors Read = 661864810
Current Sectors Read = 682170098
Previous Sectors Written = 998968800
Current Sectors Written = 999949592
Sectors Read = 20305288
Sectors Written = 980792
--------------------
VM1
Previous Packets Received = 72982072265
Current Packets Received = 73055708709
Previous Packets Transmitted = 80764239102
Current Packets Transmitted = 81219660824
Packets received = 73636444
Packets Transmitted = 455421722
--------------------
VM2
Previous Packets Received = 60294646420
Current Packets Received = 60615812676
Previous Packets Transmitted = 97989052590
Current Packets Transmitted = 99529666082
Packets received = 321166256
Packets Transmitted = 1540613492
--------------------
VM3
Previous Packets Received = 83078251737
Current Packets Received = 84548565962
Previous Packets Transmitted = 62293641414
Current Packets Transmitted = 62534619451
Packets received = 1470314225
Packets Transmitted = 240978037
--------------------
VM4
Previous Packets Received = 92873655335
Current Packets Received = 93497359932
Previous Packets Transmitted = 56382063299
Current Packets Transmitted = 56528133074
Packets received = 623704597
Packets Transmitted = 146069775
--------------------
Total Sectors Read = 43558998016
Total Sectors Written = 2075303936
Total Packets Received = 2488821522
Total Packets Transmitted = 2383083026
