Start: 1475204470

Logging initialized using configuration in jar:file:/home/ubuntu/software/hive-1.2.1/lib/hive-common-1.2.1.jar!/hive-log4j.properties
Hive history file=/tmp/ubuntu/hive_job_log_900fc04a-285f-4d82-8bf3-6c35b8277978_520924871.txt
SLF4J: Class path contains multiple SLF4J bindings.
SLF4J: Found binding in [jar:file:/home/ubuntu/software/tez-0.7.1-SNAPSHOT-minimal/lib/slf4j-log4j12-1.7.5.jar!/org/slf4j/impl/StaticLoggerBinder.class]
SLF4J: Found binding in [jar:file:/home/ubuntu/software/hadoop-2.6.0/share/hadoop/common/lib/slf4j-log4j12-1.7.5.jar!/org/slf4j/impl/StaticLoggerBinder.class]
SLF4J: See http://www.slf4j.org/codes.html#multiple_bindings for an explanation.
SLF4J: Actual binding is of type [org.slf4j.impl.Log4jLoggerFactory]
OK
Time taken: 0.902 seconds
Query ID = ubuntu_20160930030116_11f34d4d-5a03-4d29-982b-222e425dd567
Total jobs = 9
SLF4J: Class path contains multiple SLF4J bindings.
SLF4J: Found binding in [jar:file:/home/ubuntu/software/tez-0.7.1-SNAPSHOT-minimal/lib/slf4j-log4j12-1.7.5.jar!/org/slf4j/impl/StaticLoggerBinder.class]
SLF4J: Found binding in [jar:file:/home/ubuntu/software/hadoop-2.6.0/share/hadoop/common/lib/slf4j-log4j12-1.7.5.jar!/org/slf4j/impl/StaticLoggerBinder.class]
SLF4J: See http://www.slf4j.org/codes.html#multiple_bindings for an explanation.
SLF4J: Actual binding is of type [org.slf4j.impl.Log4jLoggerFactory]
Execution log at: /tmp/ubuntu/ubuntu_20160930030116_11f34d4d-5a03-4d29-982b-222e425dd567.log
2016-09-30 03:01:21	Starting to launch local task to process map join;	maximum memory = 932184064
2016-09-30 03:01:23	Dump the side-table for tag: 1 with group count: 7 into file: file:/tmp/ubuntu/900fc04a-285f-4d82-8bf3-6c35b8277978/hive_2016-09-30_03-01-16_626_3943965359235599927-1/-local-10016/HashTable-Stage-15/MapJoin-mapfile41--.hashtable
2016-09-30 03:01:23	Uploaded 1 File to: file:/tmp/ubuntu/900fc04a-285f-4d82-8bf3-6c35b8277978/hive_2016-09-30_03-01-16_626_3943965359235599927-1/-local-10016/HashTable-Stage-15/MapJoin-mapfile41--.hashtable (504 bytes)
2016-09-30 03:01:23	End of local task; Time Taken: 1.215 sec.
Execution completed successfully
MapredLocal task succeeded
Launching Job 1 out of 9
Number of reduce tasks is set to 0 since there's no reduce operator
Starting Job = job_1475103985662_0126, Tracking URL = http://vm1:8088/proxy/application_1475103985662_0126/
Kill Command = /home/ubuntu/software/hadoop-2.6.0/bin/hadoop job  -kill job_1475103985662_0126
Hadoop job information for Stage-15: number of mappers: 5; number of reducers: 0
2016-09-30 03:01:33,522 Stage-15 map = 0%,  reduce = 0%
2016-09-30 03:01:43,952 Stage-15 map = 3%,  reduce = 0%, Cumulative CPU 7.43 sec
2016-09-30 03:01:49,134 Stage-15 map = 10%,  reduce = 0%, Cumulative CPU 45.64 sec
2016-09-30 03:01:50,171 Stage-15 map = 13%,  reduce = 0%, Cumulative CPU 48.91 sec
2016-09-30 03:01:52,263 Stage-15 map = 19%,  reduce = 0%, Cumulative CPU 63.88 sec
2016-09-30 03:01:55,366 Stage-15 map = 25%,  reduce = 0%, Cumulative CPU 78.84 sec
2016-09-30 03:01:58,464 Stage-15 map = 36%,  reduce = 0%, Cumulative CPU 93.63 sec
2016-09-30 03:02:01,572 Stage-15 map = 41%,  reduce = 0%, Cumulative CPU 108.32 sec
2016-09-30 03:02:04,674 Stage-15 map = 46%,  reduce = 0%, Cumulative CPU 122.8 sec
2016-09-30 03:02:07,776 Stage-15 map = 56%,  reduce = 0%, Cumulative CPU 136.93 sec
2016-09-30 03:02:10,876 Stage-15 map = 64%,  reduce = 0%, Cumulative CPU 151.3 sec
2016-09-30 03:02:13,999 Stage-15 map = 66%,  reduce = 0%, Cumulative CPU 161.97 sec
2016-09-30 03:02:17,010 Stage-15 map = 74%,  reduce = 0%, Cumulative CPU 173.66 sec
2016-09-30 03:02:20,113 Stage-15 map = 80%,  reduce = 0%, Cumulative CPU 185.34 sec
2016-09-30 03:02:23,216 Stage-15 map = 85%,  reduce = 0%, Cumulative CPU 196.7 sec
2016-09-30 03:02:26,322 Stage-15 map = 89%,  reduce = 0%, Cumulative CPU 205.89 sec
2016-09-30 03:02:29,428 Stage-15 map = 93%,  reduce = 0%, Cumulative CPU 215.03 sec
2016-09-30 03:02:30,463 Stage-15 map = 95%,  reduce = 0%, Cumulative CPU 216.62 sec
2016-09-30 03:02:31,497 Stage-15 map = 96%,  reduce = 0%, Cumulative CPU 219.32 sec
2016-09-30 03:02:32,534 Stage-15 map = 100%,  reduce = 0%, Cumulative CPU 222.4 sec
MapReduce Total cumulative CPU time: 3 minutes 42 seconds 400 msec
Ended Job = job_1475103985662_0126
Stage-18 is selected by condition resolver.
Stage-19 is filtered out by condition resolver.
Stage-2 is filtered out by condition resolver.
SLF4J: Class path contains multiple SLF4J bindings.
SLF4J: Found binding in [jar:file:/home/ubuntu/software/tez-0.7.1-SNAPSHOT-minimal/lib/slf4j-log4j12-1.7.5.jar!/org/slf4j/impl/StaticLoggerBinder.class]
SLF4J: Found binding in [jar:file:/home/ubuntu/software/hadoop-2.6.0/share/hadoop/common/lib/slf4j-log4j12-1.7.5.jar!/org/slf4j/impl/StaticLoggerBinder.class]
SLF4J: See http://www.slf4j.org/codes.html#multiple_bindings for an explanation.
SLF4J: Actual binding is of type [org.slf4j.impl.Log4jLoggerFactory]
Execution log at: /tmp/ubuntu/ubuntu_20160930030116_11f34d4d-5a03-4d29-982b-222e425dd567.log
2016-09-30 03:02:39	Starting to launch local task to process map join;	maximum memory = 932184064
2016-09-30 03:02:40	Dump the side-table for tag: 1 with group count: 3863 into file: file:/tmp/ubuntu/900fc04a-285f-4d82-8bf3-6c35b8277978/hive_2016-09-30_03-01-16_626_3943965359235599927-1/-local-10012/HashTable-Stage-12/MapJoin-mapfile21--.hashtable
2016-09-30 03:02:40	Uploaded 1 File to: file:/tmp/ubuntu/900fc04a-285f-4d82-8bf3-6c35b8277978/hive_2016-09-30_03-01-16_626_3943965359235599927-1/-local-10012/HashTable-Stage-12/MapJoin-mapfile21--.hashtable (163270 bytes)
2016-09-30 03:02:40	End of local task; Time Taken: 1.715 sec.
Execution completed successfully
MapredLocal task succeeded
Launching Job 3 out of 9
Number of reduce tasks is set to 0 since there's no reduce operator
Starting Job = job_1475103985662_0127, Tracking URL = http://vm1:8088/proxy/application_1475103985662_0127/
Kill Command = /home/ubuntu/software/hadoop-2.6.0/bin/hadoop job  -kill job_1475103985662_0127
Hadoop job information for Stage-12: number of mappers: 10; number of reducers: 0
2016-09-30 03:02:47,634 Stage-12 map = 0%,  reduce = 0%
2016-09-30 03:02:54,908 Stage-12 map = 10%,  reduce = 0%, Cumulative CPU 3.84 sec
2016-09-30 03:02:58,042 Stage-12 map = 11%,  reduce = 0%, Cumulative CPU 8.74 sec
2016-09-30 03:03:00,141 Stage-12 map = 12%,  reduce = 0%, Cumulative CPU 55.41 sec
2016-09-30 03:03:05,373 Stage-12 map = 17%,  reduce = 0%, Cumulative CPU 88.22 sec
2016-09-30 03:03:06,418 Stage-12 map = 55%,  reduce = 0%, Cumulative CPU 112.28 sec
2016-09-30 03:03:08,501 Stage-12 map = 60%,  reduce = 0%, Cumulative CPU 115.16 sec
2016-09-30 03:03:09,532 Stage-12 map = 77%,  reduce = 0%, Cumulative CPU 139.92 sec
2016-09-30 03:03:10,565 Stage-12 map = 87%,  reduce = 0%, Cumulative CPU 141.38 sec
2016-09-30 03:03:11,626 Stage-12 map = 96%,  reduce = 0%, Cumulative CPU 145.47 sec
2016-09-30 03:03:13,691 Stage-12 map = 100%,  reduce = 0%, Cumulative CPU 149.18 sec
MapReduce Total cumulative CPU time: 2 minutes 29 seconds 180 msec
Ended Job = job_1475103985662_0127
Stage-16 is selected by condition resolver.
Stage-17 is filtered out by condition resolver.
Stage-3 is filtered out by condition resolver.
SLF4J: Class path contains multiple SLF4J bindings.
SLF4J: Found binding in [jar:file:/home/ubuntu/software/tez-0.7.1-SNAPSHOT-minimal/lib/slf4j-log4j12-1.7.5.jar!/org/slf4j/impl/StaticLoggerBinder.class]
SLF4J: Found binding in [jar:file:/home/ubuntu/software/hadoop-2.6.0/share/hadoop/common/lib/slf4j-log4j12-1.7.5.jar!/org/slf4j/impl/StaticLoggerBinder.class]
SLF4J: See http://www.slf4j.org/codes.html#multiple_bindings for an explanation.
SLF4J: Actual binding is of type [org.slf4j.impl.Log4jLoggerFactory]
Execution log at: /tmp/ubuntu/ubuntu_20160930030116_11f34d4d-5a03-4d29-982b-222e425dd567.log
2016-09-30 03:03:17	Starting to launch local task to process map join;	maximum memory = 932184064
2016-09-30 03:03:19	Dump the side-table for tag: 1 with group count: 60 into file: file:/tmp/ubuntu/900fc04a-285f-4d82-8bf3-6c35b8277978/hive_2016-09-30_03-01-16_626_3943965359235599927-1/-local-10008/HashTable-Stage-9/MapJoin-mapfile01--.hashtable
2016-09-30 03:03:19	Uploaded 1 File to: file:/tmp/ubuntu/900fc04a-285f-4d82-8bf3-6c35b8277978/hive_2016-09-30_03-01-16_626_3943965359235599927-1/-local-10008/HashTable-Stage-9/MapJoin-mapfile01--.hashtable (2248 bytes)
2016-09-30 03:03:19	End of local task; Time Taken: 1.439 sec.
Execution completed successfully
MapredLocal task succeeded
Launching Job 5 out of 9
Number of reduce tasks is set to 0 since there's no reduce operator
Starting Job = job_1475103985662_0128, Tracking URL = http://vm1:8088/proxy/application_1475103985662_0128/
Kill Command = /home/ubuntu/software/hadoop-2.6.0/bin/hadoop job  -kill job_1475103985662_0128
Hadoop job information for Stage-9: number of mappers: 4; number of reducers: 0
2016-09-30 03:03:24,673 Stage-9 map = 0%,  reduce = 0%
2016-09-30 03:03:33,956 Stage-9 map = 25%,  reduce = 0%, Cumulative CPU 2.22 sec
2016-09-30 03:03:36,020 Stage-9 map = 50%,  reduce = 0%, Cumulative CPU 7.56 sec
2016-09-30 03:03:37,051 Stage-9 map = 88%,  reduce = 0%, Cumulative CPU 20.82 sec
2016-09-30 03:03:38,081 Stage-9 map = 100%,  reduce = 0%, Cumulative CPU 22.91 sec
MapReduce Total cumulative CPU time: 22 seconds 910 msec
Ended Job = job_1475103985662_0128
Launching Job 6 out of 9
Number of reduce tasks not specified. Defaulting to jobconf value of: 1
In order to change the average load for a reducer (in bytes):
  set hive.exec.reducers.bytes.per.reducer=<number>
In order to limit the maximum number of reducers:
  set hive.exec.reducers.max=<number>
In order to set a constant number of reducers:
  set mapreduce.job.reduces=<number>
Starting Job = job_1475103985662_0129, Tracking URL = http://vm1:8088/proxy/application_1475103985662_0129/
Kill Command = /home/ubuntu/software/hadoop-2.6.0/bin/hadoop job  -kill job_1475103985662_0129
Hadoop job information for Stage-4: number of mappers: 1; number of reducers: 1
2016-09-30 03:03:44,170 Stage-4 map = 0%,  reduce = 0%
2016-09-30 03:03:50,378 Stage-4 map = 100%,  reduce = 0%, Cumulative CPU 3.02 sec
2016-09-30 03:03:56,581 Stage-4 map = 100%,  reduce = 100%, Cumulative CPU 6.11 sec
MapReduce Total cumulative CPU time: 6 seconds 110 msec
Ended Job = job_1475103985662_0129
Launching Job 7 out of 9
Number of reduce tasks determined at compile time: 1
In order to change the average load for a reducer (in bytes):
  set hive.exec.reducers.bytes.per.reducer=<number>
In order to limit the maximum number of reducers:
  set hive.exec.reducers.max=<number>
In order to set a constant number of reducers:
  set mapreduce.job.reduces=<number>
Starting Job = job_1475103985662_0130, Tracking URL = http://vm1:8088/proxy/application_1475103985662_0130/
Kill Command = /home/ubuntu/software/hadoop-2.6.0/bin/hadoop job  -kill job_1475103985662_0130
Hadoop job information for Stage-5: number of mappers: 1; number of reducers: 1
2016-09-30 03:04:03,787 Stage-5 map = 0%,  reduce = 0%
2016-09-30 03:04:09,955 Stage-5 map = 100%,  reduce = 0%, Cumulative CPU 2.01 sec
2016-09-30 03:04:15,093 Stage-5 map = 100%,  reduce = 100%, Cumulative CPU 3.47 sec
MapReduce Total cumulative CPU time: 3 seconds 470 msec
Ended Job = job_1475103985662_0130
MapReduce Jobs Launched: 
Stage-Stage-15: Map: 5   Cumulative CPU: 223.33 sec   HDFS Read: 1164950191 HDFS Write: 2535951919 SUCCESS
Stage-Stage-12: Map: 10   Cumulative CPU: 149.18 sec   HDFS Read: 2536071964 HDFS Write: 246864644 SUCCESS
Stage-Stage-9: Map: 4   Cumulative CPU: 22.91 sec   HDFS Read: 246918166 HDFS Write: 2141448 SUCCESS
Stage-Stage-4: Map: 1  Reduce: 1   Cumulative CPU: 6.11 sec   HDFS Read: 2149879 HDFS Write: 432344 SUCCESS
Stage-Stage-5: Map: 1  Reduce: 1   Cumulative CPU: 3.47 sec   HDFS Read: 438339 HDFS Write: 2799 SUCCESS
Total MapReduce CPU Time Spent: 6 minutes 45 seconds 0 msec
OK
	AAAAAAAAAAANAAAA	2640	2496
	AAAAAAAAAACDAAAA	1034	1314
	AAAAAAAAAAHMAAAA	2644	3757
	AAAAAAAAAAIIAAAA	2502	2092
	AAAAAAAAAAKNAAAA	2183	2240
	AAAAAAAAAALAAAAA	2430	2468
	AAAAAAAAAANDAAAA	1584	1366
	AAAAAAAAAANKAAAA	1616	2105
	AAAAAAAAABDAAAAA	2514	2640
	AAAAAAAAABEFAAAA	1845	1548
	AAAAAAAAABGMAAAA	2334	1572
	AAAAAAAAABGNAAAA	2627	2304
	AAAAAAAAABIHAAAA	2087	2884
	AAAAAAAAABLFAAAA	2670	1925
	AAAAAAAAACGLAAAA	2470	2049
	AAAAAAAAACGOAAAA	1453	2075
	AAAAAAAAACHCAAAA	2280	2036
	AAAAAAAAACLDAAAA	2632	1873
	AAAAAAAAACLGAAAA	1525	2041
	AAAAAAAAACLNAAAA	1670	2320
	AAAAAAAAACOBAAAA	2566	2711
	AAAAAAAAACPDAAAA	1781	2658
	AAAAAAAAADCMAAAA	2977	2344
	AAAAAAAAADIOAAAA	2672	2435
	AAAAAAAAADJFAAAA	2645	2806
	AAAAAAAAADPOAAAA	2476	1953
	AAAAAAAAAEBFAAAA	1790	1845
	AAAAAAAAAEFBAAAA	1512	1700
	AAAAAAAAAEHOAAAA	2251	2443
	AAAAAAAAAELOAAAA	2213	2398
	AAAAAAAAAEMAAAAA	1647	1643
	AAAAAAAAAEOCAAAA	1950	2293
	AAAAAAAAAFADAAAA	1701	1553
	AAAAAAAAAFGJAAAA	1405	1941
	AAAAAAAAAFJLAAAA	2396	2375
	AAAAAAAAAFKEAAAA	1166	980
	AAAAAAAAAFPCAAAA	2526	3200
	AAAAAAAAAFPJAAAA	2733	2181
	AAAAAAAAAGIDAAAA	2661	2186
	AAAAAAAAAGNMAAAA	2035	2991
	AAAAAAAAAHGHAAAA	2577	3172
	AAAAAAAAAHJBAAAA	1907	1675
	AAAAAAAAAHJJAAAA	2095	2846
	AAAAAAAAAHKMAAAA	2284	2753
	AAAAAAAAAHNCAAAA	2540	3563
	AAAAAAAAAHOEAAAA	2198	3112
	AAAAAAAAAICKAAAA	1322	1955
	AAAAAAAAAIECAAAA	1759	2184
	AAAAAAAAAIENAAAA	1971	2162
	AAAAAAAAAIJLAAAA	1546	1807
	AAAAAAAAAINEAAAA	2279	2388
	AAAAAAAAAJACAAAA	2664	3148
	AAAAAAAAAJAIAAAA	1868	2481
	AAAAAAAAAJCAAAAA	2115	3069
	AAAAAAAAAJCIAAAA	3035	3028
	AAAAAAAAAJEDAAAA	1735	2566
	AAAAAAAAAJFIAAAA	2434	2179
	AAAAAAAAAJKBAAAA	2108	1725
	AAAAAAAAAJKGAAAA	2342	3151
	AAAAAAAAAJNEAAAA	2299	2512
	AAAAAAAAAJNHAAAA	1882	2463
	AAAAAAAAAKAAAAAA	3018	2187
	AAAAAAAAAKAHAAAA	2507	2815
	AAAAAAAAAKCLAAAA	2349	2460
	AAAAAAAAAKDHAAAA	2277	3281
	AAAAAAAAAKHFAAAA	2511	1776
	AAAAAAAAAKMHAAAA	1406	1593
	AAAAAAAAAKPNAAAA	1873	2357
	AAAAAAAAALECAAAA	2305	1994
	AAAAAAAAALFMAAAA	1979	1829
	AAAAAAAAALHFAAAA	1445	1341
	AAAAAAAAALIGAAAA	2138	1434
	AAAAAAAAALJCAAAA	1854	1895
	AAAAAAAAALKKAAAA	1809	1859
	AAAAAAAAALLNAAAA	2434	2437
	AAAAAAAAALPFAAAA	1843	2452
	AAAAAAAAAMALAAAA	1171	1491
	AAAAAAAAAMBEAAAA	1996	2202
	AAAAAAAAAMEKAAAA	2047	2684
	AAAAAAAAAMGNAAAA	2319	2796
	AAAAAAAAAMMOAAAA	2558	2480
	AAAAAAAAANBIAAAA	1817	1616
	AAAAAAAAANCFAAAA	2129	2180
	AAAAAAAAANEGAAAA	2294	1690
	AAAAAAAAANMHAAAA	2760	3511
	AAAAAAAAANPGAAAA	1710	2288
	AAAAAAAAAOAGAAAA	3238	2186
	AAAAAAAAAOIBAAAA	1721	2168
	AAAAAAAAAOJGAAAA	1984	2491
	AAAAAAAAAOMOAAAA	2450	1670
	AAAAAAAAAOPIAAAA	1730	2180
	AAAAAAAAAPEMAAAA	2384	3135
	AAAAAAAAAPHNAAAA	1752	2525
	AAAAAAAAAPLAAAAA	2431	3250
	AAAAAAAAAPLDAAAA	2445	2048
	AAAAAAAAAPOMAAAA	1591	2108
	AAAAAAAABAEIAAAA	2147	2378
	AAAAAAAABAIKAAAA	2341	2858
	AAAAAAAABAPDAAAA	1786	2327
	AAAAAAAABAPMAAAA	2586	2338
Time taken: 179.585 seconds, Fetched: 100 row(s)
End: 1475204656
Total Execution Time: 186
