   8       0 sda 804575 9 22664834 1201336 234740 428169 10732576 5248240 0 1405176 6449252
   8       1 sda1 804425 9 22663634 1201284 234114 428169 10732576 5247972 0 1404908 6448940
   8      16 sdb 11022 13111 100850 5088 65257 68277 427365136 115460 0 9268 120520
   8      17 sdb1 10669 13089 97850 5020 65150 68277 427365136 115368 0 9108 120360
   8      32 sdc 2391283 831 564632490 150929300 1932691 167439 856973784 503429316 0 12332728 654355084
   8      33 sdc1 2391133 831 564631290 150928480 1893979 167439 856973784 503412456 0 12326008 654337996
   8       0 sda 399051 178 9207698 675652 46480 27207 1795368 803036 0 716368 1478552
   8       1 sda1 398901 178 9206498 675596 46472 27207 1795368 802960 0 716252 1478420
   8      16 sdb 59983 13108 490194 23528 52289 62002 427000448 114148 0 19804 137664
   8      17 sdb1 59630 13086 487194 23436 52181 62002 427000448 114088 0 19652 137512
   8      32 sdc 2740048 817 656452138 193844596 1773175 113770 819854224 509668988 0 12183844 703513384
   8      33 sdc1 2739898 817 656450938 193843768 1773077 113770 819854224 509668972 0 12183052 703511448
   8       0 sda 396262 132 9161186 598316 47952 27737 1820304 812940 0 707768 1411088
   8       1 sda1 396112 132 9159986 598296 47946 27737 1820304 812896 0 707720 1411020
   8      32 sdc 2368919 541 561642650 148227716 1774666 113800 821911584 497897296 0 11316336 646139496
   8      33 sdc1 2368769 541 561641450 148226896 1774575 113800 821911584 497897280 0 11315508 646122004
   8      16 sdb 60466 13108 494146 24416 52414 61868 427011032 99860 0 19240 124248
   8      17 sdb1 60114 13086 491154 24344 52304 61868 427011032 99600 0 18912 123916
   8       0 sda 395275 191 9110114 745664 47115 31749 1815744 824656 0 698172 1570144
   8       1 sda1 395125 191 9108914 745596 47109 31749 1815744 824612 0 698092 1570032
   8      16 sdb 58430 13108 477770 18644 51787 61345 426977200 94016 0 14272 112640
   8      17 sdb1 58077 13086 474770 18600 51676 61345 426977200 93768 0 13980 112348
   8      32 sdc 2348959 521 557414962 150850528 1967900 112966 918373312 554522544 0 11719552 705370852
   8      33 sdc1 2348809 521 557413762 150849696 1967803 112966 918373312 554522532 0 11718720 705386824
  eth0: 62111150144 49457044    0  464    0     0          0         0 69253600407 8699800    0    0    0     0       0          0
  eth0: 52586824723 42708568    0 3012    0     0          0         0 83941691860 8217205    0    0    0     0       0          0
  eth0: 71061985775 54634719    0 1750    0     0          0         0 51034660750 8531721    0    0    0     0       0          0
  eth0: 78089259601 58298344    0  849    0     0          0         0 49469290844 8808295    0    0    0     0       0          0
