   8       0 sda 799764 9 22504466 1198524 234133 427643 10716688 5244860 0 1399688 6443060
   8       1 sda1 799614 9 22503266 1198472 233508 427643 10716688 5244592 0 1399420 6442748
   8      16 sdb 10966 13111 100402 5084 64836 67826 427352200 115420 0 9224 120476
   8      17 sdb1 10613 13089 97402 5016 64729 67826 427352200 115328 0 9064 120316
   8      32 sdc 2344949 823 553719874 148851152 1910902 165438 848644800 499327596 0 12138316 648175252
   8      33 sdc1 2344799 823 553718674 148850332 1872270 165438 848644800 499310756 0 12131612 648158184
   8       0 sda 397904 175 9185730 674904 46241 27081 1788536 801592 0 714516 1476364
   8       1 sda1 397754 175 9184530 674848 46233 27081 1788536 801516 0 714400 1476232
   8      16 sdb 59890 13108 489450 23312 51910 61617 426992736 114120 0 19764 137420
   8      17 sdb1 59537 13086 486450 23220 51802 61617 426992736 114060 0 19612 137268
   8      32 sdc 2687984 802 643962010 190473476 1754392 112399 812098456 505219844 0 11990060 695693172
   8      33 sdc1 2687834 802 643960810 190472648 1754294 112399 812098456 505219828 0 11989268 695691236
   8       0 sda 395129 130 9140498 598004 47753 27607 1814536 811756 0 706408 1409592
   8       1 sda1 394979 130 9139298 597984 47747 27607 1814536 811712 0 706360 1409524
   8      32 sdc 2325332 536 551254642 146295792 1767370 112726 820027672 496295036 0 11168500 642605316
   8      33 sdc1 2325182 536 551253442 146294972 1767279 112726 820027672 496295020 0 11167672 642587824
   8      16 sdb 60354 13108 493250 24268 52133 61490 427004472 99844 0 19204 124084
   8      17 sdb1 60002 13086 490258 24196 52023 61490 427004472 99584 0 18876 123752
   8       0 sda 394129 188 9088162 744240 46913 31586 1809288 823544 0 696688 1567612
   8       1 sda1 393979 188 9086962 744172 46907 31586 1809288 823500 0 696608 1567500
   8      16 sdb 58349 13108 477122 18508 51399 60970 426969368 93992 0 14240 112480
   8      17 sdb1 57996 13086 474122 18464 51288 60970 426969368 93744 0 13948 112188
   8      32 sdc 2305161 507 547028490 149029872 1949540 111728 911068352 551282660 0 11552080 700310376
   8      33 sdc1 2305011 507 547027290 149029040 1949443 111728 911068352 551282648 0 11551248 700326348
  eth0: 59422252489 47546844    0  172    0     0          0         0 68243903241 8537680    0    0    0     0       0          0
  eth0: 51625984316 41947996    0 2955    0     0          0         0 81962532809 8065427    0    0    0     0       0          0
  eth0: 70448287139 54078386    0 1750    0     0          0         0 49631757589 8460812    0    0    0     0       0          0
  eth0: 76941222856 57472823    0  849    0     0          0         0 48628969710 8699881    0    0    0     0       0          0
