VM1 sda-sda
Previous Sectors Read = 22504466
Current Sectors Read = 22664834
Previous Sectors Written = 10716688
Current Sectors Written = 10732576
Sectors Read = 160368
Sectors Written = 15888
--------------------
VM1 sdb-sdb
Previous Sectors Read = 100402
Current Sectors Read = 100850
Previous Sectors Written = 427352200
Current Sectors Written = 427365136
Sectors Read = 448
Sectors Written = 12936
--------------------
VM1 sdc-sdc
Previous Sectors Read = 553719874
Current Sectors Read = 564632490
Previous Sectors Written = 848644800
Current Sectors Written = 856973784
Sectors Read = 10912616
Sectors Written = 8328984
--------------------
VM2 sda-sda
Previous Sectors Read = 9185730
Current Sectors Read = 9207698
Previous Sectors Written = 1788536
Current Sectors Written = 1795368
Sectors Read = 21968
Sectors Written = 6832
--------------------
VM2 sdb-sdb
Previous Sectors Read = 489450
Current Sectors Read = 490194
Previous Sectors Written = 426992736
Current Sectors Written = 427000448
Sectors Read = 744
Sectors Written = 7712
--------------------
VM2 sdc-sdc
Previous Sectors Read = 643962010
Current Sectors Read = 656452138
Previous Sectors Written = 812098456
Current Sectors Written = 819854224
Sectors Read = 12490128
Sectors Written = 7755768
--------------------
VM3 sda-sda
Previous Sectors Read = 9140498
Current Sectors Read = 9161186
Previous Sectors Written = 1814536
Current Sectors Written = 1820304
Sectors Read = 20688
Sectors Written = 5768
--------------------
VM3 sdc-sdc
Previous Sectors Read = 551254642
Current Sectors Read = 561642650
Previous Sectors Written = 820027672
Current Sectors Written = 821911584
Sectors Read = 10388008
Sectors Written = 1883912
--------------------
VM3 sdb-sdb
Previous Sectors Read = 493250
Current Sectors Read = 494146
Previous Sectors Written = 427004472
Current Sectors Written = 427011032
Sectors Read = 896
Sectors Written = 6560
--------------------
VM4 sda-sda
Previous Sectors Read = 9088162
Current Sectors Read = 9110114
Previous Sectors Written = 1809288
Current Sectors Written = 1815744
Sectors Read = 21952
Sectors Written = 6456
--------------------
VM4 sdb-sdb
Previous Sectors Read = 477122
Current Sectors Read = 477770
Previous Sectors Written = 426969368
Current Sectors Written = 426977200
Sectors Read = 648
Sectors Written = 7832
--------------------
VM4 sdc-sdc
Previous Sectors Read = 547028490
Current Sectors Read = 557414962
Previous Sectors Written = 911068352
Current Sectors Written = 918373312
Sectors Read = 10386472
Sectors Written = 7304960
--------------------
VM1
Previous Packets Received = 59422252489
Current Packets Received = 62111150144
Previous Packets Transmitted = 68243903241
Current Packets Transmitted = 69253600407
Packets received = 2688897655
Packets Transmitted = 1009697166
--------------------
VM2
Previous Packets Received = 51625984316
Current Packets Received = 52586824723
Previous Packets Transmitted = 81962532809
Current Packets Transmitted = 83941691860
Packets received = 960840407
Packets Transmitted = 1979159051
--------------------
VM3
Previous Packets Received = 70448287139
Current Packets Received = 71061985775
Previous Packets Transmitted = 49631757589
Current Packets Transmitted = 51034660750
Packets received = 613698636
Packets Transmitted = 1402903161
--------------------
VM4
Previous Packets Received = 76941222856
Current Packets Received = 78089259601
Previous Packets Transmitted = 48628969710
Current Packets Transmitted = 49469290844
Packets received = 1148036745
Packets Transmitted = 840321134
--------------------
Total Sectors Read = 22735327232
Total Sectors Written = 12975927296
Total Packets Received = 5411473443
Total Packets Transmitted = 5232080512
