   8       0 sda 889913 9 25059674 1287232 259159 493146 12031104 5462840 0 1515384 6749696
   8       1 sda1 889763 9 25058474 1287180 258532 493146 12031104 5462572 0 1515116 6749384
   8      16 sdb 19444 13111 168226 7868 70414 74454 427565920 116636 0 11932 124476
   8      17 sdb1 19091 13089 165226 7800 70297 74454 427565920 116536 0 11764 124308
   8      32 sdc 3061779 944 728705682 189532600 2209579 202965 970716392 564439716 0 14693392 753968136
   8      33 sdc1 3061629 944 728704482 189531780 2164087 202965 970716392 564420768 0 14685672 753949032
   8       0 sda 442602 203 10227530 711548 50276 30741 1911392 829260 0 756936 1540672
   8       1 sda1 442452 203 10226330 711492 50267 30741 1911392 829184 0 756820 1540540
   8      16 sdb 86485 13108 702210 34512 56768 67840 427155208 116944 0 27076 151440
   8      17 sdb1 86132 13086 699210 34420 56650 67840 427155208 116876 0 26916 151280
   8      32 sdc 3516365 870 848840946 250928124 2027014 136483 932008944 583789092 0 14705712 834716468
   8      33 sdc1 3516215 870 848839746 250927296 2026907 136483 932008944 583789076 0 14704920 834714532
   8       0 sda 440047 148 10190274 620976 51813 31230 1936904 841464 0 753732 1462252
   8       1 sda1 439897 148 10189074 620956 51807 31230 1936904 841420 0 753684 1462184
   8      32 sdc 3035611 592 725971050 189193256 2047134 136578 943144632 574535104 0 13691240 763742484
   8      33 sdc1 3035461 592 725969850 189192436 2047032 136578 943144632 574535084 0 13690460 763732704
   8      16 sdb 87806 13108 712866 35340 56825 67830 427160656 100332 0 26496 135628
   8      17 sdb1 87454 13086 709874 35268 56704 67830 427160656 100064 0 26160 135288
   8       0 sda 438465 208 10117466 782260 51054 35478 1942096 856000 0 743540 1638056
   8       1 sda1 438315 208 10116266 782192 51048 35478 1942096 855956 0 743460 1637944
   8      16 sdb 84623 13108 687314 26616 56381 67640 427144184 94860 0 19060 121456
   8      17 sdb1 84270 13086 684314 26572 56259 67640 427144184 94608 0 18764 121160
   8      32 sdc 3022657 608 722832922 190795092 2249666 137500 1042785712 626523780 0 14095540 817316236
   8      33 sdc1 3022507 608 722831722 190794260 2249561 137500 1042785712 626523768 0 14094704 817332216
  eth0: 74308065596 58980255    0  464    0     0          0         0 82479992440 10201725    0    0    0     0       0          0
  eth0: 60920293819 49847217    0 3773    0     0          0         0 102701653256 9563810    0    0    0     0       0          0
  eth0: 86769125495 66386614    0 1859    0     0          0         0 62913365512 10210620    0    0    0     0       0          0
  eth0: 95058672347 70772024    0 2652    0     0          0         0 56827448693 10447980    0    0    0     0       0          0
