   8       0 sda 883666 9 24881402 1283948 255462 482156 11822888 5432480 0 1504032 6716064
   8       1 sda1 883516 9 24880202 1283896 254835 482156 11822888 5432212 0 1503764 6715752
   8      16 sdb 19403 13111 167898 7864 70046 73918 427547656 116564 0 11856 124400
   8      17 sdb1 19050 13089 164898 7796 69929 73918 427547656 116464 0 11688 124232
   8      32 sdc 2979970 938 708377346 185725676 2202927 199495 967594192 564133808 0 14477756 749855324
   8      33 sdc1 2979820 938 708376146 185724856 2158592 199495 967594192 564115080 0 14470196 749836440
   8       0 sda 439413 203 10155522 708944 49912 30362 1899904 827400 0 753628 1536212
   8       1 sda1 439263 203 10154322 708888 49903 30362 1899904 827324 0 753512 1536080
   8      16 sdb 86375 13108 701330 34500 56431 67281 427141480 116816 0 27012 151300
   8      17 sdb1 86022 13086 698330 34408 56313 67281 427141480 116748 0 26852 151140
   8      32 sdc 3422036 868 825089970 246168364 2023591 134230 929062224 583469800 0 14474160 829637452
   8      33 sdc1 3421886 868 825088770 246167536 2023484 134230 929062224 583469784 0 14473368 829635516
   8       0 sda 436902 143 10118018 619032 51546 30969 1927200 840144 0 750744 1458988
   8       1 sda1 436752 143 10116818 619012 51540 30969 1927200 840100 0 750696 1458920
   8      32 sdc 2954366 590 705653298 185410176 2043144 134468 939963784 574249780 9 13479968 759674652
   8      33 sdc1 2954216 590 705652098 185409356 2043042 134468 939963784 574249760 9 13479192 759664872
   8      16 sdb 87674 13108 711810 35316 56455 67308 427148816 100312 0 26460 135584
   8      17 sdb1 87322 13086 708818 35244 56334 67308 427148816 100044 0 26124 135244
   8       0 sda 435739 206 10057722 780604 50715 35133 1930680 852732 0 739316 1633136
   8       1 sda1 435589 206 10056522 780536 50709 35133 1930680 852688 0 739236 1633024
   8      16 sdb 84486 13108 686218 26576 56064 67072 427131832 94828 0 19016 121384
   8      17 sdb1 84133 13086 683218 26532 55942 67072 427131832 94576 0 18720 121088
   8      32 sdc 2941122 606 702526322 187165376 2245695 134933 1039595776 626145564 0 13887132 813308316
   8      33 sdc1 2940972 606 702525122 187164544 2245590 134933 1039595776 626145552 0 13886296 813324296
  eth0: 74172570912 58833601    0  464    0     0          0         0 81816179080 10165250    0    0    0     0       0          0
  eth0: 60655344428 49556319    0 3773    0     0          0         0 101140881516 9507337    0    0    0     0       0          0
  eth0: 85588718254 65562005    0 1859    0     0          0         0 62708917388 10115453    0    0    0     0       0          0
  eth0: 93942922622 69995027    0 2652    0     0          0         0 56676282368 10369657    0    0    0     0       0          0
