VM1 sda-sda
Previous Sectors Read = 24881402
Current Sectors Read = 25059674
Previous Sectors Written = 11822888
Current Sectors Written = 12031104
Sectors Read = 178272
Sectors Written = 208216
--------------------
VM1 sdb-sdb
Previous Sectors Read = 167898
Current Sectors Read = 168226
Previous Sectors Written = 427547656
Current Sectors Written = 427565920
Sectors Read = 328
Sectors Written = 18264
--------------------
VM1 sdc-sdc
Previous Sectors Read = 708377346
Current Sectors Read = 728705682
Previous Sectors Written = 967594192
Current Sectors Written = 970716392
Sectors Read = 20328336
Sectors Written = 3122200
--------------------
VM2 sda-sda
Previous Sectors Read = 10155522
Current Sectors Read = 10227530
Previous Sectors Written = 1899904
Current Sectors Written = 1911392
Sectors Read = 72008
Sectors Written = 11488
--------------------
VM2 sdb-sdb
Previous Sectors Read = 701330
Current Sectors Read = 702210
Previous Sectors Written = 427141480
Current Sectors Written = 427155208
Sectors Read = 880
Sectors Written = 13728
--------------------
VM2 sdc-sdc
Previous Sectors Read = 825089970
Current Sectors Read = 848840946
Previous Sectors Written = 929062224
Current Sectors Written = 932008944
Sectors Read = 23750976
Sectors Written = 2946720
--------------------
VM3 sda-sda
Previous Sectors Read = 10118018
Current Sectors Read = 10190274
Previous Sectors Written = 1927200
Current Sectors Written = 1936904
Sectors Read = 72256
Sectors Written = 9704
--------------------
VM3 sdc-sdc
Previous Sectors Read = 705653298
Current Sectors Read = 725971050
Previous Sectors Written = 939963784
Current Sectors Written = 943144632
Sectors Read = 20317752
Sectors Written = 3180848
--------------------
VM3 sdb-sdb
Previous Sectors Read = 711810
Current Sectors Read = 712866
Previous Sectors Written = 427148816
Current Sectors Written = 427160656
Sectors Read = 1056
Sectors Written = 11840
--------------------
VM4 sda-sda
Previous Sectors Read = 10057722
Current Sectors Read = 10117466
Previous Sectors Written = 1930680
Current Sectors Written = 1942096
Sectors Read = 59744
Sectors Written = 11416
--------------------
VM4 sdb-sdb
Previous Sectors Read = 686218
Current Sectors Read = 687314
Previous Sectors Written = 427131832
Current Sectors Written = 427144184
Sectors Read = 1096
Sectors Written = 12352
--------------------
VM4 sdc-sdc
Previous Sectors Read = 702526322
Current Sectors Read = 722832922
Previous Sectors Written = 1039595776
Current Sectors Written = 1042785712
Sectors Read = 20306600
Sectors Written = 3189936
--------------------
VM1
Previous Packets Received = 74172570912
Current Packets Received = 74308065596
Previous Packets Transmitted = 81816179080
Current Packets Transmitted = 82479992440
Packets received = 135494684
Packets Transmitted = 663813360
--------------------
VM2
Previous Packets Received = 60655344428
Current Packets Received = 60920293819
Previous Packets Transmitted = 101140881516
Current Packets Transmitted = 102701653256
Packets received = 264949391
Packets Transmitted = 1560771740
--------------------
VM3
Previous Packets Received = 85588718254
Current Packets Received = 86769125495
Previous Packets Transmitted = 62708917388
Current Packets Transmitted = 62913365512
Packets received = 1180407241
Packets Transmitted = 204448124
--------------------
VM4
Previous Packets Received = 93942922622
Current Packets Received = 95058672347
Previous Packets Transmitted = 56676282368
Current Packets Transmitted = 56827448693
Packets received = 1115749725
Packets Transmitted = 151166325
--------------------
Total Sectors Read = 43565723648
Total Sectors Written = 6521196544
Total Packets Received = 2696601041
Total Packets Transmitted = 2580199549
