   8       0 sda 797682 9 22462554 1196784 234007 427565 10706992 5244580 0 1399212 6441044
   8       1 sda1 797532 9 22461354 1196732 233382 427565 10706992 5244312 0 1398944 6440732
   8      16 sdb 10553 13111 97098 4972 64804 67806 427351224 115368 0 9104 120312
   8      17 sdb1 10200 13089 94098 4904 64698 67806 427351224 115276 0 8944 120152
   8      32 sdc 2344939 823 553719794 148851008 1910544 165310 848292680 499306740 1 12137012 648154264
   8      33 sdc1 2344789 823 553718594 148850188 1871925 165310 848292680 499289904 1 12130312 648137200
   8       0 sda 396198 175 9146698 671824 46213 27068 1788160 801508 0 713972 1473200
   8       1 sda1 396048 175 9145498 671768 46205 27068 1788160 801432 0 713856 1473068
   8      16 sdb 57694 13108 471882 22160 51873 61593 426991856 114052 0 19108 136200
   8      17 sdb1 57341 13086 468882 22068 51766 61593 426991856 113992 0 18956 136048
   8      32 sdc 2687984 802 643962010 190473476 1753917 112332 811787616 505177032 0 11989216 695650364
   8      33 sdc1 2687834 802 643960810 190472648 1753820 112332 811787616 505177016 0 11988424 695648428
   8       0 sda 393464 130 9101746 597492 47724 27594 1814160 811608 0 706060 1408932
   8       1 sda1 393314 130 9100546 597472 47718 27594 1814160 811564 0 706012 1408864
   8      32 sdc 2325332 536 551254642 146295792 1767035 112568 814971520 496263336 0 11167252 642573620
   8      33 sdc1 2325182 536 551253442 146294972 1766945 112568 814971520 496263320 0 11166424 642556128
   8      16 sdb 58134 13108 475490 23464 52110 61470 427003928 99844 0 18780 123280
   8      17 sdb1 57782 13086 472498 23392 52001 61470 427003928 99584 0 18452 122948
   8       0 sda 392430 188 9049330 743268 46885 31570 1808904 823420 0 696280 1566520
   8       1 sda1 392280 188 9048130 743200 46879 31570 1808904 823376 0 696200 1566408
   8      16 sdb 56220 13108 460090 18020 51382 60959 426969104 93992 0 13872 111992
   8      17 sdb1 55867 13086 457090 17976 51272 60959 426969104 93744 0 13580 111700
   8      32 sdc 2305160 507 547028482 149029832 1949496 111693 910777640 551282252 0 11551784 700309928
   8      33 sdc1 2305010 507 547027282 149029000 1949400 111693 910777640 551282240 0 11550952 700325900
  eth0: 59420658586 47545350    0  172    0     0          0         0 68243792010 8536805    0    0    0     0       0          0
  eth0: 51625949912 41947852    0 2955    0     0          0         0 81962498044 8065248    0    0    0     0       0          0
  eth0: 70448216009 54077709    0 1750    0     0          0         0 49630285912 8460517    0    0    0     0       0          0
  eth0: 76941189739 57472693    0  849    0     0          0         0 48628938536 8699723    0    0    0     0       0          0
