   8       0 sda 791347 9 22283346 1192304 232688 418147 10575136 5228932 0 1389668 6420916
   8       1 sda1 791197 9 22282146 1192252 232064 418147 10575136 5228664 0 1389400 6420604
   8      16 sdb 10514 13111 96786 4972 64345 67228 427330768 115268 0 9004 120212
   8      17 sdb1 10161 13089 93786 4904 64239 67228 427330768 115176 0 8844 120052
   8      32 sdc 2302956 820 543372514 146768848 1894827 160994 844891408 497060764 0 11977820 643826152
   8      33 sdc1 2302806 820 543371314 146768028 1857118 160994 844891408 497044132 0 11971296 643809288
   8       0 sda 393506 172 9085754 669892 45961 26886 1778832 800312 0 711708 1470072
   8       1 sda1 393356 172 9084554 669836 45953 26886 1778832 800236 0 711592 1469940
   8      16 sdb 57670 13108 471690 22152 51551 61078 426978448 114012 0 19060 136152
   8      17 sdb1 57317 13086 468690 22060 51444 61078 426978448 113952 0 18908 136000
   8      32 sdc 2639571 802 631889002 187062780 1741674 110199 808776344 501800156 0 11834944 688862828
   8      33 sdc1 2639421 802 631887802 187061952 1741577 110199 808776344 501800140 0 11834152 688860892
   8       0 sda 390280 130 9027514 594512 47358 27268 1801296 809252 0 701072 1403596
   8       1 sda1 390130 130 9026314 594492 47352 27268 1801296 809208 0 701024 1403528
   8      32 sdc 2283571 536 540915450 144201556 1735473 109888 807178696 488906336 0 10990176 633122424
   8      33 sdc1 2283421 536 540914250 144200736 1735383 109888 807178696 488906320 0 10989348 633104932
   8      16 sdb 58029 13108 474650 23392 51713 60821 426984824 99792 0 18708 123156
   8      17 sdb1 57677 13086 471658 23320 51604 60821 426984824 99532 0 18380 122824
   8       0 sda 389759 186 8990042 741700 46638 31372 1800264 821540 0 693272 1563072
   8       1 sda1 389609 186 8988842 741632 46632 31372 1800264 821496 0 693192 1562960
   8      16 sdb 56123 13108 459314 17988 51091 60474 426956000 93964 0 13832 111932
   8      17 sdb1 55770 13086 456314 17944 50981 60474 426956000 93716 0 13540 111640
   8      32 sdc 2263439 504 536698826 147001960 1936871 109779 907651088 548871784 0 11414800 695871612
   8      33 sdc1 2263289 504 536697626 147001128 1936775 109779 907651088 548871772 0 11413968 695887584
  eth0: 57087733152 45762262    0  172    0     0          0         0 66861249082 8276377    0    0    0     0       0          0
  eth0: 50186274728 40757407    0 2955    0     0          0         0 79957359954 7853557    0    0    0     0       0          0
  eth0: 68577477633 52600244    0 1750    0     0          0         0 47280006095 8173422    0    0    0     0       0          0
  eth0: 75412108638 56261650    0  849    0     0          0         0 47462567849 8473406    0    0    0     0       0          0
