
Logging initialized using configuration in jar:file:/home/ubuntu/software/hive-1.2.1/lib/hive-common-1.2.1.jar!/hive-log4j.properties
Hive history file=/tmp/ubuntu/hive_job_log_53a514d1-509d-43ac-895f-1f59280ef634_1197213115.txt
SLF4J: Class path contains multiple SLF4J bindings.
SLF4J: Found binding in [jar:file:/home/ubuntu/software/tez-0.7.1-SNAPSHOT-minimal/lib/slf4j-log4j12-1.7.5.jar!/org/slf4j/impl/StaticLoggerBinder.class]
SLF4J: Found binding in [jar:file:/home/ubuntu/software/hadoop-2.6.0/share/hadoop/common/lib/slf4j-log4j12-1.7.5.jar!/org/slf4j/impl/StaticLoggerBinder.class]
SLF4J: See http://www.slf4j.org/codes.html#multiple_bindings for an explanation.
SLF4J: Actual binding is of type [org.slf4j.impl.Log4jLoggerFactory]
OK
Time taken: 0.958 seconds
Query ID = ubuntu_20160924184027_1d156a81-b202-45be-b461-81457102d0af
Total jobs = 10
Stage-1 is selected by condition resolver.
Launching Job 1 out of 10
Number of reduce tasks not specified. Estimated from input data size: 86
In order to change the average load for a reducer (in bytes):
  set hive.exec.reducers.bytes.per.reducer=<number>
In order to limit the maximum number of reducers:
  set hive.exec.reducers.max=<number>
In order to set a constant number of reducers:
  set mapreduce.job.reduces=<number>
Starting Job = job_1474660851143_0329, Tracking URL = http://vm1:8088/proxy/application_1474660851143_0329/
Kill Command = /home/ubuntu/software/hadoop-2.6.0/bin/hadoop job  -kill job_1474660851143_0329
Hadoop job information for Stage-1: number of mappers: 82; number of reducers: 86
2016-09-24 18:40:40,232 Stage-1 map = 0%,  reduce = 0%
2016-09-24 18:40:53,991 Stage-1 map = 1%,  reduce = 0%, Cumulative CPU 66.52 sec
2016-09-24 18:40:57,108 Stage-1 map = 2%,  reduce = 0%, Cumulative CPU 84.93 sec
2016-09-24 18:40:59,193 Stage-1 map = 4%,  reduce = 0%, Cumulative CPU 95.62 sec
2016-09-24 18:41:00,233 Stage-1 map = 7%,  reduce = 0%, Cumulative CPU 105.97 sec
2016-09-24 18:41:05,418 Stage-1 map = 9%,  reduce = 0%, Cumulative CPU 134.35 sec
2016-09-24 18:41:06,469 Stage-1 map = 12%,  reduce = 0%, Cumulative CPU 146.13 sec
2016-09-24 18:41:08,556 Stage-1 map = 14%,  reduce = 0%, Cumulative CPU 171.32 sec
2016-09-24 18:41:09,602 Stage-1 map = 17%,  reduce = 0%, Cumulative CPU 194.16 sec
2016-09-24 18:41:11,708 Stage-1 map = 18%,  reduce = 0%, Cumulative CPU 206.93 sec
2016-09-24 18:41:12,762 Stage-1 map = 19%,  reduce = 0%, Cumulative CPU 213.62 sec
2016-09-24 18:41:15,897 Stage-1 map = 20%,  reduce = 0%, Cumulative CPU 217.38 sec
2016-09-24 18:41:23,143 Stage-1 map = 21%,  reduce = 0%, Cumulative CPU 283.97 sec
2016-09-24 18:41:24,184 Stage-1 map = 22%,  reduce = 0%, Cumulative CPU 295.44 sec
2016-09-24 18:41:26,261 Stage-1 map = 23%,  reduce = 0%, Cumulative CPU 309.05 sec
2016-09-24 18:41:27,300 Stage-1 map = 24%,  reduce = 0%, Cumulative CPU 314.63 sec
2016-09-24 18:41:29,381 Stage-1 map = 25%,  reduce = 0%, Cumulative CPU 324.64 sec
2016-09-24 18:41:30,429 Stage-1 map = 26%,  reduce = 0%, Cumulative CPU 328.87 sec
2016-09-24 18:41:31,483 Stage-1 map = 27%,  reduce = 0%, Cumulative CPU 333.38 sec
2016-09-24 18:41:32,524 Stage-1 map = 28%,  reduce = 0%, Cumulative CPU 348.25 sec
2016-09-24 18:41:33,581 Stage-1 map = 29%,  reduce = 0%, Cumulative CPU 357.56 sec
2016-09-24 18:41:34,619 Stage-1 map = 30%,  reduce = 0%, Cumulative CPU 367.26 sec
2016-09-24 18:41:35,656 Stage-1 map = 32%,  reduce = 0%, Cumulative CPU 381.82 sec
2016-09-24 18:41:36,693 Stage-1 map = 33%,  reduce = 0%, Cumulative CPU 386.9 sec
2016-09-24 18:41:37,747 Stage-1 map = 35%,  reduce = 0%, Cumulative CPU 395.71 sec
2016-09-24 18:41:38,805 Stage-1 map = 36%,  reduce = 0%, Cumulative CPU 408.19 sec
2016-09-24 18:41:39,849 Stage-1 map = 37%,  reduce = 0%, Cumulative CPU 410.56 sec
2016-09-24 18:41:40,895 Stage-1 map = 38%,  reduce = 0%, Cumulative CPU 419.86 sec
2016-09-24 18:41:41,939 Stage-1 map = 39%,  reduce = 0%, Cumulative CPU 423.11 sec
2016-09-24 18:41:50,290 Stage-1 map = 40%,  reduce = 0%, Cumulative CPU 486.9 sec
2016-09-24 18:41:51,325 Stage-1 map = 41%,  reduce = 0%, Cumulative CPU 497.16 sec
2016-09-24 18:41:52,362 Stage-1 map = 42%,  reduce = 0%, Cumulative CPU 505.0 sec
2016-09-24 18:41:54,442 Stage-1 map = 43%,  reduce = 0%, Cumulative CPU 520.02 sec
2016-09-24 18:41:55,484 Stage-1 map = 44%,  reduce = 0%, Cumulative CPU 525.6 sec
2016-09-24 18:41:56,532 Stage-1 map = 45%,  reduce = 0%, Cumulative CPU 537.48 sec
2016-09-24 18:41:57,583 Stage-1 map = 46%,  reduce = 0%, Cumulative CPU 543.41 sec
2016-09-24 18:41:59,673 Stage-1 map = 47%,  reduce = 0%, Cumulative CPU 563.56 sec
2016-09-24 18:42:00,723 Stage-1 map = 50%,  reduce = 0%, Cumulative CPU 579.56 sec
2016-09-24 18:42:01,777 Stage-1 map = 51%,  reduce = 0%, Cumulative CPU 585.79 sec
2016-09-24 18:42:02,815 Stage-1 map = 54%,  reduce = 0%, Cumulative CPU 600.65 sec
2016-09-24 18:42:04,998 Stage-1 map = 55%,  reduce = 0%, Cumulative CPU 610.87 sec
2016-09-24 18:42:07,098 Stage-1 map = 56%,  reduce = 0%, Cumulative CPU 622.66 sec
2016-09-24 18:42:08,158 Stage-1 map = 57%,  reduce = 0%, Cumulative CPU 628.28 sec
2016-09-24 18:42:09,198 Stage-1 map = 58%,  reduce = 0%, Cumulative CPU 635.81 sec
2016-09-24 18:42:11,292 Stage-1 map = 59%,  reduce = 0%, Cumulative CPU 648.04 sec
2016-09-24 18:42:16,484 Stage-1 map = 60%,  reduce = 0%, Cumulative CPU 690.47 sec
2016-09-24 18:42:18,550 Stage-1 map = 61%,  reduce = 0%, Cumulative CPU 705.88 sec
2016-09-24 18:42:21,705 Stage-1 map = 62%,  reduce = 0%, Cumulative CPU 729.17 sec
2016-09-24 18:42:22,737 Stage-1 map = 63%,  reduce = 0%, Cumulative CPU 739.04 sec
2016-09-24 18:42:23,780 Stage-1 map = 64%,  reduce = 0%, Cumulative CPU 742.83 sec
2016-09-24 18:42:24,834 Stage-1 map = 65%,  reduce = 0%, Cumulative CPU 751.63 sec
2016-09-24 18:42:26,929 Stage-1 map = 67%,  reduce = 0%, Cumulative CPU 768.23 sec
2016-09-24 18:42:27,966 Stage-1 map = 68%,  reduce = 0%, Cumulative CPU 783.27 sec
2016-09-24 18:42:29,001 Stage-1 map = 71%,  reduce = 0%, Cumulative CPU 793.57 sec
2016-09-24 18:42:30,033 Stage-1 map = 72%,  reduce = 0%, Cumulative CPU 802.21 sec
2016-09-24 18:42:31,087 Stage-1 map = 73%,  reduce = 0%, Cumulative CPU 809.49 sec
2016-09-24 18:42:32,133 Stage-1 map = 74%,  reduce = 0%, Cumulative CPU 818.49 sec
2016-09-24 18:42:33,173 Stage-1 map = 75%,  reduce = 0%, Cumulative CPU 827.34 sec
2016-09-24 18:42:34,220 Stage-1 map = 76%,  reduce = 0%, Cumulative CPU 829.09 sec
2016-09-24 18:42:35,260 Stage-1 map = 77%,  reduce = 0%, Cumulative CPU 835.33 sec
2016-09-24 18:42:38,366 Stage-1 map = 78%,  reduce = 0%, Cumulative CPU 851.49 sec
2016-09-24 18:42:43,545 Stage-1 map = 80%,  reduce = 0%, Cumulative CPU 898.73 sec
2016-09-24 18:42:46,647 Stage-1 map = 81%,  reduce = 0%, Cumulative CPU 922.69 sec
2016-09-24 18:42:47,680 Stage-1 map = 82%,  reduce = 0%, Cumulative CPU 928.34 sec
2016-09-24 18:42:49,747 Stage-1 map = 84%,  reduce = 0%, Cumulative CPU 950.06 sec
2016-09-24 18:42:50,785 Stage-1 map = 85%,  reduce = 0%, Cumulative CPU 957.4 sec
2016-09-24 18:42:52,871 Stage-1 map = 87%,  reduce = 0%, Cumulative CPU 979.65 sec
2016-09-24 18:42:53,907 Stage-1 map = 88%,  reduce = 0%, Cumulative CPU 984.92 sec
2016-09-24 18:42:54,941 Stage-1 map = 89%,  reduce = 0%, Cumulative CPU 990.23 sec
2016-09-24 18:42:57,005 Stage-1 map = 90%,  reduce = 0%, Cumulative CPU 999.84 sec
2016-09-24 18:42:58,037 Stage-1 map = 91%,  reduce = 0%, Cumulative CPU 1004.44 sec
2016-09-24 18:43:01,129 Stage-1 map = 92%,  reduce = 0%, Cumulative CPU 1015.04 sec
2016-09-24 18:43:05,254 Stage-1 map = 93%,  reduce = 0%, Cumulative CPU 1024.74 sec
2016-09-24 18:43:06,288 Stage-1 map = 94%,  reduce = 0%, Cumulative CPU 1030.11 sec
2016-09-24 18:43:07,320 Stage-1 map = 95%,  reduce = 0%, Cumulative CPU 1034.21 sec
2016-09-24 18:43:09,377 Stage-1 map = 96%,  reduce = 0%, Cumulative CPU 1041.92 sec
2016-09-24 18:43:10,407 Stage-1 map = 97%,  reduce = 0%, Cumulative CPU 1044.19 sec
2016-09-24 18:43:12,466 Stage-1 map = 98%,  reduce = 0%, Cumulative CPU 1058.38 sec
2016-09-24 18:43:14,526 Stage-1 map = 99%,  reduce = 0%, Cumulative CPU 1061.94 sec
2016-09-24 18:43:20,695 Stage-1 map = 100%,  reduce = 0%, Cumulative CPU 1074.56 sec
2016-09-24 18:43:31,077 Stage-1 map = 100%,  reduce = 4%, Cumulative CPU 1094.86 sec
2016-09-24 18:43:33,185 Stage-1 map = 100%,  reduce = 8%, Cumulative CPU 1120.01 sec
2016-09-24 18:43:35,273 Stage-1 map = 100%,  reduce = 11%, Cumulative CPU 1130.15 sec
2016-09-24 18:43:36,328 Stage-1 map = 100%,  reduce = 13%, Cumulative CPU 1146.67 sec
2016-09-24 18:43:37,382 Stage-1 map = 100%,  reduce = 14%, Cumulative CPU 1154.95 sec
2016-09-24 18:43:38,421 Stage-1 map = 100%,  reduce = 16%, Cumulative CPU 1171.25 sec
2016-09-24 18:43:39,511 Stage-1 map = 100%,  reduce = 17%, Cumulative CPU 1178.17 sec
2016-09-24 18:43:40,554 Stage-1 map = 100%,  reduce = 19%, Cumulative CPU 1184.97 sec
2016-09-24 18:43:42,657 Stage-1 map = 100%,  reduce = 20%, Cumulative CPU 1191.63 sec
2016-09-24 18:43:43,736 Stage-1 map = 100%,  reduce = 22%, Cumulative CPU 1203.85 sec
2016-09-24 18:43:44,772 Stage-1 map = 100%,  reduce = 25%, Cumulative CPU 1224.01 sec
2016-09-24 18:43:45,813 Stage-1 map = 100%,  reduce = 26%, Cumulative CPU 1225.18 sec
2016-09-24 18:43:47,890 Stage-1 map = 100%,  reduce = 28%, Cumulative CPU 1237.97 sec
2016-09-24 18:43:48,930 Stage-1 map = 100%,  reduce = 29%, Cumulative CPU 1244.62 sec
2016-09-24 18:43:49,971 Stage-1 map = 100%,  reduce = 33%, Cumulative CPU 1271.69 sec
2016-09-24 18:43:51,015 Stage-1 map = 100%,  reduce = 36%, Cumulative CPU 1285.78 sec
2016-09-24 18:43:52,056 Stage-1 map = 100%,  reduce = 37%, Cumulative CPU 1293.78 sec
2016-09-24 18:43:53,096 Stage-1 map = 100%,  reduce = 38%, Cumulative CPU 1300.4 sec
2016-09-24 18:43:55,176 Stage-1 map = 100%,  reduce = 39%, Cumulative CPU 1307.52 sec
2016-09-24 18:43:56,229 Stage-1 map = 100%,  reduce = 43%, Cumulative CPU 1327.86 sec
2016-09-24 18:43:57,276 Stage-1 map = 100%,  reduce = 44%, Cumulative CPU 1335.75 sec
2016-09-24 18:43:59,365 Stage-1 map = 100%,  reduce = 47%, Cumulative CPU 1354.34 sec
2016-09-24 18:44:00,406 Stage-1 map = 100%,  reduce = 48%, Cumulative CPU 1356.64 sec
2016-09-24 18:44:01,469 Stage-1 map = 100%,  reduce = 51%, Cumulative CPU 1375.9 sec
2016-09-24 18:44:02,521 Stage-1 map = 100%,  reduce = 52%, Cumulative CPU 1382.72 sec
2016-09-24 18:44:03,570 Stage-1 map = 100%,  reduce = 53%, Cumulative CPU 1390.32 sec
2016-09-24 18:44:04,611 Stage-1 map = 100%,  reduce = 55%, Cumulative CPU 1398.13 sec
2016-09-24 18:44:05,648 Stage-1 map = 100%,  reduce = 57%, Cumulative CPU 1410.69 sec
2016-09-24 18:44:07,739 Stage-1 map = 100%,  reduce = 60%, Cumulative CPU 1431.12 sec
2016-09-24 18:44:08,793 Stage-1 map = 100%,  reduce = 63%, Cumulative CPU 1445.28 sec
2016-09-24 18:44:10,878 Stage-1 map = 100%,  reduce = 64%, Cumulative CPU 1453.6 sec
2016-09-24 18:44:11,915 Stage-1 map = 100%,  reduce = 66%, Cumulative CPU 1466.91 sec
2016-09-24 18:44:12,963 Stage-1 map = 100%,  reduce = 67%, Cumulative CPU 1474.65 sec
2016-09-24 18:44:13,999 Stage-1 map = 100%,  reduce = 71%, Cumulative CPU 1494.27 sec
2016-09-24 18:44:16,083 Stage-1 map = 100%,  reduce = 73%, Cumulative CPU 1508.71 sec
2016-09-24 18:44:17,118 Stage-1 map = 100%,  reduce = 74%, Cumulative CPU 1517.37 sec
2016-09-24 18:44:18,177 Stage-1 map = 100%,  reduce = 75%, Cumulative CPU 1523.38 sec
2016-09-24 18:44:19,220 Stage-1 map = 100%,  reduce = 78%, Cumulative CPU 1536.45 sec
2016-09-24 18:44:20,265 Stage-1 map = 100%,  reduce = 80%, Cumulative CPU 1551.14 sec
2016-09-24 18:44:21,305 Stage-1 map = 100%,  reduce = 81%, Cumulative CPU 1559.4 sec
2016-09-24 18:44:22,346 Stage-1 map = 100%,  reduce = 82%, Cumulative CPU 1565.4 sec
2016-09-24 18:44:23,387 Stage-1 map = 100%,  reduce = 85%, Cumulative CPU 1578.89 sec
2016-09-24 18:44:24,423 Stage-1 map = 100%,  reduce = 86%, Cumulative CPU 1586.7 sec
2016-09-24 18:44:25,466 Stage-1 map = 100%,  reduce = 87%, Cumulative CPU 1592.81 sec
2016-09-24 18:44:26,501 Stage-1 map = 100%,  reduce = 89%, Cumulative CPU 1606.02 sec
2016-09-24 18:44:27,554 Stage-1 map = 100%,  reduce = 93%, Cumulative CPU 1627.41 sec
2016-09-24 18:44:30,645 Stage-1 map = 100%,  reduce = 98%, Cumulative CPU 1656.27 sec
2016-09-24 18:44:31,675 Stage-1 map = 100%,  reduce = 99%, Cumulative CPU 1662.91 sec
2016-09-24 18:44:32,704 Stage-1 map = 100%,  reduce = 100%, Cumulative CPU 1669.49 sec
MapReduce Total cumulative CPU time: 27 minutes 49 seconds 490 msec
Ended Job = job_1474660851143_0329
SLF4J: Class path contains multiple SLF4J bindings.
SLF4J: Found binding in [jar:file:/home/ubuntu/software/tez-0.7.1-SNAPSHOT-minimal/lib/slf4j-log4j12-1.7.5.jar!/org/slf4j/impl/StaticLoggerBinder.class]
SLF4J: Found binding in [jar:file:/home/ubuntu/software/hadoop-2.6.0/share/hadoop/common/lib/slf4j-log4j12-1.7.5.jar!/org/slf4j/impl/StaticLoggerBinder.class]
SLF4J: See http://www.slf4j.org/codes.html#multiple_bindings for an explanation.
SLF4J: Actual binding is of type [org.slf4j.impl.Log4jLoggerFactory]
Execution log at: /tmp/ubuntu/ubuntu_20160924184027_1d156a81-b202-45be-b461-81457102d0af.log
2016-09-24 18:44:36	Starting to launch local task to process map join;	maximum memory = 932184064
2016-09-24 18:44:37	Dump the side-table for tag: 1 with group count: 144 into file: file:/tmp/ubuntu/53a514d1-509d-43ac-895f-1f59280ef634/hive_2016-09-24_18-40-27_745_8905662876138584017-1/-local-10017/HashTable-Stage-17/MapJoin-mapfile41--.hashtable
2016-09-24 18:44:37	Uploaded 1 File to: file:/tmp/ubuntu/53a514d1-509d-43ac-895f-1f59280ef634/hive_2016-09-24_18-40-27_745_8905662876138584017-1/-local-10017/HashTable-Stage-17/MapJoin-mapfile41--.hashtable (13095 bytes)
2016-09-24 18:44:37	End of local task; Time Taken: 1.165 sec.
Execution completed successfully
MapredLocal task succeeded
Launching Job 2 out of 10
Number of reduce tasks is set to 0 since there's no reduce operator
Starting Job = job_1474660851143_0330, Tracking URL = http://vm1:8088/proxy/application_1474660851143_0330/
Kill Command = /home/ubuntu/software/hadoop-2.6.0/bin/hadoop job  -kill job_1474660851143_0330
Hadoop job information for Stage-17: number of mappers: 4; number of reducers: 0
2016-09-24 18:44:43,269 Stage-17 map = 0%,  reduce = 0%
2016-09-24 18:44:55,627 Stage-17 map = 14%,  reduce = 0%, Cumulative CPU 22.99 sec
2016-09-24 18:44:58,721 Stage-17 map = 31%,  reduce = 0%, Cumulative CPU 34.47 sec
2016-09-24 18:45:01,808 Stage-17 map = 50%,  reduce = 0%, Cumulative CPU 45.87 sec
2016-09-24 18:45:04,896 Stage-17 map = 69%,  reduce = 0%, Cumulative CPU 57.27 sec
2016-09-24 18:45:07,992 Stage-17 map = 87%,  reduce = 0%, Cumulative CPU 68.62 sec
2016-09-24 18:45:09,027 Stage-17 map = 89%,  reduce = 0%, Cumulative CPU 69.08 sec
2016-09-24 18:45:10,058 Stage-17 map = 95%,  reduce = 0%, Cumulative CPU 72.92 sec
2016-09-24 18:45:11,087 Stage-17 map = 100%,  reduce = 0%, Cumulative CPU 75.47 sec
MapReduce Total cumulative CPU time: 1 minutes 15 seconds 470 msec
Ended Job = job_1474660851143_0330
Stage-23 is selected by condition resolver.
Stage-24 is filtered out by condition resolver.
Stage-3 is filtered out by condition resolver.
SLF4J: Class path contains multiple SLF4J bindings.
SLF4J: Found binding in [jar:file:/home/ubuntu/software/tez-0.7.1-SNAPSHOT-minimal/lib/slf4j-log4j12-1.7.5.jar!/org/slf4j/impl/StaticLoggerBinder.class]
SLF4J: Found binding in [jar:file:/home/ubuntu/software/hadoop-2.6.0/share/hadoop/common/lib/slf4j-log4j12-1.7.5.jar!/org/slf4j/impl/StaticLoggerBinder.class]
SLF4J: See http://www.slf4j.org/codes.html#multiple_bindings for an explanation.
SLF4J: Actual binding is of type [org.slf4j.impl.Log4jLoggerFactory]
Execution log at: /tmp/ubuntu/ubuntu_20160924184027_1d156a81-b202-45be-b461-81457102d0af.log
2016-09-24 18:45:14	Starting to launch local task to process map join;	maximum memory = 932184064
2016-09-24 18:45:16	Dump the side-table for tag: 1 with group count: 73049 into file: file:/tmp/ubuntu/53a514d1-509d-43ac-895f-1f59280ef634/hive_2016-09-24_18-40-27_745_8905662876138584017-1/-local-10013/HashTable-Stage-14/MapJoin-mapfile21--.hashtable
2016-09-24 18:45:16	Uploaded 1 File to: file:/tmp/ubuntu/53a514d1-509d-43ac-895f-1f59280ef634/hive_2016-09-24_18-40-27_745_8905662876138584017-1/-local-10013/HashTable-Stage-14/MapJoin-mapfile21--.hashtable (1541779 bytes)
2016-09-24 18:45:16	End of local task; Time Taken: 1.788 sec.
Execution completed successfully
MapredLocal task succeeded
Launching Job 4 out of 10
Number of reduce tasks is set to 0 since there's no reduce operator
Starting Job = job_1474660851143_0331, Tracking URL = http://vm1:8088/proxy/application_1474660851143_0331/
Kill Command = /home/ubuntu/software/hadoop-2.6.0/bin/hadoop job  -kill job_1474660851143_0331
Hadoop job information for Stage-14: number of mappers: 5; number of reducers: 0
2016-09-24 18:45:22,144 Stage-14 map = 0%,  reduce = 0%
2016-09-24 18:45:29,390 Stage-14 map = 20%,  reduce = 0%, Cumulative CPU 3.49 sec
2016-09-24 18:45:34,552 Stage-14 map = 22%,  reduce = 0%, Cumulative CPU 9.29 sec
2016-09-24 18:45:38,670 Stage-14 map = 27%,  reduce = 0%, Cumulative CPU 38.17 sec
2016-09-24 18:45:44,858 Stage-14 map = 37%,  reduce = 0%, Cumulative CPU 61.36 sec
2016-09-24 18:45:46,922 Stage-14 map = 46%,  reduce = 0%, Cumulative CPU 64.17 sec
2016-09-24 18:45:47,953 Stage-14 map = 64%,  reduce = 0%, Cumulative CPU 72.97 sec
2016-09-24 18:45:52,084 Stage-14 map = 74%,  reduce = 0%, Cumulative CPU 86.12 sec
2016-09-24 18:45:56,202 Stage-14 map = 91%,  reduce = 0%, Cumulative CPU 102.96 sec
2016-09-24 18:45:57,233 Stage-14 map = 100%,  reduce = 0%, Cumulative CPU 103.33 sec
MapReduce Total cumulative CPU time: 1 minutes 43 seconds 330 msec
Ended Job = job_1474660851143_0331
Stage-21 is selected by condition resolver.
Stage-22 is filtered out by condition resolver.
Stage-4 is filtered out by condition resolver.
SLF4J: Class path contains multiple SLF4J bindings.
SLF4J: Found binding in [jar:file:/home/ubuntu/software/tez-0.7.1-SNAPSHOT-minimal/lib/slf4j-log4j12-1.7.5.jar!/org/slf4j/impl/StaticLoggerBinder.class]
SLF4J: Found binding in [jar:file:/home/ubuntu/software/hadoop-2.6.0/share/hadoop/common/lib/slf4j-log4j12-1.7.5.jar!/org/slf4j/impl/StaticLoggerBinder.class]
SLF4J: See http://www.slf4j.org/codes.html#multiple_bindings for an explanation.
SLF4J: Actual binding is of type [org.slf4j.impl.Log4jLoggerFactory]
Execution log at: /tmp/ubuntu/ubuntu_20160924184027_1d156a81-b202-45be-b461-81457102d0af.log
2016-09-24 18:46:00	Starting to launch local task to process map join;	maximum memory = 932184064
2016-09-24 18:46:02	Dump the side-table for tag: 1 with group count: 30 into file: file:/tmp/ubuntu/53a514d1-509d-43ac-895f-1f59280ef634/hive_2016-09-24_18-40-27_745_8905662876138584017-1/-local-10009/HashTable-Stage-11/MapJoin-mapfile01--.hashtable
2016-09-24 18:46:02	Uploaded 1 File to: file:/tmp/ubuntu/53a514d1-509d-43ac-895f-1f59280ef634/hive_2016-09-24_18-40-27_745_8905662876138584017-1/-local-10009/HashTable-Stage-11/MapJoin-mapfile01--.hashtable (893 bytes)
2016-09-24 18:46:02	End of local task; Time Taken: 1.365 sec.
Execution completed successfully
MapredLocal task succeeded
Launching Job 6 out of 10
Number of reduce tasks is set to 0 since there's no reduce operator
Starting Job = job_1474660851143_0332, Tracking URL = http://vm1:8088/proxy/application_1474660851143_0332/
Kill Command = /home/ubuntu/software/hadoop-2.6.0/bin/hadoop job  -kill job_1474660851143_0332
Hadoop job information for Stage-11: number of mappers: 6; number of reducers: 0
2016-09-24 18:46:08,892 Stage-11 map = 0%,  reduce = 0%
2016-09-24 18:46:16,138 Stage-11 map = 17%,  reduce = 0%, Cumulative CPU 3.27 sec
2016-09-24 18:46:20,313 Stage-11 map = 42%,  reduce = 0%, Cumulative CPU 13.44 sec
2016-09-24 18:46:22,380 Stage-11 map = 58%,  reduce = 0%, Cumulative CPU 33.74 sec
2016-09-24 18:46:25,476 Stage-11 map = 93%,  reduce = 0%, Cumulative CPU 43.71 sec
2016-09-24 18:46:26,506 Stage-11 map = 100%,  reduce = 0%, Cumulative CPU 44.55 sec
MapReduce Total cumulative CPU time: 44 seconds 550 msec
Ended Job = job_1474660851143_0332
Launching Job 7 out of 10
Number of reduce tasks not specified. Estimated from input data size: 1
In order to change the average load for a reducer (in bytes):
  set hive.exec.reducers.bytes.per.reducer=<number>
In order to limit the maximum number of reducers:
  set hive.exec.reducers.max=<number>
In order to set a constant number of reducers:
  set mapreduce.job.reduces=<number>
Starting Job = job_1474660851143_0333, Tracking URL = http://vm1:8088/proxy/application_1474660851143_0333/
Kill Command = /home/ubuntu/software/hadoop-2.6.0/bin/hadoop job  -kill job_1474660851143_0333
Hadoop job information for Stage-5: number of mappers: 2; number of reducers: 1
2016-09-24 18:46:32,288 Stage-5 map = 0%,  reduce = 0%
2016-09-24 18:46:38,465 Stage-5 map = 100%,  reduce = 0%, Cumulative CPU 2.59 sec
2016-09-24 18:46:44,650 Stage-5 map = 100%,  reduce = 100%, Cumulative CPU 3.83 sec
MapReduce Total cumulative CPU time: 3 seconds 830 msec
Ended Job = job_1474660851143_0333
Launching Job 8 out of 10
Number of reduce tasks determined at compile time: 1
In order to change the average load for a reducer (in bytes):
  set hive.exec.reducers.bytes.per.reducer=<number>
In order to limit the maximum number of reducers:
  set hive.exec.reducers.max=<number>
In order to set a constant number of reducers:
  set mapreduce.job.reduces=<number>
Starting Job = job_1474660851143_0334, Tracking URL = http://vm1:8088/proxy/application_1474660851143_0334/
Kill Command = /home/ubuntu/software/hadoop-2.6.0/bin/hadoop job  -kill job_1474660851143_0334
Hadoop job information for Stage-6: number of mappers: 1; number of reducers: 1
2016-09-24 18:46:50,652 Stage-6 map = 0%,  reduce = 0%
2016-09-24 18:46:55,768 Stage-6 map = 100%,  reduce = 0%, Cumulative CPU 1.23 sec
2016-09-24 18:47:01,904 Stage-6 map = 100%,  reduce = 100%, Cumulative CPU 2.49 sec
MapReduce Total cumulative CPU time: 2 seconds 490 msec
Ended Job = job_1474660851143_0334
MapReduce Jobs Launched: 
Stage-Stage-1: Map: 82  Reduce: 86   Cumulative CPU: 1669.49 sec   HDFS Read: 21844875476 HDFS Write: 490208950 SUCCESS
Stage-Stage-17: Map: 4   Cumulative CPU: 75.47 sec   HDFS Read: 490266936 HDFS Write: 1194927463 SUCCESS
Stage-Stage-14: Map: 5   Cumulative CPU: 103.33 sec   HDFS Read: 1194996243 HDFS Write: 1234824547 SUCCESS
Stage-Stage-11: Map: 6   Cumulative CPU: 44.55 sec   HDFS Read: 1234955316 HDFS Write: 40400 SUCCESS
Stage-Stage-5: Map: 2  Reduce: 1   Cumulative CPU: 3.83 sec   HDFS Read: 59673 HDFS Write: 7303 SUCCESS
Stage-Stage-6: Map: 1  Reduce: 1   Cumulative CPU: 2.49 sec   HDFS Read: 18618 HDFS Write: 6427 SUCCESS
Total MapReduce CPU Time Spent: 31 minutes 39 seconds 160 msec
OK
able	1	128	15th 	RD	Suite T	Oak Grove	Walker County	AL	38370	497	359	228	253	436
able	1	228	Cherry 	Avenue	Suite G	Oak Grove	Walker County	AL	38370	446	359	251	216	436
able	1	255	Sycamore 	Dr.	Suite 410	Riverside	Ziebach County	SD	59231	434	343	202	205	409
able	1	300	Forest 	Lane	Suite 230	Fairview	Walker County	AL	35709	447	355	209	200	452
able	1	302	Walnut Madison	Wy	Suite T	Oak Grove	Ziebach County	SD	58370	495	358	219	228	442
able	1	441	11th 	ST	Suite H	Pleasant Hill	Williamson County	TN	33604	482	351	221	219	424
able	1	479	Park First	Lane	Suite 20	Riverside	Walker County	AL	39231	435	348	204	206	420
able	1	543	West Elm	Ln	Suite A	Oak Grove	Walker County	AL	38370	425	339	219	204	432
able	1	557	Elevnth 7th	Pkwy	Suite L	Oak Grove	Walker County	AL	38370	476	375	225	237	450
able	1	722	Railroad Spring	Ct.	Suite M	Pleasant Hill	Ziebach County	SD	53604	451	334	216	204	441
anti	1	192	5th Highland	Blvd	Suite N	Riverside	Williamson County	TN	39231	460	338	208	198	456
anti	1	321	11th 	Parkway	Suite G	Five Points	Walker County	AL	36098	459	372	239	211	449
anti	1	735	Walnut 	Blvd	Suite 360	Midway	Walker County	AL	31904	466	361	215	206	440
anti	1	897	Ash Oak	Circle	Suite T	Mount Pleasant	Williamson County	TN	31933	477	348	230	213	395
ation	1	19	Fourth 	Boulevard	Suite N	Mount Pleasant	Walker County	AL	31933	489	365	220	190	450
ation	1	213	8th 	Road	Suite 490	Oak Grove	Williamson County	TN	38370	433	371	202	239	453
ation	1	421	12th Center	Avenue	Suite J	Oak Grove	Williamson County	TN	38370	461	353	245	189	456
ation	1	8	Cedar Maple	ST	Suite 320	Mount Pleasant	Williamson County	TN	31933	419	379	203	226	468
ation	1	811	Lee 	Circle	Suite T	Midway	Ziebach County	SD	51904	487	344	220	210	455
bar	1	147	Highland 	Ln	Suite 270	Midway	Ziebach County	SD	51904	479	370	233	226	483
bar	1	174	Sycamore 	Ln	Suite O	Riverside	Walker County	AL	39231	456	414	219	235	446
bar	1	175	4th 	Court	Suite C	Riverside	Williamson County	TN	39231	462	344	215	243	471
bar	1	200	Lake 	RD	Suite 320	Pleasant Hill	Ziebach County	SD	53604	444	357	216	215	408
bar	1	365	Railroad Smith	Boulevard	Suite O	Riverside	Williamson County	TN	39231	466	351	206	233	440
bar	1	543	Twelfth 	Avenue	Suite L	Midway	Ziebach County	SD	51904	407	346	230	202	462
bar	1	582	Oak Washington	Drive	Suite S	Oak Grove	Walker County	AL	38370	470	375	214	209	412
bar	1	818	1st Elm	Road	Suite 220	Fairview	Walker County	AL	35709	474	338	235	223	451
bar	1	829	Jefferson 	Lane	Suite 110	Mount Pleasant	Williamson County	TN	31933	380	358	208	228	438
bar	1	903	Sixth 	Court	Suite Q	Mount Pleasant	Ziebach County	SD	51933	464	368	204	223	461
cally	NULL	688		Avenue	Suite 50			TN		432	332	197	216	435
cally	1	353	Third View	Drive	Suite 380	Oak Grove	Williamson County	TN	38370	473	351	219	197	411
cally	1	392	15th 	Dr.	Suite W	Midway	Walker County	AL	31904	472	382	198	225	418
cally	1	409	4th 15th	Drive	Suite Q	Mount Pleasant	Walker County	AL	31933	448	388	210	238	467
cally	1	496	3rd 	Ct.	Suite E	Mount Pleasant	Williamson County	TN	31933	466	371	206	226	433
cally	1	588	View Mill	Court	Suite 160	Mount Pleasant	Ziebach County	SD	51933	480	370	220	218	425
cally	1	606	Lake Lincoln	Boulevard	Suite S	Riverside	Williamson County	TN	39231	439	359	216	215	432
cally	1	70	7th 	RD	Suite 160	Five Points	Williamson County	TN	36098	444	318	202	228	458
cally	1	956	View Sunset	Parkway	Suite 250	Riverside	Williamson County	TN	39231	450	340	236	234	443
eing	1	226	12th 	Lane	Suite D	Five Points	Walker County	AL	36098	432	392	215	246	417
eing	1	293	Center Main	Lane	Suite 200	Fairview	Ziebach County	SD	55709	453	364	196	213	416
eing	1	303	Fifteenth 	RD	Suite 340	Pleasant Hill	Williamson County	TN	33604	482	365	206	232	465
eing	1	317	Poplar 9th	Pkwy	Suite P	Oak Grove	Walker County	AL	38370	421	396	242	216	452
eing	1	317	Ridge Green	Lane	Suite A	Five Points	Williamson County	TN	36098	446	350	237	223	449
eing	1	408	Spring Locust	Wy	Suite 340	Five Points	Ziebach County	SD	56098	450	375	209	228	437
eing	1	618	Jefferson Lee	Pkwy	Suite W	Oak Grove	Ziebach County	SD	58370	465	360	208	227	470
eing	1	656	Washington 	Dr.	Suite 50	Oak Grove	Williamson County	TN	38370	427	358	209	243	459
eing	1	687	Ridge 	Blvd	Suite P	Pleasant Hill	Ziebach County	SD	53604	456	368	208	217	421
ese	1	27	Lake 	Ln	Suite 260	Pleasant Hill	Williamson County	TN	33604	443	364	218	194	428
ese	1	302	Spruce 	Court	Suite L	Fairview	Walker County	AL	35709	451	354	214	230	397
ese	1	313	East 	Court	Suite 300	Five Points	Walker County	AL	36098	444	348	212	229	433
ese	1	408	Washington 1st	Circle	Suite 390	Riverside	Ziebach County	SD	59231	457	343	225	229	448
ese	1	462	1st Washington	Parkway	Suite 290	Oak Grove	Walker County	AL	38370	472	376	230	210	423
ese	1	487	7th 	Street	Suite 0	Five Points	Williamson County	TN	36098	460	363	230	227	442
ese	1	521	9th 	Ave	Suite Y	Fairview	Ziebach County	SD	55709	455	377	228	215	438
ese	1	669	Locust Spring	Parkway	Suite E	Five Points	Walker County	AL	36098	430	355	227	258	452
ese	1	924	West 	Drive	Suite 130	Fairview	Walker County	AL	35709	432	357	213	217	426
ese	1	984	Oak 	Cir.	Suite D	Midway	Williamson County	TN	31904	486	362	224	230	436
n st	1	240	Willow 	RD	Suite 280	Pleasant Hill	Walker County	AL	33604	433	371	249	209	420
n st	1	49	Locust Lake	Way	Suite 90	Midway	Walker County	AL	31904	420	342	215	219	433
n st	1	495	Valley 	Lane	Suite D	Midway	Williamson County	TN	31904	437	378	231	222	401
n st	1	616	Cedar 	Street	Suite M	Pleasant Hill	Ziebach County	SD	53604	481	362	220	242	486
n st	1	638	Cherry 	Dr.	Suite T	Mount Pleasant	Walker County	AL	31933	466	339	215	229	443
ought	1	150	Maple Williams	Lane	Suite D	Fairview	Williamson County	TN	35709	458	391	195	220	446
ought	1	602	Chestnut 5th	Boulevard	Suite C	Midway	Williamson County	TN	31904	477	364	202	260	443
ought	1	75	2nd Oak	Pkwy	Suite C	Midway	Williamson County	TN	31904	418	335	179	200	476
ought	1	767	Spring 	Wy	Suite 250	Midway	Ziebach County	SD	51904	436	348	232	212	467
ought	1	934	Hill 	Circle	Suite 490	Fairview	Ziebach County	SD	55709	451	353	244	191	434
pri	1	392	Jefferson 	Ln	Suite K	Five Points	Williamson County	TN	36098	441	353	210	235	443
pri	1	728	Adams 	Way	Suite T	Oak Grove	Walker County	AL	38370	465	367	219	249	465
pri	1	84	First 	Cir.	Suite 180	Midway	Ziebach County	SD	51904	439	356	247	223	501
pri	1	872	Washington 	Pkwy	Suite 70	Riverside	Walker County	AL	39231	458	373	209	239	436
pri	1	889	River Wilson	Avenue	Suite 210	Fairview	Walker County	AL	35709	440	357	209	246	439
Time taken: 395.258 seconds, Fetched: 72 row(s)
Query 50: Total Execution Time = 403 seconds
