VM1 sda-sda
Previous Sectors Read = 22283346
Current Sectors Read = 22462554
Previous Sectors Written = 10575136
Current Sectors Written = 10706992
Sectors Read = 179208
Sectors Written = 131856
--------------------
VM1 sdb-sdb
Previous Sectors Read = 96786
Current Sectors Read = 97098
Previous Sectors Written = 427330768
Current Sectors Written = 427351224
Sectors Read = 312
Sectors Written = 20456
--------------------
VM1 sdc-sdc
Previous Sectors Read = 543372514
Current Sectors Read = 553719794
Previous Sectors Written = 844891408
Current Sectors Written = 848292680
Sectors Read = 10347280
Sectors Written = 3401272
--------------------
VM2 sda-sda
Previous Sectors Read = 9085754
Current Sectors Read = 9146698
Previous Sectors Written = 1778832
Current Sectors Written = 1788160
Sectors Read = 60944
Sectors Written = 9328
--------------------
VM2 sdb-sdb
Previous Sectors Read = 471690
Current Sectors Read = 471882
Previous Sectors Written = 426978448
Current Sectors Written = 426991856
Sectors Read = 192
Sectors Written = 13408
--------------------
VM2 sdc-sdc
Previous Sectors Read = 631889002
Current Sectors Read = 643962010
Previous Sectors Written = 808776344
Current Sectors Written = 811787616
Sectors Read = 12073008
Sectors Written = 3011272
--------------------
VM3 sda-sda
Previous Sectors Read = 9027514
Current Sectors Read = 9101746
Previous Sectors Written = 1801296
Current Sectors Written = 1814160
Sectors Read = 74232
Sectors Written = 12864
--------------------
VM3 sdc-sdc
Previous Sectors Read = 540915450
Current Sectors Read = 551254642
Previous Sectors Written = 807178696
Current Sectors Written = 814971520
Sectors Read = 10339192
Sectors Written = 7792824
--------------------
VM3 sdb-sdb
Previous Sectors Read = 474650
Current Sectors Read = 475490
Previous Sectors Written = 426984824
Current Sectors Written = 427003928
Sectors Read = 840
Sectors Written = 19104
--------------------
VM4 sda-sda
Previous Sectors Read = 8990042
Current Sectors Read = 9049330
Previous Sectors Written = 1800264
Current Sectors Written = 1808904
Sectors Read = 59288
Sectors Written = 8640
--------------------
VM4 sdb-sdb
Previous Sectors Read = 459314
Current Sectors Read = 460090
Previous Sectors Written = 426956000
Current Sectors Written = 426969104
Sectors Read = 776
Sectors Written = 13104
--------------------
VM4 sdc-sdc
Previous Sectors Read = 536698826
Current Sectors Read = 547028482
Previous Sectors Written = 907651088
Current Sectors Written = 910777640
Sectors Read = 10329656
Sectors Written = 3126552
--------------------
VM1
Previous Packets Received = 57087733152
Current Packets Received = 59420658586
Previous Packets Transmitted = 66861249082
Current Packets Transmitted = 68243792010
Packets received = 2332925434
Packets Transmitted = 1382542928
--------------------
VM2
Previous Packets Received = 50186274728
Current Packets Received = 51625949912
Previous Packets Transmitted = 79957359954
Current Packets Transmitted = 81962498044
Packets received = 1439675184
Packets Transmitted = 2005138090
--------------------
VM3
Previous Packets Received = 68577477633
Current Packets Received = 70448216009
Previous Packets Transmitted = 47280006095
Current Packets Transmitted = 49630285912
Packets received = 1870738376
Packets Transmitted = 2350279817
--------------------
VM4
Previous Packets Received = 75412108638
Current Packets Received = 76941189739
Previous Packets Transmitted = 47462567849
Current Packets Transmitted = 48628938536
Packets received = 1529081101
Packets Transmitted = 1166370687
--------------------
Total Sectors Read = 22254043136
Total Sectors Written = 8991068160
Total Packets Received = 7172420095
Total Packets Transmitted = 6904331522
