   8       0 sda 905238 9 25483050 1297012 264456 505829 12297192 5517444 0 1534696 6814068
   8       1 sda1 905088 9 25481850 1296960 263829 505829 12297192 5517176 0 1534428 6813756
   8      16 sdb 21587 13111 185370 8736 71526 75781 427610872 116884 0 12652 125592
   8      17 sdb1 21234 13089 182370 8668 71407 75781 427610872 116784 0 12484 125424
   8      32 sdc 3227311 1043 769363578 200767576 2291255 210817 1012723288 585628400 0 15276196 786391636
   8      33 sdc1 3227161 1043 769362378 200766756 2244462 210817 1012723288 585609160 0 15268344 786372240
   8       0 sda 450322 208 10399002 717496 50991 31342 1932872 834128 0 763960 1551480
   8       1 sda1 450172 208 10397802 717440 50982 31342 1932872 834052 0 763844 1551348
   8      16 sdb 91502 13108 742346 36728 57748 68974 427188168 117048 0 28312 153760
   8      17 sdb1 91149 13086 739346 36636 57628 68974 427188168 116980 0 28152 153600
   8      32 sdc 3707789 898 896404714 266386292 2104880 141460 973754656 606894416 0 15317788 873279856
   8      33 sdc1 3707639 898 896403514 266385464 2104771 141460 973754656 606894400 0 15316996 873277920
   8       0 sda 447784 148 10363562 624056 52575 31891 1961936 846584 0 760964 1470448
   8       1 sda1 447634 148 10362362 624036 52569 31891 1961936 846540 0 760916 1470380
   8      32 sdc 3201112 607 766680178 200146796 2128632 142159 986932928 595767544 0 14277540 795928264
   8      33 sdc1 3200962 607 766678978 200145976 2128529 142159 986932928 595767524 0 14276760 795918484
   8      16 sdb 92957 13108 754074 38004 57907 69129 427201096 100628 0 28040 138588
   8      17 sdb1 92605 13086 751082 37932 57784 69129 427201096 100356 0 27700 138244
   8       0 sda 445663 215 10275026 787320 51665 35944 1961352 858904 0 748504 1646020
   8       1 sda1 445513 215 10273826 787252 51659 35944 1961352 858860 0 748424 1645908
   8      16 sdb 89568 13108 726874 28316 57235 68736 427173800 95108 0 19940 123404
   8      17 sdb1 89215 13086 723874 28272 57111 68736 427173800 94856 0 19644 123108
   8      32 sdc 3187894 686 763519442 202423076 2332341 142245 1087028480 650287576 0 14668992 852707828
   8      33 sdc1 3187744 686 763518242 202422244 2332234 142245 1087028480 650287564 0 14668156 852723808
  eth0: 76427725179 60524657    0  464    0     0          0         0 83474963675 10382340    0    0    0     0       0          0
  eth0: 61180219321 50192092    0 3773    0     0          0         0 105607784071 9680419    0    0    0     0       0          0
  eth0: 88703315244 67824722    0 1859    0     0          0         0 63731217170 10380033    0    0    0     0       0          0
  eth0: 96470846253 71804335    0 2652    0     0          0         0 57591710384 10578597    0    0    0     0       0          0
