   8       0 sda 898938 9 25304338 1292724 260084 493951 12068768 5468876 0 1522108 6761220
   8       1 sda1 898788 9 25303138 1292672 259457 493951 12068768 5468608 0 1521840 6760908
   8      16 sdb 21574 13111 185266 8736 71061 75148 427589472 116820 0 12588 125528
   8      17 sdb1 21221 13089 182266 8668 70942 75148 427589472 116720 0 12420 125360
   8      32 sdc 3145452 1040 749044898 197223044 2284048 206777 1009292464 585260556 0 15055932 782479276
   8      33 sdc1 3145302 1040 749043698 197222224 2238424 206777 1009292464 585241572 0 15048184 782460136
   8       0 sda 446562 205 10315026 715240 50686 31114 1922992 831804 0 760348 1546908
   8       1 sda1 446412 205 10313826 715184 50677 31114 1922992 831728 0 760232 1546776
   8      16 sdb 91375 13108 741330 36716 57420 68458 427176264 117012 0 28264 153712
   8      17 sdb1 91022 13086 738330 36624 57300 68458 427176264 116944 0 28104 153552
   8      32 sdc 3613166 895 872651626 261793044 2101473 139234 970791448 606655160 0 15086688 868447364
   8      33 sdc1 3613016 895 872650426 261792216 2101364 139234 970791448 606655144 0 15085896 868445428
   8       0 sda 444576 148 10290762 623228 52291 31669 1951792 844456 0 758108 1467496
   8       1 sda1 444426 148 10289562 623208 52285 31669 1951792 844412 0 758060 1467428
   8      32 sdc 3119529 604 746360074 196245408 2123792 139621 983604464 595164988 0 14065356 791424348
   8      33 sdc1 3119379 604 746358874 196244588 2123689 139621 983604464 595164968 0 14064576 791414568
   8      16 sdb 92815 13108 752938 37856 57586 68567 427188304 100564 0 27956 138376
   8      17 sdb1 92463 13086 749946 37784 57463 68567 427188304 100292 0 27616 138032
   8       0 sda 442995 211 10216530 785968 51431 35773 1953152 858016 0 746656 1643780
   8       1 sda1 442845 211 10215330 785900 51425 35773 1953152 857972 0 746576 1643668
   8      16 sdb 89423 13108 725714 28188 56965 68267 427163352 95080 0 19884 123248
   8      17 sdb1 89070 13086 722714 28144 56841 68267 427163352 94828 0 19588 122952
   8      32 sdc 3106267 684 743212090 198590052 2329222 140266 1084110624 649974016 0 14456944 848561280
   8      33 sdc1 3106117 684 743210890 198589220 2329115 140266 1084110624 649974004 0 14456108 848577260
  eth0: 75369235157 59755357    0  464    0     0          0         0 83071420865 10297857    0    0    0     0       0          0
  eth0: 60943123389 49949714    0 3773    0     0          0         0 104293650845 9633674    0    0    0     0       0          0
  eth0: 88425123708 67623390    0 1859    0     0          0         0 63633205541 10348028    0    0    0     0       0          0
  eth0: 95955268787 71436111    0 2652    0     0          0         0 57407076836 10535202    0    0    0     0       0          0
