VM1 sda-sda
Previous Sectors Read = 25304338
Current Sectors Read = 25483050
Previous Sectors Written = 12068768
Current Sectors Written = 12297192
Sectors Read = 178712
Sectors Written = 228424
--------------------
VM1 sdb-sdb
Previous Sectors Read = 185266
Current Sectors Read = 185370
Previous Sectors Written = 427589472
Current Sectors Written = 427610872
Sectors Read = 104
Sectors Written = 21400
--------------------
VM1 sdc-sdc
Previous Sectors Read = 749044898
Current Sectors Read = 769363578
Previous Sectors Written = 1009292464
Current Sectors Written = 1012723288
Sectors Read = 20318680
Sectors Written = 3430824
--------------------
VM2 sda-sda
Previous Sectors Read = 10315026
Current Sectors Read = 10399002
Previous Sectors Written = 1922992
Current Sectors Written = 1932872
Sectors Read = 83976
Sectors Written = 9880
--------------------
VM2 sdb-sdb
Previous Sectors Read = 741330
Current Sectors Read = 742346
Previous Sectors Written = 427176264
Current Sectors Written = 427188168
Sectors Read = 1016
Sectors Written = 11904
--------------------
VM2 sdc-sdc
Previous Sectors Read = 872651626
Current Sectors Read = 896404714
Previous Sectors Written = 970791448
Current Sectors Written = 973754656
Sectors Read = 23753088
Sectors Written = 2963208
--------------------
VM3 sda-sda
Previous Sectors Read = 10290762
Current Sectors Read = 10363562
Previous Sectors Written = 1951792
Current Sectors Written = 1961936
Sectors Read = 72800
Sectors Written = 10144
--------------------
VM3 sdc-sdc
Previous Sectors Read = 746360074
Current Sectors Read = 766680178
Previous Sectors Written = 983604464
Current Sectors Written = 986932928
Sectors Read = 20320104
Sectors Written = 3328464
--------------------
VM3 sdb-sdb
Previous Sectors Read = 752938
Current Sectors Read = 754074
Previous Sectors Written = 427188304
Current Sectors Written = 427201096
Sectors Read = 1136
Sectors Written = 12792
--------------------
VM4 sda-sda
Previous Sectors Read = 10216530
Current Sectors Read = 10275026
Previous Sectors Written = 1953152
Current Sectors Written = 1961352
Sectors Read = 58496
Sectors Written = 8200
--------------------
VM4 sdb-sdb
Previous Sectors Read = 725714
Current Sectors Read = 726874
Previous Sectors Written = 427163352
Current Sectors Written = 427173800
Sectors Read = 1160
Sectors Written = 10448
--------------------
VM4 sdc-sdc
Previous Sectors Read = 743212090
Current Sectors Read = 763519442
Previous Sectors Written = 1084110624
Current Sectors Written = 1087028480
Sectors Read = 20307352
Sectors Written = 2917856
--------------------
VM1
Previous Packets Received = 75369235157
Current Packets Received = 76427725179
Previous Packets Transmitted = 83071420865
Current Packets Transmitted = 83474963675
Packets received = 1058490022
Packets Transmitted = 403542810
--------------------
VM2
Previous Packets Received = 60943123389
Current Packets Received = 61180219321
Previous Packets Transmitted = 104293650845
Current Packets Transmitted = 105607784071
Packets received = 237095932
Packets Transmitted = 1314133226
--------------------
VM3
Previous Packets Received = 88425123708
Current Packets Received = 88703315244
Previous Packets Transmitted = 63633205541
Current Packets Transmitted = 63731217170
Packets received = 278191536
Packets Transmitted = 98011629
--------------------
VM4
Previous Packets Received = 95955268787
Current Packets Received = 96470846253
Previous Packets Transmitted = 57407076836
Current Packets Transmitted = 57591710384
Packets received = 515577466
Packets Transmitted = 184633548
--------------------
Total Sectors Read = 43569471488
Total Sectors Written = 6632214528
Total Packets Received = 2089354956
Total Packets Transmitted = 2000321213
