   8       0 sda 698175 9 19721282 1080896 211795 363568 9564232 4948444 0 1320044 6029052
   8       1 sda1 698025 9 19720082 1080844 211174 363568 9564232 4948176 0 1319776 6028732
   8      16 sdb 6527 13111 64890 3716 61901 64802 427251968 114736 0 7800 118428
   8      17 sdb1 6174 13089 61890 3648 61808 64802 427251968 114652 0 7648 118276
   8      32 sdc 2174994 767 516236554 140694124 1808841 148186 813610664 482417704 0 11182068 623108548
   8      33 sdc1 2174844 767 516235354 140693304 1775066 148186 813610664 482401952 0 11176088 623092560
   8       0 sda 346135 154 8031938 630764 44186 25645 1730360 786828 0 682668 1417476
   8       1 sda1 345985 154 8030738 630708 44178 25645 1730360 786752 0 682552 1417344
   8      16 sdb 28297 13108 236706 10848 49583 58851 426924920 113648 0 11428 124488
   8      17 sdb1 27944 13086 233706 10756 49489 58851 426924920 113592 0 11280 124340
   8      32 sdc 2496109 759 600360234 178308360 1675013 101646 782188400 487429860 0 11073912 665737012
   8      33 sdc1 2495959 759 600359034 178307532 1674929 101646 782188400 487429848 0 11073120 665735060
   8       0 sda 342578 123 7962874 576548 45430 25733 1747568 796880 0 675640 1373276
   8       1 sda1 342428 123 7961674 576528 45424 25733 1747568 796836 0 675592 1373208
   8      32 sdc 2157815 497 513923426 137877660 1681542 100634 787774960 477007324 0 10294148 614899372
   8      33 sdc1 2157665 497 513922226 137876840 1681462 100634 787774960 477007312 0 10293324 614882104
   8      16 sdb 28388 13108 237522 10936 49624 58458 426927288 99332 0 10548 110264
   8      17 sdb1 28036 13086 234530 10864 49528 58458 426927288 99084 0 10232 109944
   8       0 sda 343420 172 7962338 673868 44889 29974 1751624 808176 0 665356 1481896
   8       1 sda1 343270 172 7961138 673800 44883 29974 1751624 808132 0 665276 1481784
   8      16 sdb 27521 13108 230498 9440 49124 58095 426899736 93748 0 8836 103172
   8      17 sdb1 27168 13086 227498 9396 49027 58095 426899736 93500 0 8544 102880
   8      32 sdc 2139101 463 510027194 140922644 1852413 100756 873014384 531971656 0 10672888 672892312
   8      33 sdc1 2138951 463 510025994 140921812 1852328 100756 873014384 531971644 0 10672056 672908288
  eth0: 50073778527 40361677    0    0    0     0          0         0 58781155449 7425718    0    0    0     0       0          0
  eth0: 43719606413 35832122    0  916    0     0          0         0 72887050034 7143100    0    0    0     0       0          0
  eth0: 61366238104 47307876    0 1739    0     0          0         0 42614516506 7406976    0    0    0     0       0          0
  eth0: 67282051557 50184165    0  849    0     0          0         0 39528562079 7589277    0    0    0     0       0          0
