   8       0 sda 693361 9 19561530 1078372 211511 363338 9556392 4947024 0 1316568 6025108
   8       1 sda1 693211 9 19560330 1078320 210890 363338 9556392 4946756 0 1316300 6024788
   8      16 sdb 6468 13111 64418 3580 61787 64656 427247704 114676 0 7732 118232
   8      17 sdb1 6115 13089 61418 3512 61694 64656 427247704 114592 0 7580 118080
   8      32 sdc 2158337 761 512582842 139996024 1808191 147505 813592936 482406060 0 11116932 622398808
   8      33 sdc1 2158187 761 512581642 139995204 1774492 147505 813592936 482390320 0 11110960 622382832
   8       0 sda 344993 154 8010098 630096 44049 25521 1726128 785968 0 681352 1415948
   8       1 sda1 344843 154 8008898 630040 44041 25521 1726128 785892 0 681236 1415816
   8      16 sdb 28273 13108 236514 10848 49438 58669 426919936 113640 0 11420 124480
   8      17 sdb1 27920 13086 233514 10756 49344 58669 426919936 113584 0 11272 124332
   8      32 sdc 2476725 757 596041418 177586716 1674571 101266 782171784 487419256 0 11001032 665004768
   8      33 sdc1 2476575 757 596040218 177585888 1674487 101266 782171784 487419244 0 11000240 665002816
   8       0 sda 341402 121 7941714 575884 45347 25672 1745112 796228 0 674432 1371960
   8       1 sda1 341252 121 7940514 575864 45341 25672 1745112 796184 0 674384 1371892
   8      32 sdc 2141193 487 510266338 137172312 1681158 100314 787762464 476996772 0 10232312 614183472
   8      33 sdc1 2141043 487 510265138 137171492 1681078 100314 787762464 476996760 0 10231488 614166204
   8      16 sdb 28232 13108 236274 10852 49523 58301 426924288 99324 0 10532 110172
   8      17 sdb1 27880 13086 233282 10780 49427 58301 426924288 99076 0 10216 109852
   8       0 sda 342326 172 7940746 666428 44813 29906 1748600 807888 0 664460 1474172
   8       1 sda1 342176 172 7939546 666360 44807 29906 1748600 807844 0 664380 1474060
   8      16 sdb 27475 13108 230130 9312 49018 57943 426896576 93740 0 8824 103036
   8      17 sdb1 27122 13086 227130 9268 48921 57943 426896576 93492 0 8532 102744
   8      32 sdc 2122143 455 506274498 140307996 1851926 100331 872991832 531961924 0 10606460 672267936
   8      33 sdc1 2121993 455 506273298 140307164 1851841 100331 872991832 531961912 0 10605628 672283912
  eth0: 50024133157 40322134    0    0    0     0          0         0 58776695134 7403238    0    0    0     0       0          0
  eth0: 43677702936 35777205    0  916    0     0          0         0 72695421597 7117070    0    0    0     0       0          0
  eth0: 61330337078 47279444    0 1739    0     0          0         0 42609008906 7390263    0    0    0     0       0          0
  eth0: 67086227107 50013260    0  849    0     0          0         0 39420335182 7565649    0    0    0     0       0          0
