VM1 sda-sda
Previous Sectors Read = 19561530
Current Sectors Read = 19721282
Previous Sectors Written = 9556392
Current Sectors Written = 9564232
Sectors Read = 159752
Sectors Written = 7840
--------------------
VM1 sdb-sdb
Previous Sectors Read = 64418
Current Sectors Read = 64890
Previous Sectors Written = 427247704
Current Sectors Written = 427251968
Sectors Read = 472
Sectors Written = 4264
--------------------
VM1 sdc-sdc
Previous Sectors Read = 512582842
Current Sectors Read = 516236554
Previous Sectors Written = 813592936
Current Sectors Written = 813610664
Sectors Read = 3653712
Sectors Written = 17728
--------------------
VM2 sda-sda
Previous Sectors Read = 8010098
Current Sectors Read = 8031938
Previous Sectors Written = 1726128
Current Sectors Written = 1730360
Sectors Read = 21840
Sectors Written = 4232
--------------------
VM2 sdb-sdb
Previous Sectors Read = 236514
Current Sectors Read = 236706
Previous Sectors Written = 426919936
Current Sectors Written = 426924920
Sectors Read = 192
Sectors Written = 4984
--------------------
VM2 sdc-sdc
Previous Sectors Read = 596041418
Current Sectors Read = 600360234
Previous Sectors Written = 782171784
Current Sectors Written = 782188400
Sectors Read = 4318816
Sectors Written = 16616
--------------------
VM3 sda-sda
Previous Sectors Read = 7941714
Current Sectors Read = 7962874
Previous Sectors Written = 1745112
Current Sectors Written = 1747568
Sectors Read = 21160
Sectors Written = 2456
--------------------
VM3 sdc-sdc
Previous Sectors Read = 510266338
Current Sectors Read = 513923426
Previous Sectors Written = 787762464
Current Sectors Written = 787774960
Sectors Read = 3657088
Sectors Written = 12496
--------------------
VM3 sdb-sdb
Previous Sectors Read = 236274
Current Sectors Read = 237522
Previous Sectors Written = 426924288
Current Sectors Written = 426927288
Sectors Read = 1248
Sectors Written = 3000
--------------------
VM4 sda-sda
Previous Sectors Read = 7940746
Current Sectors Read = 7962338
Previous Sectors Written = 1748600
Current Sectors Written = 1751624
Sectors Read = 21592
Sectors Written = 3024
--------------------
VM4 sdb-sdb
Previous Sectors Read = 230130
Current Sectors Read = 230498
Previous Sectors Written = 426896576
Current Sectors Written = 426899736
Sectors Read = 368
Sectors Written = 3160
--------------------
VM4 sdc-sdc
Previous Sectors Read = 506274498
Current Sectors Read = 510027194
Previous Sectors Written = 872991832
Current Sectors Written = 873014384
Sectors Read = 3752696
Sectors Written = 22552
--------------------
VM1
Previous Packets Received = 50024133157
Current Packets Received = 50073778527
Previous Packets Transmitted = 58776695134
Current Packets Transmitted = 58781155449
Packets received = 49645370
Packets Transmitted = 4460315
--------------------
VM2
Previous Packets Received = 43677702936
Current Packets Received = 43719606413
Previous Packets Transmitted = 72695421597
Current Packets Transmitted = 72887050034
Packets received = 41903477
Packets Transmitted = 191628437
--------------------
VM3
Previous Packets Received = 61330337078
Current Packets Received = 61366238104
Previous Packets Transmitted = 42609008906
Current Packets Transmitted = 42614516506
Packets received = 35901026
Packets Transmitted = 5507600
--------------------
VM4
Previous Packets Received = 67086227107
Current Packets Received = 67282051557
Previous Packets Transmitted = 39420335182
Current Packets Transmitted = 39528562079
Packets received = 195824450
Packets Transmitted = 108226897
--------------------
Total Sectors Read = 7991775232
Total Sectors Written = 52404224
Total Packets Received = 323274323
Total Packets Transmitted = 309823249
