   8       0 sda 942879 9 26532618 1332716 271235 528932 12724472 5589684 0 1583172 6922000
   8       1 sda1 942729 9 26531418 1332664 270608 528932 12724472 5589416 0 1582904 6921688
   8      16 sdb 28117 13111 237610 10964 74427 78756 427708616 117764 0 14720 128700
   8      17 sdb1 27764 13089 234610 10896 74303 78756 427708616 117664 0 14552 128532
   8      32 sdc 3516786 1169 839273434 223709976 2642706 230419 1193214976 684976596 0 16795660 908681664
   8      33 sdc1 3516636 1169 839272234 223709156 2593567 230419 1193214976 684956856 0 16787540 908661772
   8       0 sda 468591 217 10804354 731988 53395 32947 1996672 848712 0 783616 1580544
   8       1 sda1 468441 217 10803154 731932 53386 32947 1996672 848636 0 783500 1580412
   8      16 sdb 104047 13108 842706 41476 60220 71803 427266600 117528 0 31276 158988
   8      17 sdb1 103694 13086 839706 41384 60095 71803 427266600 117460 0 31116 158828
   8      32 sdc 4041566 1003 978283210 296858840 2457279 156085 1155821088 709075224 0 16869292 1005933316
   8      33 sdc1 4041416 1003 978282010 296858012 2457165 156085 1155821088 709075204 0 16868500 1005930604
   8       0 sda 466107 153 10770442 631780 55091 33565 2029584 862776 0 783504 1494356
   8       1 sda1 465957 153 10769242 631760 55085 33565 2029584 862732 0 783456 1494288
   8      32 sdc 3489734 676 836845914 223652724 2478514 156702 1168427928 696325500 0 15766032 919991556
   8      33 sdc1 3489584 676 836844714 223651904 2478406 156702 1168427928 696325480 0 15765252 919981776
   8      16 sdb 105887 13108 857514 43588 60402 72069 427281160 101048 0 31660 144580
   8      17 sdb1 105535 13086 854522 43516 60274 72069 427281160 100768 0 31312 144228
   8       0 sda 463466 221 10667522 837228 54393 37880 2032120 879848 0 774636 1716864
   8       1 sda1 463316 221 10666322 837160 54387 37880 2032120 879804 0 774556 1716752
   8      16 sdb 101982 13108 826186 32344 59775 71624 427253928 95592 0 22196 127916
   8      17 sdb1 101629 13086 823186 32300 59646 71624 427253928 95340 0 21900 127620
   8      32 sdc 3477626 859 833765722 227886484 2680081 156380 1266802496 753641932 0 16130088 981525708
   8      33 sdc1 3477476 859 833764522 227885652 2679969 156380 1266802496 753641916 0 16129252 981541036
  eth0: 82615104603 65215386    0  464    0     0          0         0 86821494305 11149495    0    0    0     0       0          0
  eth0: 63795430603 52742914    0 3773    0     0          0         0 113593106991 10340761    0    0    0     0       0          0
  eth0: 94747857737 72427533    0 1859    0     0          0         0 67278646798 11155669    0    0    0     0       0          0
  eth0: 100722328606 75241239    0 2652    0     0          0         0 61036816377 11228156    0    0    0     0       0          0
