   8       0 sda 938051 9 26372602 1329880 269207 528182 12686872 5577532 0 1569724 6907012
   8       1 sda1 937901 9 26371402 1329828 268580 528182 12686872 5577264 0 1569456 6906700
   8      16 sdb 28042 13111 237010 10864 73594 78134 427691928 117528 0 14572 128364
   8      17 sdb1 27689 13089 234010 10796 73470 78134 427691928 117428 0 14404 128196
   8      32 sdc 3492876 1165 834235546 219684972 2466604 224890 1103543752 631645048 0 16338212 851325436
   8      33 sdc1 3492726 1165 834234346 219684152 2417549 224890 1103543752 631625332 0 16330104 851305564
   8       0 sda 467442 217 10782090 731264 52472 32652 1976768 842612 0 777584 1573724
   8       1 sda1 467292 217 10780890 731208 52463 32652 1976768 842536 0 777468 1573592
   8      16 sdb 103942 13108 841866 41372 59572 71264 427254136 117432 0 31172 158788
   8      17 sdb1 103589 13086 838866 41280 59447 71264 427254136 117364 0 31012 158628
   8      32 sdc 4015073 990 972421298 292770792 2270161 150963 1060886088 654686104 0 16392060 947456496
   8      33 sdc1 4014923 990 972420098 292769964 2270047 150963 1060886088 654686084 0 16391268 947453784
   8       0 sda 464925 152 10748450 631292 54166 33240 2008680 856428 0 776736 1487520
   8       1 sda1 464775 152 10747250 631272 54160 33240 2008680 856384 0 776688 1487452
   8      32 sdc 3465721 656 831671010 219861324 2291283 151770 1073320192 641268916 0 15294452 861143828
   8      33 sdc1 3465571 656 831669810 219860504 2291175 151770 1073320192 641268896 0 15293672 861134048
   8      16 sdb 105787 13108 856714 43440 59769 71545 427268640 100972 0 31584 144356
   8      17 sdb1 105435 13086 853722 43368 59641 71545 427268640 100692 0 31236 144004
   8       0 sda 462285 221 10644754 836216 53050 37191 2002528 870656 0 766464 1706660
   8       1 sda1 462135 221 10643554 836148 53044 37191 2002528 870612 0 766384 1706548
   8      16 sdb 101901 13108 825538 32332 58968 70982 427236352 95548 0 22140 127860
   8      17 sdb1 101548 13086 822538 32288 58839 70982 427236352 95296 0 21844 127564
   8      32 sdc 3452281 828 828446834 223691008 2503768 151669 1177517136 700114764 0 15669512 923802756
   8      33 sdc1 3452131 828 828445634 223690176 2503656 151669 1177517136 700114748 0 15668676 923818664
  eth0: 81387466794 64147067    0  464    0     0          0         0 85643235183 10834949    0    0    0     0       0          0
  eth0: 62488359119 51587280    0 3773    0     0          0         0 112128494591 10023451    0    0    0     0       0          0
  eth0: 93241165729 71168835    0 1859    0     0          0         0 66008734549 10826012    0    0    0     0       0          0
  eth0: 99327112713 73936107    0 2652    0     0          0         0 59714660498 10889206    0    0    0     0       0          0
