VM1 sda-sda
Previous Sectors Read = 149738554
Current Sectors Read = 154969938
Previous Sectors Written = 247421960
Current Sectors Written = 341806968
Sectors Read = 5231384
Sectors Written = 94385008
--------------------
VM1 sdb-sdb
Previous Sectors Read = 12482930
Current Sectors Read = 12643466
Previous Sectors Written = 6051008
Current Sectors Written = 6093288
Sectors Read = 160536
Sectors Written = 42280
--------------------
VM1 sdc-sdc
Previous Sectors Read = 62394
Current Sectors Read = 63554
Previous Sectors Written = 426629584
Current Sectors Written = 426647976
Sectors Read = 1160
Sectors Written = 18392
--------------------
VM2 sda1-sda1
Previous Sectors Read = 4956826
Current Sectors Read = 4991266
Previous Sectors Written = 612536
Current Sectors Written = 641568
Sectors Read = 34440
Sectors Written = 29032
--------------------
VM2 sdb-sdb
Previous Sectors Read = 59066
Current Sectors Read = 59442
Previous Sectors Written = 426462160
Current Sectors Written = 426480440
Sectors Read = 376
Sectors Written = 18280
--------------------
VM2 sdc-sdc
Previous Sectors Read = 164901266
Current Sectors Read = 172133058
Previous Sectors Written = 224206840
Current Sectors Written = 333729144
Sectors Read = 7231792
Sectors Written = 109522304
--------------------
VM3 sda-sda
Previous Sectors Read = 89080058
Current Sectors Read = 93535570
Previous Sectors Written = 140283448
Current Sectors Written = 197932592
Sectors Read = 4455512
Sectors Written = 57649144
--------------------
VM3 sdb-sdb
Previous Sectors Read = 17600
Current Sectors Read = 17600
Previous Sectors Written = 0
Current Sectors Written = 0
Sectors Read = 0
Sectors Written = 0
--------------------
VM3 sdc-sdc
Previous Sectors Read = 46074
Current Sectors Read = 46250
Previous Sectors Written = 227672
Current Sectors Written = 238368
Sectors Read = 176
Sectors Written = 10696
--------------------
VM4 sdb-sdb
Previous Sectors Read = 59938
Current Sectors Read = 60098
Previous Sectors Written = 426452728
Current Sectors Written = 426465528
Sectors Read = 160
Sectors Written = 12800
--------------------
VM4 sda-sda
Previous Sectors Read = 4902922
Current Sectors Read = 4924922
Previous Sectors Written = 686104
Current Sectors Written = 708696
Sectors Read = 22000
Sectors Written = 22592
--------------------
VM4 sdc-sdc
Previous Sectors Read = 124923394
Current Sectors Read = 130087626
Previous Sectors Written = 245978584
Current Sectors Written = 346780800
Sectors Read = 5164232
Sectors Written = 100802216
--------------------
VM1
Previous Packets Received = 15025945675
Current Packets Received = 16565947673
Previous Packets Transmitted = 31425583855
Current Packets Transmitted = 32178491484
Packets received = 1540001998
Packets Transmitted = 752907629
--------------------
VM2
Previous Packets Received = 13945561651
Current Packets Received = 15253845457
Previous Packets Transmitted = 33698729511
Current Packets Transmitted = 35800648926
Packets received = 1308283806
Packets Transmitted = 2101919415
--------------------
VM3
Previous Packets Received = 45291385769
Current Packets Received = 46190451990
Previous Packets Transmitted = 9396121443
Current Packets Transmitted = 10693893148
Packets received = 899066221
Packets Transmitted = 1297771705
--------------------
VM4
Previous Packets Received = 22991263174
Current Packets Received = 24740923560
Previous Packets Transmitted = 19175592783
Current Packets Transmitted = 20326706523
Packets received = 1749660386
Packets Transmitted = 1151113740
--------------------
Total Sectors Read = 11418505216
Total Sectors Written = 185606524928
Total Packets Received = 5497012411
Total Packets Transmitted = 5303712489
