   8       0 sda 691304 9 19519850 1076372 211404 363277 9545672 4946780 0 1315976 6022864
   8       1 sda1 691154 9 19518650 1076320 210783 363277 9545672 4946512 0 1315708 6022544
   8      16 sdb 6273 13111 62858 3548 61769 64644 427247296 114668 0 7692 118192
   8      17 sdb1 5920 13089 59858 3480 61677 64644 427247296 114588 0 7544 118044
   8      32 sdc 2158337 761 512582842 139996024 1808113 147470 812826056 482404812 0 11116232 622397560
   8      33 sdc1 2158187 761 512581642 139995204 1774424 147470 812826056 482389072 0 11110260 622381584
   8       0 sda 343288 154 7971058 627760 44023 25510 1725776 785888 0 680836 1413532
   8       1 sda1 343138 154 7969858 627704 44015 25510 1725776 785812 0 680720 1413400
   8      16 sdb 26085 13108 219010 10436 49414 58652 426919512 113604 0 11072 124032
   8      17 sdb1 25732 13086 216010 10344 49321 58652 426919512 113552 0 10928 123888
   8      32 sdc 2476725 757 596041418 177586716 1674515 101223 781248424 487418720 0 11000708 665004232
   8      33 sdc1 2476575 757 596040218 177585888 1674432 101223 781248424 487418708 0 10999916 665002280
   8       0 sda 339737 121 7902962 575728 45322 25663 1744792 796180 0 674236 1371756
   8       1 sda1 339587 121 7901762 575708 45316 25663 1744792 796136 0 674188 1371688
   8      32 sdc 2141193 487 510266338 137172312 1681072 100252 786574784 476994924 0 10231604 614181624
   8      33 sdc1 2141043 487 510265138 137171492 1680993 100252 786574784 476994912 0 10230780 614164356
   8      16 sdb 26032 13108 218674 10060 49499 58282 426923624 99324 0 9952 109380
   8      17 sdb1 25680 13086 215682 9988 49404 58282 426923624 99076 0 9636 109060
   8       0 sda 340584 172 7901562 658900 44781 29878 1747984 807332 0 663340 1466088
   8       1 sda1 340434 172 7900362 658832 44775 29878 1747984 807288 0 663260 1465976
   8      16 sdb 25403 13108 213554 8768 48990 57916 426896000 93724 0 8504 102476
   8      17 sdb1 25050 13086 210554 8724 48894 57916 426896000 93476 0 8212 102184
   8      32 sdc 2122143 455 506274498 140307996 1851685 100266 871997288 531940952 0 10605460 672246964
   8      33 sdc1 2121993 455 506273298 140307164 1851601 100266 871997288 531940940 0 10604628 672262940
  eth0: 50024048144 40321707    0    0    0     0          0         0 58776622873 7402891    0    0    0     0       0          0
  eth0: 43677680638 35777102    0  916    0     0          0         0 72695396523 7116949    0    0    0     0       0          0
  eth0: 61330300708 47279274    0 1739    0     0          0         0 42608972535 7390059    0    0    0     0       0          0
  eth0: 67086190486 50013100    0  849    0     0          0         0 39420300047 7565459    0    0    0     0       0          0
