   8       0 sda 685249 9 19349410 1072284 210740 357283 9466592 4943112 0 1311128 6015116
   8       1 sda1 685099 9 19348210 1072232 210120 357283 9466592 4942844 0 1310860 6014796
   8      16 sdb 6249 13111 62666 3544 61639 64502 427242376 114640 0 7660 118160
   8      17 sdb1 5896 13089 59666 3476 61547 64502 427242376 114560 0 7512 118012
   8      32 sdc 2143167 760 508982634 139135408 1802342 146689 811586432 481457844 0 11057356 620589988
   8      33 sdc1 2143017 760 508981434 139134588 1769187 146689 811586432 481442172 0 11051432 620574080
   8       0 sda 340577 153 7911042 626012 43900 25450 1722408 785184 0 678888 1411084
   8       1 sda1 340427 153 7909842 625956 43892 25450 1722408 785108 0 678772 1410952
   8      16 sdb 26065 13108 218850 10432 49311 58505 426916216 113580 0 11044 124004
   8      17 sdb1 25712 13086 215850 10340 49218 58505 426916216 113528 0 10900 123860
   8      32 sdc 2459714 756 591791242 176659292 1669121 100551 779880792 486185112 0 10944020 662843216
   8      33 sdc1 2459564 756 591790042 176658464 1669038 100551 779880792 486185100 0 10943228 662841264
   8       0 sda 336532 121 7830386 574160 45203 25540 1741016 795732 0 672372 1369740
   8       1 sda1 336382 121 7829186 574140 45197 25540 1741016 795688 0 672324 1369672
   8      32 sdc 2126823 487 506667498 136494456 1674809 99471 785069976 475374736 0 10176224 611883596
   8      33 sdc1 2126673 487 506666298 136493636 1674730 99471 785069976 475374724 0 10175400 611866328
   8      16 sdb 26004 13108 218450 10056 49374 58100 426919544 99312 0 9936 109364
   8      17 sdb1 25652 13086 215458 9984 49279 58100 426919544 99064 0 9620 109044
   8       0 sda 337515 171 7829442 656468 44661 29744 1744008 806804 0 661480 1463128
   8       1 sda1 337365 171 7828242 656400 44655 29744 1744008 806760 0 661400 1463016
   8      16 sdb 25327 13108 212946 8764 48871 57731 426892048 93712 0 8488 102460
   8      17 sdb1 24974 13086 209946 8720 48775 57731 426892048 93464 0 8196 102168
   8      32 sdc 2107743 455 502680250 139578668 1846614 99493 870816840 530924724 0 10555588 670501412
   8      33 sdc1 2107593 455 502679050 139577836 1846530 99493 870816840 530924712 0 10554756 670517388
  eth0: 49982384767 40257226    0    0    0     0          0         0 58115877625 7377036    0    0    0     0       0          0
  eth0: 43554731311 35660780    0  916    0     0          0         0 72074320464 7093991    0    0    0     0       0          0
  eth0: 60499770294 46696663    0 1739    0     0          0         0 42257077747 7335730    0    0    0     0       0          0
  eth0: 66323110531 49484243    0  849    0     0          0         0 39370234538 7535242    0    0    0     0       0          0
