VM1 sda-sda
Previous Sectors Read = 19349410
Current Sectors Read = 19519850
Previous Sectors Written = 9466592
Current Sectors Written = 9545672
Sectors Read = 170440
Sectors Written = 79080
--------------------
VM1 sdb-sdb
Previous Sectors Read = 62666
Current Sectors Read = 62858
Previous Sectors Written = 427242376
Current Sectors Written = 427247296
Sectors Read = 192
Sectors Written = 4920
--------------------
VM1 sdc-sdc
Previous Sectors Read = 508982634
Current Sectors Read = 512582842
Previous Sectors Written = 811586432
Current Sectors Written = 812826056
Sectors Read = 3600208
Sectors Written = 1239624
--------------------
VM2 sda-sda
Previous Sectors Read = 7911042
Current Sectors Read = 7971058
Previous Sectors Written = 1722408
Current Sectors Written = 1725776
Sectors Read = 60016
Sectors Written = 3368
--------------------
VM2 sdb-sdb
Previous Sectors Read = 218850
Current Sectors Read = 219010
Previous Sectors Written = 426916216
Current Sectors Written = 426919512
Sectors Read = 160
Sectors Written = 3296
--------------------
VM2 sdc-sdc
Previous Sectors Read = 591791242
Current Sectors Read = 596041418
Previous Sectors Written = 779880792
Current Sectors Written = 781248424
Sectors Read = 4250176
Sectors Written = 1367632
--------------------
VM3 sda-sda
Previous Sectors Read = 7830386
Current Sectors Read = 7902962
Previous Sectors Written = 1741016
Current Sectors Written = 1744792
Sectors Read = 72576
Sectors Written = 3776
--------------------
VM3 sdc-sdc
Previous Sectors Read = 506667498
Current Sectors Read = 510266338
Previous Sectors Written = 785069976
Current Sectors Written = 786574784
Sectors Read = 3598840
Sectors Written = 1504808
--------------------
VM3 sdb-sdb
Previous Sectors Read = 218450
Current Sectors Read = 218674
Previous Sectors Written = 426919544
Current Sectors Written = 426923624
Sectors Read = 224
Sectors Written = 4080
--------------------
VM4 sda-sda
Previous Sectors Read = 7829442
Current Sectors Read = 7901562
Previous Sectors Written = 1744008
Current Sectors Written = 1747984
Sectors Read = 72120
Sectors Written = 3976
--------------------
VM4 sdb-sdb
Previous Sectors Read = 212946
Current Sectors Read = 213554
Previous Sectors Written = 426892048
Current Sectors Written = 426896000
Sectors Read = 608
Sectors Written = 3952
--------------------
VM4 sdc-sdc
Previous Sectors Read = 502680250
Current Sectors Read = 506274498
Previous Sectors Written = 870816840
Current Sectors Written = 871997288
Sectors Read = 3594248
Sectors Written = 1180448
--------------------
VM1
Previous Packets Received = 49982384767
Current Packets Received = 50024048144
Previous Packets Transmitted = 58115877625
Current Packets Transmitted = 58776622873
Packets received = 41663377
Packets Transmitted = 660745248
--------------------
VM2
Previous Packets Received = 43554731311
Current Packets Received = 43677680638
Previous Packets Transmitted = 72074320464
Current Packets Transmitted = 72695396523
Packets received = 122949327
Packets Transmitted = 621076059
--------------------
VM3
Previous Packets Received = 60499770294
Current Packets Received = 61330300708
Previous Packets Transmitted = 42257077747
Current Packets Transmitted = 42608972535
Packets received = 830530414
Packets Transmitted = 351894788
--------------------
VM4
Previous Packets Received = 66323110531
Current Packets Received = 67086190486
Previous Packets Transmitted = 39370234538
Current Packets Transmitted = 39420300047
Packets received = 763079955
Packets Transmitted = 50065509
--------------------
Total Sectors Read = 7894941696
Total Sectors Written = 2764267520
Total Packets Received = 1758223073
Total Packets Transmitted = 1683781604
