   8       0 sda 721521 9 20355106 1139700 222301 382536 9982376 5079916 0 1337568 6219312
   8       1 sda1 721371 9 20353906 1139648 221679 382536 9982376 5079648 0 1337300 6218996
   8      16 sdb 7292 13111 71010 3996 62434 65291 427267088 114792 0 8000 118764
   8      17 sdb1 6939 13089 68010 3928 62338 65291 427267088 114708 0 7848 118612
   8      32 sdc 2186165 775 517968066 141207276 1831764 150335 823043912 486369124 0 11329168 627573096
   8      33 sdc1 2186015 775 517966866 141206456 1796919 150335 823043912 486353156 0 11323036 627556892
   8       0 sda 358119 158 8299730 640004 44564 25934 1740632 789388 0 689164 1429272
   8       1 sda1 357969 158 8298530 639948 44556 25934 1740632 789312 0 689048 1429140
   8      16 sdb 35117 13108 291266 13288 49931 59175 426933728 113716 0 12696 126996
   8      17 sdb1 34764 13086 288266 13196 49834 59175 426933728 113656 0 12544 126844
   8      32 sdc 2508336 761 602532314 178781384 1678503 102822 783132552 487819808 1 11188328 666600380
   8      33 sdc1 2508186 761 602531114 178780556 1678416 102822 783132552 487819796 1 11187536 666598488
   8       0 sda 354991 127 8242538 581116 45808 26039 1756720 799200 0 681248 1380164
   8       1 sda1 354841 127 8241338 581096 45802 26039 1756720 799156 0 681200 1380096
   8      32 sdc 2168164 504 515646178 138273592 1689755 102206 789818520 477956880 0 10396344 616245008
   8      33 sdc1 2168014 504 515644978 138272772 1689672 102206 789818520 477956868 0 10395520 616227588
   8      16 sdb 35122 13108 291394 13496 49955 58851 426936352 99352 0 12412 112840
   8      17 sdb1 34770 13086 288402 13424 49856 58851 426936352 99100 0 12092 112516
   8       0 sda 355942 176 8244642 683420 45262 30316 1761216 810312 0 671356 1493580
   8       1 sda1 355792 176 8243442 683352 45256 30316 1761216 810268 0 671276 1493468
   8      16 sdb 34147 13108 283506 11796 49514 58532 426909672 93780 0 10000 105560
   8      17 sdb1 33794 13086 280506 11752 49414 58532 426909672 93532 0 9708 105268
   8      32 sdc 2149650 473 511755426 141474092 1876089 102566 880194520 536861792 0 10797068 678333860
   8      33 sdc1 2149500 473 511754226 141473260 1876001 102566 880194520 536861780 0 10796236 678349836
  eth0: 52032268313 41812994    0    0    0     0          0         0 60788483288 7599856    0    0    0     0       0          0
  eth0: 44924960315 36722763    0  916    0     0          0         0 73874488852 7277228    0    0    0     0       0          0
  eth0: 62549105896 48147295    0 1739    0     0          0         0 43118919582 7503779    0    0    0     0       0          0
  eth0: 68870689003 51353150    0  849    0     0          0         0 41744862925 7770808    0    0    0     0       0          0
