   8       0 sda 715636 9 20187098 1136672 219045 373841 9828384 5061088 0 1332308 6197460
   8       1 sda1 715486 9 20185898 1136620 218423 373841 9828384 5060820 0 1332040 6197140
   8      16 sdb 7255 13111 70714 3996 62305 65192 427263272 114772 0 7980 118744
   8      17 sdb1 6902 13089 67714 3928 62209 65192 427263272 114688 0 7828 118592
   8      32 sdc 2182883 775 517408842 141074008 1828566 149734 822396984 486139996 0 11287244 627210700
   8      33 sdc1 2182733 775 517407642 141073188 1794201 149734 822396984 486124120 0 11281196 627194588
   8       0 sda 354936 154 8227370 637572 44471 25854 1738176 788500 0 686832 1425952
   8       1 sda1 354786 154 8226170 637516 44463 25854 1738176 788424 0 686716 1425820
   8      16 sdb 35002 13108 290346 13212 49855 59071 426931632 113704 0 12668 126908
   8      17 sdb1 34649 13086 287346 13120 49758 59071 426931632 113644 0 12516 126756
   8      32 sdc 2505051 761 601831306 178639208 1676406 102224 782576664 487545092 0 11150616 666183092
   8      33 sdc1 2504901 761 601830106 178638380 1676319 102224 782576664 487545080 0 11149824 666181200
   8       0 sda 351867 127 8171514 579984 45721 25969 1754336 798396 0 679432 1378228
   8       1 sda1 351717 127 8170314 579964 45715 25969 1754336 798352 0 679384 1378160
   8      32 sdc 2165601 501 515092794 138163804 1683391 101469 788217504 477177404 0 10363680 615355752
   8      33 sdc1 2165451 501 515091594 138162984 1683308 101469 788217504 477177392 0 10362856 615338332
   8      16 sdb 35036 13108 290706 13436 49845 58697 426933304 99348 0 12396 112776
   8      17 sdb1 34684 13086 287714 13364 49746 58697 426933304 99096 0 12076 112452
   8       0 sda 352796 176 8172130 681656 45137 30175 1757584 809736 0 669640 1491240
   8       1 sda1 352646 176 8170930 681588 45131 30175 1757584 809692 0 669560 1491128
   8      16 sdb 34039 13108 282642 11636 49380 58357 426906112 93764 0 9972 105384
   8      17 sdb1 33686 13086 279642 11592 49280 58357 426906112 93516 0 9680 105092
   8      32 sdc 2146758 472 511194066 141224032 1859390 101693 875978952 532860236 0 10745312 674082268
   8      33 sdc1 2146608 472 511192866 141223200 1859302 101693 875978952 532860224 0 10744480 674098244
  eth0: 50805181880 40920731    0    0    0     0          0         0 60054686753 7512587    0    0    0     0       0          0
  eth0: 43856021169 35952385    0  916    0     0          0         0 73342481858 7196530    0    0    0     0       0          0
  eth0: 62145524784 47862695    0 1739    0     0          0         0 43007847949 7473866    0    0    0     0       0          0
  eth0: 68026510820 50707786    0  849    0     0          0         0 39706167927 7633112    0    0    0     0       0          0
