
Logging initialized using configuration in jar:file:/home/ubuntu/software/hive-1.2.1/lib/hive-common-1.2.1.jar!/hive-log4j.properties
Hive history file=/tmp/ubuntu/hive_job_log_f6550d43-882a-40fe-87eb-9b8632b14858_1476812818.txt
SLF4J: Class path contains multiple SLF4J bindings.
SLF4J: Found binding in [jar:file:/home/ubuntu/software/tez-0.7.1-SNAPSHOT-minimal/lib/slf4j-log4j12-1.7.5.jar!/org/slf4j/impl/StaticLoggerBinder.class]
SLF4J: Found binding in [jar:file:/home/ubuntu/software/hadoop-2.6.0/share/hadoop/common/lib/slf4j-log4j12-1.7.5.jar!/org/slf4j/impl/StaticLoggerBinder.class]
SLF4J: See http://www.slf4j.org/codes.html#multiple_bindings for an explanation.
SLF4J: Actual binding is of type [org.slf4j.impl.Log4jLoggerFactory]
OK
Time taken: 0.949 seconds
Query ID = ubuntu_20160924180525_606a1548-4684-4c94-95af-c6be62b5f432
Total jobs = 9
SLF4J: Class path contains multiple SLF4J bindings.
SLF4J: Found binding in [jar:file:/home/ubuntu/software/tez-0.7.1-SNAPSHOT-minimal/lib/slf4j-log4j12-1.7.5.jar!/org/slf4j/impl/StaticLoggerBinder.class]
SLF4J: Found binding in [jar:file:/home/ubuntu/software/hadoop-2.6.0/share/hadoop/common/lib/slf4j-log4j12-1.7.5.jar!/org/slf4j/impl/StaticLoggerBinder.class]
SLF4J: See http://www.slf4j.org/codes.html#multiple_bindings for an explanation.
SLF4J: Actual binding is of type [org.slf4j.impl.Log4jLoggerFactory]
Execution log at: /tmp/ubuntu/ubuntu_20160924180525_606a1548-4684-4c94-95af-c6be62b5f432.log
2016-09-24 18:05:30	Starting to launch local task to process map join;	maximum memory = 932184064
2016-09-24 18:05:32	Dump the side-table for tag: 1 with group count: 7 into file: file:/tmp/ubuntu/f6550d43-882a-40fe-87eb-9b8632b14858/hive_2016-09-24_18-05-25_167_3489617323420706702-1/-local-10016/HashTable-Stage-15/MapJoin-mapfile41--.hashtable
2016-09-24 18:05:32	Uploaded 1 File to: file:/tmp/ubuntu/f6550d43-882a-40fe-87eb-9b8632b14858/hive_2016-09-24_18-05-25_167_3489617323420706702-1/-local-10016/HashTable-Stage-15/MapJoin-mapfile41--.hashtable (504 bytes)
2016-09-24 18:05:32	End of local task; Time Taken: 1.465 sec.
Execution completed successfully
MapredLocal task succeeded
Launching Job 1 out of 9
Number of reduce tasks is set to 0 since there's no reduce operator
Starting Job = job_1474660851143_0298, Tracking URL = http://vm1:8088/proxy/application_1474660851143_0298/
Kill Command = /home/ubuntu/software/hadoop-2.6.0/bin/hadoop job  -kill job_1474660851143_0298
Hadoop job information for Stage-15: number of mappers: 5; number of reducers: 0
2016-09-24 18:05:41,137 Stage-15 map = 0%,  reduce = 0%
2016-09-24 18:05:55,638 Stage-15 map = 2%,  reduce = 0%, Cumulative CPU 33.24 sec
2016-09-24 18:05:56,677 Stage-15 map = 11%,  reduce = 0%, Cumulative CPU 44.04 sec
2016-09-24 18:05:58,742 Stage-15 map = 12%,  reduce = 0%, Cumulative CPU 47.12 sec
2016-09-24 18:05:59,781 Stage-15 map = 16%,  reduce = 0%, Cumulative CPU 58.02 sec
2016-09-24 18:06:02,878 Stage-15 map = 21%,  reduce = 0%, Cumulative CPU 72.56 sec
2016-09-24 18:06:04,942 Stage-15 map = 23%,  reduce = 0%, Cumulative CPU 75.75 sec
2016-09-24 18:06:05,976 Stage-15 map = 30%,  reduce = 0%, Cumulative CPU 86.89 sec
2016-09-24 18:06:08,039 Stage-15 map = 32%,  reduce = 0%, Cumulative CPU 89.93 sec
2016-09-24 18:06:09,073 Stage-15 map = 34%,  reduce = 0%, Cumulative CPU 98.23 sec
2016-09-24 18:06:12,164 Stage-15 map = 42%,  reduce = 0%, Cumulative CPU 111.9 sec
2016-09-24 18:06:14,226 Stage-15 map = 44%,  reduce = 0%, Cumulative CPU 120.66 sec
2016-09-24 18:06:16,305 Stage-15 map = 46%,  reduce = 0%, Cumulative CPU 127.69 sec
2016-09-24 18:06:17,338 Stage-15 map = 55%,  reduce = 0%, Cumulative CPU 134.48 sec
2016-09-24 18:06:20,437 Stage-15 map = 57%,  reduce = 0%, Cumulative CPU 149.67 sec
2016-09-24 18:06:21,491 Stage-15 map = 60%,  reduce = 0%, Cumulative CPU 150.37 sec
2016-09-24 18:06:22,526 Stage-15 map = 62%,  reduce = 0%, Cumulative CPU 153.36 sec
2016-09-24 18:06:23,568 Stage-15 map = 65%,  reduce = 0%, Cumulative CPU 160.77 sec
2016-09-24 18:06:25,633 Stage-15 map = 67%,  reduce = 0%, Cumulative CPU 163.86 sec
2016-09-24 18:06:26,679 Stage-15 map = 71%,  reduce = 0%, Cumulative CPU 171.69 sec
2016-09-24 18:06:28,749 Stage-15 map = 73%,  reduce = 0%, Cumulative CPU 174.73 sec
2016-09-24 18:06:29,792 Stage-15 map = 76%,  reduce = 0%, Cumulative CPU 182.88 sec
2016-09-24 18:06:32,882 Stage-15 map = 80%,  reduce = 0%, Cumulative CPU 193.84 sec
2016-09-24 18:06:34,941 Stage-15 map = 82%,  reduce = 0%, Cumulative CPU 196.75 sec
2016-09-24 18:06:35,974 Stage-15 map = 85%,  reduce = 0%, Cumulative CPU 204.56 sec
2016-09-24 18:06:38,032 Stage-15 map = 87%,  reduce = 0%, Cumulative CPU 207.68 sec
2016-09-24 18:06:39,071 Stage-15 map = 89%,  reduce = 0%, Cumulative CPU 215.84 sec
2016-09-24 18:06:42,159 Stage-15 map = 95%,  reduce = 0%, Cumulative CPU 223.91 sec
2016-09-24 18:06:44,217 Stage-15 map = 98%,  reduce = 0%, Cumulative CPU 228.43 sec
2016-09-24 18:06:46,273 Stage-15 map = 100%,  reduce = 0%, Cumulative CPU 231.98 sec
MapReduce Total cumulative CPU time: 3 minutes 51 seconds 980 msec
Ended Job = job_1474660851143_0298
Stage-18 is selected by condition resolver.
Stage-19 is filtered out by condition resolver.
Stage-2 is filtered out by condition resolver.
SLF4J: Class path contains multiple SLF4J bindings.
SLF4J: Found binding in [jar:file:/home/ubuntu/software/tez-0.7.1-SNAPSHOT-minimal/lib/slf4j-log4j12-1.7.5.jar!/org/slf4j/impl/StaticLoggerBinder.class]
SLF4J: Found binding in [jar:file:/home/ubuntu/software/hadoop-2.6.0/share/hadoop/common/lib/slf4j-log4j12-1.7.5.jar!/org/slf4j/impl/StaticLoggerBinder.class]
SLF4J: See http://www.slf4j.org/codes.html#multiple_bindings for an explanation.
SLF4J: Actual binding is of type [org.slf4j.impl.Log4jLoggerFactory]
Execution log at: /tmp/ubuntu/ubuntu_20160924180525_606a1548-4684-4c94-95af-c6be62b5f432.log
2016-09-24 18:06:50	Starting to launch local task to process map join;	maximum memory = 932184064
2016-09-24 18:06:51	Dump the side-table for tag: 1 with group count: 3863 into file: file:/tmp/ubuntu/f6550d43-882a-40fe-87eb-9b8632b14858/hive_2016-09-24_18-05-25_167_3489617323420706702-1/-local-10012/HashTable-Stage-12/MapJoin-mapfile21--.hashtable
2016-09-24 18:06:52	Uploaded 1 File to: file:/tmp/ubuntu/f6550d43-882a-40fe-87eb-9b8632b14858/hive_2016-09-24_18-05-25_167_3489617323420706702-1/-local-10012/HashTable-Stage-12/MapJoin-mapfile21--.hashtable (163270 bytes)
2016-09-24 18:06:52	End of local task; Time Taken: 1.974 sec.
Execution completed successfully
MapredLocal task succeeded
Launching Job 3 out of 9
Number of reduce tasks is set to 0 since there's no reduce operator
Starting Job = job_1474660851143_0299, Tracking URL = http://vm1:8088/proxy/application_1474660851143_0299/
Kill Command = /home/ubuntu/software/hadoop-2.6.0/bin/hadoop job  -kill job_1474660851143_0299
Hadoop job information for Stage-12: number of mappers: 10; number of reducers: 0
2016-09-24 18:06:57,631 Stage-12 map = 0%,  reduce = 0%
2016-09-24 18:07:10,140 Stage-12 map = 1%,  reduce = 0%, Cumulative CPU 21.16 sec
2016-09-24 18:07:11,192 Stage-12 map = 12%,  reduce = 0%, Cumulative CPU 56.53 sec
2016-09-24 18:07:14,356 Stage-12 map = 17%,  reduce = 0%, Cumulative CPU 90.22 sec
2016-09-24 18:07:16,460 Stage-12 map = 36%,  reduce = 0%, Cumulative CPU 102.11 sec
2016-09-24 18:07:17,504 Stage-12 map = 56%,  reduce = 0%, Cumulative CPU 117.65 sec
2016-09-24 18:07:20,675 Stage-12 map = 71%,  reduce = 0%, Cumulative CPU 145.29 sec
2016-09-24 18:07:21,713 Stage-12 map = 100%,  reduce = 0%, Cumulative CPU 152.72 sec
MapReduce Total cumulative CPU time: 2 minutes 32 seconds 720 msec
Ended Job = job_1474660851143_0299
Stage-16 is selected by condition resolver.
Stage-17 is filtered out by condition resolver.
Stage-3 is filtered out by condition resolver.
SLF4J: Class path contains multiple SLF4J bindings.
SLF4J: Found binding in [jar:file:/home/ubuntu/software/tez-0.7.1-SNAPSHOT-minimal/lib/slf4j-log4j12-1.7.5.jar!/org/slf4j/impl/StaticLoggerBinder.class]
SLF4J: Found binding in [jar:file:/home/ubuntu/software/hadoop-2.6.0/share/hadoop/common/lib/slf4j-log4j12-1.7.5.jar!/org/slf4j/impl/StaticLoggerBinder.class]
SLF4J: See http://www.slf4j.org/codes.html#multiple_bindings for an explanation.
SLF4J: Actual binding is of type [org.slf4j.impl.Log4jLoggerFactory]
Execution log at: /tmp/ubuntu/ubuntu_20160924180525_606a1548-4684-4c94-95af-c6be62b5f432.log
2016-09-24 18:07:25	Starting to launch local task to process map join;	maximum memory = 932184064
2016-09-24 18:07:27	Dump the side-table for tag: 1 with group count: 60 into file: file:/tmp/ubuntu/f6550d43-882a-40fe-87eb-9b8632b14858/hive_2016-09-24_18-05-25_167_3489617323420706702-1/-local-10008/HashTable-Stage-9/MapJoin-mapfile01--.hashtable
2016-09-24 18:07:27	Uploaded 1 File to: file:/tmp/ubuntu/f6550d43-882a-40fe-87eb-9b8632b14858/hive_2016-09-24_18-05-25_167_3489617323420706702-1/-local-10008/HashTable-Stage-9/MapJoin-mapfile01--.hashtable (2248 bytes)
2016-09-24 18:07:27	End of local task; Time Taken: 2.188 sec.
Execution completed successfully
MapredLocal task succeeded
Launching Job 5 out of 9
Number of reduce tasks is set to 0 since there's no reduce operator
Starting Job = job_1474660851143_0300, Tracking URL = http://vm1:8088/proxy/application_1474660851143_0300/
Kill Command = /home/ubuntu/software/hadoop-2.6.0/bin/hadoop job  -kill job_1474660851143_0300
Hadoop job information for Stage-9: number of mappers: 3; number of reducers: 0
2016-09-24 18:07:35,274 Stage-9 map = 0%,  reduce = 0%
2016-09-24 18:07:44,528 Stage-9 map = 33%,  reduce = 0%, Cumulative CPU 4.63 sec
2016-09-24 18:07:46,592 Stage-9 map = 92%,  reduce = 0%, Cumulative CPU 19.76 sec
2016-09-24 18:07:47,623 Stage-9 map = 100%,  reduce = 0%, Cumulative CPU 21.0 sec
MapReduce Total cumulative CPU time: 21 seconds 0 msec
Ended Job = job_1474660851143_0300
Launching Job 6 out of 9
Number of reduce tasks not specified. Estimated from input data size: 1
In order to change the average load for a reducer (in bytes):
  set hive.exec.reducers.bytes.per.reducer=<number>
In order to limit the maximum number of reducers:
  set hive.exec.reducers.max=<number>
In order to set a constant number of reducers:
  set mapreduce.job.reduces=<number>
Starting Job = job_1474660851143_0301, Tracking URL = http://vm1:8088/proxy/application_1474660851143_0301/
Kill Command = /home/ubuntu/software/hadoop-2.6.0/bin/hadoop job  -kill job_1474660851143_0301
Hadoop job information for Stage-4: number of mappers: 1; number of reducers: 1
2016-09-24 18:07:54,611 Stage-4 map = 0%,  reduce = 0%
2016-09-24 18:08:00,835 Stage-4 map = 100%,  reduce = 0%, Cumulative CPU 3.0 sec
2016-09-24 18:08:09,063 Stage-4 map = 100%,  reduce = 100%, Cumulative CPU 6.46 sec
MapReduce Total cumulative CPU time: 6 seconds 460 msec
Ended Job = job_1474660851143_0301
Launching Job 7 out of 9
Number of reduce tasks determined at compile time: 1
In order to change the average load for a reducer (in bytes):
  set hive.exec.reducers.bytes.per.reducer=<number>
In order to limit the maximum number of reducers:
  set hive.exec.reducers.max=<number>
In order to set a constant number of reducers:
  set mapreduce.job.reduces=<number>
Starting Job = job_1474660851143_0302, Tracking URL = http://vm1:8088/proxy/application_1474660851143_0302/
Kill Command = /home/ubuntu/software/hadoop-2.6.0/bin/hadoop job  -kill job_1474660851143_0302
Hadoop job information for Stage-5: number of mappers: 1; number of reducers: 1
2016-09-24 18:08:14,928 Stage-5 map = 0%,  reduce = 0%
2016-09-24 18:08:21,126 Stage-5 map = 100%,  reduce = 0%, Cumulative CPU 2.16 sec
2016-09-24 18:08:27,309 Stage-5 map = 100%,  reduce = 100%, Cumulative CPU 3.65 sec
MapReduce Total cumulative CPU time: 3 seconds 650 msec
Ended Job = job_1474660851143_0302
MapReduce Jobs Launched: 
Stage-Stage-15: Map: 5   Cumulative CPU: 231.98 sec   HDFS Read: 1164950191 HDFS Write: 2535951899 SUCCESS
Stage-Stage-12: Map: 10   Cumulative CPU: 152.72 sec   HDFS Read: 2536063335 HDFS Write: 246864624 SUCCESS
Stage-Stage-9: Map: 3   Cumulative CPU: 21.0 sec   HDFS Read: 246905378 HDFS Write: 1432420 SUCCESS
Stage-Stage-4: Map: 1  Reduce: 1   Cumulative CPU: 6.46 sec   HDFS Read: 1440594 HDFS Write: 432344 SUCCESS
Stage-Stage-5: Map: 1  Reduce: 1   Cumulative CPU: 3.65 sec   HDFS Read: 438339 HDFS Write: 2799 SUCCESS
Total MapReduce CPU Time Spent: 6 minutes 55 seconds 810 msec
OK
	AAAAAAAAAAANAAAA	2640	2496
	AAAAAAAAAACDAAAA	1034	1314
	AAAAAAAAAAHMAAAA	2644	3757
	AAAAAAAAAAIIAAAA	2502	2092
	AAAAAAAAAAKNAAAA	2183	2240
	AAAAAAAAAALAAAAA	2430	2468
	AAAAAAAAAANDAAAA	1584	1366
	AAAAAAAAAANKAAAA	1616	2105
	AAAAAAAAABDAAAAA	2514	2640
	AAAAAAAAABEFAAAA	1845	1548
	AAAAAAAAABGMAAAA	2334	1572
	AAAAAAAAABGNAAAA	2627	2304
	AAAAAAAAABIHAAAA	2087	2884
	AAAAAAAAABLFAAAA	2670	1925
	AAAAAAAAACGLAAAA	2470	2049
	AAAAAAAAACGOAAAA	1453	2075
	AAAAAAAAACHCAAAA	2280	2036
	AAAAAAAAACLDAAAA	2632	1873
	AAAAAAAAACLGAAAA	1525	2041
	AAAAAAAAACLNAAAA	1670	2320
	AAAAAAAAACOBAAAA	2566	2711
	AAAAAAAAACPDAAAA	1781	2658
	AAAAAAAAADCMAAAA	2977	2344
	AAAAAAAAADIOAAAA	2672	2435
	AAAAAAAAADJFAAAA	2645	2806
	AAAAAAAAADPOAAAA	2476	1953
	AAAAAAAAAEBFAAAA	1790	1845
	AAAAAAAAAEFBAAAA	1512	1700
	AAAAAAAAAEHOAAAA	2251	2443
	AAAAAAAAAELOAAAA	2213	2398
	AAAAAAAAAEMAAAAA	1647	1643
	AAAAAAAAAEOCAAAA	1950	2293
	AAAAAAAAAFADAAAA	1701	1553
	AAAAAAAAAFGJAAAA	1405	1941
	AAAAAAAAAFJLAAAA	2396	2375
	AAAAAAAAAFKEAAAA	1166	980
	AAAAAAAAAFPCAAAA	2526	3200
	AAAAAAAAAFPJAAAA	2733	2181
	AAAAAAAAAGIDAAAA	2661	2186
	AAAAAAAAAGNMAAAA	2035	2991
	AAAAAAAAAHGHAAAA	2577	3172
	AAAAAAAAAHJBAAAA	1907	1675
	AAAAAAAAAHJJAAAA	2095	2846
	AAAAAAAAAHKMAAAA	2284	2753
	AAAAAAAAAHNCAAAA	2540	3563
	AAAAAAAAAHOEAAAA	2198	3112
	AAAAAAAAAICKAAAA	1322	1955
	AAAAAAAAAIECAAAA	1759	2184
	AAAAAAAAAIENAAAA	1971	2162
	AAAAAAAAAIJLAAAA	1546	1807
	AAAAAAAAAINEAAAA	2279	2388
	AAAAAAAAAJACAAAA	2664	3148
	AAAAAAAAAJAIAAAA	1868	2481
	AAAAAAAAAJCAAAAA	2115	3069
	AAAAAAAAAJCIAAAA	3035	3028
	AAAAAAAAAJEDAAAA	1735	2566
	AAAAAAAAAJFIAAAA	2434	2179
	AAAAAAAAAJKBAAAA	2108	1725
	AAAAAAAAAJKGAAAA	2342	3151
	AAAAAAAAAJNEAAAA	2299	2512
	AAAAAAAAAJNHAAAA	1882	2463
	AAAAAAAAAKAAAAAA	3018	2187
	AAAAAAAAAKAHAAAA	2507	2815
	AAAAAAAAAKCLAAAA	2349	2460
	AAAAAAAAAKDHAAAA	2277	3281
	AAAAAAAAAKHFAAAA	2511	1776
	AAAAAAAAAKMHAAAA	1406	1593
	AAAAAAAAAKPNAAAA	1873	2357
	AAAAAAAAALECAAAA	2305	1994
	AAAAAAAAALFMAAAA	1979	1829
	AAAAAAAAALHFAAAA	1445	1341
	AAAAAAAAALIGAAAA	2138	1434
	AAAAAAAAALJCAAAA	1854	1895
	AAAAAAAAALKKAAAA	1809	1859
	AAAAAAAAALLNAAAA	2434	2437
	AAAAAAAAALPFAAAA	1843	2452
	AAAAAAAAAMALAAAA	1171	1491
	AAAAAAAAAMBEAAAA	1996	2202
	AAAAAAAAAMEKAAAA	2047	2684
	AAAAAAAAAMGNAAAA	2319	2796
	AAAAAAAAAMMOAAAA	2558	2480
	AAAAAAAAANBIAAAA	1817	1616
	AAAAAAAAANCFAAAA	2129	2180
	AAAAAAAAANEGAAAA	2294	1690
	AAAAAAAAANMHAAAA	2760	3511
	AAAAAAAAANPGAAAA	1710	2288
	AAAAAAAAAOAGAAAA	3238	2186
	AAAAAAAAAOIBAAAA	1721	2168
	AAAAAAAAAOJGAAAA	1984	2491
	AAAAAAAAAOMOAAAA	2450	1670
	AAAAAAAAAOPIAAAA	1730	2180
	AAAAAAAAAPEMAAAA	2384	3135
	AAAAAAAAAPHNAAAA	1752	2525
	AAAAAAAAAPLAAAAA	2431	3250
	AAAAAAAAAPLDAAAA	2445	2048
	AAAAAAAAAPOMAAAA	1591	2108
	AAAAAAAABAEIAAAA	2147	2378
	AAAAAAAABAIKAAAA	2341	2858
	AAAAAAAABAPDAAAA	1786	2327
	AAAAAAAABAPMAAAA	2586	2338
Time taken: 183.251 seconds, Fetched: 100 row(s)
Query 21: Total Execution Time = 190 seconds
