   8       0 sda 850455 9 23934450 1245760 245404 452570 11263832 5341372 0 1458620 6586780
   8       1 sda1 850305 9 23933250 1245708 244778 452570 11263832 5341104 0 1458352 6586468
   8      16 sdb 14825 13111 131274 6256 67876 71379 427462224 116036 0 10560 122264
   8      17 sdb1 14472 13089 128274 6188 67764 71379 427462224 115940 0 10396 122100
   8      32 sdc 2649667 870 627040834 164428304 2038450 185238 890580112 522381696 0 13321036 686806232
   8      33 sdc1 2649517 870 627039634 164427484 1996717 185238 890580112 522363544 0 13313808 686787924
   8       0 sda 421699 191 9711098 694480 48157 28445 1846688 814212 0 735012 1508548
   8       1 sda1 421549 191 9709898 694424 48148 28445 1846688 814136 0 734896 1508416
   8      16 sdb 74261 13108 604418 28884 54447 64789 427068952 114588 0 23696 143456
   8      17 sdb1 73908 13086 601418 28792 54334 64789 427068952 114524 0 23540 143300
   8      32 sdc 3039865 844 729956370 216267740 1867043 124607 852530360 536570096 1 13232804 752837456
   8      33 sdc1 3039715 844 729955170 216266912 1866941 124607 852530360 536570080 1 13232012 752835520
   8       0 sda 419368 138 9677402 608400 50006 29435 1880416 829556 0 731828 1437772
   8       1 sda1 419218 138 9676202 608380 50000 29435 1880416 829512 0 731780 1437704
   8      32 sdc 2626460 570 624255450 162716184 1886114 125081 862925848 528810912 0 12344984 691541372
   8      33 sdc1 2626310 570 624254250 162715364 1886017 125081 862925848 528810892 0 12344156 691523876
   8      16 sdb 75140 13108 611538 30320 54535 64903 427085088 100120 0 23000 130404
   8      17 sdb1 74788 13086 608546 30248 54419 64903 427085088 99856 0 22668 130068
   8       0 sda 418014 199 9614082 761896 49068 33258 1876760 839640 0 719220 1601344
   8       1 sda1 417864 199 9612882 761828 49062 33258 1876760 839596 0 719140 1601232
   8      16 sdb 72438 13108 589834 22784 53988 64443 427053728 94364 0 16764 117128
   8      17 sdb1 72085 13086 586834 22740 53871 64443 427053728 94116 0 16472 116836
   8      32 sdc 2612717 582 621192090 164723560 2078624 124554 958007048 577008528 0 12742140 741729704
   8      33 sdc1 2612567 582 621190890 164722728 2078524 124554 958007048 577008516 0 12741308 741745676
  eth0: 70911172253 56378471    0  464    0     0          0         0 79437120436 9833065    0    0    0     0       0          0
  eth0: 60064420292 48704513    0 3773    0     0          0         0 95021447827 9241700    0    0    0     0       0          0
  eth0: 81338477230 62522691    0 1859    0     0          0         0 60900872022 9737549    0    0    0     0       0          0
  eth0: 90553421441 67531903    0 2652    0     0          0         0 55980120171 10077657    0    0    0     0       0          0
