   8       0 sda 845663 9 23774434 1243064 244839 452135 11249536 5336984 0 1452964 6579696
   8       1 sda1 845513 9 23773234 1243012 244213 452135 11249536 5336716 0 1452696 6579384
   8      16 sdb 14775 13111 130874 6256 67497 71036 427452904 115968 0 10532 122196
   8      17 sdb1 14422 13089 127874 6188 67385 71036 427452904 115872 0 10368 122032
   8      32 sdc 2605401 863 616651834 161867332 2018873 182968 882383128 518308092 0 13148612 680171676
   8      33 sdc1 2605251 863 616650634 161866512 1977214 182968 882383128 518289968 0 13141408 680153396
   8       0 sda 420561 188 9688914 693216 47951 28314 1840880 812876 0 733248 1505952
   8       1 sda1 420411 188 9687714 693160 47942 28314 1840880 812800 0 733132 1505820
   8      16 sdb 74126 13108 603338 28740 54108 64390 427061352 114580 0 23676 143304
   8      17 sdb1 73773 13086 600338 28648 53995 64390 427061352 114516 0 23520 143148
   8      32 sdc 2987484 837 717380738 212733456 1849438 123166 845507376 531899920 0 13044684 744633016
   8      33 sdc1 2987334 837 717379538 212732628 1849336 123166 845507376 531899904 0 13043892 744631080
   8       0 sda 418211 136 9655706 607896 49790 29287 1874456 826460 0 728244 1434172
   8       1 sda1 418061 136 9654506 607876 49784 29287 1874456 826416 0 728196 1434104
   8      32 sdc 2582739 561 613864274 160099156 1878706 123925 861058192 526101736 0 12189788 686215200
   8      33 sdc1 2582589 561 613863074 160098336 1878609 123925 861058192 526101716 0 12188960 686197704
   8      16 sdb 75050 13108 610818 30296 54244 64583 427078896 100100 0 22972 130360
   8      17 sdb1 74698 13086 607826 30224 54128 64583 427078896 99836 0 22640 130024
   8       0 sda 416868 199 9591434 761468 48780 33032 1868336 837808 0 717032 1599084
   8       1 sda1 416718 199 9590234 761400 48774 33032 1868336 837764 0 716952 1598972
   8      16 sdb 72358 13108 589194 22668 53606 63987 427042696 94324 0 16708 116972
   8      17 sdb1 72005 13086 586194 22624 53489 63987 427042696 94076 0 16416 116680
   8      32 sdc 2566453 542 610321338 162258244 2057224 122985 949551984 572468996 0 12545604 734724908
   8      33 sdc1 2566303 542 610320138 162257412 2057124 122985 949551984 572468984 0 12544772 734740880
  eth0: 69864045937 55590450    0  464    0     0          0         0 78362507061 9725548    0    0    0     0       0          0
  eth0: 59125924074 47984434    0 3773    0     0          0         0 93498925730 9103635    0    0    0     0       0          0
  eth0: 80588036428 61873437    0 1859    0     0          0         0 59351472581 9643418    0    0    0     0       0          0
  eth0: 87974068623 65683940    0 2652    0     0          0         0 54980675266 9885468    0    0    0     0       0          0
