VM1 sda-sda
Previous Sectors Read = 23774434
Current Sectors Read = 23934450
Previous Sectors Written = 11249536
Current Sectors Written = 11263832
Sectors Read = 160016
Sectors Written = 14296
--------------------
VM1 sdb-sdb
Previous Sectors Read = 130874
Current Sectors Read = 131274
Previous Sectors Written = 427452904
Current Sectors Written = 427462224
Sectors Read = 400
Sectors Written = 9320
--------------------
VM1 sdc-sdc
Previous Sectors Read = 616651834
Current Sectors Read = 627040834
Previous Sectors Written = 882383128
Current Sectors Written = 890580112
Sectors Read = 10389000
Sectors Written = 8196984
--------------------
VM2 sda-sda
Previous Sectors Read = 9688914
Current Sectors Read = 9711098
Previous Sectors Written = 1840880
Current Sectors Written = 1846688
Sectors Read = 22184
Sectors Written = 5808
--------------------
VM2 sdb-sdb
Previous Sectors Read = 603338
Current Sectors Read = 604418
Previous Sectors Written = 427061352
Current Sectors Written = 427068952
Sectors Read = 1080
Sectors Written = 7600
--------------------
VM2 sdc-sdc
Previous Sectors Read = 717380738
Current Sectors Read = 729956370
Previous Sectors Written = 845507376
Current Sectors Written = 852530360
Sectors Read = 12575632
Sectors Written = 7022984
--------------------
VM3 sda-sda
Previous Sectors Read = 9655706
Current Sectors Read = 9677402
Previous Sectors Written = 1874456
Current Sectors Written = 1880416
Sectors Read = 21696
Sectors Written = 5960
--------------------
VM3 sdc-sdc
Previous Sectors Read = 613864274
Current Sectors Read = 624255450
Previous Sectors Written = 861058192
Current Sectors Written = 862925848
Sectors Read = 10391176
Sectors Written = 1867656
--------------------
VM3 sdb-sdb
Previous Sectors Read = 610818
Current Sectors Read = 611538
Previous Sectors Written = 427078896
Current Sectors Written = 427085088
Sectors Read = 720
Sectors Written = 6192
--------------------
VM4 sda-sda
Previous Sectors Read = 9591434
Current Sectors Read = 9614082
Previous Sectors Written = 1868336
Current Sectors Written = 1876760
Sectors Read = 22648
Sectors Written = 8424
--------------------
VM4 sdb-sdb
Previous Sectors Read = 589194
Current Sectors Read = 589834
Previous Sectors Written = 427042696
Current Sectors Written = 427053728
Sectors Read = 640
Sectors Written = 11032
--------------------
VM4 sdc-sdc
Previous Sectors Read = 610321338
Current Sectors Read = 621192090
Previous Sectors Written = 949551984
Current Sectors Written = 958007048
Sectors Read = 10870752
Sectors Written = 8455064
--------------------
VM1
Previous Packets Received = 69864045937
Current Packets Received = 70911172253
Previous Packets Transmitted = 78362507061
Current Packets Transmitted = 79437120436
Packets received = 1047126316
Packets Transmitted = 1074613375
--------------------
VM2
Previous Packets Received = 59125924074
Current Packets Received = 60064420292
Previous Packets Transmitted = 93498925730
Current Packets Transmitted = 95021447827
Packets received = 938496218
Packets Transmitted = 1522522097
--------------------
VM3
Previous Packets Received = 80588036428
Current Packets Received = 81338477230
Previous Packets Transmitted = 59351472581
Current Packets Transmitted = 60900872022
Packets received = 750440802
Packets Transmitted = 1549399441
--------------------
VM4
Previous Packets Received = 87974068623
Current Packets Received = 90553421441
Previous Packets Transmitted = 54980675266
Current Packets Transmitted = 55980120171
Packets received = 2579352818
Packets Transmitted = 999444905
--------------------
Total Sectors Read = 22761443328
Total Sectors Written = 13112995840
Total Packets Received = 5315416154
Total Packets Transmitted = 5145979818
