   8       0 sda 912261 9 25686330 1304612 265360 506524 12326848 5526584 0 1542584 6830796
   8       1 sda1 912111 9 25685130 1304560 264733 506524 12326848 5526316 0 1542316 6830484
   8      16 sdb 22826 13111 195282 9224 72103 76413 427628320 117016 0 13024 126212
   8      17 sdb1 22473 13089 192282 9156 71983 76413 427628320 116916 0 12856 126044
   8      32 sdc 3310042 1058 789695418 208408536 2371311 214212 1054695688 607984264 0 15645384 816388328
   8      33 sdc1 3309892 1058 789694218 208407716 2324415 214212 1054695688 607964996 0 15637512 816368904
   8       0 sda 453163 208 10459994 720300 51428 31725 1945848 836480 0 766908 1556632
   8       1 sda1 453013 208 10458794 720244 51419 31725 1945848 836404 0 766792 1556500
   8      16 sdb 93983 13108 762194 37576 58335 69664 427206424 117144 0 28804 154704
   8      17 sdb1 93630 13086 759194 37484 58214 69664 427206424 117076 0 28644 154544
   8      32 sdc 3804476 906 920224178 277350776 2180245 144220 1013008072 630266300 0 15700200 907616884
   8      33 sdc1 3804326 906 920222978 277349948 2180135 144220 1013008072 630266284 0 15699412 907614176
   8       0 sda 450639 152 10424146 624544 52926 32170 1971888 848956 0 763792 1473308
   8       1 sda1 450489 152 10422946 624524 52920 32170 1971888 848912 0 763744 1473240
   8      32 sdc 3283699 616 787048682 207703108 2200785 144646 1025012072 617182748 2 14632776 824899652
   8      33 sdc1 3283549 616 787047482 207702288 2200681 144646 1025012072 617182728 2 14631996 824889872
   8      16 sdb 95553 13108 774842 39356 58409 69730 427214616 100684 0 28800 139992
   8      17 sdb1 95201 13086 771850 39284 58285 69730 427214616 100412 0 28460 139648
   8       0 sda 448494 216 10335378 789988 52047 36387 1973456 864024 0 754352 1653808
   8       1 sda1 448344 216 10334178 789920 52041 36387 1973456 863980 0 754272 1653696
   8      16 sdb 92025 13108 746530 28880 57749 69355 427187448 95152 0 20380 124012
   8      17 sdb1 91672 13086 743530 28836 57624 69355 427187448 94900 0 20084 123716
   8      32 sdc 3270699 696 783893242 209857628 2408384 144859 1126677216 673158408 0 15021392 883013096
   8      33 sdc1 3270549 696 783892042 209856796 2408276 144859 1126677216 673158396 0 15020556 883029076
  eth0: 78028783288 61661362    0  464    0     0          0         0 83794723278 10502414    0    0    0     0       0          0
  eth0: 61219383034 50392536    0 3773    0     0          0         0 107122316488 9771204    0    0    0     0       0          0
  eth0: 89777420404 68602519    0 1859    0     0          0         0 64430336777 10491420    0    0    0     0       0          0
  eth0: 97008825715 72225991    0 2652    0     0          0         0 58174183913 10663761    0    0    0     0       0          0
