   8       0 sda 907331 9 25524986 1301396 264593 505910 12307272 5519860 0 1535516 6820864
   8       1 sda1 907181 9 25523786 1301344 263966 505910 12307272 5519592 0 1535248 6820552
   8      16 sdb 22745 13111 194634 9124 71552 75804 427611688 116948 0 12948 126044
   8      17 sdb1 22392 13089 191634 9056 71432 75804 427611688 116848 0 12780 125876
   8      32 sdc 3227311 1043 769363578 200767576 2291598 210917 1012892256 585697304 0 15277720 786460536
   8      33 sdc1 3227161 1043 769362378 200766756 2244795 210917 1012892256 585678064 0 15269868 786441140
   8       0 sda 452040 208 10438138 719460 51021 31358 1933312 834208 0 764452 1553524
   8       1 sda1 451890 208 10436938 719404 51012 31358 1933312 834132 0 764336 1553392
   8      16 sdb 93876 13108 761338 37484 57773 68995 427188624 117048 0 28716 154516
   8      17 sdb1 93523 13086 758338 37392 57652 68995 427188624 116980 0 28556 154356
   8      32 sdc 3707789 898 896404714 266386292 2104983 141531 973882320 606896028 0 15319152 873281468
   8      33 sdc1 3707639 898 896403514 266385464 2104873 141531 973882320 606896012 0 15318360 873279532
   8       0 sda 449451 148 10402362 624284 52609 31918 1962616 846660 0 761264 1470752
   8       1 sda1 449301 148 10401162 624264 52603 31918 1962616 846616 0 761216 1470684
   8      32 sdc 3201113 607 766680186 200146828 2128767 142278 987237296 595769488 0 14278684 795930240
   8      33 sdc1 3200963 607 766678986 200146008 2128663 142278 987237296 595769468 0 14277904 795920460
   8      16 sdb 95400 13108 773618 39164 57938 69157 427201688 100628 0 28724 139744
   8      17 sdb1 95048 13086 770626 39092 57814 69157 427201688 100356 0 28384 139400
   8       0 sda 447357 215 10313778 789304 51687 35956 1961656 859020 0 748968 1648120
   8       1 sda1 447207 215 10312578 789236 51681 35956 1961656 858976 0 748888 1648008
   8      16 sdb 91920 13108 745690 28876 57258 68756 427174208 95108 0 20332 123964
   8      17 sdb1 91567 13086 742690 28832 57133 68756 427174208 94856 0 20036 123668
   8      32 sdc 3187894 686 763519442 202423076 2332444 142312 1087146472 650292188 0 14669664 852712440
   8      33 sdc1 3187744 686 763518242 202422244 2332336 142312 1087146472 650292176 0 14668828 852728420
  eth0: 76428035151 60525261    0  464    0     0          0         0 83475048835 10382807    0    0    0     0       0          0
  eth0: 61180256568 50192248    0 3773    0     0          0         0 105607822258 9680607    0    0    0     0       0          0
  eth0: 88703361558 67825014    0 1859    0     0          0         0 63731461951 10380294    0    0    0     0       0          0
  eth0: 96470879895 71804467    0 2652    0     0          0         0 57591742626 10578763    0    0    0     0       0          0
