   8       0 sda 676333 9 19105890 1060772 210157 356896 9442456 4940880 0 1305816 6001376
   8       1 sda1 676183 9 19104690 1060720 209537 356896 9442456 4940612 0 1305548 6001056
   8      16 sdb 5887 13111 59770 3324 61452 64291 427236112 114576 0 7544 117876
   8      17 sdb1 5534 13089 56770 3256 61362 64291 427236112 114496 0 7396 117728
   8      32 sdc 2125908 754 505325266 138503036 1801157 145766 810705616 481416372 0 10989416 619916156
   8      33 sdc1 2125758 754 505324066 138502216 1768103 145766 810705616 481400712 0 10983496 619900260
   8       0 sda 336020 151 7812242 622704 43722 25356 1717816 783920 0 676400 1406516
   8       1 sda1 335870 151 7811042 622648 43714 25356 1717816 783844 0 676284 1406384
   8      16 sdb 21770 13108 184490 8984 49146 58312 426911848 113564 0 9976 122540
   8      17 sdb1 21417 13086 181490 8892 49055 58312 426911848 113512 0 9832 122396
   8      32 sdc 2439727 752 587370242 175963512 1668623 100085 778840656 486173004 0 10868256 662135328
   8      33 sdc1 2439577 752 587369042 175962684 1668542 100085 778840656 486172992 0 10867464 662133376
   8       0 sda 332043 121 7731242 572436 45040 25448 1736944 794844 0 670260 1367132
   8       1 sda1 331893 121 7730042 572416 45034 25448 1736944 794800 0 670212 1367064
   8      32 sdc 2109565 484 503004050 135837172 1674112 99039 784280392 475350720 0 10115952 611202300
   8      33 sdc1 2109415 484 503002850 135836352 1674035 99039 784280392 475350712 0 10115128 611185036
   8      16 sdb 21712 13108 184114 8536 49189 57934 426915384 99260 0 8932 107792
   8      17 sdb1 21360 13086 181122 8464 49096 57934 426915384 99012 0 8616 107472
   8       0 sda 332970 171 7729194 651288 44415 29558 1736736 805544 0 659028 1456688
   8       1 sda1 332820 171 7727994 651220 44409 29558 1736736 805500 0 658948 1456576
   8      16 sdb 21153 13108 179554 7536 48680 57523 426885624 93696 0 7740 101220
   8      17 sdb1 20800 13086 176554 7492 48586 57523 426885624 93448 0 7448 100928
   8      32 sdc 2090231 454 499010026 138940360 1846100 98992 869599384 530915272 0 10486700 669853652
   8      33 sdc1 2090081 454 499008826 138939528 1846018 98992 869599384 530915260 0 10485868 669869628
  eth0: 49781242052 40112021    0    0    0     0          0         0 58106437719 7340495    0    0    0     0       0          0
  eth0: 43549386603 35606264    0  916    0     0          0         0 71815878871 7079520    0    0    0     0       0          0
  eth0: 60462270841 46667354    0 1739    0     0          0         0 42251575391 7319592    0    0    0     0       0          0
  eth0: 66273391357 49436432    0  849    0     0          0         0 39361836134 7509468    0    0    0     0       0          0
