   8       0 sda 670019 9 18927346 1056552 209360 350778 9360096 4937480 0 1300860 5993764
   8       1 sda1 669869 9 18926146 1056500 208740 350778 9360096 4937212 0 1300592 5993444
   8      16 sdb 5873 13111 59658 3320 61299 64085 427229760 114540 0 7504 117836
   8      17 sdb1 5520 13089 56658 3252 61209 64085 427229760 114460 0 7356 117688
   8      32 sdc 2111189 754 501724018 137805280 1794664 144439 809330560 480544172 1 10926860 618346580
   8      33 sdc1 2111039 754 501722818 137804460 1762139 144439 809330560 480529120 1 10920992 618331292
   8       0 sda 332868 143 7741426 620852 43629 25281 1715272 783256 0 674344 1404004
   8       1 sda1 332718 143 7740226 620796 43621 25281 1715272 783180 0 674228 1403872
   8      16 sdb 21704 13108 183962 8900 49041 58161 426908664 113552 0 9944 122444
   8      17 sdb1 21351 13086 180962 8808 48950 58161 426908664 113500 0 9800 122300
   8      32 sdc 2422599 751 583119042 175004468 1663487 99431 777550072 484475064 0 10815028 659478368
   8      33 sdc1 2422449 751 583117842 175003640 1663406 99431 777550072 484475052 0 10814236 659476416
   8       0 sda 329347 121 7671522 571472 44938 25374 1734168 794196 0 668808 1365520
   8       1 sda1 329197 121 7670322 571452 44932 25374 1734168 794152 0 668760 1365452
   8      32 sdc 2094314 452 499398010 134926636 1669982 98273 783269960 474245896 0 10058464 609186956
   8      33 sdc1 2094164 452 499396810 134925816 1669905 98273 783269960 474245888 0 10057640 609169692
   8      16 sdb 21575 13108 183018 8400 49008 57768 426911376 99248 0 8912 107644
   8      17 sdb1 21223 13086 180026 8328 48915 57768 426911376 99000 0 8596 107324
   8       0 sda 329840 171 7657754 649368 44299 29465 1733584 804980 0 657220 1454204
   8       1 sda1 329690 171 7656554 649300 44293 29465 1733584 804936 0 657140 1454092
   8      16 sdb 21061 13108 178818 7528 48568 57371 426882024 93688 0 7724 101204
   8      17 sdb1 20708 13086 175818 7484 48474 57371 426882024 93440 0 7432 100912
   8      32 sdc 2075639 453 495414210 138152024 1840365 98321 868201624 529338388 0 10436512 667488444
   8      33 sdc1 2075489 453 495413010 138151192 1840283 98321 868201624 529338376 0 10435680 667504420
  eth0: 49685056591 40017166    0    0    0     0          0         0 57532381183 7317185    0    0    0     0       0          0
  eth0: 43416167270 35502507    0  916    0     0          0         0 71485909021 7062559    0    0    0     0       0          0
  eth0: 59724598638 46134728    0 1739    0     0          0         0 41894703569 7285599    0    0    0     0       0          0
  eth0: 65514469430 48902661    0  849    0     0          0         0 38964554409 7455301    0    0    0     0       0          0
