   8       0 sda 858880 9 24157026 1253760 246831 465011 11438584 5364844 1 1468792 6618312
   8       1 sda1 858730 9 24155826 1253708 246205 465011 11438584 5364576 1 1468524 6618000
   8      16 sdb 15664 13111 137986 6528 68344 71961 427481272 116100 0 10796 122600
   8      17 sdb1 15311 13089 134986 6460 68231 71961 427481272 116000 0 10628 122432
   8      32 sdc 2731318 874 647378842 168173836 2045219 188442 891457488 522656780 0 13539216 690826808
   8      33 sdc1 2731168 874 647377642 168173016 2002305 188442 891457488 522638412 0 13531892 690808284
   8       0 sda 426552 197 9821242 697244 48477 28706 1856888 815876 0 738208 1513004
   8       1 sda1 426402 197 9820042 697188 48468 28706 1856888 815800 0 738092 1512872
   8      16 sdb 76637 13108 623426 29776 54745 65283 427079872 114632 0 24240 144392
   8      17 sdb1 76284 13086 620426 29684 54631 65283 427079872 114568 0 24084 144236
   8      32 sdc 3133883 850 753705162 220859508 1870256 126504 853300080 536777060 0 13461508 757636164
   8      33 sdc1 3133733 850 753703962 220858680 1870153 126504 853300080 536777044 0 13460716 757634228
   8       0 sda 424195 138 9787634 609872 50301 29651 1890560 831864 0 735176 1441548
   8       1 sda1 424045 138 9786434 609852 50295 29651 1890560 831820 0 735128 1441480
   8      32 sdc 2706872 572 644565890 166499180 1889986 126915 863852728 529415616 0 12550680 695929100
   8      33 sdc1 2706722 572 644564690 166498360 1889888 126915 863852728 529415596 0 12549852 695911540
   8      16 sdb 77599 13108 631210 31084 54876 65403 427097048 100140 0 23624 131188
   8      17 sdb1 77247 13086 628218 31012 54759 65403 427097048 99876 0 23292 130852
   8       0 sda 422909 201 9725226 767240 49400 33597 1889704 842096 0 723352 1609144
   8       1 sda1 422759 201 9724026 767172 49394 33597 1889704 842052 0 723272 1609032
   8      16 sdb 74819 13108 608882 23380 54389 65087 427069792 94452 0 17168 117812
   8      17 sdb1 74466 13086 605882 23336 54271 65087 427069792 94204 0 16876 117520
   8      32 sdc 2693164 586 641489850 168104268 2082387 126893 958761312 577264528 0 12948160 745366376
   8      33 sdc1 2693014 586 641488650 168103436 2082286 126893 958761312 577264516 0 12947324 745382348
  eth0: 71599394201 56907168    0  464    0     0          0         0 80181225980 9900186    0    0    0     0       0          0
  eth0: 60269957743 48930603    0 3773    0     0          0         0 96397293906 9288552    0    0    0     0       0          0
  eth0: 81891502538 62941172    0 1859    0     0          0         0 61562545543 9789839    0    0    0     0       0          0
  eth0: 92112801509 68612939    0 2652    0     0          0         0 56075291408 10182867    0    0    0     0       0          0
