   8       0 sda 852531 9 23976690 1249792 245489 452617 11267608 5341484 0 1459252 6590920
   8       1 sda1 852381 9 23975490 1249740 244863 452617 11267608 5341216 0 1458984 6590608
   8      16 sdb 15633 13111 137738 6524 67911 71414 427463008 116040 0 10732 122536
   8      17 sdb1 15280 13089 134738 6456 67798 71414 427463008 115940 0 10564 122368
   8      32 sdc 2649675 870 627040898 164428484 2038581 185302 890583256 522383296 28 13321944 686808564
   8      33 sdc1 2649525 870 627039698 164427664 1996828 185302 890583256 522365136 28 13314708 686790248
   8       0 sda 423407 191 9750010 695456 48183 28460 1847056 814328 0 735504 1509640
   8       1 sda1 423257 191 9748810 695400 48174 28460 1847056 814252 0 735388 1509508
   8      16 sdb 76560 13108 622810 29760 54466 64811 427069344 114592 0 24184 144336
   8      17 sdb1 76207 13086 619810 29668 54352 64811 427069344 114528 0 24028 144180
   8      32 sdc 3039867 844 729956386 216267828 1867095 124642 852532528 536570992 0 13233128 752838432
   8      33 sdc1 3039717 844 729955186 216267000 1866992 124642 852532528 536570976 0 13232336 752836496
   8       0 sda 421028 138 9715970 608888 50034 29453 1881056 829772 0 732232 1438476
   8       1 sda1 420878 138 9714770 608868 50028 29453 1881056 829728 0 732184 1438408
   8      32 sdc 2626569 570 624256322 162722100 1886165 125122 862927680 528812016 0 12346528 691548392
   8      33 sdc1 2626419 570 624255122 162721280 1886067 125122 862927680 528811996 0 12345700 691530896
   8      16 sdb 77525 13108 630618 31072 54560 64937 427085640 100120 0 23592 131156
   8      17 sdb1 77173 13086 627626 31000 54443 64937 427085640 99856 0 23260 130820
   8       0 sda 419709 199 9652802 765532 49105 33296 1878408 839724 0 719776 1605064
   8       1 sda1 419559 199 9651602 765464 49099 33296 1878408 839680 0 719696 1604952
   8      16 sdb 74748 13108 608314 23376 54026 64473 427054472 94420 0 17132 117776
   8      17 sdb1 74395 13086 605314 23332 53908 64473 427054472 94172 0 16840 117484
   8      32 sdc 2612727 582 621192250 164724024 2078696 124596 958014384 577009500 28 12742568 741731812
   8      33 sdc1 2612577 582 621191050 164723192 2078595 124596 958014384 577009488 28 12741736 741747784
  eth0: 70912457053 56379831    0  464    0     0          0         0 79437234991 9833895    0    0    0     0       0          0
  eth0: 60064454477 48704653    0 3773    0     0          0         0 95021481643 9241870    0    0    0     0       0          0
  eth0: 81338513405 62522861    0 1859    0     0          0         0 60900907979 9737754    0    0    0     0       0          0
  eth0: 90553492722 67532495    0 2652    0     0          0         0 55981292632 10077998    0    0    0     0       0          0
