VM1 sda-sda
Previous Sectors Read = 23976690
Current Sectors Read = 24157026
Previous Sectors Written = 11267608
Current Sectors Written = 11438584
Sectors Read = 180336
Sectors Written = 170976
--------------------
VM1 sdb-sdb
Previous Sectors Read = 137738
Current Sectors Read = 137986
Previous Sectors Written = 427463008
Current Sectors Written = 427481272
Sectors Read = 248
Sectors Written = 18264
--------------------
VM1 sdc-sdc
Previous Sectors Read = 627040898
Current Sectors Read = 647378842
Previous Sectors Written = 890583256
Current Sectors Written = 891457488
Sectors Read = 20337944
Sectors Written = 874232
--------------------
VM2 sda-sda
Previous Sectors Read = 9750010
Current Sectors Read = 9821242
Previous Sectors Written = 1847056
Current Sectors Written = 1856888
Sectors Read = 71232
Sectors Written = 9832
--------------------
VM2 sdb-sdb
Previous Sectors Read = 622810
Current Sectors Read = 623426
Previous Sectors Written = 427069344
Current Sectors Written = 427079872
Sectors Read = 616
Sectors Written = 10528
--------------------
VM2 sdc-sdc
Previous Sectors Read = 729956386
Current Sectors Read = 753705162
Previous Sectors Written = 852532528
Current Sectors Written = 853300080
Sectors Read = 23748776
Sectors Written = 767552
--------------------
VM3 sda-sda
Previous Sectors Read = 9715970
Current Sectors Read = 9787634
Previous Sectors Written = 1881056
Current Sectors Written = 1890560
Sectors Read = 71664
Sectors Written = 9504
--------------------
VM3 sdc-sdc
Previous Sectors Read = 624256322
Current Sectors Read = 644565890
Previous Sectors Written = 862927680
Current Sectors Written = 863852728
Sectors Read = 20309568
Sectors Written = 925048
--------------------
VM3 sdb-sdb
Previous Sectors Read = 630618
Current Sectors Read = 631210
Previous Sectors Written = 427085640
Current Sectors Written = 427097048
Sectors Read = 592
Sectors Written = 11408
--------------------
VM4 sda-sda
Previous Sectors Read = 9652802
Current Sectors Read = 9725226
Previous Sectors Written = 1878408
Current Sectors Written = 1889704
Sectors Read = 72424
Sectors Written = 11296
--------------------
VM4 sdb-sdb
Previous Sectors Read = 608314
Current Sectors Read = 608882
Previous Sectors Written = 427054472
Current Sectors Written = 427069792
Sectors Read = 568
Sectors Written = 15320
--------------------
VM4 sdc-sdc
Previous Sectors Read = 621192250
Current Sectors Read = 641489850
Previous Sectors Written = 958014384
Current Sectors Written = 958761312
Sectors Read = 20297600
Sectors Written = 746928
--------------------
VM1
Previous Packets Received = 70912457053
Current Packets Received = 71599394201
Previous Packets Transmitted = 79437234991
Current Packets Transmitted = 80181225980
Packets received = 686937148
Packets Transmitted = 743990989
--------------------
VM2
Previous Packets Received = 60064454477
Current Packets Received = 60269957743
Previous Packets Transmitted = 95021481643
Current Packets Transmitted = 96397293906
Packets received = 205503266
Packets Transmitted = 1375812263
--------------------
VM3
Previous Packets Received = 81338513405
Current Packets Received = 81891502538
Previous Packets Transmitted = 60900907979
Current Packets Transmitted = 61562545543
Packets received = 552989133
Packets Transmitted = 661637564
--------------------
VM4
Previous Packets Received = 90553492722
Current Packets Received = 92112801509
Previous Packets Transmitted = 55981292632
Current Packets Transmitted = 56075291408
Packets received = 1559308787
Packets Transmitted = 93998776
--------------------
Total Sectors Read = 43566882816
Total Sectors Written = 1828294656
Total Packets Received = 3004738334
Total Packets Transmitted = 2875439592
