   8       0 sda 973444 9 27379658 1370096 282482 546035 13170800 5769168 0 1634196 7138856
   8       1 sda1 973294 9 27378458 1370044 281853 546035 13170800 5768896 0 1633924 7138540
   8      16 sdb 33994 13111 284626 13216 76854 80778 427767208 118272 0 16500 131452
   8      17 sdb1 33641 13089 281626 13148 76726 80778 427767208 118172 0 16332 131284
   8      32 sdc 3598094 1311 856922690 234274808 3018016 246249 1378707536 792975236 0 17901884 1027244508
   8      33 sdc1 3597944 1311 856921490 234273988 2966954 246249 1378707536 792954684 0 17893432 1027224528
   8       0 sda 483621 233 11137082 746224 55797 33957 2052088 865024 0 804656 1611092
   8       1 sda1 483471 233 11135882 746168 55788 33957 2052088 864948 0 804540 1610960
   8      16 sdb 114112 13108 923226 45604 62266 73823 427312136 117836 0 33832 163424
   8      17 sdb1 113759 13086 920226 45512 62137 73823 427312136 117768 0 33672 163264
   8      32 sdc 4126488 1053 997373218 308124072 2854625 169752 1354634464 827927932 0 17990600 1136051108
   8      33 sdc1 4126338 1053 997372018 308123244 2854507 169752 1354634464 827927908 0 17989804 1136047888
   8       0 sda 481036 158 11102626 636816 57838 34794 2097536 882352 0 805924 1518960
   8       1 sda1 480886 158 11101426 636796 57832 34794 2097536 882308 0 805876 1518892
   8      32 sdc 3583604 792 857558802 235337972 2855925 170854 1356050248 808058884 0 16871964 1043410576
   8      33 sdc1 3583454 792 857557602 235337152 2855813 170854 1356050248 808058864 0 16871184 1043401120
   8      16 sdb 116254 13108 940450 47824 62585 74359 427336232 101280 0 34764 149040
   8      17 sdb1 115902 13086 937458 47752 62453 74359 427336232 100996 0 34412 148684
   8       0 sda 478979 224 11011594 850112 56663 39134 2089368 893036 0 791884 1742936
   8       1 sda1 478829 224 11010394 850044 56657 39134 2089368 892992 0 791804 1742824
   8      16 sdb 111988 13108 906234 35436 61936 73782 427302752 95856 0 23932 131272
   8      17 sdb1 111635 13086 903234 35392 61803 73782 427302752 95604 0 23636 130976
   8      32 sdc 3558451 1023 851285274 237938704 3084648 170475 1468423536 872034880 0 17257232 1109970904
   8      33 sdc1 3558301 1023 851284074 237937872 3084532 170475 1468423536 872034860 0 17256396 1109987276
  eth0: 86728740770 68774519    0  489    0     0          0         0 91526692560 11981237    0    0    0     0       0          0
  eth0: 68915107941 56606224    0 3830    0     0          0         0 117355121752 11286813    0    0    0     0       0          0
  eth0: 100160433916 77279400    0 1859    0     0          0         0 73870276185 12119750    0    0    0     0       0          0
  eth0: 106079721030 79515648    0 2805    0     0          0         0 65209396641 12114027    0    0    0     0       0          0
