   8       0 sda 968567 9 27219050 1367044 280296 545313 13131984 5739788 0 1621064 7106424
   8       1 sda1 968417 9 27217850 1366992 279668 545313 13131984 5739520 0 1620796 7106112
   8      16 sdb 33976 13111 284482 13204 76028 80164 427750600 118100 0 16352 131268
   8      17 sdb1 33623 13089 281482 13136 75900 80164 427750600 118000 0 16184 131100
   8      32 sdc 3574355 1244 851970106 230127412 2841837 240712 1290906680 741040064 0 17447784 971162236
   8      33 sdc1 3574205 1244 851968906 230126592 2790864 240712 1290906680 741019888 0 17439340 971141908
   8       0 sda 482460 229 11114858 745468 54933 33697 2032616 858820 0 798184 1604132
   8       1 sda1 482310 229 11113658 745412 54924 33697 2032616 858744 0 798068 1604000
   8      16 sdb 113891 13108 921458 45544 61494 73140 427297208 117752 0 33712 163280
   8      17 sdb1 113538 13086 918458 45452 61365 73140 427297208 117684 0 33552 163120
   8      32 sdc 4104391 1033 992669618 303982928 2667080 164591 1261182856 771411192 0 17525884 1075393048
   8      33 sdc1 4104241 1033 992668418 303982100 2666962 164591 1261182856 771411168 0 17525088 1075390336
   8       0 sda 479848 158 11079762 636624 56775 34406 2072464 875656 0 799064 1512072
   8       1 sda1 479698 158 11078562 636604 56769 34406 2072464 875612 0 799016 1512004
   8      32 sdc 3552583 773 850828578 229711664 2681915 165978 1269200560 753540244 0 16399088 983264924
   8      33 sdc1 3552433 773 850827378 229710844 2681803 165978 1269200560 753540224 0 16398308 983255144
   8      16 sdb 116021 13108 938586 47620 61806 73650 427318584 101236 0 34668 148792
   8      17 sdb1 115669 13086 935594 47548 61674 73650 427318584 100952 0 34316 148436
   8       0 sda 477783 224 10989290 849328 55815 38774 2069072 887968 0 786816 1737084
   8       1 sda1 477633 224 10988090 849260 55809 38774 2069072 887924 0 786736 1736972
   8      16 sdb 111788 13108 904634 35276 61263 73154 427289320 95824 0 23876 131080
   8      17 sdb1 111435 13086 901634 35232 61130 73154 427289320 95572 0 23580 130784
   8      32 sdc 3535015 961 846382418 233700376 2894626 165338 1373426752 815531648 0 16780868 1049228968
   8      33 sdc1 3534865 961 846381218 233699544 2894510 165338 1373426752 815531628 0 16780036 1049245340
  eth0: 85400858443 67639414    0  489    0     0          0         0 90265777077 11685998    0    0    0     0       0          0
  eth0: 67240535824 55409554    0 3830    0     0          0         0 116774791522 10926985    0    0    0     0       0          0
  eth0: 99055079781 76016138    0 1859    0     0          0         0 71475452123 11826954    0    0    0     0       0          0
  eth0: 104561623823 78265684    0 2805    0     0          0         0 64031149597 11840186    0    0    0     0       0          0
