VM1 sda-sda
Previous Sectors Read = 27219050
Current Sectors Read = 27379658
Previous Sectors Written = 13131984
Current Sectors Written = 13170800
Sectors Read = 160608
Sectors Written = 38816
--------------------
VM1 sdb-sdb
Previous Sectors Read = 284482
Current Sectors Read = 284626
Previous Sectors Written = 427750600
Current Sectors Written = 427767208
Sectors Read = 144
Sectors Written = 16608
--------------------
VM1 sdc-sdc
Previous Sectors Read = 851970106
Current Sectors Read = 856922690
Previous Sectors Written = 1290906680
Current Sectors Written = 1378707536
Sectors Read = 4952584
Sectors Written = 87800856
--------------------
VM2 sda-sda
Previous Sectors Read = 11114858
Current Sectors Read = 11137082
Previous Sectors Written = 2032616
Current Sectors Written = 2052088
Sectors Read = 22224
Sectors Written = 19472
--------------------
VM2 sdb-sdb
Previous Sectors Read = 921458
Current Sectors Read = 923226
Previous Sectors Written = 427297208
Current Sectors Written = 427312136
Sectors Read = 1768
Sectors Written = 14928
--------------------
VM2 sdc-sdc
Previous Sectors Read = 992669618
Current Sectors Read = 997373218
Previous Sectors Written = 1261182856
Current Sectors Written = 1354634464
Sectors Read = 4703600
Sectors Written = 93451608
--------------------
VM3 sda-sda
Previous Sectors Read = 11079762
Current Sectors Read = 11102626
Previous Sectors Written = 2072464
Current Sectors Written = 2097536
Sectors Read = 22864
Sectors Written = 25072
--------------------
VM3 sdc-sdc
Previous Sectors Read = 850828578
Current Sectors Read = 857558802
Previous Sectors Written = 1269200560
Current Sectors Written = 1356050248
Sectors Read = 6730224
Sectors Written = 86849688
--------------------
VM3 sdb-sdb
Previous Sectors Read = 938586
Current Sectors Read = 940450
Previous Sectors Written = 427318584
Current Sectors Written = 427336232
Sectors Read = 1864
Sectors Written = 17648
--------------------
VM4 sda-sda
Previous Sectors Read = 10989290
Current Sectors Read = 11011594
Previous Sectors Written = 2069072
Current Sectors Written = 2089368
Sectors Read = 22304
Sectors Written = 20296
--------------------
VM4 sdb-sdb
Previous Sectors Read = 904634
Current Sectors Read = 906234
Previous Sectors Written = 427289320
Current Sectors Written = 427302752
Sectors Read = 1600
Sectors Written = 13432
--------------------
VM4 sdc-sdc
Previous Sectors Read = 846382418
Current Sectors Read = 851285274
Previous Sectors Written = 1373426752
Current Sectors Written = 1468423536
Sectors Read = 4902856
Sectors Written = 94996784
--------------------
VM1
Previous Packets Received = 85400858443
Current Packets Received = 86728740770
Previous Packets Transmitted = 90265777077
Current Packets Transmitted = 91526692560
Packets received = 1327882327
Packets Transmitted = 1260915483
--------------------
VM2
Previous Packets Received = 67240535824
Current Packets Received = 68915107941
Previous Packets Transmitted = 116774791522
Current Packets Transmitted = 117355121752
Packets received = 1674572117
Packets Transmitted = 580330230
--------------------
VM3
Previous Packets Received = 99055079781
Current Packets Received = 100160433916
Previous Packets Transmitted = 71475452123
Current Packets Transmitted = 73870276185
Packets received = 1105354135
Packets Transmitted = 2394824062
--------------------
VM4
Previous Packets Received = 104561623823
Current Packets Received = 106079721030
Previous Packets Transmitted = 64031149597
Current Packets Transmitted = 65209396641
Packets received = 1518097207
Packets Transmitted = 1178247044
--------------------
Total Sectors Read = 11019591680
Total Sectors Written = 185991786496
Total Packets Received = 5625905786
Total Packets Transmitted = 5414316819
