Start: 1475205146

Logging initialized using configuration in jar:file:/home/ubuntu/software/hive-1.2.1/lib/hive-common-1.2.1.jar!/hive-log4j.properties
Hive history file=/tmp/ubuntu/hive_job_log_0ed92bbb-bdd9-436b-85c9-13e41fab1376_546051915.txt
SLF4J: Class path contains multiple SLF4J bindings.
SLF4J: Found binding in [jar:file:/home/ubuntu/software/tez-0.7.1-SNAPSHOT-minimal/lib/slf4j-log4j12-1.7.5.jar!/org/slf4j/impl/StaticLoggerBinder.class]
SLF4J: Found binding in [jar:file:/home/ubuntu/software/hadoop-2.6.0/share/hadoop/common/lib/slf4j-log4j12-1.7.5.jar!/org/slf4j/impl/StaticLoggerBinder.class]
SLF4J: See http://www.slf4j.org/codes.html#multiple_bindings for an explanation.
SLF4J: Actual binding is of type [org.slf4j.impl.Log4jLoggerFactory]
OK
Time taken: 0.872 seconds
Query ID = ubuntu_20160930031232_d2038f65-9e2f-43a4-98a7-e494af2661c9
Total jobs = 9
SLF4J: Class path contains multiple SLF4J bindings.
SLF4J: Found binding in [jar:file:/home/ubuntu/software/tez-0.7.1-SNAPSHOT-minimal/lib/slf4j-log4j12-1.7.5.jar!/org/slf4j/impl/StaticLoggerBinder.class]
SLF4J: Found binding in [jar:file:/home/ubuntu/software/hadoop-2.6.0/share/hadoop/common/lib/slf4j-log4j12-1.7.5.jar!/org/slf4j/impl/StaticLoggerBinder.class]
SLF4J: See http://www.slf4j.org/codes.html#multiple_bindings for an explanation.
SLF4J: Actual binding is of type [org.slf4j.impl.Log4jLoggerFactory]
Execution log at: /tmp/ubuntu/ubuntu_20160930031232_d2038f65-9e2f-43a4-98a7-e494af2661c9.log
2016-09-30 03:12:37	Starting to launch local task to process map join;	maximum memory = 932184064
2016-09-30 03:12:39	Dump the side-table for tag: 1 with group count: 7 into file: file:/tmp/ubuntu/0ed92bbb-bdd9-436b-85c9-13e41fab1376/hive_2016-09-30_03-12-32_807_1917601404007060920-1/-local-10016/HashTable-Stage-15/MapJoin-mapfile41--.hashtable
2016-09-30 03:12:39	Uploaded 1 File to: file:/tmp/ubuntu/0ed92bbb-bdd9-436b-85c9-13e41fab1376/hive_2016-09-30_03-12-32_807_1917601404007060920-1/-local-10016/HashTable-Stage-15/MapJoin-mapfile41--.hashtable (504 bytes)
2016-09-30 03:12:39	End of local task; Time Taken: 1.236 sec.
Execution completed successfully
MapredLocal task succeeded
Launching Job 1 out of 9
Number of reduce tasks is set to 0 since there's no reduce operator
Starting Job = job_1475103985662_0131, Tracking URL = http://vm1:8088/proxy/application_1475103985662_0131/
Kill Command = /home/ubuntu/software/hadoop-2.6.0/bin/hadoop job  -kill job_1475103985662_0131
Hadoop job information for Stage-15: number of mappers: 5; number of reducers: 0
2016-09-30 03:12:47,622 Stage-15 map = 0%,  reduce = 0%
2016-09-30 03:13:03,158 Stage-15 map = 10%,  reduce = 0%, Cumulative CPU 45.76 sec
2016-09-30 03:13:06,295 Stage-15 map = 19%,  reduce = 0%, Cumulative CPU 60.53 sec
2016-09-30 03:13:08,367 Stage-15 map = 20%,  reduce = 0%, Cumulative CPU 63.69 sec
2016-09-30 03:13:12,507 Stage-15 map = 29%,  reduce = 0%, Cumulative CPU 90.3 sec
2016-09-30 03:13:14,573 Stage-15 map = 31%,  reduce = 0%, Cumulative CPU 93.47 sec
2016-09-30 03:13:15,607 Stage-15 map = 39%,  reduce = 0%, Cumulative CPU 105.14 sec
2016-09-30 03:13:20,778 Stage-15 map = 41%,  reduce = 0%, Cumulative CPU 123.01 sec
2016-09-30 03:13:21,818 Stage-15 map = 49%,  reduce = 0%, Cumulative CPU 134.54 sec
2016-09-30 03:13:24,924 Stage-15 map = 56%,  reduce = 0%, Cumulative CPU 148.38 sec
2016-09-30 03:13:26,991 Stage-15 map = 59%,  reduce = 0%, Cumulative CPU 153.7 sec
2016-09-30 03:13:28,039 Stage-15 map = 64%,  reduce = 0%, Cumulative CPU 162.69 sec
2016-09-30 03:13:30,106 Stage-15 map = 69%,  reduce = 0%, Cumulative CPU 173.66 sec
2016-09-30 03:13:32,170 Stage-15 map = 72%,  reduce = 0%, Cumulative CPU 177.71 sec
2016-09-30 03:13:33,207 Stage-15 map = 76%,  reduce = 0%, Cumulative CPU 189.65 sec
2016-09-30 03:13:36,316 Stage-15 map = 81%,  reduce = 0%, Cumulative CPU 201.19 sec
2016-09-30 03:13:37,353 Stage-15 map = 84%,  reduce = 0%, Cumulative CPU 201.55 sec
2016-09-30 03:13:39,421 Stage-15 map = 87%,  reduce = 0%, Cumulative CPU 210.81 sec
2016-09-30 03:13:42,523 Stage-15 map = 89%,  reduce = 0%, Cumulative CPU 220.05 sec
2016-09-30 03:13:43,558 Stage-15 map = 91%,  reduce = 0%, Cumulative CPU 220.68 sec
2016-09-30 03:13:45,619 Stage-15 map = 93%,  reduce = 0%, Cumulative CPU 226.82 sec
2016-09-30 03:13:46,653 Stage-15 map = 95%,  reduce = 0%, Cumulative CPU 228.23 sec
2016-09-30 03:13:48,729 Stage-15 map = 96%,  reduce = 0%, Cumulative CPU 231.31 sec
2016-09-30 03:13:53,889 Stage-15 map = 98%,  reduce = 0%, Cumulative CPU 237.48 sec
2016-09-30 03:13:59,054 Stage-15 map = 100%,  reduce = 0%, Cumulative CPU 242.16 sec
MapReduce Total cumulative CPU time: 4 minutes 2 seconds 160 msec
Ended Job = job_1475103985662_0131
Stage-18 is selected by condition resolver.
Stage-19 is filtered out by condition resolver.
Stage-2 is filtered out by condition resolver.
SLF4J: Class path contains multiple SLF4J bindings.
SLF4J: Found binding in [jar:file:/home/ubuntu/software/tez-0.7.1-SNAPSHOT-minimal/lib/slf4j-log4j12-1.7.5.jar!/org/slf4j/impl/StaticLoggerBinder.class]
SLF4J: Found binding in [jar:file:/home/ubuntu/software/hadoop-2.6.0/share/hadoop/common/lib/slf4j-log4j12-1.7.5.jar!/org/slf4j/impl/StaticLoggerBinder.class]
SLF4J: See http://www.slf4j.org/codes.html#multiple_bindings for an explanation.
SLF4J: Actual binding is of type [org.slf4j.impl.Log4jLoggerFactory]
Execution log at: /tmp/ubuntu/ubuntu_20160930031232_d2038f65-9e2f-43a4-98a7-e494af2661c9.log
2016-09-30 03:14:02	Starting to launch local task to process map join;	maximum memory = 932184064
2016-09-30 03:14:04	Dump the side-table for tag: 1 with group count: 3863 into file: file:/tmp/ubuntu/0ed92bbb-bdd9-436b-85c9-13e41fab1376/hive_2016-09-30_03-12-32_807_1917601404007060920-1/-local-10012/HashTable-Stage-12/MapJoin-mapfile21--.hashtable
2016-09-30 03:14:04	Uploaded 1 File to: file:/tmp/ubuntu/0ed92bbb-bdd9-436b-85c9-13e41fab1376/hive_2016-09-30_03-12-32_807_1917601404007060920-1/-local-10012/HashTable-Stage-12/MapJoin-mapfile21--.hashtable (163270 bytes)
2016-09-30 03:14:04	End of local task; Time Taken: 1.835 sec.
Execution completed successfully
MapredLocal task succeeded
Launching Job 3 out of 9
Number of reduce tasks is set to 0 since there's no reduce operator
Starting Job = job_1475103985662_0132, Tracking URL = http://vm1:8088/proxy/application_1475103985662_0132/
Kill Command = /home/ubuntu/software/hadoop-2.6.0/bin/hadoop job  -kill job_1475103985662_0132
Hadoop job information for Stage-12: number of mappers: 10; number of reducers: 0
2016-09-30 03:14:12,548 Stage-12 map = 0%,  reduce = 0%
2016-09-30 03:14:23,079 Stage-12 map = 10%,  reduce = 0%, Cumulative CPU 4.17 sec
2016-09-30 03:14:25,152 Stage-12 map = 11%,  reduce = 0%, Cumulative CPU 60.66 sec
2016-09-30 03:14:28,267 Stage-12 map = 21%,  reduce = 0%, Cumulative CPU 88.43 sec
2016-09-30 03:14:31,414 Stage-12 map = 55%,  reduce = 0%, Cumulative CPU 115.99 sec
2016-09-30 03:14:33,490 Stage-12 map = 65%,  reduce = 0%, Cumulative CPU 127.2 sec
2016-09-30 03:14:34,531 Stage-12 map = 72%,  reduce = 0%, Cumulative CPU 142.28 sec
2016-09-30 03:14:35,571 Stage-12 map = 77%,  reduce = 0%, Cumulative CPU 142.95 sec
2016-09-30 03:14:36,611 Stage-12 map = 86%,  reduce = 0%, Cumulative CPU 153.7 sec
2016-09-30 03:14:37,651 Stage-12 map = 100%,  reduce = 0%, Cumulative CPU 157.76 sec
MapReduce Total cumulative CPU time: 2 minutes 37 seconds 760 msec
Ended Job = job_1475103985662_0132
Stage-16 is selected by condition resolver.
Stage-17 is filtered out by condition resolver.
Stage-3 is filtered out by condition resolver.
SLF4J: Class path contains multiple SLF4J bindings.
SLF4J: Found binding in [jar:file:/home/ubuntu/software/tez-0.7.1-SNAPSHOT-minimal/lib/slf4j-log4j12-1.7.5.jar!/org/slf4j/impl/StaticLoggerBinder.class]
SLF4J: Found binding in [jar:file:/home/ubuntu/software/hadoop-2.6.0/share/hadoop/common/lib/slf4j-log4j12-1.7.5.jar!/org/slf4j/impl/StaticLoggerBinder.class]
SLF4J: See http://www.slf4j.org/codes.html#multiple_bindings for an explanation.
SLF4J: Actual binding is of type [org.slf4j.impl.Log4jLoggerFactory]
Execution log at: /tmp/ubuntu/ubuntu_20160930031232_d2038f65-9e2f-43a4-98a7-e494af2661c9.log
2016-09-30 03:14:42	Starting to launch local task to process map join;	maximum memory = 932184064
2016-09-30 03:14:43	Dump the side-table for tag: 1 with group count: 60 into file: file:/tmp/ubuntu/0ed92bbb-bdd9-436b-85c9-13e41fab1376/hive_2016-09-30_03-12-32_807_1917601404007060920-1/-local-10008/HashTable-Stage-9/MapJoin-mapfile01--.hashtable
2016-09-30 03:14:43	Uploaded 1 File to: file:/tmp/ubuntu/0ed92bbb-bdd9-436b-85c9-13e41fab1376/hive_2016-09-30_03-12-32_807_1917601404007060920-1/-local-10008/HashTable-Stage-9/MapJoin-mapfile01--.hashtable (2248 bytes)
2016-09-30 03:14:43	End of local task; Time Taken: 1.493 sec.
Execution completed successfully
MapredLocal task succeeded
Launching Job 5 out of 9
Number of reduce tasks is set to 0 since there's no reduce operator
Starting Job = job_1475103985662_0133, Tracking URL = http://vm1:8088/proxy/application_1475103985662_0133/
Kill Command = /home/ubuntu/software/hadoop-2.6.0/bin/hadoop job  -kill job_1475103985662_0133
Hadoop job information for Stage-9: number of mappers: 3; number of reducers: 0
2016-09-30 03:14:50,157 Stage-9 map = 0%,  reduce = 0%
2016-09-30 03:15:01,527 Stage-9 map = 92%,  reduce = 0%, Cumulative CPU 19.9 sec
2016-09-30 03:15:04,614 Stage-9 map = 100%,  reduce = 0%, Cumulative CPU 20.39 sec
MapReduce Total cumulative CPU time: 20 seconds 390 msec
Ended Job = job_1475103985662_0133
Launching Job 6 out of 9
Number of reduce tasks not specified. Defaulting to jobconf value of: 5
In order to change the average load for a reducer (in bytes):
  set hive.exec.reducers.bytes.per.reducer=<number>
In order to limit the maximum number of reducers:
  set hive.exec.reducers.max=<number>
In order to set a constant number of reducers:
  set mapreduce.job.reduces=<number>
Starting Job = job_1475103985662_0134, Tracking URL = http://vm1:8088/proxy/application_1475103985662_0134/
Kill Command = /home/ubuntu/software/hadoop-2.6.0/bin/hadoop job  -kill job_1475103985662_0134
Hadoop job information for Stage-4: number of mappers: 1; number of reducers: 5
2016-09-30 03:15:14,788 Stage-4 map = 0%,  reduce = 0%
2016-09-30 03:15:23,060 Stage-4 map = 100%,  reduce = 0%, Cumulative CPU 4.49 sec
2016-09-30 03:15:29,237 Stage-4 map = 100%,  reduce = 60%, Cumulative CPU 11.34 sec
2016-09-30 03:15:31,303 Stage-4 map = 100%,  reduce = 80%, Cumulative CPU 15.07 sec
2016-09-30 03:15:32,336 Stage-4 map = 100%,  reduce = 100%, Cumulative CPU 18.65 sec
MapReduce Total cumulative CPU time: 18 seconds 650 msec
Ended Job = job_1475103985662_0134
Launching Job 7 out of 9
Number of reduce tasks determined at compile time: 1
In order to change the average load for a reducer (in bytes):
  set hive.exec.reducers.bytes.per.reducer=<number>
In order to limit the maximum number of reducers:
  set hive.exec.reducers.max=<number>
In order to set a constant number of reducers:
  set mapreduce.job.reduces=<number>
Starting Job = job_1475103985662_0135, Tracking URL = http://vm1:8088/proxy/application_1475103985662_0135/
Kill Command = /home/ubuntu/software/hadoop-2.6.0/bin/hadoop job  -kill job_1475103985662_0135
Hadoop job information for Stage-5: number of mappers: 4; number of reducers: 1
2016-09-30 03:15:39,669 Stage-5 map = 0%,  reduce = 0%
2016-09-30 03:15:49,960 Stage-5 map = 100%,  reduce = 0%, Cumulative CPU 10.23 sec
2016-09-30 03:15:55,122 Stage-5 map = 100%,  reduce = 100%, Cumulative CPU 11.88 sec
MapReduce Total cumulative CPU time: 11 seconds 880 msec
Ended Job = job_1475103985662_0135
MapReduce Jobs Launched: 
Stage-Stage-15: Map: 5   Cumulative CPU: 242.16 sec   HDFS Read: 1164950191 HDFS Write: 2535951919 SUCCESS
Stage-Stage-12: Map: 10   Cumulative CPU: 157.76 sec   HDFS Read: 2536071964 HDFS Write: 246864664 SUCCESS
Stage-Stage-9: Map: 3   Cumulative CPU: 22.6 sec   HDFS Read: 246905448 HDFS Write: 2141352 SUCCESS
Stage-Stage-4: Map: 1  Reduce: 5   Cumulative CPU: 18.65 sec   HDFS Read: 2168474 HDFS Write: 432708 SUCCESS
Stage-Stage-5: Map: 4  Reduce: 1   Cumulative CPU: 11.88 sec   HDFS Read: 446985 HDFS Write: 2799 SUCCESS
Total MapReduce CPU Time Spent: 7 minutes 33 seconds 50 msec
OK
	AAAAAAAAAAANAAAA	2640	2496
	AAAAAAAAAACDAAAA	1034	1314
	AAAAAAAAAAHMAAAA	2644	3757
	AAAAAAAAAAIIAAAA	2502	2092
	AAAAAAAAAAKNAAAA	2183	2240
	AAAAAAAAAALAAAAA	2430	2468
	AAAAAAAAAANDAAAA	1584	1366
	AAAAAAAAAANKAAAA	1616	2105
	AAAAAAAAABDAAAAA	2514	2640
	AAAAAAAAABEFAAAA	1845	1548
	AAAAAAAAABGMAAAA	2334	1572
	AAAAAAAAABGNAAAA	2627	2304
	AAAAAAAAABIHAAAA	2087	2884
	AAAAAAAAABLFAAAA	2670	1925
	AAAAAAAAACGLAAAA	2470	2049
	AAAAAAAAACGOAAAA	1453	2075
	AAAAAAAAACHCAAAA	2280	2036
	AAAAAAAAACLDAAAA	2632	1873
	AAAAAAAAACLGAAAA	1525	2041
	AAAAAAAAACLNAAAA	1670	2320
	AAAAAAAAACOBAAAA	2566	2711
	AAAAAAAAACPDAAAA	1781	2658
	AAAAAAAAADCMAAAA	2977	2344
	AAAAAAAAADIOAAAA	2672	2435
	AAAAAAAAADJFAAAA	2645	2806
	AAAAAAAAADPOAAAA	2476	1953
	AAAAAAAAAEBFAAAA	1790	1845
	AAAAAAAAAEFBAAAA	1512	1700
	AAAAAAAAAEHOAAAA	2251	2443
	AAAAAAAAAELOAAAA	2213	2398
	AAAAAAAAAEMAAAAA	1647	1643
	AAAAAAAAAEOCAAAA	1950	2293
	AAAAAAAAAFADAAAA	1701	1553
	AAAAAAAAAFGJAAAA	1405	1941
	AAAAAAAAAFJLAAAA	2396	2375
	AAAAAAAAAFKEAAAA	1166	980
	AAAAAAAAAFPCAAAA	2526	3200
	AAAAAAAAAFPJAAAA	2733	2181
	AAAAAAAAAGIDAAAA	2661	2186
	AAAAAAAAAGNMAAAA	2035	2991
	AAAAAAAAAHGHAAAA	2577	3172
	AAAAAAAAAHJBAAAA	1907	1675
	AAAAAAAAAHJJAAAA	2095	2846
	AAAAAAAAAHKMAAAA	2284	2753
	AAAAAAAAAHNCAAAA	2540	3563
	AAAAAAAAAHOEAAAA	2198	3112
	AAAAAAAAAICKAAAA	1322	1955
	AAAAAAAAAIECAAAA	1759	2184
	AAAAAAAAAIENAAAA	1971	2162
	AAAAAAAAAIJLAAAA	1546	1807
	AAAAAAAAAINEAAAA	2279	2388
	AAAAAAAAAJACAAAA	2664	3148
	AAAAAAAAAJAIAAAA	1868	2481
	AAAAAAAAAJCAAAAA	2115	3069
	AAAAAAAAAJCIAAAA	3035	3028
	AAAAAAAAAJEDAAAA	1735	2566
	AAAAAAAAAJFIAAAA	2434	2179
	AAAAAAAAAJKBAAAA	2108	1725
	AAAAAAAAAJKGAAAA	2342	3151
	AAAAAAAAAJNEAAAA	2299	2512
	AAAAAAAAAJNHAAAA	1882	2463
	AAAAAAAAAKAAAAAA	3018	2187
	AAAAAAAAAKAHAAAA	2507	2815
	AAAAAAAAAKCLAAAA	2349	2460
	AAAAAAAAAKDHAAAA	2277	3281
	AAAAAAAAAKHFAAAA	2511	1776
	AAAAAAAAAKMHAAAA	1406	1593
	AAAAAAAAAKPNAAAA	1873	2357
	AAAAAAAAALECAAAA	2305	1994
	AAAAAAAAALFMAAAA	1979	1829
	AAAAAAAAALHFAAAA	1445	1341
	AAAAAAAAALIGAAAA	2138	1434
	AAAAAAAAALJCAAAA	1854	1895
	AAAAAAAAALKKAAAA	1809	1859
	AAAAAAAAALLNAAAA	2434	2437
	AAAAAAAAALPFAAAA	1843	2452
	AAAAAAAAAMALAAAA	1171	1491
	AAAAAAAAAMBEAAAA	1996	2202
	AAAAAAAAAMEKAAAA	2047	2684
	AAAAAAAAAMGNAAAA	2319	2796
	AAAAAAAAAMMOAAAA	2558	2480
	AAAAAAAAANBIAAAA	1817	1616
	AAAAAAAAANCFAAAA	2129	2180
	AAAAAAAAANEGAAAA	2294	1690
	AAAAAAAAANMHAAAA	2760	3511
	AAAAAAAAANPGAAAA	1710	2288
	AAAAAAAAAOAGAAAA	3238	2186
	AAAAAAAAAOIBAAAA	1721	2168
	AAAAAAAAAOJGAAAA	1984	2491
	AAAAAAAAAOMOAAAA	2450	1670
	AAAAAAAAAOPIAAAA	1730	2180
	AAAAAAAAAPEMAAAA	2384	3135
	AAAAAAAAAPHNAAAA	1752	2525
	AAAAAAAAAPLAAAAA	2431	3250
	AAAAAAAAAPLDAAAA	2445	2048
	AAAAAAAAAPOMAAAA	1591	2108
	AAAAAAAABAEIAAAA	2147	2378
	AAAAAAAABAIKAAAA	2341	2858
	AAAAAAAABAPDAAAA	1786	2327
	AAAAAAAABAPMAAAA	2586	2338
Time taken: 204.477 seconds, Fetched: 100 row(s)
End: 1475205357
Total Execution Time: 211
