   8       0 sda 813005 9 22886834 1206284 235891 434771 10842152 5262388 0 1413892 6468344
   8       1 sda1 812855 9 22885634 1206232 235265 434771 10842152 5262120 0 1413624 6468032
   8      16 sdb 11519 13111 104826 5212 65650 68891 427385600 115588 0 9468 120772
   8      17 sdb1 11166 13089 101826 5144 65542 68891 427385600 115496 0 9308 120612
   8      32 sdc 2433278 834 575022474 152936284 1947585 170949 860079688 506044792 1 12489228 658977848
   8      33 sdc1 2433128 834 575021274 152935464 1907992 170949 860079688 506027744 1 12482344 658960644
   8       0 sda 403922 178 9318842 681820 46774 27449 1805680 804780 0 720012 1486464
   8       1 sda1 403772 178 9317642 681764 46766 27449 1805680 804704 0 719896 1486332
   8      16 sdb 62274 13108 508522 24480 52642 62541 427016688 114316 0 20584 138784
   8      17 sdb1 61921 13086 505522 24388 52533 62541 427016688 114256 0 20432 138632
   8      32 sdc 2787981 820 668521290 197596424 1785916 115826 822937000 513408348 0 12339236 711004556
   8      33 sdc1 2787831 820 668520090 197595596 1785817 115826 822937000 513408332 0 12338444 711002620
   8       0 sda 401117 135 9271938 600380 48439 28137 1834488 816576 0 712704 1416788
   8       1 sda1 400967 135 9270738 600360 48433 28137 1834488 816532 0 712656 1416720
   8      32 sdc 2409811 542 571971514 150484452 1796343 115806 827192344 503758376 0 11473200 654257268
   8      33 sdc1 2409661 542 571970314 150483632 1796251 115806 827192344 503758360 0 11472372 654239776
   8      16 sdb 62788 13108 512722 25076 52726 62414 427025144 99892 0 19812 124940
   8      17 sdb1 62436 13086 509730 25004 52615 62414 427025144 99632 0 19484 124608
   8       0 sda 400123 192 9220762 748804 47476 32041 1828272 827192 0 701964 1575820
   8       1 sda1 399973 192 9219562 748736 47470 32041 1828272 827148 0 701884 1575708
   8      16 sdb 60668 13108 495674 19284 52119 61934 426992888 94084 0 14692 113348
   8      17 sdb1 60315 13086 492674 19240 52007 61934 426992888 93836 0 14400 113056
   8      32 sdc 2390074 521 567750666 152818228 1990634 115249 923884936 559404724 0 11881260 712220708
   8      33 sdc1 2389924 521 567749466 152817396 1990536 115249 923884936 559404712 0 11880428 712236680
  eth0: 63392732281 50513330    0  464    0     0          0         0 70767449381 8941032    0    0    0     0       0          0
  eth0: 53686278483 43662866    0 3012    0     0          0         0 85797326938 8424006    0    0    0     0       0          0
  eth0: 73044261391 56208095    0 1750    0     0          0         0 53566907812 8837185    0    0    0     0       0          0
  eth0: 81046659389 60492706    0  849    0     0          0         0 50612205694 9093626    0    0    0     0       0          0
