   8       0 sda 806687 9 22707386 1202440 234856 428244 10737904 5248332 0 1405664 6450448
   8       1 sda1 806537 9 22706186 1202388 234230 428244 10737904 5248064 0 1405396 6450136
   8      16 sdb 11489 13111 104586 5204 65298 68324 427366224 115520 0 9392 120696
   8      17 sdb1 11136 13089 101586 5136 65190 68324 427366224 115428 0 9232 120536
   8      32 sdc 2391288 831 564632610 150929508 1932812 167521 856981880 503432016 0 12333308 654357992
   8      33 sdc1 2391138 831 564631410 150928688 1894081 167521 856981880 503415156 0 12326588 654340904
   8       0 sda 400748 178 9246442 680060 46503 27218 1795680 803164 0 716976 1483088
   8       1 sda1 400598 178 9245242 680004 46495 27218 1795680 803088 0 716860 1482956
   8      16 sdb 62191 13108 507858 24444 52319 62026 427001000 114244 0 20508 138676
   8      17 sdb1 61838 13086 504858 24352 52210 62026 427001000 114184 0 20356 138524
   8      32 sdc 2740050 817 656452154 193844668 1773239 113802 819856528 509670556 0 12184456 703515024
   8      33 sdc1 2739900 817 656450954 193843840 1773140 113802 819856528 509670540 0 12183664 703513088
   8       0 sda 397973 132 9200098 599436 47975 27750 1820632 813016 0 708328 1412284
   8       1 sda1 397823 132 9198898 599416 47969 27750 1820632 812972 0 708280 1412216
   8      32 sdc 2369019 541 561643450 148231560 1774684 113809 821912824 497898532 0 11317344 646144576
   8      33 sdc1 2368869 541 561642250 148230740 1774592 113809 821912824 497898516 0 11316516 646127084
   8      16 sdb 62729 13108 512250 25076 52428 61894 427011368 99864 0 19784 124912
   8      17 sdb1 62377 13086 509258 25004 52317 61894 427011368 99604 0 19456 124580
   8       0 sda 396969 191 9148754 746988 47155 31768 1816288 824800 0 698568 1571612
   8       1 sda1 396819 191 9147554 746920 47149 31768 1816288 824756 0 698488 1571500
   8      16 sdb 60599 13108 495122 19276 51809 61373 426977608 94052 0 14656 113308
   8      17 sdb1 60246 13086 492122 19232 51697 61373 426977608 93804 0 14364 113016
   8      32 sdc 2348960 521 557414970 150850560 1967926 112981 918375168 554522828 0 11719644 705371168
   8      33 sdc1 2348810 521 557413770 150849728 1967828 112981 918375168 554522816 0 11718812 705387140
  eth0: 62111239461 49457495    0  464    0     0          0         0 69253674030 8700168    0    0    0     0       0          0
  eth0: 52586849232 42708693    0 3012    0     0          0         0 83941721349 8217355    0    0    0     0       0          0
  eth0: 71062023705 54634908    0 1750    0     0          0         0 51034697686 8531940    0    0    0     0       0          0
  eth0: 78089294586 58298496    0  849    0     0          0         0 49469325794 8808478    0    0    0     0       0          0
