VM1 sda-sda
Previous Sectors Read = 22707386
Current Sectors Read = 22886834
Previous Sectors Written = 10737904
Current Sectors Written = 10842152
Sectors Read = 179448
Sectors Written = 104248
--------------------
VM1 sdb-sdb
Previous Sectors Read = 104586
Current Sectors Read = 104826
Previous Sectors Written = 427366224
Current Sectors Written = 427385600
Sectors Read = 240
Sectors Written = 19376
--------------------
VM1 sdc-sdc
Previous Sectors Read = 564632610
Current Sectors Read = 575022474
Previous Sectors Written = 856981880
Current Sectors Written = 860079688
Sectors Read = 10389864
Sectors Written = 3097808
--------------------
VM2 sda-sda
Previous Sectors Read = 9246442
Current Sectors Read = 9318842
Previous Sectors Written = 1795680
Current Sectors Written = 1805680
Sectors Read = 72400
Sectors Written = 10000
--------------------
VM2 sdb-sdb
Previous Sectors Read = 507858
Current Sectors Read = 508522
Previous Sectors Written = 427001000
Current Sectors Written = 427016688
Sectors Read = 664
Sectors Written = 15688
--------------------
VM2 sdc-sdc
Previous Sectors Read = 656452154
Current Sectors Read = 668521290
Previous Sectors Written = 819856528
Current Sectors Written = 822937000
Sectors Read = 12069136
Sectors Written = 3080472
--------------------
VM3 sda-sda
Previous Sectors Read = 9200098
Current Sectors Read = 9271938
Previous Sectors Written = 1820632
Current Sectors Written = 1834488
Sectors Read = 71840
Sectors Written = 13856
--------------------
VM3 sdc-sdc
Previous Sectors Read = 561643450
Current Sectors Read = 571971514
Previous Sectors Written = 821912824
Current Sectors Written = 827192344
Sectors Read = 10328064
Sectors Written = 5279520
--------------------
VM3 sdb-sdb
Previous Sectors Read = 512250
Current Sectors Read = 512722
Previous Sectors Written = 427011368
Current Sectors Written = 427025144
Sectors Read = 472
Sectors Written = 13776
--------------------
VM4 sda-sda
Previous Sectors Read = 9148754
Current Sectors Read = 9220762
Previous Sectors Written = 1816288
Current Sectors Written = 1828272
Sectors Read = 72008
Sectors Written = 11984
--------------------
VM4 sdb-sdb
Previous Sectors Read = 495122
Current Sectors Read = 495674
Previous Sectors Written = 426977608
Current Sectors Written = 426992888
Sectors Read = 552
Sectors Written = 15280
--------------------
VM4 sdc-sdc
Previous Sectors Read = 557414970
Current Sectors Read = 567750666
Previous Sectors Written = 918375168
Current Sectors Written = 923884936
Sectors Read = 10335696
Sectors Written = 5509768
--------------------
VM1
Previous Packets Received = 62111239461
Current Packets Received = 63392732281
Previous Packets Transmitted = 69253674030
Current Packets Transmitted = 70767449381
Packets received = 1281492820
Packets Transmitted = 1513775351
--------------------
VM2
Previous Packets Received = 52586849232
Current Packets Received = 53686278483
Previous Packets Transmitted = 83941721349
Current Packets Transmitted = 85797326938
Packets received = 1099429251
Packets Transmitted = 1855605589
--------------------
VM3
Previous Packets Received = 71062023705
Current Packets Received = 73044261391
Previous Packets Transmitted = 51034697686
Current Packets Transmitted = 53566907812
Packets received = 1982237686
Packets Transmitted = 2532210126
--------------------
VM4
Previous Packets Received = 78089294586
Current Packets Received = 81046659389
Previous Packets Transmitted = 49469325794
Current Packets Transmitted = 50612205694
Packets received = 2957364803
Packets Transmitted = 1142879900
--------------------
Total Sectors Read = 22282436608
Total Sectors Written = 8791949312
Total Packets Received = 7320524560
Total Packets Transmitted = 7044470966
