   8       0 sda 1003871 9 28226826 1393952 297662 561852 13681144 5907304 0 1685056 7300828
   8       1 sda1 1003721 9 28225626 1393900 297033 561852 13681144 5907032 0 1684784 7300512
   8      16 sdb 40403 13111 335898 16204 79468 83016 427831640 118844 0 18624 135012
   8      17 sdb1 40050 13089 332898 16136 79336 83016 427831640 118744 0 18456 134844
   8      32 sdc 3679221 1427 874451642 245103216 3415012 263213 1570323384 907026296 0 19049732 1152124536
   8      33 sdc1 3679071 1427 874450442 245102396 3362046 263213 1570323384 907005272 0 19040884 1152103416
   8       0 sda 499136 242 11483370 758260 58311 35350 2111888 881128 0 824780 1639216
   8       1 sda1 498986 242 11482170 758204 58301 35350 2111888 881052 0 824664 1639084
   8      16 sdb 123659 13108 999602 48516 64349 75950 427360216 118132 0 35812 166628
   8      17 sdb1 123306 13086 996602 48424 64216 75950 427360216 118064 0 35652 166468
   8      32 sdc 4217794 1149 1018050970 319087212 3254652 184208 1549193872 945436976 0 19155224 1264523196
   8      33 sdc1 4217644 1149 1018049770 319086384 3254531 184208 1549193872 945436948 0 19154428 1264519972
   8       0 sda 496422 162 11446962 644284 60432 35936 2161896 896172 0 825240 1540240
   8       1 sda1 496272 162 11445762 644264 60426 35936 2161896 896128 0 825192 1540172
   8      32 sdc 3670030 913 876585050 245310540 3223552 184368 1535949072 912586616 0 17944180 1157912732
   8      33 sdc1 3669880 913 876583850 245309720 3223436 184368 1535949072 912586596 0 17943400 1157901376
   8      16 sdb 126220 13108 1020178 52388 64712 76540 427388336 101536 0 37644 153856
   8      17 sdb1 125868 13086 1017186 52316 64576 76540 427388336 101252 0 37292 153500
   8       0 sda 494512 229 11356858 861652 59165 40558 2149064 909964 0 813220 1771400
   8       1 sda1 494362 229 11355658 861584 59159 40558 2149064 909920 0 813140 1771288
   8      16 sdb 121538 13108 982634 38672 64076 75866 427349392 96260 0 25768 134912
   8      17 sdb1 121185 13086 979634 38628 63940 75866 427349392 96008 0 25472 134616
   8      32 sdc 3638460 1189 868774002 247629224 3473929 183906 1658893904 985550660 0 18363336 1233177816
   8      33 sdc1 3638310 1189 868772802 247628392 3473810 183906 1658893904 985550640 0 18362500 1233194764
  eth0: 91226978352 72544422    0  489    0     0          0         0 96120654698 12830601    0    0    0     0       0          0
  eth0: 74311801978 60930512    0 3830    0     0          0         0 122364299660 12201790    0    0    0     0       0          0
  eth0: 104563059535 81227228    0 1859    0     0          0         0 78606436631 13061344    0    0    0     0       0          0
  eth0: 110967148983 83446347    0 2805    0     0          0         0 69313903746 13000633    0    0    0     0       0          0
