   8       0 sda 999097 9 28067034 1391124 295606 561128 13644608 5894600 0 1672264 7285296
   8       1 sda1 998947 9 28065834 1391072 294977 561128 13644608 5894328 0 1671992 7284980
   8      16 sdb 40377 13111 335690 16200 78632 82365 427814752 118468 0 18436 134632
   8      17 sdb1 40024 13089 332690 16132 78500 82365 427814752 118368 0 18268 134464
   8      32 sdc 3655772 1323 869517602 240598676 3224854 257304 1475487776 851377120 0 18562776 1091971104
   8      33 sdc1 3655622 1323 869516402 240597856 3171982 257304 1475487776 851356148 0 18553968 1091949512
   8       0 sda 497941 238 11460890 757332 57435 35040 2091696 875368 0 819096 1632528
   8       1 sda1 497791 238 11459690 757276 57425 35040 2091696 875292 0 818980 1632396
   8      16 sdb 123478 13108 998154 48472 63584 75302 427345704 118080 0 35728 166532
   8      17 sdb1 123125 13086 995154 48380 63451 75302 427345704 118012 0 35568 166372
   8      32 sdc 4193363 1064 1012664930 314146420 3066918 179293 1455681344 886784660 0 18669252 1200930376
   8      33 sdc1 4193213 1064 1012663730 314145592 3066797 179293 1455681344 886784632 0 18668456 1200927152
   8       0 sda 495236 162 11424194 644044 59425 35579 2137968 890876 0 819760 1534704
   8       1 sda1 495086 162 11422994 644024 59419 35579 2137968 890832 0 819712 1534636
   8      32 sdc 3642217 892 870634514 241086788 3049073 179278 1448970720 861811568 0 17483688 1102912372
   8      33 sdc1 3642067 892 870633314 241085968 3048957 179278 1448970720 861811548 0 17482908 1102902304
   8      16 sdb 125987 13108 1018314 52236 63942 75855 427370928 101380 0 37552 153548
   8      17 sdb1 125635 13086 1015322 52164 63806 75855 427370928 101096 0 37200 153192
   8       0 sda 493321 226 11334626 861060 58325 40265 2129344 906124 0 809096 1766968
   8       1 sda1 493171 226 11333426 860992 58319 40265 2129344 906080 0 809016 1766856
   8      16 sdb 121344 13108 981082 38628 63343 75244 427335480 96168 0 25656 134776
   8      17 sdb1 120991 13086 978082 38584 63207 75244 427335480 95916 0 25360 134480
   8      32 sdc 3615443 1049 863954786 243674988 3297807 179311 1571031624 932545912 0 17906540 1176219104
   8      33 sdc1 3615293 1049 863953586 243674156 3297688 179311 1571031624 932545892 0 17905704 1176235476
  eth0: 89718731305 71273945    0  489    0     0          0         0 94949920899 12517592    0    0    0     0       0          0
  eth0: 72869407982 59766388    0 3830    0     0          0         0 121167350834 11881799    0    0    0     0       0          0
  eth0: 103296471108 79949949    0 1859    0     0          0         0 76876044933 12710374    0    0    0     0       0          0
  eth0: 109698998826 82355534    0 2805    0     0          0         0 68132658721 12707435    0    0    0     0       0          0
