VM1 sda-sda
Previous Sectors Read = 28067034
Current Sectors Read = 28226826
Previous Sectors Written = 13644608
Current Sectors Written = 13681144
Sectors Read = 159792
Sectors Written = 36536
--------------------
VM1 sdb-sdb
Previous Sectors Read = 335690
Current Sectors Read = 335898
Previous Sectors Written = 427814752
Current Sectors Written = 427831640
Sectors Read = 208
Sectors Written = 16888
--------------------
VM1 sdc-sdc
Previous Sectors Read = 869517602
Current Sectors Read = 874451642
Previous Sectors Written = 1475487776
Current Sectors Written = 1570323384
Sectors Read = 4934040
Sectors Written = 94835608
--------------------
VM2 sda-sda
Previous Sectors Read = 11460890
Current Sectors Read = 11483370
Previous Sectors Written = 2091696
Current Sectors Written = 2111888
Sectors Read = 22480
Sectors Written = 20192
--------------------
VM2 sdb-sdb
Previous Sectors Read = 998154
Current Sectors Read = 999602
Previous Sectors Written = 427345704
Current Sectors Written = 427360216
Sectors Read = 1448
Sectors Written = 14512
--------------------
VM2 sdc-sdc
Previous Sectors Read = 1012664930
Current Sectors Read = 1018050970
Previous Sectors Written = 1455681344
Current Sectors Written = 1549193872
Sectors Read = 5386040
Sectors Written = 93512528
--------------------
VM3 sda-sda
Previous Sectors Read = 11424194
Current Sectors Read = 11446962
Previous Sectors Written = 2137968
Current Sectors Written = 2161896
Sectors Read = 22768
Sectors Written = 23928
--------------------
VM3 sdc-sdc
Previous Sectors Read = 870634514
Current Sectors Read = 876585050
Previous Sectors Written = 1448970720
Current Sectors Written = 1535949072
Sectors Read = 5950536
Sectors Written = 86978352
--------------------
VM3 sdb-sdb
Previous Sectors Read = 1018314
Current Sectors Read = 1020178
Previous Sectors Written = 427370928
Current Sectors Written = 427388336
Sectors Read = 1864
Sectors Written = 17408
--------------------
VM4 sda-sda
Previous Sectors Read = 11334626
Current Sectors Read = 11356858
Previous Sectors Written = 2129344
Current Sectors Written = 2149064
Sectors Read = 22232
Sectors Written = 19720
--------------------
VM4 sdb-sdb
Previous Sectors Read = 981082
Current Sectors Read = 982634
Previous Sectors Written = 427335480
Current Sectors Written = 427349392
Sectors Read = 1552
Sectors Written = 13912
--------------------
VM4 sdc-sdc
Previous Sectors Read = 863954786
Current Sectors Read = 868774002
Previous Sectors Written = 1571031624
Current Sectors Written = 1658893904
Sectors Read = 4819216
Sectors Written = 87862280
--------------------
VM1
Previous Packets Received = 89718731305
Current Packets Received = 91226978352
Previous Packets Transmitted = 94949920899
Current Packets Transmitted = 96120654698
Packets received = 1508247047
Packets Transmitted = 1170733799
--------------------
VM2
Previous Packets Received = 72869407982
Current Packets Received = 74311801978
Previous Packets Transmitted = 121167350834
Current Packets Transmitted = 122364299660
Packets received = 1442393996
Packets Transmitted = 1196948826
--------------------
VM3
Previous Packets Received = 103296471108
Current Packets Received = 104563059535
Previous Packets Transmitted = 76876044933
Current Packets Transmitted = 78606436631
Packets received = 1266588427
Packets Transmitted = 1730391698
--------------------
VM4
Previous Packets Received = 109698998826
Current Packets Received = 110967148983
Previous Packets Transmitted = 68132658721
Current Packets Transmitted = 69313903746
Packets received = 1268150157
Packets Transmitted = 1181245025
--------------------
Total Sectors Read = 10916954112
Total Sectors Written = 186036154368
Total Packets Received = 5485379627
Total Packets Transmitted = 5279319348
