   8       0 sda 966476 9 27177106 1363692 280194 545249 13127296 5739320 0 1620212 7102608
   8       1 sda1 966326 9 27175906 1363640 279566 545249 13127296 5739052 0 1619944 7102296
   8      16 sdb 32476 13111 272482 12612 76004 80149 427749896 118068 0 16024 130644
   8      17 sdb1 32123 13089 269482 12544 75877 80149 427749896 117968 0 15856 130476
   8      32 sdc 3574354 1244 851970098 230127388 2841728 240632 1290339648 741037712 0 17446716 971159860
   8      33 sdc1 3574204 1244 851968898 230126568 2790761 240632 1290339648 741017536 0 17438272 971139532
   8       0 sda 480760 229 11075866 741340 54912 33688 2032328 858528 0 797388 1599712
   8       1 sda1 480610 229 11074666 741284 54903 33688 2032328 858452 0 797272 1599580
   8      16 sdb 111499 13108 902322 44604 61478 73130 427296976 117748 0 33084 162336
   8      17 sdb1 111146 13086 899322 44512 61350 73130 427296976 117680 0 32924 162176
   8      32 sdc 4104391 1033 992669618 303982928 2667013 164549 1260147664 771395336 23 17525324 1075388728
   8      33 sdc1 4104241 1033 992668418 303982100 2666896 164549 1260147664 771395312 23 17524528 1075386016
   8       0 sda 478182 158 11041010 636032 56736 34384 2071752 875236 0 798540 1511060
   8       1 sda1 478032 158 11039810 636012 56730 34384 2071752 875192 0 798492 1510992
   8      32 sdc 3552581 773 850828562 229711636 2681533 165839 1268238752 753520668 0 16397716 983245320
   8      33 sdc1 3552431 773 850827362 229710816 2681422 165839 1268238752 753520648 0 16396936 983235540
   8      16 sdb 113550 13108 918818 46500 61766 73614 427317568 101168 0 33976 147604
   8      17 sdb1 113198 13086 915826 46428 61635 73614 427317568 100888 0 33628 147252
   8       0 sda 476085 224 10950418 847412 55791 38758 2068704 887732 0 786228 1734932
   8       1 sda1 475935 224 10949218 847344 55785 38758 2068704 887688 0 786148 1734820
   8      16 sdb 109395 13108 885490 34208 61245 73144 427289080 95824 0 23512 130012
   8      17 sdb1 109042 13086 882490 34164 61113 73144 427289080 95572 0 23216 129716
   8      32 sdc 3534967 961 846382034 233699040 2894551 165270 1372640816 815531084 0 16780256 1049227068
   8      33 sdc1 3534817 961 846380834 233698208 2894436 165270 1372640816 815531064 0 16779424 1049243440
  eth0: 85399960319 67638420    0  489    0     0          0         0 90265680582 11685286    0    0    0     0       0          0
  eth0: 67240513027 55409448    0 3830    0     0          0         0 116774765445 10926859    0    0    0     0       0          0
  eth0: 99055036795 76015888    0 1859    0     0          0         0 71475280517 11826715    0    0    0     0       0          0
  eth0: 104561570584 78265243    0 2805    0     0          0         0 64030470975 11839970    0    0    0     0       0          0
