   8       0 sda 960207 9 26998378 1359860 274949 538334 12915144 5630384 0 1608476 6989844
   8       1 sda1 960057 9 26997178 1359808 274321 538334 12915144 5630116 0 1608208 6989532
   8      16 sdb 32451 13111 272282 12608 75717 79849 427739864 118028 0 15980 130600
   8      17 sdb1 32098 13089 269282 12540 75590 79849 427739864 117928 0 15812 130432
   8      32 sdc 3557135 1243 848040082 229278472 2832092 238533 1288339120 739914720 0 17358268 969187984
   8      33 sdc1 3556985 1243 848038882 229277652 2781961 238533 1288339120 739894724 0 17349968 969167836
   8       0 sda 478032 218 11015938 739240 54730 33603 2027480 857216 0 794820 1596300
   8       1 sda1 477882 218 11014738 739184 54721 33603 2027480 857140 0 794704 1596168
   8      16 sdb 111457 13108 901986 44600 61274 72888 427290744 117720 0 33052 162304
   8      17 sdb1 111104 13086 898986 44508 61146 72888 427290744 117652 0 32892 162144
   8      32 sdc 4084982 1033 988034050 303028236 2656410 163202 1257155696 769669772 0 17443668 1072696948
   8      33 sdc1 4084832 1033 988032850 303027408 2656293 163202 1257155696 769669748 0 17442872 1072694236
   8       0 sda 474962 156 10968522 634664 56408 34101 2061680 873148 0 795300 1507608
   8       1 sda1 474812 156 10967322 634644 56402 34101 2061680 873104 0 795252 1507540
   8      32 sdc 3535667 772 846936314 228909220 2665407 163668 1264258464 750779504 0 16310708 979701760
   8      33 sdc1 3535517 772 846935114 228908400 2665296 163668 1264258464 750779484 0 16309928 979691980
   8      16 sdb 113532 13108 918674 46496 61493 73188 427307808 101140 0 33944 147572
   8      17 sdb1 113180 13086 915682 46424 61362 73188 427307808 100860 0 33596 147220
   8       0 sda 472924 224 10878714 845796 55550 38508 2061352 886128 0 783548 1731712
   8       1 sda1 472774 224 10877514 845728 55544 38508 2061352 886084 0 783468 1731600
   8      16 sdb 109374 13108 885322 34208 60957 72782 427280104 95788 0 23476 129976
   8      17 sdb1 109021 13086 882322 34164 60825 72782 427280104 95536 0 23180 129680
   8      32 sdc 3518077 960 842494826 232912668 2882987 163544 1369489168 813439744 0 16699876 1046349372
   8      33 sdc1 3517927 960 842493626 232911836 2882872 163544 1369489168 813439724 0 16699044 1046365744
  eth0: 84904079606 67204217    0  489    0     0          0         0 89245517370 11588111    0    0    0     0       0          0
  eth0: 66328023694 54698080    0 3773    0     0          0         0 115463911125 10810806    0    0    0     0       0          0
  eth0: 97255273098 74697915    0 1859    0     0          0         0 70442739350 11675051    0    0    0     0       0          0
  eth0: 103384221969 77385097    0 2652    0     0          0         0 63184250113 11717557    0    0    0     0       0          0
