   8       0 sda 951232 9 26754042 1354448 272637 537432 12867416 5616516 0 1595084 6970564
   8       1 sda1 951082 9 26752842 1354396 272010 537432 12867416 5616248 0 1594816 6970252
   8      16 sdb 29528 13111 248898 11420 74873 79214 427722744 117832 0 15116 129220
   8      17 sdb1 29175 13089 245898 11352 74748 79214 427722744 117732 0 14948 129052
   8      32 sdc 3534104 1169 843163474 224820188 2656271 233262 1198420992 687965720 0 16899656 912780984
   8      33 sdc1 3533954 1169 843162274 224819368 2606270 233262 1198420992 687945768 0 16891392 912760880
   8       0 sda 473489 218 10916066 735124 53782 33307 2006248 851664 0 788276 1586632
   8       1 sda1 473339 218 10914866 735068 53773 33307 2006248 851588 0 788160 1586500
   8      16 sdb 106576 13108 862938 42484 60509 72217 427275712 117564 0 31772 160032
   8      17 sdb1 106223 13086 859938 42392 60383 72217 427275712 117496 0 31612 159872
   8      32 sdc 4061257 1005 982921274 298007936 2468374 158040 1160881136 711896216 0 16958992 1009903380
   8      33 sdc1 4061107 1005 982920074 298007108 2468259 158040 1160881136 711896196 0 16958200 1009900668
   8       0 sda 470437 156 10868394 633216 55314 33692 2035208 864308 0 786016 1497320
   8       1 sda1 470287 156 10867194 633196 55308 33692 2035208 864264 0 785968 1497252
   8      32 sdc 3506948 677 840740898 224475608 2490982 158610 1174317528 698900496 116 15850820 923457780
   8      33 sdc1 3506798 677 840739698 224474788 2490873 158610 1174317528 698900476 116 15850040 923448000
   8      16 sdb 108531 13108 878666 44572 60694 72442 427289016 101072 0 32400 145584
   8      17 sdb1 108179 13086 875674 44500 60565 72442 427289016 100792 0 32052 145232
   8       0 sda 468347 221 10778946 841860 54719 38184 2042296 881496 0 777928 1723144
   8       1 sda1 468197 221 10777746 841792 54713 38184 2042296 881452 0 777848 1723032
   8      16 sdb 104587 13108 847026 33028 60185 72094 427264976 95648 0 22628 128656
   8      17 sdb1 104234 13086 844026 32984 60055 72094 427264976 95396 0 22332 128360
   8      32 sdc 3494989 859 837656834 228745652 2692745 158579 1272300368 757376528 0 16224516 986119456
   8      33 sdc1 3494839 859 837655634 228744820 2692632 158579 1272300368 757376512 0 16223680 986134784
  eth0: 83702417435 66114671    0  489    0     0          0         0 88008156174 11283895    0    0    0     0       0          0
  eth0: 64697314880 53455256    0 3773    0     0          0         0 114584774769 10452011    0    0    0     0       0          0
  eth0: 96033222275 73385492    0 1859    0     0          0         0 68375235624 11333281    0    0    0     0       0          0
  eth0: 101812387270 76068406    0 2652    0     0          0         0 61948617100 11370541    0    0    0     0       0          0
