   8       0 sda 945068 9 26575906 1350564 271335 528996 12729312 5591156 0 1584900 6941320
   8       1 sda1 944918 9 26574706 1350512 270708 528996 12729312 5590888 0 1584632 6941008
   8      16 sdb 29481 13111 248522 11412 74459 78781 427709232 117768 0 15044 129148
   8      17 sdb1 29128 13089 245522 11344 74334 78781 427709232 117668 0 14876 128980
   8      32 sdc 3516811 1169 839273634 223710440 2643109 230503 1193285640 685010960 0 16797276 908716492
   8      33 sdc1 3516661 1169 839272434 223709620 2593950 230503 1193285640 684991220 0 16789156 908696600
   8       0 sda 470292 217 10843098 733196 53441 32969 1997264 848884 0 784132 1581924
   8       1 sda1 470142 217 10841898 733140 53432 32969 1997264 848808 0 784016 1581792
   8      16 sdb 106459 13108 862002 42468 60246 71825 427267144 117528 0 31720 159980
   8      17 sdb1 106106 13086 859002 42376 60120 71825 427267144 117460 0 31560 159820
   8      32 sdc 4041591 1003 978283410 296860064 2457913 156190 1155957488 709183428 0 16871752 1006042744
   8      33 sdc1 4041441 1003 978282210 296859236 2457798 156190 1155957488 709183408 0 16870960 1006040032
   8       0 sda 467771 153 10808986 632292 55121 33579 2030000 862864 0 783792 1494956
   8       1 sda1 467621 153 10807786 632272 55115 33579 2030000 862820 0 783744 1494888
   8      32 sdc 3489793 676 836846386 223655232 2478870 156788 1168501120 696378968 0 15767996 920047532
   8      33 sdc1 3489643 676 836845186 223654412 2478761 156788 1168501120 696378948 0 15767216 920037752
   8      16 sdb 108383 13108 877482 44428 60428 72095 427281656 101048 0 32348 145416
   8      17 sdb1 108031 13086 874490 44356 60299 72095 427281656 100768 0 32000 145064
   8       0 sda 465164 221 10706282 840224 54441 37921 2033872 880176 0 775408 1720188
   8       1 sda1 465014 221 10705082 840156 54435 37921 2033872 880132 0 775328 1720076
   8      16 sdb 104393 13108 845474 33008 59805 71664 427254520 95636 0 22600 128624
   8      17 sdb1 104040 13086 842474 32964 59675 71664 427254520 95384 0 22304 128328
   8      32 sdc 3477653 859 833766018 227886888 2680193 156468 1266815312 753645796 0 16131476 981529976
   8      33 sdc1 3477503 859 833764818 227886056 2680080 156468 1266815312 753645780 0 16130640 981545304
  eth0: 82616745183 65217048    0  464    0     0          0         0 86821640786 11150701    0    0    0     0       0          0
  eth0: 63795470405 52743100    0 3773    0     0          0         0 113593150986 10340987    0    0    0     0       0          0
  eth0: 94747895253 72427719    0 1859    0     0          0         0 67278684640 11155894    0    0    0     0       0          0
  eth0: 100722417626 75242183    0 2652    0     0          0         0 61038325827 11228532    0    0    0     0       0          0
