   8       0 sda 881560 9 24838962 1270616 255308 482026 11812880 5431940 0 1503132 6702192
   8       1 sda1 881410 9 24837762 1270564 254681 482026 11812880 5431672 0 1502864 6701880
   8      16 sdb 18375 13111 159674 7476 69979 73878 427541528 116564 0 11660 124012
   8      17 sdb1 18022 13089 156674 7408 69863 73878 427541528 116464 0 11492 123844
   8      32 sdc 2979874 938 708376578 185722420 2202709 199367 967580512 564130440 0 14476768 749848700
   8      33 sdc1 2979724 938 708375378 185721600 2158393 199367 967580512 564111716 0 14469212 749829820
   8       0 sda 437698 203 10116490 707880 49859 30309 1898008 827076 0 753040 1534824
   8       1 sda1 437548 203 10115290 707824 49850 30309 1898008 827000 0 752924 1534692
   8      16 sdb 83976 13108 682138 33680 56380 67223 427139024 116688 0 26396 150352
   8      17 sdb1 83623 13086 679138 33588 56263 67223 427139024 116620 0 26236 150192
   8      32 sdc 3421944 868 825089210 246164436 2023362 134112 929039200 583462912 0 14472544 829626636
   8      33 sdc1 3421794 868 825088010 246163608 2023256 134112 929039200 583462896 0 14471752 829624700
   8       0 sda 435235 143 10079362 618504 51508 30946 1926632 839696 0 750184 1458012
   8       1 sda1 435085 143 10078162 618484 51502 30946 1926632 839652 0 750136 1457944
   8      32 sdc 2954278 590 705652594 185407648 2042972 134350 939951120 574246096 0 13478796 759667796
   8      33 sdc1 2954128 590 705651394 185406828 2042871 134350 939951120 574246076 0 13478020 759658016
   8      16 sdb 85253 13108 692442 34300 56418 67260 427146944 100312 0 25748 134568
   8      17 sdb1 84901 13086 689450 34228 56298 67260 427146944 100044 0 25412 134228
   8       0 sda 434011 206 10018802 779120 50679 35107 1930128 852560 0 738860 1631480
   8       1 sda1 433861 206 10017602 779052 50673 35107 1930128 852516 0 738780 1631368
   8      16 sdb 82153 13108 667554 25956 55991 67022 427124376 94772 0 18588 120708
   8      17 sdb1 81800 13086 664554 25912 55870 67022 427124376 94520 0 18292 120412
   8      32 sdc 2940992 606 702525282 187161044 2245508 134832 1039582616 626139488 0 13885080 813297908
   8      33 sdc1 2940842 606 702524082 187160212 2245404 134832 1039582616 626139476 0 13884244 813313888
  eth0: 74170521228 58831679    0  464    0     0          0         0 81816020552 10163816    0    0    0     0       0          0
  eth0: 60655232483 49555137    0 3773    0     0          0         0 101138976965 9506942    0    0    0     0       0          0
  eth0: 85588680957 65561821    0 1859    0     0          0         0 62708879583 10115229    0    0    0     0       0          0
  eth0: 93942886991 69994873    0 2652    0     0          0         0 56676246522 10369464    0    0    0     0       0          0
