   8       0 sda 876812 9 24679410 1267168 254579 481228 11792888 5427328 0 1496548 6694136
   8       1 sda1 876662 9 24678210 1267116 253953 481228 11792888 5427060 0 1496280 6693824
   8      16 sdb 18342 13111 159410 7460 69409 73257 427524176 116452 0 11536 123884
   8      17 sdb1 17989 13089 156410 7392 69293 73257 427524176 116352 0 11368 123716
   8      32 sdc 2896328 922 688038498 178848304 2128747 195638 930706160 544191800 0 14117572 723036072
   8      33 sdc1 2896178 922 688037298 178847484 2084521 195638 930706160 544173100 0 14110028 723017216
   8       0 sda 436478 202 10093362 707012 49368 29797 1883504 822228 0 748820 1529112
   8       1 sda1 436328 202 10092162 706956 49359 29797 1883504 822152 0 748704 1528980
   8      16 sdb 83892 13108 681466 33544 55748 66572 427115136 116620 0 26316 150148
   8      17 sdb1 83539 13086 678466 33452 55631 66572 427115136 116552 0 26156 149988
   8      32 sdc 3325006 867 801267202 235996104 1949162 131642 891813680 560232668 0 14088760 796228244
   8      33 sdc1 3324856 867 801266002 235995276 1949056 131642 891813680 560232652 0 14087968 796226308
   8       0 sda 434068 143 10057314 617936 51204 30635 1916840 837380 0 747456 1455128
   8       1 sda1 433918 143 10056114 617916 51198 30635 1916840 837336 0 747408 1455060
   8      32 sdc 2871442 581 685258010 177457916 1966707 131549 901584624 552747444 1 13125852 730219956
   8      33 sdc1 2871292 581 685256810 177457096 1966606 131549 901584624 552747424 1 13125076 730210176
   8      16 sdb 85131 13108 691466 34200 55855 66632 427129160 100272 0 25692 134428
   8      17 sdb1 84779 13086 688474 34128 55735 66632 427129160 100004 0 25356 134088
   8       0 sda 432870 203 9996914 778412 50329 34738 1919528 850504 0 736400 1628716
   8       1 sda1 432720 203 9995714 778344 50323 34738 1919528 850460 0 736320 1628604
   8      16 sdb 81986 13108 666218 25948 55498 66479 427111808 94744 0 18552 120672
   8      17 sdb1 81633 13086 663218 25904 55377 66479 427111808 94492 0 18256 120376
   8      32 sdc 2858415 595 682170106 179131708 2166821 132325 1000079808 601857140 0 13526364 780986328
   8      33 sdc1 2858265 595 682168906 179130876 2166717 132325 1000079808 601857128 0 13525528 781002300
  eth0: 73056715091 58011611    0  464    0     0          0         0 81219772707 10049080    0    0    0     0       0          0
  eth0: 60615854788 49371579    0 3773    0     0          0         0 99529907780 9416697    0    0    0     0       0          0
  eth0: 84548601495 64816466    0 1859    0     0          0         0 62534652719 10016500    0    0    0     0       0          0
  eth0: 93497417143 69668334    0 2652    0     0          0         0 56528831982 10320692    0    0    0     0       0          0
