VM1 sda-sda
Previous Sectors Read = 24679410
Current Sectors Read = 24838962
Previous Sectors Written = 11792888
Current Sectors Written = 11812880
Sectors Read = 159552
Sectors Written = 19992
--------------------
VM1 sdb-sdb
Previous Sectors Read = 159410
Current Sectors Read = 159674
Previous Sectors Written = 427524176
Current Sectors Written = 427541528
Sectors Read = 264
Sectors Written = 17352
--------------------
VM1 sdc-sdc
Previous Sectors Read = 688038498
Current Sectors Read = 708376578
Previous Sectors Written = 930706160
Current Sectors Written = 967580512
Sectors Read = 20338080
Sectors Written = 36874352
--------------------
VM2 sda-sda
Previous Sectors Read = 10093362
Current Sectors Read = 10116490
Previous Sectors Written = 1883504
Current Sectors Written = 1898008
Sectors Read = 23128
Sectors Written = 14504
--------------------
VM2 sdb-sdb
Previous Sectors Read = 681466
Current Sectors Read = 682138
Previous Sectors Written = 427115136
Current Sectors Written = 427139024
Sectors Read = 672
Sectors Written = 23888
--------------------
VM2 sdc-sdc
Previous Sectors Read = 801267202
Current Sectors Read = 825089210
Previous Sectors Written = 891813680
Current Sectors Written = 929039200
Sectors Read = 23822008
Sectors Written = 37225520
--------------------
VM3 sda-sda
Previous Sectors Read = 10057314
Current Sectors Read = 10079362
Previous Sectors Written = 1916840
Current Sectors Written = 1926632
Sectors Read = 22048
Sectors Written = 9792
--------------------
VM3 sdc-sdc
Previous Sectors Read = 685258010
Current Sectors Read = 705652594
Previous Sectors Written = 901584624
Current Sectors Written = 939951120
Sectors Read = 20394584
Sectors Written = 38366496
--------------------
VM3 sdb-sdb
Previous Sectors Read = 691466
Current Sectors Read = 692442
Previous Sectors Written = 427129160
Current Sectors Written = 427146944
Sectors Read = 976
Sectors Written = 17784
--------------------
VM4 sda-sda
Previous Sectors Read = 9996914
Current Sectors Read = 10018802
Previous Sectors Written = 1919528
Current Sectors Written = 1930128
Sectors Read = 21888
Sectors Written = 10600
--------------------
VM4 sdb-sdb
Previous Sectors Read = 666218
Current Sectors Read = 667554
Previous Sectors Written = 427111808
Current Sectors Written = 427124376
Sectors Read = 1336
Sectors Written = 12568
--------------------
VM4 sdc-sdc
Previous Sectors Read = 682170106
Current Sectors Read = 702525282
Previous Sectors Written = 1000079808
Current Sectors Written = 1039582616
Sectors Read = 20355176
Sectors Written = 39502808
--------------------
VM1
Previous Packets Received = 73056715091
Current Packets Received = 74170521228
Previous Packets Transmitted = 81219772707
Current Packets Transmitted = 81816020552
Packets received = 1113806137
Packets Transmitted = 596247845
--------------------
VM2
Previous Packets Received = 60615854788
Current Packets Received = 60655232483
Previous Packets Transmitted = 99529907780
Current Packets Transmitted = 101138976965
Packets received = 39377695
Packets Transmitted = 1609069185
--------------------
VM3
Previous Packets Received = 84548601495
Current Packets Received = 85588680957
Previous Packets Transmitted = 62534652719
Current Packets Transmitted = 62708879583
Packets received = 1040079462
Packets Transmitted = 174226864
--------------------
VM4
Previous Packets Received = 93497417143
Current Packets Received = 93942886991
Previous Packets Transmitted = 56528831982
Current Packets Transmitted = 56676246522
Packets received = 445469848
Packets Transmitted = 147414540
--------------------
Total Sectors Read = 43591532544
Total Sectors Written = 77872975872
Total Packets Received = 2638733142
Total Packets Transmitted = 2526958434
