   8       0 sda 981794 9 27600538 1375172 288654 553055 13401760 5824452 0 1646544 7199204
   8       1 sda1 981644 9 27599338 1375120 288025 553055 13401760 5824180 0 1646272 7198888
   8      16 sdb 35564 13111 297186 13840 77233 81215 427781176 118312 0 16948 132116
   8      17 sdb1 35211 13089 294186 13772 77104 81215 427781176 118212 0 16780 131948
   8      32 sdc 3615361 1313 860824914 235144676 3034566 248963 1382317152 796479160 0 18010756 1031618256
   8      33 sdc1 3615211 1313 860823714 235143856 2982661 248963 1382317152 796458424 0 18002148 1031598092
   8       0 sda 488502 233 11248266 749628 56177 34379 2062176 867740 0 809168 1617204
   8       1 sda1 488352 233 11247066 749572 56168 34379 2062176 867664 0 809052 1617072
   8      16 sdb 116455 13108 941970 46596 62557 74239 427321776 117896 0 34368 164476
   8      17 sdb1 116102 13086 938970 46504 62427 74239 427321776 117828 0 34208 164316
   8      32 sdc 4145639 1053 1002006842 309071640 2865932 171677 1357468200 830769948 0 18085200 1139840656
   8      33 sdc1 4145489 1053 1002005642 309070812 2865813 171677 1357468200 830769920 0 18084404 1139837432
   8       0 sda 485873 161 11212746 639748 58093 34959 2105368 883460 0 809584 1523000
   8       1 sda1 485723 161 11211546 639728 58087 34959 2105368 883416 0 809536 1522932
   8      32 sdc 3599756 792 861445146 236060464 2867504 172666 1358947384 809484108 0 16949388 1045558280
   8      33 sdc1 3599606 792 861443946 236059644 2867391 172666 1358947384 809484088 0 16948608 1045548824
   8      16 sdb 118726 13108 960226 48936 62866 74730 427344776 101300 0 35456 150172
   8      17 sdb1 118374 13086 957234 48864 62733 74730 427344776 101016 0 35104 149816
   8       0 sda 483854 224 11122130 853404 57006 39484 2097872 896668 0 797160 1749860
   8       1 sda1 483704 224 11120930 853336 57000 39484 2097872 896624 0 797080 1749748
   8      16 sdb 114349 13108 925122 36168 62199 74125 427310496 95892 0 24308 132040
   8      17 sdb1 113996 13086 922122 36124 62065 74125 427310496 95640 0 24012 131744
   8      32 sdc 3574604 1023 855166786 238726448 3092616 172105 1470375248 873521552 0 17330752 1112245296
   8      33 sdc1 3574454 1023 855165586 238725616 3092499 172105 1470375248 873521532 0 17329916 1112261668
  eth0: 87683467698 69525209    0  489    0     0          0         0 92562596475 12100558    0    0    0     0       0          0
  eth0: 69938523987 57394084    0 3830    0     0          0         0 118280594588 11438841    0    0    0     0       0          0
  eth0: 101181486804 78086867    0 1859    0     0          0         0 74833704444 12247280    0    0    0     0       0          0
  eth0: 106810283859 80084613    0 2805    0     0          0         0 65864353166 12214819    0    0    0     0       0          0
