   8       0 sda 975557 9 27422170 1371356 282568 546099 13175512 5770932 0 1634864 7141876
   8       1 sda1 975407 9 27420970 1371304 281939 546099 13175512 5770660 0 1634592 7141560
   8      16 sdb 35528 13111 296898 13836 76888 80804 427768000 118272 0 16904 132072
   8      17 sdb1 35175 13089 293898 13768 76759 80804 427768000 118172 0 16736 131904
   8      32 sdc 3598324 1311 856924530 234284948 3018644 246309 1378838928 793028212 0 17904028 1027307624
   8      33 sdc1 3598174 1311 856923330 234284128 2967562 246309 1378838928 793007660 0 17895576 1027287644
   8       0 sda 485326 233 11175826 747120 55828 33973 2052504 865168 0 805156 1612128
   8       1 sda1 485176 233 11174626 747064 55819 33973 2052504 865092 0 805040 1611996
   8      16 sdb 116356 13108 941178 46568 62290 73849 427312616 117864 0 34316 164416
   8      17 sdb1 116003 13086 938178 46476 62160 73849 427312616 117796 0 34156 164256
   8      32 sdc 4126502 1053 997373330 308124360 2854728 169810 1354639096 827932216 0 17991788 1136055680
   8      33 sdc1 4126352 1053 997372130 308123532 2854609 169810 1354639096 827932188 0 17990992 1136052456
   8       0 sda 482705 158 11141354 637428 57874 34826 2099128 882428 0 806352 1519648
   8       1 sda1 482555 158 11140154 637408 57868 34826 2099128 882384 0 806304 1519580
   8      32 sdc 3583627 792 857559066 235338472 2856024 170930 1356062976 808060120 0 16872640 1043412312
   8      33 sdc1 3583477 792 857557866 235337652 2855911 170930 1356062976 808060100 0 16871860 1043402856
   8      16 sdb 118579 13108 959050 48664 62617 74393 427337088 101280 0 35412 149880
   8      17 sdb1 118227 13086 956058 48592 62484 74393 427337088 100996 0 35060 149524
   8       0 sda 480674 224 11050242 851220 56693 39154 2089840 893116 0 792276 1744124
   8       1 sda1 480524 224 11049042 851152 56687 39154 2089840 893072 0 792196 1744012
   8      16 sdb 114242 13108 924266 36160 61969 73813 427303472 95860 0 24268 132000
   8      17 sdb1 113889 13086 921266 36116 61835 73813 427303472 95608 0 23972 131704
   8      32 sdc 3558650 1023 851286866 237947360 3085024 170539 1468494264 872156476 0 17259656 1110101156
   8      33 sdc1 3558500 1023 851285666 237946528 3084907 170539 1468494264 872156456 0 17258820 1110117528
  eth0: 86730362354 68776095    0  489    0     0          0         0 91526801168 11982019    0    0    0     0       0          0
  eth0: 68915136305 56606380    0 3830    0     0          0         0 117355157880 11286994    0    0    0     0       0          0
  eth0: 100160495370 77279971    0 1859    0     0          0         0 73871776964 12120102    0    0    0     0       0          0
  eth0: 106079746751 79515788    0 2805    0     0          0         0 65209426620 12114186    0    0    0     0       0          0
