VM1 sda-sda
Previous Sectors Read = 27422170
Current Sectors Read = 27600538
Previous Sectors Written = 13175512
Current Sectors Written = 13401760
Sectors Read = 178368
Sectors Written = 226248
--------------------
VM1 sdb-sdb
Previous Sectors Read = 296898
Current Sectors Read = 297186
Previous Sectors Written = 427768000
Current Sectors Written = 427781176
Sectors Read = 288
Sectors Written = 13176
--------------------
VM1 sdc-sdc
Previous Sectors Read = 856924530
Current Sectors Read = 860824914
Previous Sectors Written = 1378838928
Current Sectors Written = 1382317152
Sectors Read = 3900384
Sectors Written = 3478224
--------------------
VM2 sda-sda
Previous Sectors Read = 11175826
Current Sectors Read = 11248266
Previous Sectors Written = 2052504
Current Sectors Written = 2062176
Sectors Read = 72440
Sectors Written = 9672
--------------------
VM2 sdb-sdb
Previous Sectors Read = 941178
Current Sectors Read = 941970
Previous Sectors Written = 427312616
Current Sectors Written = 427321776
Sectors Read = 792
Sectors Written = 9160
--------------------
VM2 sdc-sdc
Previous Sectors Read = 997373330
Current Sectors Read = 1002006842
Previous Sectors Written = 1354639096
Current Sectors Written = 1357468200
Sectors Read = 4633512
Sectors Written = 2829104
--------------------
VM3 sda-sda
Previous Sectors Read = 11141354
Current Sectors Read = 11212746
Previous Sectors Written = 2099128
Current Sectors Written = 2105368
Sectors Read = 71392
Sectors Written = 6240
--------------------
VM3 sdc-sdc
Previous Sectors Read = 857559066
Current Sectors Read = 861445146
Previous Sectors Written = 1356062976
Current Sectors Written = 1358947384
Sectors Read = 3886080
Sectors Written = 2884408
--------------------
VM3 sdb-sdb
Previous Sectors Read = 959050
Current Sectors Read = 960226
Previous Sectors Written = 427337088
Current Sectors Written = 427344776
Sectors Read = 1176
Sectors Written = 7688
--------------------
VM4 sda-sda
Previous Sectors Read = 11050242
Current Sectors Read = 11122130
Previous Sectors Written = 2089840
Current Sectors Written = 2097872
Sectors Read = 71888
Sectors Written = 8032
--------------------
VM4 sdb-sdb
Previous Sectors Read = 924266
Current Sectors Read = 925122
Previous Sectors Written = 427303472
Current Sectors Written = 427310496
Sectors Read = 856
Sectors Written = 7024
--------------------
VM4 sdc-sdc
Previous Sectors Read = 851286866
Current Sectors Read = 855166786
Previous Sectors Written = 1468494264
Current Sectors Written = 1470375248
Sectors Read = 3879920
Sectors Written = 1880984
--------------------
VM1
Previous Packets Received = 86730362354
Current Packets Received = 87683467698
Previous Packets Transmitted = 91526801168
Current Packets Transmitted = 92562596475
Packets received = 953105344
Packets Transmitted = 1035795307
--------------------
VM2
Previous Packets Received = 68915136305
Current Packets Received = 69938523987
Previous Packets Transmitted = 117355157880
Current Packets Transmitted = 118280594588
Packets received = 1023387682
Packets Transmitted = 925436708
--------------------
VM3
Previous Packets Received = 100160495370
Current Packets Received = 101181486804
Previous Packets Transmitted = 73871776964
Current Packets Transmitted = 74833704444
Packets received = 1020991434
Packets Transmitted = 961927480
--------------------
VM4
Previous Packets Received = 106079746751
Current Packets Received = 106810283859
Previous Packets Transmitted = 65209426620
Current Packets Transmitted = 65864353166
Packets received = 730537108
Packets Transmitted = 654926546
--------------------
Total Sectors Read = 8548913152
Total Sectors Written = 5816299520
Total Packets Received = 3728021568
Total Packets Transmitted = 3578086041
