   8       0 sda 819859 9 23087906 1226200 236602 435355 10863160 5268084 0 1421964 6493952
   8       1 sda1 819709 9 23086706 1226148 235976 435355 10863160 5267816 0 1421696 6493640
   8      16 sdb 12088 13111 109378 5332 66018 69240 427394688 115628 0 9628 120932
   8      17 sdb1 11735 13089 106378 5264 65910 69240 427394688 115536 0 9468 120772
   8      32 sdc 2476743 843 585391034 155469800 1955039 172343 861993704 507450940 0 12631868 662917124
   8      33 sdc1 2476593 843 585389834 155468980 1915337 172343 861993704 507433860 0 12624972 662899888
   8       0 sda 406774 181 9380138 684468 47017 27572 1812704 806536 0 722588 1490868
   8       1 sda1 406624 181 9378938 684412 47009 27572 1812704 806460 0 722472 1490736
   8      16 sdb 64552 13108 526746 25400 53015 62909 427024632 114372 0 21264 139760
   8      17 sdb1 64199 13086 523746 25308 52905 62909 427024632 114312 0 21112 139608
   8      32 sdc 2840089 830 681101634 202433776 1804956 117172 830883664 521791900 0 12563344 724225408
   8      33 sdc1 2839939 830 681100434 202432948 1804856 117172 830883664 521791884 0 12562552 724223472
   8       0 sda 403955 136 9333218 601232 48741 28350 1841936 819700 0 716560 1420764
   8       1 sda1 403805 136 9332018 601212 48735 28350 1841936 819656 0 716512 1420696
   8      32 sdc 2453539 550 582362698 152953744 1815940 116970 837652872 510634468 0 11659596 663602624
   8      33 sdc1 2453389 550 582361498 152952924 1815847 116970 837652872 510634452 0 11658768 663585132
   8      16 sdb 65174 13108 531810 26444 53081 62759 427032784 99912 0 20472 126324
   8      17 sdb1 64822 13086 528818 26372 52969 62759 427032784 99652 0 20144 125992
   8       0 sda 402967 192 9282018 750580 47820 32332 1838200 831000 0 706264 1581404
   8       1 sda1 402817 192 9280818 750512 47814 32332 1838200 830956 0 706184 1581292
   8      16 sdb 62910 13108 513610 19852 52555 62385 427004400 94124 0 15040 113956
   8      17 sdb1 62557 13086 510610 19808 52442 62385 427004400 93876 0 14748 113664
   8      32 sdc 2436661 523 578827898 155585700 2012200 116539 934865304 564546004 0 12086844 720129436
   8      33 sdc1 2436511 523 578826698 155584868 2012102 116539 934865304 564545992 0 12086012 720145408
  eth0: 63681070323 50788453    0  464    0     0          0         0 72120867987 8996905    0    0    0     0       0          0
  eth0: 54629302712 44399754    0 3023    0     0          0         0 87681314725 8526850    0    0    0     0       0          0
  eth0: 74659240697 57358048    0 1859    0     0          0         0 54700773996 8958049    0    0    0     0       0          0
  eth0: 83898683014 62540255    0 1196    0     0          0         0 51764544080 9272654    0    0    0     0       0          0
