   8       0 sda 815091 9 22928610 1223612 235999 434846 10848928 5262776 0 1414936 6486060
   8       1 sda1 814941 9 22927410 1223560 235373 434846 10848928 5262508 0 1414668 6485748
   8      16 sdb 12048 13111 109058 5324 65695 68932 427386776 115588 0 9580 120884
   8      17 sdb1 11695 13089 106058 5256 65587 68932 427386776 115496 0 9420 120724
   8      32 sdc 2433279 834 575022482 152936768 1947876 171031 860412584 506060916 0 12490696 658994088
   8      33 sdc1 2433129 834 575021282 152935948 1908270 171031 860412584 506043868 0 12483812 658976884
   8       0 sda 405623 178 9357794 683244 46805 27463 1806096 804956 0 720544 1488064
   8       1 sda1 405473 178 9356594 683188 46797 27463 1806096 804880 0 720428 1487932
   8      16 sdb 64507 13108 526386 25400 52672 62559 427017272 114352 0 21244 139740
   8      17 sdb1 64154 13086 523386 25308 52562 62559 427017272 114292 0 21092 139588
   8      32 sdc 2787981 820 668521290 197596424 1786198 115905 823225104 513426684 0 12340052 711022892
   8      33 sdc1 2787831 820 668520090 197595596 1786098 115905 823225104 513426668 0 12339260 711020956
   8       0 sda 402824 135 9311010 600580 48470 28160 1834976 816688 0 712952 1417100
   8       1 sda1 402674 135 9309810 600560 48464 28160 1834976 816644 0 712904 1417032
   8      32 sdc 2409811 542 571971514 150484452 1796410 115872 829781784 503759396 0 11474084 654258288
   8      33 sdc1 2409661 542 571970314 150483632 1796317 115872 829781784 503759380 0 11473256 654240796
   8      16 sdb 65104 13108 531250 26368 52752 62434 427025864 99896 0 20440 126236
   8      17 sdb1 64752 13086 528258 26296 52640 62434 427025864 99636 0 20112 125904
   8       0 sda 401819 192 9259522 749780 47516 32074 1829072 827372 0 702376 1576976
   8       1 sda1 401669 192 9258322 749712 47510 32074 1829072 827328 0 702296 1576864
   8      16 sdb 62864 13108 513242 19844 52139 61951 426993336 94084 0 14992 113908
   8      17 sdb1 62511 13086 510242 19800 52026 61951 426993336 93836 0 14700 113616
   8      32 sdc 2390108 521 567758194 152819740 1990945 115348 926333976 559434728 0 11884152 712252224
   8      33 sdc1 2389958 521 567756994 152818908 1990847 115348 926333976 559434716 0 11883320 712268196
  eth0: 63392823062 50513796    0  464    0     0          0         0 70767525152 8941401    0    0    0     0       0          0
  eth0: 53686303327 43662994    0 3012    0     0          0         0 85797357495 8424163    0    0    0     0       0          0
  eth0: 73044302206 56208294    0 1750    0     0          0         0 53566950141 8837417    0    0    0     0       0          0
  eth0: 81046687205 60492854    0  849    0     0          0         0 50612237975 9093800    0    0    0     0       0          0
