VM1 sda-sda
Previous Sectors Read = 22928610
Current Sectors Read = 23087906
Previous Sectors Written = 10848928
Current Sectors Written = 10863160
Sectors Read = 159296
Sectors Written = 14232
--------------------
VM1 sdb-sdb
Previous Sectors Read = 109058
Current Sectors Read = 109378
Previous Sectors Written = 427386776
Current Sectors Written = 427394688
Sectors Read = 320
Sectors Written = 7912
--------------------
VM1 sdc-sdc
Previous Sectors Read = 575022482
Current Sectors Read = 585391034
Previous Sectors Written = 860412584
Current Sectors Written = 861993704
Sectors Read = 10368552
Sectors Written = 1581120
--------------------
VM2 sda-sda
Previous Sectors Read = 9357794
Current Sectors Read = 9380138
Previous Sectors Written = 1806096
Current Sectors Written = 1812704
Sectors Read = 22344
Sectors Written = 6608
--------------------
VM2 sdb-sdb
Previous Sectors Read = 526386
Current Sectors Read = 526746
Previous Sectors Written = 427017272
Current Sectors Written = 427024632
Sectors Read = 360
Sectors Written = 7360
--------------------
VM2 sdc-sdc
Previous Sectors Read = 668521290
Current Sectors Read = 681101634
Previous Sectors Written = 823225104
Current Sectors Written = 830883664
Sectors Read = 12580344
Sectors Written = 7658560
--------------------
VM3 sda-sda
Previous Sectors Read = 9311010
Current Sectors Read = 9333218
Previous Sectors Written = 1834976
Current Sectors Written = 1841936
Sectors Read = 22208
Sectors Written = 6960
--------------------
VM3 sdc-sdc
Previous Sectors Read = 571971514
Current Sectors Read = 582362698
Previous Sectors Written = 829781784
Current Sectors Written = 837652872
Sectors Read = 10391184
Sectors Written = 7871088
--------------------
VM3 sdb-sdb
Previous Sectors Read = 531250
Current Sectors Read = 531810
Previous Sectors Written = 427025864
Current Sectors Written = 427032784
Sectors Read = 560
Sectors Written = 6920
--------------------
VM4 sda-sda
Previous Sectors Read = 9259522
Current Sectors Read = 9282018
Previous Sectors Written = 1829072
Current Sectors Written = 1838200
Sectors Read = 22496
Sectors Written = 9128
--------------------
VM4 sdb-sdb
Previous Sectors Read = 513242
Current Sectors Read = 513610
Previous Sectors Written = 426993336
Current Sectors Written = 427004400
Sectors Read = 368
Sectors Written = 11064
--------------------
VM4 sdc-sdc
Previous Sectors Read = 567758194
Current Sectors Read = 578827898
Previous Sectors Written = 926333976
Current Sectors Written = 934865304
Sectors Read = 11069704
Sectors Written = 8531328
--------------------
VM1
Previous Packets Received = 63392823062
Current Packets Received = 63681070323
Previous Packets Transmitted = 70767525152
Current Packets Transmitted = 72120867987
Packets received = 288247261
Packets Transmitted = 1353342835
--------------------
VM2
Previous Packets Received = 53686303327
Current Packets Received = 54629302712
Previous Packets Transmitted = 85797357495
Current Packets Transmitted = 87681314725
Packets received = 942999385
Packets Transmitted = 1883957230
--------------------
VM3
Previous Packets Received = 73044302206
Current Packets Received = 74659240697
Previous Packets Transmitted = 53566950141
Current Packets Transmitted = 54700773996
Packets received = 1614938491
Packets Transmitted = 1133823855
--------------------
VM4
Previous Packets Received = 81046687205
Current Packets Received = 83898683014
Previous Packets Transmitted = 50612237975
Current Packets Transmitted = 51764544080
Packets received = 2851995809
Packets Transmitted = 1152306105
--------------------
Total Sectors Read = 22854520832
Total Sectors Written = 13164687360
Total Packets Received = 5698180946
Total Packets Transmitted = 5523430025
