   8       0 sda 789235 9 22240810 1191160 232601 418081 10570976 5228724 0 1389136 6419564
   8       1 sda1 789085 9 22239610 1191108 231977 418081 10570976 5228456 0 1388868 6419252
   8      16 sdb 10124 13111 93666 4888 64325 67201 427330272 115264 0 8916 120124
   8      17 sdb1 9771 13089 90666 4820 64220 67201 427330272 115172 0 8756 119964
   8      32 sdc 2302817 820 543371402 146763920 1894747 160951 844888800 497059688 0 11975960 643820148
   8      33 sdc1 2302667 820 543370202 146763100 1857057 160951 844888800 497043056 0 11969436 643803284
   8       0 sda 391807 172 9046930 668348 45935 26873 1778480 800236 0 711248 1468452
   8       1 sda1 391657 172 9045730 668292 45927 26873 1778480 800160 0 711132 1468320
   8      16 sdb 55515 13108 454450 21404 51527 61047 426977952 114012 0 18460 135404
   8      17 sdb1 55162 13086 451450 21312 51421 61047 426977952 113952 0 18308 135252
   8      32 sdc 2639389 802 631887546 187053420 1741623 110140 808773216 501798844 0 11833520 688852156
   8      33 sdc1 2639239 802 631886346 187052592 1741527 110140 808773216 501798828 0 11832728 688850220
   8       0 sda 388607 130 8988922 593628 47328 27255 1800896 809140 0 700352 1402604
   8       1 sda1 388457 130 8987722 593608 47322 27255 1800896 809096 0 700304 1402536
   8      32 sdc 2283535 536 540915162 144201200 1735363 109789 807166960 488904724 0 10989292 633120456
   8      33 sdc1 2283385 536 540913962 144200380 1735273 109789 807166960 488904708 0 10988464 633102964
   8      16 sdb 55770 13108 456578 22356 51676 60774 426984000 99792 0 17968 122120
   8      17 sdb1 55418 13086 453586 22284 51568 60774 426984000 99532 0 17640 121788
   8       0 sda 388051 186 8950698 740028 46600 31336 1798656 821168 0 692536 1561028
   8       1 sda1 387901 186 8949498 739960 46594 31336 1798656 821124 0 692456 1560916
   8      16 sdb 54029 13108 442562 17448 51052 60421 426955016 93960 0 13460 111388
   8      17 sdb1 53676 13086 439562 17404 50943 60421 426955016 93712 0 13168 111096
   8      32 sdc 2263402 504 536698450 147001540 1936752 109667 907635480 548869776 0 11413952 695869184
   8      33 sdc1 2263252 504 536697250 147000708 1936657 109667 907635480 548869764 0 11413120 695885156
  eth0: 57086454708 45760892    0  172    0     0          0         0 66861136239 8275533    0    0    0     0       0          0
  eth0: 50186239644 40757259    0 2955    0     0          0         0 79957324469 7853374    0    0    0     0       0          0
  eth0: 68577450760 52600087    0 1750    0     0          0         0 47279974283 8173233    0    0    0     0       0          0
  eth0: 75412044785 56261045    0  849    0     0          0         0 47461399262 8473093    0    0    0     0       0          0
