   8       0 sda 784455 9 22080002 1188120 232038 417638 10557280 5225604 0 1383884 6413408
   8       1 sda1 784305 9 22078802 1188068 231415 417638 10557280 5225336 0 1383616 6413096
   8      16 sdb 10088 13111 93378 4880 63944 66845 427320872 115216 0 8860 120068
   8      17 sdb1 9735 13089 90378 4812 63839 66845 427320872 115124 0 8700 119908
   8      32 sdc 2257684 806 532575674 144313736 1874454 158739 836846168 492803928 0 11795264 637114276
   8      33 sdc1 2257534 806 532574474 144312916 1836857 158739 836846168 492787324 0 11788760 637097440
   8       0 sda 390649 172 9025034 667460 45677 26743 1770904 798184 0 708760 1465512
   8       1 sda1 390499 172 9023834 667404 45669 26743 1770904 798108 0 708644 1465380
   8      16 sdb 55318 13108 452874 21168 51154 60622 426969712 113996 0 18420 135152
   8      17 sdb1 54965 13086 449874 21076 51048 60622 426969712 113936 0 18268 135000
   8      32 sdc 2588890 794 619756882 183739568 1722437 108480 800872672 496989848 0 11644048 680729340
   8      33 sdc1 2588740 794 619755682 183738740 1722341 108480 800872672 496989832 0 11643256 680727404
   8       0 sda 387411 130 8966994 592720 47095 27136 1794440 807600 0 698044 1400156
   8       1 sda1 387261 130 8965794 592700 47089 27136 1794440 807556 0 697996 1400088
   8      32 sdc 2238496 527 530125186 141618144 1717140 108263 799774280 484477968 0 10812244 626110648
   8      33 sdc1 2238346 527 530123986 141617324 1717050 108263 799774280 484477952 0 10811416 626093160
   8      16 sdb 55688 13108 455922 22344 51328 60415 426976664 99608 0 17776 121924
   8      17 sdb1 55336 13086 452930 22272 51220 60415 426976664 99348 0 17448 121592
   8       0 sda 386874 185 8928554 738716 46333 31131 1790632 818216 0 689392 1556764
   8       1 sda1 386724 185 8927354 738648 46327 31131 1790632 818172 0 689312 1556652
   8      16 sdb 53883 13108 441394 17412 50655 59985 426944504 93904 0 13384 111296
   8      17 sdb1 53530 13086 438394 17368 50546 59985 426944504 93656 0 13092 111004
   8      32 sdc 2219703 503 526303082 144572688 1927514 108302 905363232 546601008 0 11257888 691171596
   8      33 sdc1 2219553 503 526301882 144571856 1927419 108302 905363232 546600996 0 11257056 691187568
  eth0: 55604331761 44638434    0    0    0     0          0         0 65860722557 8130678    0    0    0     0       0          0
  eth0: 49230462338 39985020    0  916    0     0          0         0 78071077224 7741098    0    0    0     0       0          0
  eth0: 67343821768 51693059    0 1739    0     0          0         0 46185199777 8004452    0    0    0     0       0          0
  eth0: 73393020970 54739003    0  849    0     0          0         0 45945276848 8295111    0    0    0     0       0          0
