VM1 sda-sda
Previous Sectors Read = 22080002
Current Sectors Read = 22240810
Previous Sectors Written = 10557280
Current Sectors Written = 10570976
Sectors Read = 160808
Sectors Written = 13696
--------------------
VM1 sdb-sdb
Previous Sectors Read = 93378
Current Sectors Read = 93666
Previous Sectors Written = 427320872
Current Sectors Written = 427330272
Sectors Read = 288
Sectors Written = 9400
--------------------
VM1 sdc-sdc
Previous Sectors Read = 532575674
Current Sectors Read = 543371402
Previous Sectors Written = 836846168
Current Sectors Written = 844888800
Sectors Read = 10795728
Sectors Written = 8042632
--------------------
VM2 sda-sda
Previous Sectors Read = 9025034
Current Sectors Read = 9046930
Previous Sectors Written = 1770904
Current Sectors Written = 1778480
Sectors Read = 21896
Sectors Written = 7576
--------------------
VM2 sdb-sdb
Previous Sectors Read = 452874
Current Sectors Read = 454450
Previous Sectors Written = 426969712
Current Sectors Written = 426977952
Sectors Read = 1576
Sectors Written = 8240
--------------------
VM2 sdc-sdc
Previous Sectors Read = 619756882
Current Sectors Read = 631887546
Previous Sectors Written = 800872672
Current Sectors Written = 808773216
Sectors Read = 12130664
Sectors Written = 7900544
--------------------
VM3 sda-sda
Previous Sectors Read = 8966994
Current Sectors Read = 8988922
Previous Sectors Written = 1794440
Current Sectors Written = 1800896
Sectors Read = 21928
Sectors Written = 6456
--------------------
VM3 sdc-sdc
Previous Sectors Read = 530125186
Current Sectors Read = 540915162
Previous Sectors Written = 799774280
Current Sectors Written = 807166960
Sectors Read = 10789976
Sectors Written = 7392680
--------------------
VM3 sdb-sdb
Previous Sectors Read = 455922
Current Sectors Read = 456578
Previous Sectors Written = 426976664
Current Sectors Written = 426984000
Sectors Read = 656
Sectors Written = 7336
--------------------
VM4 sda-sda
Previous Sectors Read = 8928554
Current Sectors Read = 8950698
Previous Sectors Written = 1790632
Current Sectors Written = 1798656
Sectors Read = 22144
Sectors Written = 8024
--------------------
VM4 sdb-sdb
Previous Sectors Read = 441394
Current Sectors Read = 442562
Previous Sectors Written = 426944504
Current Sectors Written = 426955016
Sectors Read = 1168
Sectors Written = 10512
--------------------
VM4 sdc-sdc
Previous Sectors Read = 526303082
Current Sectors Read = 536698450
Previous Sectors Written = 905363232
Current Sectors Written = 907635480
Sectors Read = 10395368
Sectors Written = 2272248
--------------------
VM1
Previous Packets Received = 55604331761
Current Packets Received = 57086454708
Previous Packets Transmitted = 65860722557
Current Packets Transmitted = 66861136239
Packets received = 1482122947
Packets Transmitted = 1000413682
--------------------
VM2
Previous Packets Received = 49230462338
Current Packets Received = 50186239644
Previous Packets Transmitted = 78071077224
Current Packets Transmitted = 79957324469
Packets received = 955777306
Packets Transmitted = 1886247245
--------------------
VM3
Previous Packets Received = 67343821768
Current Packets Received = 68577450760
Previous Packets Transmitted = 46185199777
Current Packets Transmitted = 47279974283
Packets received = 1233628992
Packets Transmitted = 1094774506
--------------------
VM4
Previous Packets Received = 73393020970
Current Packets Received = 75412044785
Previous Packets Transmitted = 45945276848
Current Packets Transmitted = 47461399262
Packets received = 2019023815
Packets Transmitted = 1516122414
--------------------
Total Sectors Read = 22703206400
Total Sectors Written = 13147824128
Total Packets Received = 5690553060
Total Packets Transmitted = 5497557847
