   8       0 sda 835144 9 23510994 1236360 241046 444656 11069128 5308060 0 1442952 6544068
   8       1 sda1 834994 9 23509794 1236308 240420 444656 11069128 5307792 0 1442684 6543756
   8      16 sdb 13379 13111 119706 5880 67028 70336 427429960 115836 0 10148 121688
   8      17 sdb1 13026 13089 116706 5812 66918 70336 427429960 115744 0 9988 121528
   8      32 sdc 2563117 853 606291530 159739344 1989950 178260 872702152 513393164 0 12954676 673128824
   8      33 sdc1 2562967 853 606290330 159738524 1949231 178260 872702152 513375868 0 12947600 673111372
   8       0 sda 414458 184 9552570 689616 47666 28129 1831800 811084 0 729688 1500564
   8       1 sda1 414308 184 9551370 689560 47658 28129 1831800 811008 0 729572 1500432
   8      16 sdb 69375 13108 565330 27140 53738 63819 427046944 114528 0 22480 141652
   8      17 sdb1 69022 13086 562330 27048 53626 63819 427046944 114468 0 22328 141500
   8      32 sdc 2938861 834 705306410 208786352 1836700 120916 842015632 528313976 0 12881304 737099996
   8      33 sdc1 2938711 834 705305210 208785524 1836598 120916 842015632 528313960 0 12880512 737098060
   8       0 sda 411663 136 9505410 605572 49379 28914 1861768 824288 0 724348 1429676
   8       1 sda1 411513 136 9504210 605552 49373 28914 1861768 824244 0 724300 1429608
   8      32 sdc 2540583 559 603525626 157801480 1858843 121105 854067936 520992836 0 12017740 678808648
   8      33 sdc1 2540433 559 603524426 157800660 1858748 121105 854067936 520992816 0 12016912 678791152
   8      16 sdb 70108 13108 571282 28408 53791 63823 427059048 100028 0 21880 128400
   8      17 sdb1 69756 13086 568290 28336 53677 63823 427059048 99768 0 21552 128068
   8       0 sda 410263 196 9441410 755492 48440 32747 1857272 836140 0 713436 1591452
   8       1 sda1 410113 196 9440210 755424 48434 32747 1857272 836096 0 713356 1591340
   8      16 sdb 67693 13108 551874 21272 53238 63374 427027136 94272 0 15956 115524
   8      17 sdb1 67340 13086 548874 21228 53123 63374 427027136 94024 0 15664 115232
   8      32 sdc 2523761 529 599983954 160129192 2043963 120504 945967344 570113488 0 12402400 730240360
   8      33 sdc1 2523611 529 599982754 160128360 2043864 120504 945967344 570113476 0 12401568 730256332
  eth0: 68045613600 54132128    0  464    0     0          0         0 76159181938 9442223    0    0    0     0       0          0
  eth0: 58083403415 47078897    0 3773    0     0          0         0 91624578866 8899570    0    0    0     0       0          0
  eth0: 78207362508 60068490    0 1859    0     0          0         0 58119664905 9387169    0    0    0     0       0          0
  eth0: 86498241711 64526371    0 2652    0     0          0         0 53830436643 9655234    0    0    0     0       0          0
