   8       0 sda 830359 9 23351370 1233172 240424 444179 11053696 5301388 0 1436376 6534212
   8       1 sda1 830209 9 23350170 1233120 239798 444179 11053696 5301120 0 1436108 6533900
   8      16 sdb 13311 13111 119162 5792 66590 69932 427417728 115780 0 10084 121544
   8      17 sdb1 12958 13089 116162 5724 66480 69932 427417728 115688 0 9924 121384
   8      32 sdc 2519132 847 595812674 157471580 1980167 176411 870114864 511436048 0 12798324 668903964
   8      33 sdc1 2518982 847 595811474 157470760 1939537 176411 870114864 511418768 0 12791264 668886528
   8       0 sda 413325 183 9530450 688884 47446 27980 1825472 809180 0 727328 1497928
   8       1 sda1 413175 183 9529250 688828 47438 27980 1825472 809104 0 727212 1497796
   8      16 sdb 69273 13108 564514 27004 53413 63468 427039776 114504 0 22440 141492
   8      17 sdb1 68920 13086 561514 26912 53301 63468 427039776 114444 0 22288 141340
   8      32 sdc 2888635 833 693175730 206111748 1817819 119606 834281064 524293368 0 12715836 730404824
   8      33 sdc1 2888485 833 693174530 206110920 1817717 119606 834281064 524293352 0 12715044 730402888
   8       0 sda 410497 136 9483426 604436 49103 28681 1854424 822108 0 721236 1426368
   8       1 sda1 410347 136 9482226 604416 49097 28681 1854424 822064 0 721188 1426300
   8      32 sdc 2495372 554 592698730 155319476 1839121 119546 846025872 516246436 0 11833520 671580288
   8      33 sdc1 2495222 554 592697530 155318656 1839026 119546 846025872 516246416 0 11832692 671562792
   8      16 sdb 70014 13108 570530 28360 53460 63443 427051584 100000 0 21844 128324
   8      17 sdb1 69662 13086 567538 28288 53346 63443 427051584 99740 0 21516 127992
   8       0 sda 409101 194 9419370 754960 48230 32599 1851136 834172 0 711096 1588952
   8       1 sda1 408951 194 9418170 754892 48224 32599 1851136 834128 0 711016 1588840
   8      16 sdb 67571 13108 550898 21124 52911 63006 427019776 94244 0 15908 115348
   8      17 sdb1 67218 13086 547898 21080 52796 63006 427019776 93996 0 15616 115056
   8      32 sdc 2478669 524 589159930 157662520 2025491 118982 938501032 566247148 0 12225520 723907376
   8      33 sdc1 2478519 524 589158730 157661688 2025392 118982 938501032 566247136 0 12224688 723923348
  eth0: 66177586966 52709529    0  464    0     0          0         0 74784486011 9307998    0    0    0     0       0          0
  eth0: 57115260807 46309080    0 3023    0     0          0         0 89678225306 8779428    0    0    0     0       0          0
  eth0: 76716242721 58982096    0 1859    0     0          0         0 56999567907 9262416    0    0    0     0       0          0
  eth0: 85345617465 63685298    0 1196    0     0          0         0 52984456481 9494859    0    0    0     0       0          0
