VM1 sda-sda
Previous Sectors Read = 23351370
Current Sectors Read = 23510994
Previous Sectors Written = 11053696
Current Sectors Written = 11069128
Sectors Read = 159624
Sectors Written = 15432
--------------------
VM1 sdb-sdb
Previous Sectors Read = 119162
Current Sectors Read = 119706
Previous Sectors Written = 427417728
Current Sectors Written = 427429960
Sectors Read = 544
Sectors Written = 12232
--------------------
VM1 sdc-sdc
Previous Sectors Read = 595812674
Current Sectors Read = 606291530
Previous Sectors Written = 870114864
Current Sectors Written = 872702152
Sectors Read = 10478856
Sectors Written = 2587288
--------------------
VM2 sda-sda
Previous Sectors Read = 9530450
Current Sectors Read = 9552570
Previous Sectors Written = 1825472
Current Sectors Written = 1831800
Sectors Read = 22120
Sectors Written = 6328
--------------------
VM2 sdb-sdb
Previous Sectors Read = 564514
Current Sectors Read = 565330
Previous Sectors Written = 427039776
Current Sectors Written = 427046944
Sectors Read = 816
Sectors Written = 7168
--------------------
VM2 sdc-sdc
Previous Sectors Read = 693175730
Current Sectors Read = 705306410
Previous Sectors Written = 834281064
Current Sectors Written = 842015632
Sectors Read = 12130680
Sectors Written = 7734568
--------------------
VM3 sda-sda
Previous Sectors Read = 9483426
Current Sectors Read = 9505410
Previous Sectors Written = 1854424
Current Sectors Written = 1861768
Sectors Read = 21984
Sectors Written = 7344
--------------------
VM3 sdc-sdc
Previous Sectors Read = 592698730
Current Sectors Read = 603525626
Previous Sectors Written = 846025872
Current Sectors Written = 854067936
Sectors Read = 10826896
Sectors Written = 8042064
--------------------
VM3 sdb-sdb
Previous Sectors Read = 570530
Current Sectors Read = 571282
Previous Sectors Written = 427051584
Current Sectors Written = 427059048
Sectors Read = 752
Sectors Written = 7464
--------------------
VM4 sda-sda
Previous Sectors Read = 9419370
Current Sectors Read = 9441410
Previous Sectors Written = 1851136
Current Sectors Written = 1857272
Sectors Read = 22040
Sectors Written = 6136
--------------------
VM4 sdb-sdb
Previous Sectors Read = 550898
Current Sectors Read = 551874
Previous Sectors Written = 427019776
Current Sectors Written = 427027136
Sectors Read = 976
Sectors Written = 7360
--------------------
VM4 sdc-sdc
Previous Sectors Read = 589159930
Current Sectors Read = 599983954
Previous Sectors Written = 938501032
Current Sectors Written = 945967344
Sectors Read = 10824024
Sectors Written = 7466312
--------------------
VM1
Previous Packets Received = 66177586966
Current Packets Received = 68045613600
Previous Packets Transmitted = 74784486011
Current Packets Transmitted = 76159181938
Packets received = 1868026634
Packets Transmitted = 1374695927
--------------------
VM2
Previous Packets Received = 57115260807
Current Packets Received = 58083403415
Previous Packets Transmitted = 89678225306
Current Packets Transmitted = 91624578866
Packets received = 968142608
Packets Transmitted = 1946353560
--------------------
VM3
Previous Packets Received = 76716242721
Current Packets Received = 78207362508
Previous Packets Transmitted = 56999567907
Current Packets Transmitted = 58119664905
Packets received = 1491119787
Packets Transmitted = 1120096998
--------------------
VM4
Previous Packets Received = 85345617465
Current Packets Received = 86498241711
Previous Packets Transmitted = 52984456481
Current Packets Transmitted = 53830436643
Packets received = 1152624246
Packets Transmitted = 845980162
--------------------
Total Sectors Read = 22778527744
Total Sectors Written = 13260644352
Total Packets Received = 5479913275
Total Packets Transmitted = 5287126647
