   8       0 sda 652486 9 18460826 1042412 208156 344266 9253904 4928516 0 1289040 5970672
   8       1 sda1 652336 9 18459626 1042360 207536 344266 9253904 4928248 0 1288772 5970352
   8      16 sdb 5497 13111 56650 3212 60852 63653 427215880 114472 0 7352 117660
   8      17 sdb1 5144 13089 53650 3144 60765 63653 427215880 114392 0 7204 117512
   8      32 sdc 2079814 746 494474338 136226488 1787757 142318 807478800 479584748 0 10799540 615808016
   8      33 sdc1 2079664 746 494473138 136225668 1755885 142318 807478800 479569820 0 10793756 615792852
   8       0 sda 323414 143 7530154 614156 43200 24896 1702688 781172 0 669508 1395224
   8       1 sda1 323264 143 7528954 614100 43192 24896 1702688 781096 0 669392 1395092
   8      16 sdb 15284 13108 132602 6512 48634 57704 426896192 113456 0 8132 119960
   8      17 sdb1 14931 13086 129602 6420 48546 57704 426896192 113404 0 7988 119816
   8      32 sdc 2385858 749 574546578 173364616 1657321 98035 775083640 483320804 0 10684976 656684276
   8      33 sdc1 2385708 749 574545378 173363788 1657243 98035 775083640 483320792 0 10684184 656682324
   8       0 sda 320477 111 7473682 567408 44574 25078 1725368 792160 0 663788 1359428
   8       1 sda1 320327 111 7472482 567388 44568 25078 1725368 792116 0 663740 1359360
   8      32 sdc 2063104 443 492140018 133464244 1663586 97136 780617112 472449204 0 9939868 605927884
   8      33 sdc1 2062954 443 492138818 133463424 1663512 97136 780617112 472449196 0 9939044 605910620
   8      16 sdb 15011 13108 130506 6272 48736 57453 426903552 99184 0 7344 105452
   8      17 sdb1 14659 13086 127514 6200 48646 57453 426903552 98936 0 7028 105132
   8       0 sda 320939 167 7459914 642028 44050 29282 1726632 803852 0 653552 1445736
   8       1 sda1 320789 167 7458714 641960 44044 29282 1726632 803808 0 653472 1445624
   8      16 sdb 14795 13108 128690 5516 48277 57015 426873864 93672 0 6676 99176
   8      17 sdb1 14442 13086 125690 5472 48186 57015 426873864 93428 0 6388 98888
   8      32 sdc 2043802 440 488046642 136763244 1834845 97078 866051720 528098844 0 10320840 664860136
   8      33 sdc1 2043652 440 488045442 136762412 1834766 97078 866051720 528098832 0 10320008 664876112
  eth0: 48910151070 39434643    0    0    0     0          0         0 56688400325 7252417    0    0    0     0       0          0
  eth0: 43215167535 35321123    0  916    0     0          0         0 71002557020 7016036    0    0    0     0       0          0
  eth0: 58933265920 45574749    0 1739    0     0          0         0 41493064614 7220222    0    0    0     0       0          0
  eth0: 65151922502 48611380    0  849    0     0          0         0 38648642177 7411198    0    0    0     0       0          0
