   8       0 sda 647662 9 18300914 1039520 207899 344047 9246664 4926592 0 1284968 5965860
   8       1 sda1 647512 9 18299714 1039468 207279 344047 9246664 4926324 0 1284700 5965540
   8      16 sdb 5451 13111 56282 3204 60751 63525 427212216 114456 0 7328 117636
   8      17 sdb1 5098 13089 53282 3136 60664 63525 427212216 114376 0 7180 117488
   8      32 sdc 2062719 739 490817370 135514040 1787177 141685 807459976 479573752 0 10734384 615084572
   8      33 sdc1 2062569 739 490816170 135513220 1755370 141685 807459976 479558824 0 10728600 615069408
   8       0 sda 322234 143 7507322 613396 43047 24748 1697232 780308 0 668184 1393600
   8       1 sda1 322084 143 7506122 613340 43039 24748 1697232 780232 0 668068 1393468
   8      16 sdb 15168 13108 131674 6380 48487 57486 426890408 113436 0 8108 119808
   8      17 sdb1 14815 13086 128674 6288 48399 57486 426890408 113384 0 7964 119664
   8      32 sdc 2365568 747 570119794 172540556 1656679 97427 775054528 483289448 0 10602284 655828868
   8      33 sdc1 2365418 747 570118594 172539728 1656601 97427 775054528 483289436 0 10601492 655826916
   8       0 sda 319303 109 7452298 567056 44461 24964 1722200 791228 0 662732 1358144
   8       1 sda1 319153 109 7451098 567036 44455 24964 1722200 791184 0 662684 1358076
   8      32 sdc 2046034 439 488479698 132799476 1663227 96826 780604888 472439056 0 9880824 605252980
   8      33 sdc1 2045884 439 488478498 132798656 1663153 96826 780604888 472439048 0 9880000 605235716
   8      16 sdb 15004 13108 130450 6272 48654 57326 426900824 99180 0 7340 105448
   8      17 sdb1 14652 13086 127458 6200 48564 57326 426900824 98932 0 7024 105128
   8       0 sda 319863 166 7438778 641148 43988 29243 1724672 803588 0 652864 1444592
   8       1 sda1 319713 166 7437578 641080 43982 29243 1724672 803544 0 652784 1444480
   8      16 sdb 14720 13108 128090 5256 48199 56914 426871496 93660 0 6656 98904
   8      17 sdb1 14367 13086 125090 5212 48108 56914 426871496 93416 0 6368 98616
   8      32 sdc 2026730 434 484389826 136079448 1834592 96809 866041368 528088404 0 10257148 664165908
   8      33 sdc1 2026580 434 484388626 136078616 1834513 96809 866041368 528088392 0 10256316 664181884
  eth0: 48875007771 39397455    0    0    0     0          0         0 56526701119 7230593    0    0    0     0       0          0
  eth0: 42875204883 35045594    0  916    0     0          0         0 70902685210 6983378    0    0    0     0       0          0
  eth0: 58897389474 45546605    0 1739    0     0          0         0 41487667992 7204530    0    0    0     0       0          0
  eth0: 65118606419 48577708    0  849    0     0          0         0 38489054316 7392879    0    0    0     0       0          0
