   8       0 sda 683169 9 19307154 1066936 210640 357219 9463088 4943012 0 1310464 6009668
   8       1 sda1 683019 9 19305954 1066884 210020 357219 9463088 4942744 0 1310196 6009348
   8      16 sdb 6098 13111 61458 3500 61592 64474 427241128 114640 0 7616 118116
   8      17 sdb1 5745 13089 58458 3432 61501 64474 427241128 114560 0 7468 117968
   8      32 sdc 2143165 760 508982618 139135340 1802170 146613 811581072 481455740 0 11056676 620587816
   8      33 sdc1 2143015 760 508981418 139134520 1769035 146613 811581072 481440068 0 11050752 620571908
   8       0 sda 338886 153 7872330 624676 43869 25436 1721976 784912 0 678196 1409480
   8       1 sda1 338736 153 7871130 624620 43861 25436 1721976 784836 0 678080 1409348
   8      16 sdb 23954 13108 201962 9660 49276 58475 426915392 113580 0 10396 123232
   8      17 sdb1 23601 13086 198962 9568 49184 58475 426915392 113528 0 10252 123088
   8      32 sdc 2459713 756 591791234 176659248 1669084 100516 779877840 486184700 0 10943864 662842760
   8      33 sdc1 2459563 756 591790034 176658420 1669002 100516 779877840 486184688 0 10943072 662840808
   8       0 sda 334870 121 7791834 573728 45178 25523 1740592 795660 0 672104 1369236
   8       1 sda1 334720 121 7790634 573708 45172 25523 1740592 795616 0 672056 1369168
   8      32 sdc 2126822 487 506667490 136494412 1674748 99411 785067792 475373680 0 10175912 611882496
   8      33 sdc1 2126672 487 506666290 136493592 1674670 99411 785067792 475373672 0 10175088 611865232
   8      16 sdb 23881 13108 201466 9396 49327 58060 426918520 99292 0 9404 108684
   8      17 sdb1 23529 13086 198474 9324 49233 58060 426918520 99044 0 9088 108364
   8       0 sda 335815 171 7790650 653088 44607 29705 1742192 806680 0 660908 1459624
   8       1 sda1 335665 171 7789450 653020 44601 29705 1742192 806636 0 660828 1459512
   8      16 sdb 23240 13108 196250 8180 48826 57703 426890600 93712 0 8132 101880
   8      17 sdb1 22887 13086 193250 8136 48731 57703 426890600 93464 0 7840 101588
   8      32 sdc 2107622 455 502679178 139574060 1846485 99425 870808024 530923444 0 10554816 670495524
   8      33 sdc1 2107472 455 502677978 139573228 1846402 99425 870808024 530923432 0 10553984 670511500
  eth0: 49981515965 40256166    0    0    0     0          0         0 58115775064 7376384    0    0    0     0       0          0
  eth0: 43554697173 35660642    0  916    0     0          0         0 72074287224 7093824    0    0    0     0       0          0
  eth0: 60499743750 46696506    0 1739    0     0          0         0 42257047114 7335550    0    0    0     0       0          0
  eth0: 66323060553 49483840    0  849    0     0          0         0 39369466011 7534977    0    0    0     0       0          0
