   8       0 sda 678366 9 19147354 1064020 210258 356981 9453520 4941200 0 1306408 6004940
   8       1 sda1 678216 9 19146154 1063968 209638 356981 9453520 4940932 0 1306140 6004620
   8      16 sdb 6079 13111 61306 3492 61484 64315 427237072 114624 0 7592 118092
   8      17 sdb1 5726 13089 58306 3424 61393 64315 427237072 114544 0 7444 117944
   8      32 sdc 2125911 754 505325354 138503096 1801525 145871 811559752 481441488 0 10990356 619941332
   8      33 sdc1 2125761 754 505324154 138502276 1768451 145871 811559752 481425824 0 10984436 619925432
   8       0 sda 337716 151 7851226 623920 43745 25368 1718160 783992 0 676852 1407804
   8       1 sda1 337566 151 7850026 623864 43737 25368 1718160 783916 0 676736 1407672
   8      16 sdb 23902 13108 201546 9660 49162 58325 426912112 113568 0 10384 123220
   8      17 sdb1 23549 13086 198546 9568 49070 58325 426912112 113516 0 10240 123076
   8      32 sdc 2439770 752 587370650 175965860 1668668 100122 779857384 486173672 0 10869572 662138344
   8      33 sdc1 2439620 752 587369450 175965032 1668586 100122 779857384 486173660 0 10868780 662136392
   8       0 sda 333704 121 7769994 572696 45067 25459 1737320 794948 0 670568 1367496
   8       1 sda1 333554 121 7768794 572676 45061 25459 1737320 794904 0 670520 1367428
   8      32 sdc 2109565 484 503004050 135837172 1674373 99089 785055376 475368684 0 10116740 611220264
   8      33 sdc1 2109415 484 503002850 135836352 1674295 99089 785055376 475368676 0 10115916 611203000
   8      16 sdb 23788 13108 200722 9212 49202 57943 426915576 99280 0 9384 108488
   8      17 sdb1 23436 13086 197730 9140 49108 57943 426915576 99032 0 9068 108168
   8       0 sda 334671 171 7768058 652604 44440 29572 1737096 805652 0 659504 1458112
   8       1 sda1 334521 171 7766858 652536 44434 29572 1737096 805608 0 659424 1458000
   8      16 sdb 23196 13108 195898 8064 48693 57532 426885832 93696 0 8112 101748
   8      17 sdb1 22843 13086 192898 8020 48598 57532 426885832 93448 0 7820 101456
   8      32 sdc 2090231 454 499010026 138940360 1846141 99031 870793016 530915636 0 10486912 669854016
   8      33 sdc1 2090081 454 499008826 138939528 1846058 99031 870793016 530915624 0 10486080 669869992
  eth0: 49781358515 40112437    0    0    0     0          0         0 58106507649 7340844    0    0    0     0       0          0
  eth0: 43549412326 35606414    0  916    0     0          0         0 71815943090 7079664    0    0    0     0       0          0
  eth0: 60462305377 46667509    0 1739    0     0          0         0 42251607379 7319775    0    0    0     0       0          0
  eth0: 66273424528 49436568    0  849    0     0          0         0 39361867284 7509630    0    0    0     0       0          0
