VM1 sda-sda
Previous Sectors Read = 19147354
Current Sectors Read = 19307154
Previous Sectors Written = 9453520
Current Sectors Written = 9463088
Sectors Read = 159800
Sectors Written = 9568
--------------------
VM1 sdb-sdb
Previous Sectors Read = 61306
Current Sectors Read = 61458
Previous Sectors Written = 427237072
Current Sectors Written = 427241128
Sectors Read = 152
Sectors Written = 4056
--------------------
VM1 sdc-sdc
Previous Sectors Read = 505325354
Current Sectors Read = 508982618
Previous Sectors Written = 811559752
Current Sectors Written = 811581072
Sectors Read = 3657264
Sectors Written = 21320
--------------------
VM2 sda-sda
Previous Sectors Read = 7851226
Current Sectors Read = 7872330
Previous Sectors Written = 1718160
Current Sectors Written = 1721976
Sectors Read = 21104
Sectors Written = 3816
--------------------
VM2 sdb-sdb
Previous Sectors Read = 201546
Current Sectors Read = 201962
Previous Sectors Written = 426912112
Current Sectors Written = 426915392
Sectors Read = 416
Sectors Written = 3280
--------------------
VM2 sdc-sdc
Previous Sectors Read = 587370650
Current Sectors Read = 591791234
Previous Sectors Written = 779857384
Current Sectors Written = 779877840
Sectors Read = 4420584
Sectors Written = 20456
--------------------
VM3 sda-sda
Previous Sectors Read = 7769994
Current Sectors Read = 7791834
Previous Sectors Written = 1737320
Current Sectors Written = 1740592
Sectors Read = 21840
Sectors Written = 3272
--------------------
VM3 sdc-sdc
Previous Sectors Read = 503004050
Current Sectors Read = 506667490
Previous Sectors Written = 785055376
Current Sectors Written = 785067792
Sectors Read = 3663440
Sectors Written = 12416
--------------------
VM3 sdb-sdb
Previous Sectors Read = 200722
Current Sectors Read = 201466
Previous Sectors Written = 426915576
Current Sectors Written = 426918520
Sectors Read = 744
Sectors Written = 2944
--------------------
VM4 sda-sda
Previous Sectors Read = 7768058
Current Sectors Read = 7790650
Previous Sectors Written = 1737096
Current Sectors Written = 1742192
Sectors Read = 22592
Sectors Written = 5096
--------------------
VM4 sdb-sdb
Previous Sectors Read = 195898
Current Sectors Read = 196250
Previous Sectors Written = 426885832
Current Sectors Written = 426890600
Sectors Read = 352
Sectors Written = 4768
--------------------
VM4 sdc-sdc
Previous Sectors Read = 499010026
Current Sectors Read = 502679178
Previous Sectors Written = 870793016
Current Sectors Written = 870808024
Sectors Read = 3669152
Sectors Written = 15008
--------------------
VM1
Previous Packets Received = 49781358515
Current Packets Received = 49981515965
Previous Packets Transmitted = 58106507649
Current Packets Transmitted = 58115775064
Packets received = 200157450
Packets Transmitted = 9267415
--------------------
VM2
Previous Packets Received = 43549412326
Current Packets Received = 43554697173
Previous Packets Transmitted = 71815943090
Current Packets Transmitted = 72074287224
Packets received = 5284847
Packets Transmitted = 258344134
--------------------
VM3
Previous Packets Received = 60462305377
Current Packets Received = 60499743750
Previous Packets Transmitted = 42251607379
Current Packets Transmitted = 42257047114
Packets received = 37438373
Packets Transmitted = 5439735
--------------------
VM4
Previous Packets Received = 66273424528
Current Packets Received = 66323060553
Previous Packets Transmitted = 39361867284
Current Packets Transmitted = 39369466011
Packets received = 49636025
Packets Transmitted = 7598727
--------------------
Total Sectors Read = 8006369280
Total Sectors Written = 54272000
Total Packets Received = 292516695
Total Packets Transmitted = 280650011
