   8       0 sda 843578 9 23732618 1241912 244715 452053 11239664 5336220 0 1452344 6577780
   8       1 sda1 843428 9 23731418 1241860 244089 452053 11239664 5335952 0 1452076 6577468
   8      16 sdb 14061 13111 125162 6040 67449 71001 427451576 115908 0 10360 121920
   8      17 sdb1 13708 13089 122162 5972 67338 71001 427451576 115812 0 10196 121756
   8      32 sdc 2605343 863 616639098 161864364 2018470 182828 879321864 518277292 0 13146084 680137908
   8      33 sdc1 2605193 863 616637898 161863544 1976824 182828 879321864 518259172 0 13138884 680119632
   8       0 sda 418860 188 9649946 691924 47920 28301 1840464 812772 0 732780 1504560
   8       1 sda1 418710 188 9648746 691868 47912 28301 1840464 812696 0 732664 1504428
   8      16 sdb 71801 13108 584738 27992 54076 64377 427060840 114576 0 23144 142552
   8      17 sdb1 71448 13086 581738 27900 53964 64377 427060840 114516 0 22992 142400
   8      32 sdc 2987484 837 717380738 212733456 1849183 123110 845188088 531847308 0 13043784 744580404
   8      33 sdc1 2987334 837 717379538 212732628 1849081 123110 845188088 531847292 0 13042992 744578468
   8       0 sda 416542 136 9616922 607544 49754 29269 1873920 826364 0 727968 1433724
   8       1 sda1 416392 136 9615722 607524 49748 29269 1873920 826320 0 727920 1433656
   8      32 sdc 2582536 561 613862650 160088832 1878578 123785 858979760 526098896 0 12187420 686202036
   8      33 sdc1 2582386 561 613861450 160088012 1878482 123785 858979760 526098876 0 12186592 686184540
   8      16 sdb 72647 13108 591594 29280 54217 64553 427078368 100096 0 22356 129340
   8      17 sdb1 72295 13086 588602 29208 54102 64553 427078368 99836 0 22028 129008
   8       0 sda 415168 199 9552586 758368 48748 33017 1867912 837704 0 716556 1595884
   8       1 sda1 415018 199 9551386 758300 48742 33017 1867912 837660 0 716476 1595772
   8      16 sdb 70137 13108 571426 21960 53565 63946 427041648 94308 0 16364 116248
   8      17 sdb1 69784 13086 568426 21916 53449 63946 427041648 94060 0 16072 115956
   8      32 sdc 2566423 542 610321098 162257644 2056713 122843 949127144 572163080 0 12541316 734418392
   8      33 sdc1 2566273 542 610319898 162256812 2056614 122843 949127144 572163068 0 12540484 734434364
  eth0: 69862512514 55589012    0  464    0     0          0         0 78362407370 9724794    0    0    0     0       0          0
  eth0: 59125889542 47984288    0 3773    0     0          0         0 93498890125 9103454    0    0    0     0       0          0
  eth0: 80587982295 61872909    0 1859    0     0          0         0 59350105253 9643116    0    0    0     0       0          0
  eth0: 87974039491 65683760    0 2652    0     0          0         0 54980589723 9885296    0    0    0     0       0          0
