   8       0 sda 837291 9 23553762 1238348 241164 444732 11074640 5308352 0 1443576 6546348
   8       1 sda1 837141 9 23552562 1238296 240538 444732 11074640 5308084 0 1443308 6546036
   8      16 sdb 14029 13111 124906 6016 67061 70375 427430800 115844 0 10292 121832
   8      17 sdb1 13676 13089 121906 5948 66950 70375 427430800 115748 0 10128 121668
   8      32 sdc 2563384 853 606293746 159750272 1990060 178305 872709240 513394844 0 12956316 673141432
   8      33 sdc1 2563234 853 606292546 159749452 1949321 178305 872709240 513377548 0 12949240 673123980
   8       0 sda 416204 184 9591730 690608 47690 28140 1832128 811404 0 730336 1501876
   8       1 sda1 416054 184 9590530 690552 47682 28140 1832128 811328 0 730220 1501744
   8      16 sdb 71706 13108 583978 27976 53768 63842 427047480 114528 0 23080 142488
   8      17 sdb1 71353 13086 580978 27884 53656 63842 427047480 114468 0 22928 142336
   8      32 sdc 2939037 834 705307818 208793248 1836785 120983 842019528 528316364 0 12882940 737109280
   8      33 sdc1 2938887 834 705306618 208792420 1836683 120983 842019528 528316348 0 12882148 737107344
   8       0 sda 413323 136 9544018 605780 49405 28930 1862144 824420 0 724644 1430016
   8       1 sda1 413173 136 9542818 605760 49399 28930 1862144 824376 0 724596 1429948
   8      32 sdc 2540584 559 603525634 157801508 1858919 121150 854070440 520994796 0 12018048 678810636
   8      33 sdc1 2540434 559 603524434 157800688 1858823 121150 854070440 520994776 0 12017220 678793140
   8      16 sdb 72522 13108 590594 29252 53822 63850 427059600 100060 0 22316 129276
   8      17 sdb1 72170 13086 587602 29180 53707 63850 427059600 99800 0 21988 128944
   8       0 sda 411954 196 9479978 756796 48464 32761 1857624 836344 0 714052 1592956
   8       1 sda1 411804 196 9478778 756728 48458 32761 1857624 836300 0 713972 1592844
   8      16 sdb 70001 13108 570338 21948 53257 63396 427027512 94272 0 16316 116200
   8      17 sdb1 69648 13086 567338 21904 53141 63396 427027512 94024 0 16024 115908
   8      32 sdc 2524586 529 599990554 160171556 2044038 120573 945972320 570114684 0 12406492 730283920
   8      33 sdc1 2524436 529 599989354 160170724 2043939 120573 945972320 570114672 0 12405660 730299892
  eth0: 68045712742 54132603    0  464    0     0          0         0 76159260283 9442614    0    0    0     0       0          0
  eth0: 58083438216 47079042    0 3773    0     0          0         0 91624613722 8899752    0    0    0     0       0          0
  eth0: 78207399794 60068670    0 1859    0     0          0         0 58119701486 9387384    0    0    0     0       0          0
  eth0: 86498276478 64526521    0 2652    0     0          0         0 53830471915 9655418    0    0    0     0       0          0
