VM1 sda-sda
Previous Sectors Read = 23553762
Current Sectors Read = 23732618
Previous Sectors Written = 11074640
Current Sectors Written = 11239664
Sectors Read = 178856
Sectors Written = 165024
--------------------
VM1 sdb-sdb
Previous Sectors Read = 124906
Current Sectors Read = 125162
Previous Sectors Written = 427430800
Current Sectors Written = 427451576
Sectors Read = 256
Sectors Written = 20776
--------------------
VM1 sdc-sdc
Previous Sectors Read = 606293746
Current Sectors Read = 616639098
Previous Sectors Written = 872709240
Current Sectors Written = 879321864
Sectors Read = 10345352
Sectors Written = 6612624
--------------------
VM2 sda-sda
Previous Sectors Read = 9591730
Current Sectors Read = 9649946
Previous Sectors Written = 1832128
Current Sectors Written = 1840464
Sectors Read = 58216
Sectors Written = 8336
--------------------
VM2 sdb-sdb
Previous Sectors Read = 583978
Current Sectors Read = 584738
Previous Sectors Written = 427047480
Current Sectors Written = 427060840
Sectors Read = 760
Sectors Written = 13360
--------------------
VM2 sdc-sdc
Previous Sectors Read = 705307818
Current Sectors Read = 717380738
Previous Sectors Written = 842019528
Current Sectors Written = 845188088
Sectors Read = 12072920
Sectors Written = 3168560
--------------------
VM3 sda-sda
Previous Sectors Read = 9544018
Current Sectors Read = 9616922
Previous Sectors Written = 1862144
Current Sectors Written = 1873920
Sectors Read = 72904
Sectors Written = 11776
--------------------
VM3 sdc-sdc
Previous Sectors Read = 603525634
Current Sectors Read = 613862650
Previous Sectors Written = 854070440
Current Sectors Written = 858979760
Sectors Read = 10337016
Sectors Written = 4909320
--------------------
VM3 sdb-sdb
Previous Sectors Read = 590594
Current Sectors Read = 591594
Previous Sectors Written = 427059600
Current Sectors Written = 427078368
Sectors Read = 1000
Sectors Written = 18768
--------------------
VM4 sda-sda
Previous Sectors Read = 9479978
Current Sectors Read = 9552586
Previous Sectors Written = 1857624
Current Sectors Written = 1867912
Sectors Read = 72608
Sectors Written = 10288
--------------------
VM4 sdb-sdb
Previous Sectors Read = 570338
Current Sectors Read = 571426
Previous Sectors Written = 427027512
Current Sectors Written = 427041648
Sectors Read = 1088
Sectors Written = 14136
--------------------
VM4 sdc-sdc
Previous Sectors Read = 599990554
Current Sectors Read = 610321098
Previous Sectors Written = 945972320
Current Sectors Written = 949127144
Sectors Read = 10330544
Sectors Written = 3154824
--------------------
VM1
Previous Packets Received = 68045712742
Current Packets Received = 69862512514
Previous Packets Transmitted = 76159260283
Current Packets Transmitted = 78362407370
Packets received = 1816799772
Packets Transmitted = 2203147087
--------------------
VM2
Previous Packets Received = 58083438216
Current Packets Received = 59125889542
Previous Packets Transmitted = 91624613722
Current Packets Transmitted = 93498890125
Packets received = 1042451326
Packets Transmitted = 1874276403
--------------------
VM3
Previous Packets Received = 78207399794
Current Packets Received = 80587982295
Previous Packets Transmitted = 58119701486
Current Packets Transmitted = 59350105253
Packets received = 2380582501
Packets Transmitted = 1230403767
--------------------
VM4
Previous Packets Received = 86498276478
Current Packets Received = 87974039491
Previous Packets Transmitted = 53830471915
Current Packets Transmitted = 54980589723
Packets received = 1475763013
Packets Transmitted = 1150117808
--------------------
Total Sectors Read = 22257418240
Total Sectors Written = 9271189504
Total Packets Received = 6715596612
Total Packets Transmitted = 6457945065
