   8       0 sda 736790 9 20778042 1152256 223379 390990 10089384 5087356 0 1348000 6239304
   8       1 sda1 736640 9 20776842 1152204 222756 390990 10089384 5087088 0 1347732 6238992
   8      16 sdb 7864 13111 75586 4108 62683 65532 427274360 114836 0 8156 118920
   8      17 sdb1 7511 13089 72586 4040 62585 65532 427274360 114748 0 8000 118764
   8      32 sdc 2194244 782 519167770 141498664 1835506 151517 823893704 486546364 0 11409908 628041712
   8      33 sdc1 2194094 782 519166570 141497844 1800071 151517 823893704 486530304 0 11403696 628025416
   8       0 sda 365870 165 8471714 645940 44776 26064 1745736 790272 0 692672 1436092
   8       1 sda1 365720 165 8470514 645884 44768 26064 1745736 790196 0 692556 1435960
   8      16 sdb 39602 13108 327146 15116 50143 59413 426939144 113740 0 13884 128848
   8      17 sdb1 39249 13086 324146 15024 50044 59413 426939144 113680 0 13732 128696
   8      32 sdc 2517314 772 603993706 179302876 1696444 103885 787769664 491511444 0 11280936 670814180
   8      33 sdc1 2517164 772 603992506 179302048 1696355 103885 787769664 491511432 0 11280144 670812292
   8       0 sda 362704 127 8415114 584012 46122 26352 1766192 801292 0 685496 1385148
   8       1 sda1 362554 127 8413914 583992 46116 26352 1766192 801248 0 685448 1385080
   8      32 sdc 2176419 508 516828642 138560020 1692079 103400 791519600 478150528 0 10475860 616725088
   8      33 sdc1 2176269 508 516827442 138559200 1691995 103400 791519600 478150516 0 10475036 616707668
   8      16 sdb 39662 13108 327714 16136 50266 59174 426944704 99408 0 13616 115532
   8      17 sdb1 39310 13086 324722 16064 50165 59174 426944704 99152 0 13292 115204
   8       0 sda 363069 177 8402170 690044 45455 30444 1765512 811304 0 674580 1501196
   8       1 sda1 362919 177 8400970 689976 45449 30444 1765512 811260 0 674500 1501084
   8      16 sdb 38511 13108 318418 13292 49732 58765 426915088 93800 0 10756 107076
   8      17 sdb1 38158 13086 315418 13248 49630 58765 426915088 93552 0 10464 106784
   8      32 sdc 2157496 483 512925554 141761228 1883013 103501 885759848 537668356 0 10869400 679427548
   8      33 sdc1 2157346 483 512924354 141760396 1882924 103501 885759848 537668344 0 10868568 679443520
  eth0: 52414227220 42118733    0    0    0     0          0         0 61413075504 7667191    0    0    0     0       0          0
  eth0: 45678787971 37287003    0  916    0     0          0         0 75127046860 7369570    0    0    0     0       0          0
  eth0: 63238165683 48642851    0 1739    0     0          0         0 43475652101 7577513    0    0    0     0       0          0
  eth0: 69649878999 51903082    0  849    0     0          0         0 42010405415 7817228    0    0    0     0       0          0
