   8       0 sda 730481 9 20599018 1148388 222662 382834 9994320 5081700 0 1341852 6229784
   8       1 sda1 730331 9 20597818 1148336 222039 382834 9994320 5081432 0 1341584 6229472
   8      16 sdb 7825 13111 75274 4108 62537 65381 427270080 114800 0 8120 118884
   8      17 sdb1 7472 13089 72274 4040 62439 65381 427270080 114712 0 7964 118728
   8      32 sdc 2190937 782 518580058 141346420 1832369 150815 823320552 486376704 0 11368436 627719820
   8      33 sdc1 2190787 782 518578858 141345600 1797421 150815 823320552 486360716 0 11362284 627703596
   8       0 sda 362689 160 8400050 644044 44661 25993 1742688 789820 0 690832 1433744
   8       1 sda1 362539 160 8398850 643988 44653 25993 1742688 789744 0 690716 1433612
   8      16 sdb 39559 13108 326802 15048 50026 59279 426936120 113724 0 13860 128764
   8      17 sdb1 39206 13086 323802 14956 49927 59279 426936120 113664 0 13708 128612
   8      32 sdc 2513830 772 603290474 178959672 1678832 103151 783317184 487823920 0 11228564 666782388
   8      33 sdc1 2513680 772 603289274 178958844 1678743 103151 783317184 487823908 0 11227772 666780496
   8       0 sda 359489 127 8342386 582160 45992 26212 1762824 800200 0 682720 1382208
   8       1 sda1 359339 127 8341186 582140 45986 26212 1762824 800156 0 682672 1382140
   8      32 sdc 2173298 508 516270738 138415628 1690689 102891 791134776 477992820 0 10443368 616422988
   8      33 sdc1 2173148 508 516269538 138414808 1690605 102891 791134776 477992808 0 10442544 616405568
   8      16 sdb 39619 13108 327370 16000 50174 59065 426942400 99404 0 13604 115392
   8      17 sdb1 39267 13086 324378 15928 50073 59065 426942400 99148 0 13280 115064
   8       0 sda 360458 177 8343122 688832 45372 30391 1763760 810908 0 673216 1499588
   8       1 sda1 360308 177 8341922 688764 45366 30391 1763760 810864 0 673136 1499476
   8      16 sdb 38465 13108 318050 13292 49628 58664 426912824 93796 0 10752 107072
   8      17 sdb1 38112 13086 315050 13248 49526 58664 426912824 93548 0 10460 106780
   8      32 sdc 2154460 483 512368402 141619844 1876736 103044 884157368 536888420 0 10836496 678506240
   8      33 sdc1 2154310 483 512367202 141619012 1876647 103044 884157368 536888408 0 10835664 678522212
  eth0: 52034956966 41822129    0    0    0     0          0         0 60884600701 7612531    0    0    0     0       0          0
  eth0: 44928259384 36734033    0  916    0     0          0         0 74045183346 7291172    0    0    0     0       0          0
  eth0: 62777528968 48312830    0 1739    0     0          0         0 43125787729 7518762    0    0    0     0       0          0
  eth0: 68971598660 51425392    0  849    0     0          0         0 41793245759 7782779    0    0    0     0       0          0
