VM1 sda-sda
Previous Sectors Read = 20599018
Current Sectors Read = 20778042
Previous Sectors Written = 9994320
Current Sectors Written = 10089384
Sectors Read = 179024
Sectors Written = 95064
--------------------
VM1 sdb-sdb
Previous Sectors Read = 75274
Current Sectors Read = 75586
Previous Sectors Written = 427270080
Current Sectors Written = 427274360
Sectors Read = 312
Sectors Written = 4280
--------------------
VM1 sdc-sdc
Previous Sectors Read = 518580058
Current Sectors Read = 519167770
Previous Sectors Written = 823320552
Current Sectors Written = 823893704
Sectors Read = 587712
Sectors Written = 573152
--------------------
VM2 sda-sda
Previous Sectors Read = 8400050
Current Sectors Read = 8471714
Previous Sectors Written = 1742688
Current Sectors Written = 1745736
Sectors Read = 71664
Sectors Written = 3048
--------------------
VM2 sdb-sdb
Previous Sectors Read = 326802
Current Sectors Read = 327146
Previous Sectors Written = 426936120
Current Sectors Written = 426939144
Sectors Read = 344
Sectors Written = 3024
--------------------
VM2 sdc-sdc
Previous Sectors Read = 603290474
Current Sectors Read = 603993706
Previous Sectors Written = 783317184
Current Sectors Written = 787769664
Sectors Read = 703232
Sectors Written = 4452480
--------------------
VM3 sda-sda
Previous Sectors Read = 8342386
Current Sectors Read = 8415114
Previous Sectors Written = 1762824
Current Sectors Written = 1766192
Sectors Read = 72728
Sectors Written = 3368
--------------------
VM3 sdc-sdc
Previous Sectors Read = 516270738
Current Sectors Read = 516828642
Previous Sectors Written = 791134776
Current Sectors Written = 791519600
Sectors Read = 557904
Sectors Written = 384824
--------------------
VM3 sdb-sdb
Previous Sectors Read = 327370
Current Sectors Read = 327714
Previous Sectors Written = 426942400
Current Sectors Written = 426944704
Sectors Read = 344
Sectors Written = 2304
--------------------
VM4 sda-sda
Previous Sectors Read = 8343122
Current Sectors Read = 8402170
Previous Sectors Written = 1763760
Current Sectors Written = 1765512
Sectors Read = 59048
Sectors Written = 1752
--------------------
VM4 sdb-sdb
Previous Sectors Read = 318050
Current Sectors Read = 318418
Previous Sectors Written = 426912824
Current Sectors Written = 426915088
Sectors Read = 368
Sectors Written = 2264
--------------------
VM4 sdc-sdc
Previous Sectors Read = 512368402
Current Sectors Read = 512925554
Previous Sectors Written = 884157368
Current Sectors Written = 885759848
Sectors Read = 557152
Sectors Written = 1602480
--------------------
VM1
Previous Packets Received = 52034956966
Current Packets Received = 52414227220
Previous Packets Transmitted = 60884600701
Current Packets Transmitted = 61413075504
Packets received = 379270254
Packets Transmitted = 528474803
--------------------
VM2
Previous Packets Received = 44928259384
Current Packets Received = 45678787971
Previous Packets Transmitted = 74045183346
Current Packets Transmitted = 75127046860
Packets received = 750528587
Packets Transmitted = 1081863514
--------------------
VM3
Previous Packets Received = 62777528968
Current Packets Received = 63238165683
Previous Packets Transmitted = 43125787729
Current Packets Transmitted = 43475652101
Packets received = 460636715
Packets Transmitted = 349864372
--------------------
VM4
Previous Packets Received = 68971598660
Current Packets Received = 69649878999
Previous Packets Transmitted = 41793245759
Current Packets Transmitted = 42010405415
Packets received = 678280339
Packets Transmitted = 217159656
--------------------
Total Sectors Read = 1428393984
Total Sectors Written = 3649556480
Total Packets Received = 2268715895
Total Packets Transmitted = 2177362345
