   8       0 sda 773945 9 21815906 1180340 229293 408289 10388512 5173716 0 1374992 6353740
   8       1 sda1 773795 9 21814706 1180288 228670 408289 10388512 5173448 0 1374724 6353428
   8      16 sdb 9393 13111 87818 4744 63411 66244 427295904 115084 0 8664 119800
   8      17 sdb1 9040 13089 84818 4676 63308 66244 427295904 114992 0 8504 119640
   8      32 sdc 2215766 805 522232130 142251632 1858958 155026 833268848 490462128 0 11645352 632710400
   8      33 sdc1 2215616 805 522230930 142250812 1822288 155026 833268848 490445840 0 11639012 632693876
   8       0 sda 384104 169 8875346 663196 45367 26507 1760488 795232 0 703740 1458300
   8       1 sda1 383954 169 8874146 663140 45359 26507 1760488 795156 0 703624 1458168
   8      16 sdb 50871 13108 417298 19228 50784 60052 426954568 113896 0 17064 133112
   8      17 sdb1 50518 13086 414298 19136 50680 60052 426954568 113836 0 16912 132960
   8      32 sdc 2540551 793 607684394 180082384 1709787 106384 797497864 493166912 0 11485716 673249284
   8      33 sdc1 2540401 793 607683194 180081556 1709693 106384 797497864 493166896 0 11484924 673247344
   8       0 sda 380898 130 8817154 590400 46756 26854 1782464 805820 0 694668 1396060
   8       1 sda1 380748 130 8815954 590380 46750 26854 1782464 805776 0 694620 1395992
   8      32 sdc 2196869 526 519790642 139218928 1697158 105830 792854696 478589944 0 10654176 617823460
   8      33 sdc1 2196719 526 519789442 139218108 1697070 105830 792854696 478589928 0 10653348 617805972
   8      16 sdb 51154 13108 419650 20464 50889 59801 426960288 99508 0 16668 119944
   8      17 sdb1 50802 13086 416658 20392 50783 59801 426960288 99248 0 16340 119612
   8       0 sda 380782 182 8791330 702572 45982 30848 1778824 814932 0 683356 1517336
   8       1 sda1 380632 182 8790130 702504 45976 30848 1778824 814888 0 683276 1517224
   8      16 sdb 49566 13108 406858 16532 50261 59386 426928768 93876 0 12644 110388
   8      17 sdb1 49213 13086 403858 16488 50154 59386 426928768 93628 0 12352 110096
   8      32 sdc 2177911 503 515972994 142628556 1902650 105941 895994744 541381024 0 11082004 684007528
   8      33 sdc1 2177761 503 515971794 142627724 1902556 105941 895994744 541381012 0 11081172 684023500
  eth0: 54343505909 43591741    0    0    0     0          0         0 64388494266 7906113    0    0    0     0       0          0
  eth0: 46888656875 38169050    0  916    0     0          0         0 75955120450 7481657    0    0    0     0       0          0
  eth0: 65058329718 49946297    0 1739    0     0          0         0 44363033130 7734949    0    0    0     0       0          0
  eth0: 71256886778 53074899    0  849    0     0          0         0 43634899398 7994856    0    0    0     0       0          0
