   8       0 sda 769176 9 21655938 1177128 229057 408051 10381320 5172740 0 1371924 6349556
   8       1 sda1 769026 9 21654738 1177076 228434 408051 10381320 5172472 0 1371656 6349244
   8      16 sdb 9374 13111 87666 4740 63329 66126 427292776 115056 0 8632 119768
   8      17 sdb1 9021 13089 84666 4672 63226 66126 427292776 114964 0 8472 119608
   8      32 sdc 2210794 802 521609090 142123752 1858354 154576 833248584 490450620 0 11600624 632571012
   8      33 sdc1 2210644 802 521607890 142122932 1821761 154576 833248584 490434348 0 11594288 632554504
   8       0 sda 382946 165 8853930 662284 45318 26479 1759112 794884 0 702956 1457040
   8       1 sda1 382796 165 8852730 662228 45310 26479 1759112 794808 0 702840 1456908
   8      16 sdb 50810 13108 416810 19224 50722 59967 426952824 113892 0 17056 133104
   8      17 sdb1 50457 13086 413810 19132 50618 59967 426952824 113832 0 16904 132952
   8      32 sdc 2535296 781 606926874 179916924 1709616 106159 797478304 493164532 0 11447812 673081452
   8      33 sdc1 2535146 781 606925674 179916096 1709522 106159 797478304 493164516 0 11447020 673079512
   8       0 sda 379788 129 8796458 590152 46704 26816 1780640 804992 0 693624 1394984
   8       1 sda1 379638 129 8795258 590132 46698 26816 1780640 804948 0 693576 1394916
   8      32 sdc 2192286 522 519178426 139093316 1696787 105448 792836744 478583200 0 10621548 617691044
   8      33 sdc1 2192136 522 519177226 139092496 1696699 105448 792836744 478583184 0 10620720 617673620
   8      16 sdb 51095 13108 419178 20372 50808 59694 426957936 99504 0 16656 119848
   8      17 sdb1 50743 13086 416186 20300 50702 59694 426957936 99244 0 16328 119516
   8       0 sda 379616 181 8769882 701948 45939 30824 1777928 814300 0 682328 1516080
   8       1 sda1 379466 181 8768682 701880 45933 30824 1777928 814256 0 682248 1515968
   8      16 sdb 49475 13108 406130 16524 50199 59308 426927080 93868 0 12632 110372
   8      17 sdb1 49122 13086 403130 16480 50092 59308 426927080 93620 0 12340 110080
   8      32 sdc 2173258 495 515362834 142492000 1902457 105756 895984320 541377904 0 11043788 683867856
   8      33 sdc1 2173108 495 515361634 142491168 1902363 105756 895984320 541377892 0 11042956 683883828
  eth0: 54241846760 43515100    0    0    0     0          0         0 64385045376 7896953    0    0    0     0       0          0
  eth0: 46837437911 38127349    0  916    0     0          0         0 75831892615 7469837    0    0    0     0       0          0
  eth0: 64928786107 49852489    0 1739    0     0          0         0 44312128279 7722141    0    0    0     0       0          0
  eth0: 71255488463 53069788    0  849    0     0          0         0 43539975699 7986158    0    0    0     0       0          0
