VM1 sda-sda
Previous Sectors Read = 21655938
Current Sectors Read = 21815906
Previous Sectors Written = 10381320
Current Sectors Written = 10388512
Sectors Read = 159968
Sectors Written = 7192
--------------------
VM1 sdb-sdb
Previous Sectors Read = 87666
Current Sectors Read = 87818
Previous Sectors Written = 427292776
Current Sectors Written = 427295904
Sectors Read = 152
Sectors Written = 3128
--------------------
VM1 sdc-sdc
Previous Sectors Read = 521609090
Current Sectors Read = 522232130
Previous Sectors Written = 833248584
Current Sectors Written = 833268848
Sectors Read = 623040
Sectors Written = 20264
--------------------
VM2 sda-sda
Previous Sectors Read = 8853930
Current Sectors Read = 8875346
Previous Sectors Written = 1759112
Current Sectors Written = 1760488
Sectors Read = 21416
Sectors Written = 1376
--------------------
VM2 sdb-sdb
Previous Sectors Read = 416810
Current Sectors Read = 417298
Previous Sectors Written = 426952824
Current Sectors Written = 426954568
Sectors Read = 488
Sectors Written = 1744
--------------------
VM2 sdc-sdc
Previous Sectors Read = 606926874
Current Sectors Read = 607684394
Previous Sectors Written = 797478304
Current Sectors Written = 797497864
Sectors Read = 757520
Sectors Written = 19560
--------------------
VM3 sda-sda
Previous Sectors Read = 8796458
Current Sectors Read = 8817154
Previous Sectors Written = 1780640
Current Sectors Written = 1782464
Sectors Read = 20696
Sectors Written = 1824
--------------------
VM3 sdc-sdc
Previous Sectors Read = 519178426
Current Sectors Read = 519790642
Previous Sectors Written = 792836744
Current Sectors Written = 792854696
Sectors Read = 612216
Sectors Written = 17952
--------------------
VM3 sdb-sdb
Previous Sectors Read = 419178
Current Sectors Read = 419650
Previous Sectors Written = 426957936
Current Sectors Written = 426960288
Sectors Read = 472
Sectors Written = 2352
--------------------
VM4 sda-sda
Previous Sectors Read = 8769882
Current Sectors Read = 8791330
Previous Sectors Written = 1777928
Current Sectors Written = 1778824
Sectors Read = 21448
Sectors Written = 896
--------------------
VM4 sdb-sdb
Previous Sectors Read = 406130
Current Sectors Read = 406858
Previous Sectors Written = 426927080
Current Sectors Written = 426928768
Sectors Read = 728
Sectors Written = 1688
--------------------
VM4 sdc-sdc
Previous Sectors Read = 515362834
Current Sectors Read = 515972994
Previous Sectors Written = 895984320
Current Sectors Written = 895994744
Sectors Read = 610160
Sectors Written = 10424
--------------------
VM1
Previous Packets Received = 54241846760
Current Packets Received = 54343505909
Previous Packets Transmitted = 64385045376
Current Packets Transmitted = 64388494266
Packets received = 101659149
Packets Transmitted = 3448890
--------------------
VM2
Previous Packets Received = 46837437911
Current Packets Received = 46888656875
Previous Packets Transmitted = 75831892615
Current Packets Transmitted = 75955120450
Packets received = 51218964
Packets Transmitted = 123227835
--------------------
VM3
Previous Packets Received = 64928786107
Current Packets Received = 65058329718
Previous Packets Transmitted = 44312128279
Current Packets Transmitted = 44363033130
Packets received = 129543611
Packets Transmitted = 50904851
--------------------
VM4
Previous Packets Received = 71255488463
Current Packets Received = 71256886778
Previous Packets Transmitted = 43539975699
Current Packets Transmitted = 43634899398
Packets received = 1398315
Packets Transmitted = 94923699
--------------------
Total Sectors Read = 1448091648
Total Sectors Written = 45260800
Total Packets Received = 283820039
Total Packets Transmitted = 272505275
