   8       0 sda 728370 9 20556490 1144000 222570 382765 9990704 5081528 0 1341188 6225224
   8       1 sda1 728220 9 20555290 1143948 221947 382765 9990704 5081260 0 1340920 6224912
   8      16 sdb 7542 13111 73010 4060 62514 65368 427269448 114796 0 8068 118832
   8      17 sdb1 7189 13089 70010 3992 62417 65368 427269448 114712 0 7916 118680
   8      32 sdc 2190905 782 518579802 141346096 1832253 150737 823308168 486375328 0 11367492 627718120
   8      33 sdc1 2190755 782 518578602 141345276 1797325 150737 823308168 486359340 0 11361340 627701896
   8       0 sda 360993 160 8361234 642840 44637 25976 1742272 789716 0 690344 1432436
   8       1 sda1 360843 160 8360034 642784 44629 25976 1742272 789640 0 690228 1432304
   8      16 sdb 37310 13108 308810 14268 50001 59251 426935544 113724 0 13240 127984
   8      17 sdb1 36957 13086 305810 14176 49903 59251 426935544 113664 0 13088 127832
   8      32 sdc 2513764 772 603289946 178957684 1678784 103101 783308536 487823512 0 11227960 666779992
   8      33 sdc1 2513614 772 603288746 178956856 1678696 103101 783308536 487823500 0 11227168 666778100
   8       0 sda 357819 127 8303154 581728 45953 26181 1761248 799852 0 682216 1381428
   8       1 sda1 357669 127 8301954 581708 45947 26181 1761248 799808 0 682168 1381360
   8      32 sdc 2173266 508 516270402 138415224 1690610 102830 791121936 477992016 0 10442812 616421780
   8      33 sdc1 2173116 508 516269202 138414404 1690527 102830 791121936 477992004 0 10441988 616404360
   8      16 sdb 37372 13108 309394 14616 50143 59022 426941656 99368 0 12968 113972
   8      17 sdb1 37020 13086 306402 14544 50043 59022 426941656 99112 0 12644 113644
   8       0 sda 358761 177 8304450 686768 45343 30370 1763104 810824 0 672736 1497440
   8       1 sda1 358611 177 8303250 686700 45337 30370 1763104 810780 0 672656 1497328
   8      16 sdb 36300 13108 300730 12544 49587 58620 426911608 93792 0 10364 106320
   8      17 sdb1 35947 13086 297730 12500 49486 58620 426911608 93544 0 10072 106028
   8      32 sdc 2154422 483 512368098 141619476 1876666 102978 884139744 536887408 0 10835792 678504860
   8      33 sdc1 2154272 483 512366898 141618644 1876577 102978 884139744 536887396 0 10834960 678520832
  eth0: 52034166515 41821135    0    0    0     0          0         0 60884494728 7611780    0    0    0     0       0          0
  eth0: 44928235173 36733913    0  916    0     0          0         0 74045155184 7291031    0    0    0     0       0          0
  eth0: 62777468884 48312277    0 1739    0     0          0         0 43125080675 7518439    0    0    0     0       0          0
  eth0: 68971574159 51425268    0  849    0     0          0         0 41793217029 7782631    0    0    0     0       0          0
