   8       0 sda 723613 9 20396986 1141120 222395 382614 9986096 5080712 0 1338216 6221528
   8       1 sda1 723463 9 20395786 1141068 221773 382614 9986096 5080444 0 1337948 6221212
   8      16 sdb 7504 13111 72706 4056 62450 65302 427267464 114792 0 8060 118824
   8      17 sdb1 7151 13089 69706 3988 62353 65302 427267464 114708 0 7908 118672
   8      32 sdc 2186166 775 517968074 141207296 1831826 150364 823299936 486369752 0 11329620 627573744
   8      33 sdc1 2186016 775 517966874 141206476 1796971 150364 823299936 486353784 0 11323488 627557540
   8       0 sda 359815 158 8338698 641992 44585 25942 1740896 789448 0 689624 1431320
   8       1 sda1 359665 158 8337498 641936 44577 25942 1740896 789372 0 689508 1431188
   8      16 sdb 37267 13108 308466 14176 49956 59195 426934200 113724 0 13232 127892
   8      17 sdb1 36914 13086 305466 14084 49858 59195 426934200 113664 0 13080 127740
   8      32 sdc 2508336 761 602532314 178781384 1678549 102864 783302288 487820620 0 11188568 666600784
   8      33 sdc1 2508186 761 602531114 178780556 1678461 102864 783302288 487820608 0 11187776 666598892
   8       0 sda 356661 127 8281762 581500 45842 26062 1757368 799260 0 681432 1380608
   8       1 sda1 356511 127 8280562 581480 45836 26062 1757368 799216 0 681384 1380540
   8      32 sdc 2168164 504 515646178 138273592 1690053 102289 791106232 477982240 0 10397308 616270364
   8      33 sdc1 2168014 504 515644978 138272772 1689970 102289 791106232 477982228 0 10396484 616252944
   8      16 sdb 37327 13108 309034 14588 49985 58879 426937024 99356 0 12948 113932
   8      17 sdb1 36975 13086 306042 14516 49885 58879 426937024 99100 0 12624 113604
   8       0 sda 357637 176 8283458 685976 45286 30326 1761520 810376 0 671872 1496200
   8       1 sda1 357487 176 8282258 685908 45280 30326 1761520 810332 0 671792 1496088
   8      16 sdb 36257 13108 300386 12432 49538 58550 426910120 93780 0 10348 106196
   8      17 sdb1 35904 13086 297386 12388 49437 58550 426910120 93532 0 10056 105904
   8      32 sdc 2149650 473 511755426 141474092 1876387 102656 884133016 536880808 0 10797640 678352876
   8      33 sdc1 2149500 473 511754226 141473260 1876298 102656 884133016 536880796 0 10796808 678368852
  eth0: 52032418411 41813479    0    0    0     0          0         0 60788563123 7600269    0    0    0     0       0          0
  eth0: 44924992722 36722886    0  916    0     0          0         0 73874519438 7277380    0    0    0     0       0          0
  eth0: 62549133073 48147448    0 1739    0     0          0         0 43118950446 7503956    0    0    0     0       0          0
  eth0: 68870727115 51353342    0  849    0     0          0         0 41744951858 7771003    0    0    0     0       0          0
