   8       0 sda 706655 9 19943138 1087028 218562 373528 9814488 5059372 0 1326912 6146108
   8       1 sda1 706505 9 19941938 1086976 217941 373528 9814488 5059104 0 1326644 6145788
   8      16 sdb 6750 13111 66674 3756 62113 65024 427258504 114768 0 7872 118500
   8      17 sdb1 6397 13089 63674 3688 62019 65024 427258504 114684 0 7720 118348
   8      32 sdc 2178247 769 516796930 140931216 1827657 149133 818193040 486113060 0 11244072 627040976
   8      33 sdc1 2178097 769 516795730 140930396 1793401 149133 818193040 486097200 0 11238032 627024880
   8       0 sda 350353 154 8126778 634328 44293 25706 1733152 787480 0 684700 1421692
   8       1 sda1 350203 154 8125578 634272 44285 25706 1733152 787404 0 684584 1421560
   8      16 sdb 30608 13108 255194 11688 49657 58917 426926768 113652 0 11876 125332
   8      17 sdb1 30255 13086 252194 11596 49562 58917 426926768 113596 0 11728 125184
   8      32 sdc 2499608 759 601062978 178463852 1675839 101900 782521704 487523592 0 11109004 665986236
   8      33 sdc1 2499458 759 601061778 178463024 1675754 101900 782521704 487523580 0 11108212 665984284
   8       0 sda 347390 125 8072978 577700 45614 25913 1751936 797820 0 677496 1375368
   8       1 sda1 347240 125 8071778 577680 45608 25913 1751936 797776 0 677448 1375300
   8      32 sdc 2160921 497 514481210 138022444 1683075 101176 788143600 477171800 0 10328820 615208632
   8      33 sdc1 2160771 497 514480010 138021624 1682994 101176 788143600 477171788 0 10327996 615191364
   8      16 sdb 30534 13108 254690 11864 49747 58596 426930688 99340 0 11164 111200
   8      17 sdb1 30182 13086 251698 11792 49650 58596 426930688 99088 0 10844 110876
   8       0 sda 348286 172 8073578 677336 45022 30106 1754936 809228 0 667996 1486416
   8       1 sda1 348136 172 8072378 677268 45016 30106 1754936 809184 0 667916 1486304
   8      16 sdb 29664 13108 247642 10164 49284 58257 426903496 93760 0 9252 103908
   8      17 sdb1 29311 13086 244642 10120 49186 58257 426903496 93512 0 8960 103616
   8      32 sdc 2142204 463 510584970 141091740 1858868 101411 874624520 532838892 0 10709248 673928632
   8      33 sdc1 2142054 463 510583770 141090908 1858782 101411 874624520 532838880 0 10708416 673944608
  eth0: 50772424252 40890683    0    0    0     0          0         0 60002910738 7500213    0    0    0     0       0          0
  eth0: 43852381495 35939359    0  916    0     0          0         0 73310667940 7188931    0    0    0     0       0          0
  eth0: 62093847374 47824578    0 1739    0     0          0         0 43006020612 7467331    0    0    0     0       0          0
  eth0: 68024793896 50704960    0  849    0     0          0         0 39705412849 7629202    0    0    0     0       0          0
