   8       0 sda 700279 9 19763746 1083084 211895 363635 9567944 4948648 0 1320612 6031444
   8       1 sda1 700129 9 19762546 1083032 211274 363635 9567944 4948380 0 1320344 6031124
   8      16 sdb 6736 13111 66562 3756 61943 64840 427253160 114740 0 7844 118472
   8      17 sdb1 6383 13089 63562 3688 61849 64840 427253160 114656 0 7692 118320
   8      32 sdc 2174997 767 516236578 140694316 1808986 148277 813616096 482419972 0 11182744 623111008
   8      33 sdc1 2174847 767 516235378 140693496 1775191 148277 813616096 482404220 0 11176764 623095020
   8       0 sda 347841 154 8071394 632428 44230 25680 1731992 787040 0 683168 1419352
   8       1 sda1 347691 154 8070194 632372 44222 25680 1731992 786964 0 683052 1419220
   8      16 sdb 30498 13108 254314 11684 49614 58878 426926072 113648 0 11868 125324
   8      17 sdb1 30145 13086 251314 11592 49519 58878 426926072 113592 0 11720 125176
   8      32 sdc 2496112 759 600360282 178308484 1675059 101687 782193440 487430300 0 11074148 665737576
   8      33 sdc1 2495962 759 600359082 178307656 1674974 101687 782193440 487430288 0 11073356 665735624
   8       0 sda 344244 123 8001530 576832 45461 25750 1747992 796964 0 675876 1373644
   8       1 sda1 344094 123 8000330 576812 45455 25750 1747992 796920 0 675828 1373576
   8      32 sdc 2157899 497 513924098 137881136 1681581 100667 787776704 477007636 0 10294576 614903160
   8      33 sdc1 2157749 497 513922898 137880316 1681500 100667 787776704 477007624 0 10293752 614885892
   8      16 sdb 30523 13108 254602 11864 49661 58484 426928208 99336 0 11160 111196
   8      17 sdb1 30171 13086 251610 11792 49564 58484 426928208 99084 0 10840 110872
   8       0 sda 345115 172 8000986 675596 44918 29994 1752112 808556 0 666124 1484004
   8       1 sda1 344965 172 7999786 675528 44912 29994 1752112 808512 0 666044 1483892
   8      16 sdb 29646 13108 247498 10160 49172 58118 426900704 93756 0 9244 103900
   8      17 sdb1 29293 13086 244498 10116 49074 58118 426900704 93508 0 8952 103608
   8      32 sdc 2139157 463 510027642 140924916 1852466 100786 873016392 531972820 0 10673744 672895748
   8      33 sdc1 2139007 463 510026442 140924084 1852380 100786 873016392 531972808 0 10672912 672911724
  eth0: 50074646833 40362737    0    0    0     0          0         0 58781267077 7426507    0    0    0     0       0          0
  eth0: 43719675168 35832673    0  916    0     0          0         0 72887826799 7143426    0    0    0     0       0          0
  eth0: 61366267695 47308051    0 1739    0     0          0         0 42614553049 7407176    0    0    0     0       0          0
  eth0: 67282076289 50184291    0  849    0     0          0         0 39528590954 7589424    0    0    0     0       0          0
