
Logging initialized using configuration in jar:file:/home/ubuntu/software/hive-1.2.1/lib/hive-common-1.2.1.jar!/hive-log4j.properties
Hive history file=/tmp/ubuntu/hive_job_log_42c9c29d-2b34-4992-b9ed-d26e02804ca6_889270800.txt
SLF4J: Class path contains multiple SLF4J bindings.
SLF4J: Found binding in [jar:file:/home/ubuntu/software/tez-0.7.1-SNAPSHOT-minimal/lib/slf4j-log4j12-1.7.5.jar!/org/slf4j/impl/StaticLoggerBinder.class]
SLF4J: Found binding in [jar:file:/home/ubuntu/software/hadoop-2.6.0/share/hadoop/common/lib/slf4j-log4j12-1.7.5.jar!/org/slf4j/impl/StaticLoggerBinder.class]
SLF4J: See http://www.slf4j.org/codes.html#multiple_bindings for an explanation.
SLF4J: Actual binding is of type [org.slf4j.impl.Log4jLoggerFactory]
OK
Time taken: 1.001 seconds
Query ID = ubuntu_20160924180010_39e4ef13-7d82-4d65-910f-0e8c4e8719d2
Total jobs = 9
SLF4J: Class path contains multiple SLF4J bindings.
SLF4J: Found binding in [jar:file:/home/ubuntu/software/tez-0.7.1-SNAPSHOT-minimal/lib/slf4j-log4j12-1.7.5.jar!/org/slf4j/impl/StaticLoggerBinder.class]
SLF4J: Found binding in [jar:file:/home/ubuntu/software/hadoop-2.6.0/share/hadoop/common/lib/slf4j-log4j12-1.7.5.jar!/org/slf4j/impl/StaticLoggerBinder.class]
SLF4J: See http://www.slf4j.org/codes.html#multiple_bindings for an explanation.
SLF4J: Actual binding is of type [org.slf4j.impl.Log4jLoggerFactory]
Execution log at: /tmp/ubuntu/ubuntu_20160924180010_39e4ef13-7d82-4d65-910f-0e8c4e8719d2.log
2016-09-24 18:00:15	Starting to launch local task to process map join;	maximum memory = 932184064
2016-09-24 18:00:17	Dump the side-table for tag: 1 with group count: 7 into file: file:/tmp/ubuntu/42c9c29d-2b34-4992-b9ed-d26e02804ca6/hive_2016-09-24_18-00-10_123_2668714695206593172-1/-local-10016/HashTable-Stage-15/MapJoin-mapfile41--.hashtable
2016-09-24 18:00:17	Uploaded 1 File to: file:/tmp/ubuntu/42c9c29d-2b34-4992-b9ed-d26e02804ca6/hive_2016-09-24_18-00-10_123_2668714695206593172-1/-local-10016/HashTable-Stage-15/MapJoin-mapfile41--.hashtable (504 bytes)
2016-09-24 18:00:17	End of local task; Time Taken: 1.399 sec.
Execution completed successfully
MapredLocal task succeeded
Launching Job 1 out of 9
Number of reduce tasks is set to 0 since there's no reduce operator
Starting Job = job_1474660851143_0292, Tracking URL = http://vm1:8088/proxy/application_1474660851143_0292/
Kill Command = /home/ubuntu/software/hadoop-2.6.0/bin/hadoop job  -kill job_1474660851143_0292
Hadoop job information for Stage-15: number of mappers: 5; number of reducers: 0
2016-09-24 18:00:26,189 Stage-15 map = 0%,  reduce = 0%
2016-09-24 18:00:36,775 Stage-15 map = 2%,  reduce = 0%, Cumulative CPU 7.2 sec
2016-09-24 18:00:41,991 Stage-15 map = 11%,  reduce = 0%, Cumulative CPU 42.93 sec
2016-09-24 18:00:43,027 Stage-15 map = 12%,  reduce = 0%, Cumulative CPU 45.94 sec
2016-09-24 18:00:45,147 Stage-15 map = 16%,  reduce = 0%, Cumulative CPU 59.01 sec
2016-09-24 18:00:48,282 Stage-15 map = 23%,  reduce = 0%, Cumulative CPU 72.79 sec
2016-09-24 18:00:51,432 Stage-15 map = 30%,  reduce = 0%, Cumulative CPU 87.3 sec
2016-09-24 18:00:54,553 Stage-15 map = 37%,  reduce = 0%, Cumulative CPU 101.33 sec
2016-09-24 18:00:57,704 Stage-15 map = 41%,  reduce = 0%, Cumulative CPU 114.84 sec
2016-09-24 18:01:00,863 Stage-15 map = 48%,  reduce = 0%, Cumulative CPU 127.35 sec
2016-09-24 18:01:03,997 Stage-15 map = 53%,  reduce = 0%, Cumulative CPU 140.93 sec
2016-09-24 18:01:07,127 Stage-15 map = 64%,  reduce = 0%, Cumulative CPU 154.86 sec
2016-09-24 18:01:10,240 Stage-15 map = 69%,  reduce = 0%, Cumulative CPU 167.24 sec
2016-09-24 18:01:13,365 Stage-15 map = 75%,  reduce = 0%, Cumulative CPU 179.15 sec
2016-09-24 18:01:15,447 Stage-15 map = 80%,  reduce = 0%, Cumulative CPU 188.01 sec
2016-09-24 18:01:16,492 Stage-15 map = 82%,  reduce = 0%, Cumulative CPU 190.51 sec
2016-09-24 18:01:18,569 Stage-15 map = 84%,  reduce = 0%, Cumulative CPU 202.33 sec
2016-09-24 18:01:19,613 Stage-15 map = 85%,  reduce = 0%, Cumulative CPU 202.91 sec
2016-09-24 18:01:21,697 Stage-15 map = 89%,  reduce = 0%, Cumulative CPU 211.09 sec
2016-09-24 18:01:24,799 Stage-15 map = 95%,  reduce = 0%, Cumulative CPU 218.39 sec
2016-09-24 18:01:27,906 Stage-15 map = 96%,  reduce = 0%, Cumulative CPU 227.3 sec
2016-09-24 18:01:28,967 Stage-15 map = 98%,  reduce = 0%, Cumulative CPU 227.9 sec
2016-09-24 18:01:29,997 Stage-15 map = 100%,  reduce = 0%, Cumulative CPU 229.33 sec
MapReduce Total cumulative CPU time: 3 minutes 49 seconds 330 msec
Ended Job = job_1474660851143_0292
Stage-18 is selected by condition resolver.
Stage-19 is filtered out by condition resolver.
Stage-2 is filtered out by condition resolver.
SLF4J: Class path contains multiple SLF4J bindings.
SLF4J: Found binding in [jar:file:/home/ubuntu/software/tez-0.7.1-SNAPSHOT-minimal/lib/slf4j-log4j12-1.7.5.jar!/org/slf4j/impl/StaticLoggerBinder.class]
SLF4J: Found binding in [jar:file:/home/ubuntu/software/hadoop-2.6.0/share/hadoop/common/lib/slf4j-log4j12-1.7.5.jar!/org/slf4j/impl/StaticLoggerBinder.class]
SLF4J: See http://www.slf4j.org/codes.html#multiple_bindings for an explanation.
SLF4J: Actual binding is of type [org.slf4j.impl.Log4jLoggerFactory]
Execution log at: /tmp/ubuntu/ubuntu_20160924180010_39e4ef13-7d82-4d65-910f-0e8c4e8719d2.log
2016-09-24 18:01:34	Starting to launch local task to process map join;	maximum memory = 932184064
2016-09-24 18:01:36	Dump the side-table for tag: 1 with group count: 3863 into file: file:/tmp/ubuntu/42c9c29d-2b34-4992-b9ed-d26e02804ca6/hive_2016-09-24_18-00-10_123_2668714695206593172-1/-local-10012/HashTable-Stage-12/MapJoin-mapfile21--.hashtable
2016-09-24 18:01:37	Uploaded 1 File to: file:/tmp/ubuntu/42c9c29d-2b34-4992-b9ed-d26e02804ca6/hive_2016-09-24_18-00-10_123_2668714695206593172-1/-local-10012/HashTable-Stage-12/MapJoin-mapfile21--.hashtable (163270 bytes)
2016-09-24 18:01:37	End of local task; Time Taken: 2.985 sec.
Execution completed successfully
MapredLocal task succeeded
Launching Job 3 out of 9
Number of reduce tasks is set to 0 since there's no reduce operator
Starting Job = job_1474660851143_0293, Tracking URL = http://vm1:8088/proxy/application_1474660851143_0293/
Kill Command = /home/ubuntu/software/hadoop-2.6.0/bin/hadoop job  -kill job_1474660851143_0293
Hadoop job information for Stage-12: number of mappers: 10; number of reducers: 0
2016-09-24 18:01:43,071 Stage-12 map = 0%,  reduce = 0%
2016-09-24 18:01:55,591 Stage-12 map = 12%,  reduce = 0%, Cumulative CPU 39.86 sec
2016-09-24 18:02:01,855 Stage-12 map = 41%,  reduce = 0%, Cumulative CPU 105.09 sec
2016-09-24 18:02:03,010 Stage-12 map = 51%,  reduce = 0%, Cumulative CPU 110.95 sec
2016-09-24 18:02:04,067 Stage-12 map = 56%,  reduce = 0%, Cumulative CPU 119.67 sec
2016-09-24 18:02:05,132 Stage-12 map = 66%,  reduce = 0%, Cumulative CPU 132.18 sec
2016-09-24 18:02:06,172 Stage-12 map = 85%,  reduce = 0%, Cumulative CPU 144.27 sec
2016-09-24 18:02:07,200 Stage-12 map = 95%,  reduce = 0%, Cumulative CPU 149.4 sec
2016-09-24 18:02:08,227 Stage-12 map = 100%,  reduce = 0%, Cumulative CPU 149.83 sec
MapReduce Total cumulative CPU time: 2 minutes 29 seconds 830 msec
Ended Job = job_1474660851143_0293
Stage-16 is selected by condition resolver.
Stage-17 is filtered out by condition resolver.
Stage-3 is filtered out by condition resolver.
SLF4J: Class path contains multiple SLF4J bindings.
SLF4J: Found binding in [jar:file:/home/ubuntu/software/tez-0.7.1-SNAPSHOT-minimal/lib/slf4j-log4j12-1.7.5.jar!/org/slf4j/impl/StaticLoggerBinder.class]
SLF4J: Found binding in [jar:file:/home/ubuntu/software/hadoop-2.6.0/share/hadoop/common/lib/slf4j-log4j12-1.7.5.jar!/org/slf4j/impl/StaticLoggerBinder.class]
SLF4J: See http://www.slf4j.org/codes.html#multiple_bindings for an explanation.
SLF4J: Actual binding is of type [org.slf4j.impl.Log4jLoggerFactory]
Execution log at: /tmp/ubuntu/ubuntu_20160924180010_39e4ef13-7d82-4d65-910f-0e8c4e8719d2.log
2016-09-24 18:02:12	Starting to launch local task to process map join;	maximum memory = 932184064
2016-09-24 18:02:14	Dump the side-table for tag: 1 with group count: 60 into file: file:/tmp/ubuntu/42c9c29d-2b34-4992-b9ed-d26e02804ca6/hive_2016-09-24_18-00-10_123_2668714695206593172-1/-local-10008/HashTable-Stage-9/MapJoin-mapfile01--.hashtable
2016-09-24 18:02:14	Uploaded 1 File to: file:/tmp/ubuntu/42c9c29d-2b34-4992-b9ed-d26e02804ca6/hive_2016-09-24_18-00-10_123_2668714695206593172-1/-local-10008/HashTable-Stage-9/MapJoin-mapfile01--.hashtable (2248 bytes)
2016-09-24 18:02:14	End of local task; Time Taken: 2.547 sec.
Execution completed successfully
MapredLocal task succeeded
Launching Job 5 out of 9
Number of reduce tasks is set to 0 since there's no reduce operator
Starting Job = job_1474660851143_0294, Tracking URL = http://vm1:8088/proxy/application_1474660851143_0294/
Kill Command = /home/ubuntu/software/hadoop-2.6.0/bin/hadoop job  -kill job_1474660851143_0294
Hadoop job information for Stage-9: number of mappers: 3; number of reducers: 0
2016-09-24 18:02:21,006 Stage-9 map = 0%,  reduce = 0%
2016-09-24 18:02:29,339 Stage-9 map = 33%,  reduce = 0%, Cumulative CPU 4.07 sec
2016-09-24 18:02:31,407 Stage-9 map = 58%,  reduce = 0%, Cumulative CPU 11.46 sec
2016-09-24 18:02:32,451 Stage-9 map = 84%,  reduce = 0%, Cumulative CPU 19.76 sec
2016-09-24 18:02:33,504 Stage-9 map = 100%,  reduce = 0%, Cumulative CPU 21.12 sec
MapReduce Total cumulative CPU time: 21 seconds 120 msec
Ended Job = job_1474660851143_0294
Launching Job 6 out of 9
Number of reduce tasks not specified. Estimated from input data size: 1
In order to change the average load for a reducer (in bytes):
  set hive.exec.reducers.bytes.per.reducer=<number>
In order to limit the maximum number of reducers:
  set hive.exec.reducers.max=<number>
In order to set a constant number of reducers:
  set mapreduce.job.reduces=<number>
Starting Job = job_1474660851143_0295, Tracking URL = http://vm1:8088/proxy/application_1474660851143_0295/
Kill Command = /home/ubuntu/software/hadoop-2.6.0/bin/hadoop job  -kill job_1474660851143_0295
Hadoop job information for Stage-4: number of mappers: 1; number of reducers: 1
2016-09-24 18:02:40,586 Stage-4 map = 0%,  reduce = 0%
2016-09-24 18:02:45,760 Stage-4 map = 100%,  reduce = 0%, Cumulative CPU 2.94 sec
2016-09-24 18:02:52,982 Stage-4 map = 100%,  reduce = 100%, Cumulative CPU 6.21 sec
MapReduce Total cumulative CPU time: 6 seconds 210 msec
Ended Job = job_1474660851143_0295
Launching Job 7 out of 9
Number of reduce tasks determined at compile time: 1
In order to change the average load for a reducer (in bytes):
  set hive.exec.reducers.bytes.per.reducer=<number>
In order to limit the maximum number of reducers:
  set hive.exec.reducers.max=<number>
In order to set a constant number of reducers:
  set mapreduce.job.reduces=<number>
Starting Job = job_1474660851143_0296, Tracking URL = http://vm1:8088/proxy/application_1474660851143_0296/
Kill Command = /home/ubuntu/software/hadoop-2.6.0/bin/hadoop job  -kill job_1474660851143_0296
Hadoop job information for Stage-5: number of mappers: 1; number of reducers: 1
2016-09-24 18:02:59,895 Stage-5 map = 0%,  reduce = 0%
2016-09-24 18:03:08,119 Stage-5 map = 100%,  reduce = 0%, Cumulative CPU 2.14 sec
2016-09-24 18:03:13,268 Stage-5 map = 100%,  reduce = 100%, Cumulative CPU 3.7 sec
MapReduce Total cumulative CPU time: 3 seconds 700 msec
Ended Job = job_1474660851143_0296
MapReduce Jobs Launched: 
Stage-Stage-15: Map: 5   Cumulative CPU: 229.33 sec   HDFS Read: 1164950191 HDFS Write: 2535951899 SUCCESS
Stage-Stage-12: Map: 10   Cumulative CPU: 149.83 sec   HDFS Read: 2536063335 HDFS Write: 246864624 SUCCESS
Stage-Stage-9: Map: 3   Cumulative CPU: 21.12 sec   HDFS Read: 246905378 HDFS Write: 1432420 SUCCESS
Stage-Stage-4: Map: 1  Reduce: 1   Cumulative CPU: 6.21 sec   HDFS Read: 1440594 HDFS Write: 432344 SUCCESS
Stage-Stage-5: Map: 1  Reduce: 1   Cumulative CPU: 3.7 sec   HDFS Read: 438339 HDFS Write: 2799 SUCCESS
Total MapReduce CPU Time Spent: 6 minutes 50 seconds 190 msec
OK
	AAAAAAAAAAANAAAA	2640	2496
	AAAAAAAAAACDAAAA	1034	1314
	AAAAAAAAAAHMAAAA	2644	3757
	AAAAAAAAAAIIAAAA	2502	2092
	AAAAAAAAAAKNAAAA	2183	2240
	AAAAAAAAAALAAAAA	2430	2468
	AAAAAAAAAANDAAAA	1584	1366
	AAAAAAAAAANKAAAA	1616	2105
	AAAAAAAAABDAAAAA	2514	2640
	AAAAAAAAABEFAAAA	1845	1548
	AAAAAAAAABGMAAAA	2334	1572
	AAAAAAAAABGNAAAA	2627	2304
	AAAAAAAAABIHAAAA	2087	2884
	AAAAAAAAABLFAAAA	2670	1925
	AAAAAAAAACGLAAAA	2470	2049
	AAAAAAAAACGOAAAA	1453	2075
	AAAAAAAAACHCAAAA	2280	2036
	AAAAAAAAACLDAAAA	2632	1873
	AAAAAAAAACLGAAAA	1525	2041
	AAAAAAAAACLNAAAA	1670	2320
	AAAAAAAAACOBAAAA	2566	2711
	AAAAAAAAACPDAAAA	1781	2658
	AAAAAAAAADCMAAAA	2977	2344
	AAAAAAAAADIOAAAA	2672	2435
	AAAAAAAAADJFAAAA	2645	2806
	AAAAAAAAADPOAAAA	2476	1953
	AAAAAAAAAEBFAAAA	1790	1845
	AAAAAAAAAEFBAAAA	1512	1700
	AAAAAAAAAEHOAAAA	2251	2443
	AAAAAAAAAELOAAAA	2213	2398
	AAAAAAAAAEMAAAAA	1647	1643
	AAAAAAAAAEOCAAAA	1950	2293
	AAAAAAAAAFADAAAA	1701	1553
	AAAAAAAAAFGJAAAA	1405	1941
	AAAAAAAAAFJLAAAA	2396	2375
	AAAAAAAAAFKEAAAA	1166	980
	AAAAAAAAAFPCAAAA	2526	3200
	AAAAAAAAAFPJAAAA	2733	2181
	AAAAAAAAAGIDAAAA	2661	2186
	AAAAAAAAAGNMAAAA	2035	2991
	AAAAAAAAAHGHAAAA	2577	3172
	AAAAAAAAAHJBAAAA	1907	1675
	AAAAAAAAAHJJAAAA	2095	2846
	AAAAAAAAAHKMAAAA	2284	2753
	AAAAAAAAAHNCAAAA	2540	3563
	AAAAAAAAAHOEAAAA	2198	3112
	AAAAAAAAAICKAAAA	1322	1955
	AAAAAAAAAIECAAAA	1759	2184
	AAAAAAAAAIENAAAA	1971	2162
	AAAAAAAAAIJLAAAA	1546	1807
	AAAAAAAAAINEAAAA	2279	2388
	AAAAAAAAAJACAAAA	2664	3148
	AAAAAAAAAJAIAAAA	1868	2481
	AAAAAAAAAJCAAAAA	2115	3069
	AAAAAAAAAJCIAAAA	3035	3028
	AAAAAAAAAJEDAAAA	1735	2566
	AAAAAAAAAJFIAAAA	2434	2179
	AAAAAAAAAJKBAAAA	2108	1725
	AAAAAAAAAJKGAAAA	2342	3151
	AAAAAAAAAJNEAAAA	2299	2512
	AAAAAAAAAJNHAAAA	1882	2463
	AAAAAAAAAKAAAAAA	3018	2187
	AAAAAAAAAKAHAAAA	2507	2815
	AAAAAAAAAKCLAAAA	2349	2460
	AAAAAAAAAKDHAAAA	2277	3281
	AAAAAAAAAKHFAAAA	2511	1776
	AAAAAAAAAKMHAAAA	1406	1593
	AAAAAAAAAKPNAAAA	1873	2357
	AAAAAAAAALECAAAA	2305	1994
	AAAAAAAAALFMAAAA	1979	1829
	AAAAAAAAALHFAAAA	1445	1341
	AAAAAAAAALIGAAAA	2138	1434
	AAAAAAAAALJCAAAA	1854	1895
	AAAAAAAAALKKAAAA	1809	1859
	AAAAAAAAALLNAAAA	2434	2437
	AAAAAAAAALPFAAAA	1843	2452
	AAAAAAAAAMALAAAA	1171	1491
	AAAAAAAAAMBEAAAA	1996	2202
	AAAAAAAAAMEKAAAA	2047	2684
	AAAAAAAAAMGNAAAA	2319	2796
	AAAAAAAAAMMOAAAA	2558	2480
	AAAAAAAAANBIAAAA	1817	1616
	AAAAAAAAANCFAAAA	2129	2180
	AAAAAAAAANEGAAAA	2294	1690
	AAAAAAAAANMHAAAA	2760	3511
	AAAAAAAAANPGAAAA	1710	2288
	AAAAAAAAAOAGAAAA	3238	2186
	AAAAAAAAAOIBAAAA	1721	2168
	AAAAAAAAAOJGAAAA	1984	2491
	AAAAAAAAAOMOAAAA	2450	1670
	AAAAAAAAAOPIAAAA	1730	2180
	AAAAAAAAAPEMAAAA	2384	3135
	AAAAAAAAAPHNAAAA	1752	2525
	AAAAAAAAAPLAAAAA	2431	3250
	AAAAAAAAAPLDAAAA	2445	2048
	AAAAAAAAAPOMAAAA	1591	2108
	AAAAAAAABAEIAAAA	2147	2378
	AAAAAAAABAIKAAAA	2341	2858
	AAAAAAAABAPDAAAA	1786	2327
	AAAAAAAABAPMAAAA	2586	2338
Time taken: 184.24 seconds, Fetched: 100 row(s)
Query 21: Total Execution Time = 192 seconds
