VM1 sda-sda
Previous Sectors Read = 19763746
Current Sectors Read = 19943138
Previous Sectors Written = 9567944
Current Sectors Written = 9814488
Sectors Read = 179392
Sectors Written = 246544
--------------------
VM1 sdb-sdb
Previous Sectors Read = 66562
Current Sectors Read = 66674
Previous Sectors Written = 427253160
Current Sectors Written = 427258504
Sectors Read = 112
Sectors Written = 5344
--------------------
VM1 sdc-sdc
Previous Sectors Read = 516236578
Current Sectors Read = 516796930
Previous Sectors Written = 813616096
Current Sectors Written = 818193040
Sectors Read = 560352
Sectors Written = 4576944
--------------------
VM2 sda-sda
Previous Sectors Read = 8071394
Current Sectors Read = 8126778
Previous Sectors Written = 1731992
Current Sectors Written = 1733152
Sectors Read = 55384
Sectors Written = 1160
--------------------
VM2 sdb-sdb
Previous Sectors Read = 254314
Current Sectors Read = 255194
Previous Sectors Written = 426926072
Current Sectors Written = 426926768
Sectors Read = 880
Sectors Written = 696
--------------------
VM2 sdc-sdc
Previous Sectors Read = 600360282
Current Sectors Read = 601062978
Previous Sectors Written = 782193440
Current Sectors Written = 782521704
Sectors Read = 702696
Sectors Written = 328264
--------------------
VM3 sda-sda
Previous Sectors Read = 8001530
Current Sectors Read = 8072978
Previous Sectors Written = 1747992
Current Sectors Written = 1751936
Sectors Read = 71448
Sectors Written = 3944
--------------------
VM3 sdc-sdc
Previous Sectors Read = 513924098
Current Sectors Read = 514481210
Previous Sectors Written = 787776704
Current Sectors Written = 788143600
Sectors Read = 557112
Sectors Written = 366896
--------------------
VM3 sdb-sdb
Previous Sectors Read = 254602
Current Sectors Read = 254690
Previous Sectors Written = 426928208
Current Sectors Written = 426930688
Sectors Read = 88
Sectors Written = 2480
--------------------
VM4 sda-sda
Previous Sectors Read = 8000986
Current Sectors Read = 8073578
Previous Sectors Written = 1752112
Current Sectors Written = 1754936
Sectors Read = 72592
Sectors Written = 2824
--------------------
VM4 sdb-sdb
Previous Sectors Read = 247498
Current Sectors Read = 247642
Previous Sectors Written = 426900704
Current Sectors Written = 426903496
Sectors Read = 144
Sectors Written = 2792
--------------------
VM4 sdc-sdc
Previous Sectors Read = 510027642
Current Sectors Read = 510584970
Previous Sectors Written = 873016392
Current Sectors Written = 874624520
Sectors Read = 557328
Sectors Written = 1608128
--------------------
VM1
Previous Packets Received = 50074646833
Current Packets Received = 50772424252
Previous Packets Transmitted = 58781267077
Current Packets Transmitted = 60002910738
Packets received = 697777419
Packets Transmitted = 1221643661
--------------------
VM2
Previous Packets Received = 43719675168
Current Packets Received = 43852381495
Previous Packets Transmitted = 72887826799
Current Packets Transmitted = 73310667940
Packets received = 132706327
Packets Transmitted = 422841141
--------------------
VM3
Previous Packets Received = 61366267695
Current Packets Received = 62093847374
Previous Packets Transmitted = 42614553049
Current Packets Transmitted = 43006020612
Packets received = 727579679
Packets Transmitted = 391467563
--------------------
VM4
Previous Packets Received = 67282076289
Current Packets Received = 68024793896
Previous Packets Transmitted = 39528590954
Current Packets Transmitted = 39705412849
Packets received = 742717607
Packets Transmitted = 176821895
--------------------
Total Sectors Read = 1411854336
Total Sectors Written = 3658760192
Total Packets Received = 2300781032
Total Packets Transmitted = 2212774260
