   8       0 sda 958100 9 26955842 1358752 274836 538276 12910240 5628540 0 1607836 6986892
   8       1 sda1 957950 9 26954642 1358700 274208 538276 12910240 5628272 0 1607568 6986580
   8      16 sdb 30981 13111 260522 11976 75683 79820 427739128 118000 0 15632 129944
   8      17 sdb1 30628 13089 257522 11908 75557 79820 427739128 117900 0 15464 129776
   8      32 sdc 3557134 1243 848040074 229278452 2831994 238499 1288335472 739912876 0 17357288 969186120
   8      33 sdc1 3556984 1243 848038874 229277632 2781883 238499 1288335472 739892892 0 17348992 969165984
   8       0 sda 476336 218 10977250 736932 54707 33592 2027176 856824 0 794028 1593600
   8       1 sda1 476186 218 10976050 736876 54698 33592 2027176 856748 0 793912 1593468
   8      16 sdb 109114 13108 883242 43548 61251 72867 427290256 117712 0 32480 161244
   8      17 sdb1 108761 13086 880242 43456 61124 72867 427290256 117644 0 32320 161084
   8      32 sdc 4084912 1033 988033490 303024048 2656100 163177 1257088504 769641248 0 17441828 1072664236
   8      33 sdc1 4084762 1033 988032290 303023220 2655984 163177 1257088504 769641228 0 17441036 1072661528
   8       0 sda 473293 156 10929818 634328 56371 34070 2060104 873056 0 795024 1507180
   8       1 sda1 473143 156 10928618 634308 56365 34070 2060104 873012 0 794976 1507112
   8      32 sdc 3535659 772 846936170 228909024 2665303 163591 1264206920 750777492 0 16310148 979699552
   8      33 sdc1 3535509 772 846934970 228908204 2665193 163591 1264206920 750777472 0 16309368 979689772
   8      16 sdb 111128 13108 899442 45408 61450 73144 427306784 101112 0 33184 146456
   8      17 sdb1 110776 13086 896450 45336 61320 73144 427306784 100832 0 32836 146104
   8       0 sda 471225 224 10839986 843932 55522 38489 2060928 885976 0 783016 1729696
   8       1 sda1 471075 224 10838786 843864 55516 38489 2060928 885932 0 782936 1729584
   8      16 sdb 107071 13108 866898 33492 60916 72730 427279160 95760 0 23100 129232
   8      17 sdb1 106718 13086 863898 33448 60785 72730 427279160 95508 0 22804 128936
   8      32 sdc 3517970 960 842493970 232905040 2882617 163477 1369376904 813402632 0 16698312 1046304632
   8      33 sdc1 3517820 960 842492770 232904208 2882503 163477 1369376904 813402612 0 16697480 1046321004
  eth0: 84902458297 67202642    0  489    0     0          0         0 89245403754 11587247    0    0    0     0       0          0
  eth0: 66327999046 54697956    0 3773    0     0          0         0 115463882192 10810662    0    0    0     0       0          0
  eth0: 97255206542 74697261    0 1859    0     0          0         0 70441238388 11674688    0    0    0     0       0          0
  eth0: 103384196748 77384963    0 2652    0     0          0         0 63184220056 11717397    0    0    0     0       0          0
