   8       0 sda 953317 9 26795802 1355736 272745 537503 12871888 5617076 0 1595796 6972412
   8       1 sda1 953167 9 26794602 1355684 272118 537503 12871888 5616808 0 1595528 6972100
   8      16 sdb 30944 13111 260226 11972 74900 79234 427723368 117840 0 15488 129780
   8      17 sdb1 30591 13089 257226 11904 74774 79234 427723368 117740 0 15320 129612
   8      32 sdc 3534278 1169 843164866 224827256 2656575 233348 1199074312 687993184 13 16901456 912815924
   8      33 sdc1 3534128 1169 843163666 224826436 2606560 233348 1199074312 687973224 13 16893184 912795812
   8       0 sda 475190 218 10955082 736456 53820 33333 2006944 851740 0 788768 1588040
   8       1 sda1 475040 218 10953882 736400 53811 33333 2006944 851664 0 788652 1587908
   8      16 sdb 108967 13108 882066 43456 60530 72235 427276128 117568 0 32348 161008
   8      17 sdb1 108614 13086 879066 43364 60403 72235 427276128 117500 0 32188 160848
   8      32 sdc 4061257 1005 982921274 298007936 2468670 158145 1161500088 711942112 0 16960440 1009949276
   8      33 sdc1 4061107 1005 982920074 298007108 2468554 158145 1161500088 711942092 0 16959648 1009946564
   8       0 sda 472106 156 10907130 633948 55341 33704 2035592 864364 0 786284 1498108
   8       1 sda1 471956 156 10905930 633928 55335 33704 2035592 864320 0 786236 1498040
   8      32 sdc 3506948 677 840740898 224475608 2491194 158695 1175542584 699220140 0 15853984 923709056
   8      33 sdc1 3506798 677 840739698 224474788 2491084 158695 1175542584 699220120 0 15853204 923699276
   8      16 sdb 110975 13108 898218 45308 60725 72464 427289688 101076 0 33104 146320
   8      17 sdb1 110623 13086 895226 45236 60595 72464 427289688 100796 0 32756 145968
   8       0 sda 470045 221 10817754 842800 54739 38196 2042568 881712 0 778512 1724300
   8       1 sda1 469895 221 10816554 842732 54733 38196 2042568 881668 0 778432 1724188
   8      16 sdb 106895 13108 865490 33460 60208 72114 427265360 95652 0 23008 129092
   8      17 sdb1 106542 13086 862490 33416 60077 72114 427265360 95400 0 22712 128796
   8      32 sdc 3494989 859 837656834 228745652 2692821 158653 1273172984 757377292 0 16224852 986120220
   8      33 sdc1 3494839 859 837655634 228744820 2692707 158653 1273172984 757377272 0 16224012 986135544
  eth0: 83703083262 66115516    0  489    0     0          0         0 88008246947 11284514    0    0    0     0       0          0
  eth0: 64697341217 53455392    0 3773    0     0          0         0 114584805766 10452174    0    0    0     0       0          0
  eth0: 96033248708 73385639    0 1859    0     0          0         0 68375266976 11333456    0    0    0     0       0          0
  eth0: 101812429827 76068797    0 2652    0     0          0         0 61949202513 11370740    0    0    0     0       0          0
