
Logging initialized using configuration in jar:file:/home/ubuntu/software/hive-1.2.1/lib/hive-common-1.2.1.jar!/hive-log4j.properties
Hive history file=/tmp/ubuntu/hive_job_log_71847fa8-77f4-49f3-a125-814dd4a2d55b_155035243.txt
SLF4J: Class path contains multiple SLF4J bindings.
SLF4J: Found binding in [jar:file:/home/ubuntu/software/tez-0.7.1-SNAPSHOT-minimal/lib/slf4j-log4j12-1.7.5.jar!/org/slf4j/impl/StaticLoggerBinder.class]
SLF4J: Found binding in [jar:file:/home/ubuntu/software/hadoop-2.6.0/share/hadoop/common/lib/slf4j-log4j12-1.7.5.jar!/org/slf4j/impl/StaticLoggerBinder.class]
SLF4J: See http://www.slf4j.org/codes.html#multiple_bindings for an explanation.
SLF4J: Actual binding is of type [org.slf4j.impl.Log4jLoggerFactory]
OK
Time taken: 0.831 seconds
Query ID = ubuntu_20160924211009_6bf75d2a-d758-49dd-8df0-d6dd4758413a
Total jobs = 1
Launching Job 1 out of 1


Status: Running (Executing on YARN cluster with App id application_1474660851143_0409)

Map 1: -/-	Map 10: -/-	Map 11: -/-	Map 12: -/-	Map 13: -/-	Map 7: -/-	Map 8: -/-	Map 9: -/-	Reducer 2: 0/3	Reducer 3: 0/3	Reducer 4: 0/3	Reducer 5: 0/1	Reducer 6: 0/1	
Map 1: 0/50	Map 10: 0/3	Map 11: 0/1	Map 12: 0/1	Map 13: 0/1	Map 7: 0/13	Map 8: 0/1	Map 9: 0/3	Reducer 2: 0/3	Reducer 3: 0/3	Reducer 4: 0/3	Reducer 5: 0/1	Reducer 6: 0/1	
Map 1: 0/50	Map 10: 0/3	Map 11: 0/1	Map 12: 0/1	Map 13: 0/1	Map 7: 0/13	Map 8: 0/1	Map 9: 0/3	Reducer 2: 0/3	Reducer 3: 0/3	Reducer 4: 0/3	Reducer 5: 0/1	Reducer 6: 0/1	
Map 1: 0/50	Map 10: 0/3	Map 11: 0/1	Map 12: 0/1	Map 13: 0/1	Map 7: 0(+3)/13	Map 8: 0/1	Map 9: 0(+1)/3	Reducer 2: 0/3	Reducer 3: 0/3	Reducer 4: 0/3	Reducer 5: 0/1	Reducer 6: 0/1	
Map 1: 0/50	Map 10: 0/3	Map 11: 0/1	Map 12: 0/1	Map 13: 0/1	Map 7: 0(+3)/13	Map 8: 0/1	Map 9: 0(+1)/3	Reducer 2: 0/3	Reducer 3: 0/3	Reducer 4: 0/3	Reducer 5: 0/1	Reducer 6: 0/1	
Map 1: 0/50	Map 10: 0/3	Map 11: 0/1	Map 12: 0/1	Map 13: 0/1	Map 7: 0(+3)/13	Map 8: 0/1	Map 9: 0(+1)/3	Reducer 2: 0/3	Reducer 3: 0/3	Reducer 4: 0/3	Reducer 5: 0/1	Reducer 6: 0/1	
Map 1: 0/50	Map 10: 0/3	Map 11: 0/1	Map 12: 0/1	Map 13: 0/1	Map 7: 1(+2)/13	Map 8: 0/1	Map 9: 0(+1)/3	Reducer 2: 0/3	Reducer 3: 0/3	Reducer 4: 0/3	Reducer 5: 0/1	Reducer 6: 0/1	
Map 1: 0/50	Map 10: 0/3	Map 11: 0/1	Map 12: 0/1	Map 13: 0/1	Map 7: 3(+0)/13	Map 8: 0/1	Map 9: 0(+1)/3	Reducer 2: 0/3	Reducer 3: 0/3	Reducer 4: 0/3	Reducer 5: 0/1	Reducer 6: 0/1	
Map 1: 0/50	Map 10: 0(+2)/3	Map 11: 0/1	Map 12: 0/1	Map 13: 0/1	Map 7: 3(+0)/13	Map 8: 0/1	Map 9: 0(+1)/3	Reducer 2: 0/3	Reducer 3: 0/3	Reducer 4: 0/3	Reducer 5: 0/1	Reducer 6: 0/1	
Map 1: 0/50	Map 10: 0(+2)/3	Map 11: 0/1	Map 12: 0/1	Map 13: 0/1	Map 7: 3(+1)/13	Map 8: 0/1	Map 9: 0(+1)/3	Reducer 2: 0/3	Reducer 3: 0/3	Reducer 4: 0/3	Reducer 5: 0/1	Reducer 6: 0/1	
Map 1: 0/50	Map 10: 0(+2)/3	Map 11: 0/1	Map 12: 0/1	Map 13: 0/1	Map 7: 3(+1)/13	Map 8: 0/1	Map 9: 1(+0)/3	Reducer 2: 0/3	Reducer 3: 0/3	Reducer 4: 0/3	Reducer 5: 0/1	Reducer 6: 0/1	
Map 1: 0/50	Map 10: 0(+3)/3	Map 11: 0/1	Map 12: 0/1	Map 13: 0(+1)/1	Map 7: 3(+2)/13	Map 8: 0(+1)/1	Map 9: 1(+0)/3	Reducer 2: 0/3	Reducer 3: 0/3	Reducer 4: 0/3	Reducer 5: 0/1	Reducer 6: 0/1	
Map 1: 0/50	Map 10: 0(+3)/3	Map 11: 0/1	Map 12: 0/1	Map 13: 0(+1)/1	Map 7: 3(+3)/13	Map 8: 0(+1)/1	Map 9: 1(+0)/3	Reducer 2: 0/3	Reducer 3: 0/3	Reducer 4: 0/3	Reducer 5: 0/1	Reducer 6: 0/1	
Map 1: 0/50	Map 10: 0(+3)/3	Map 11: 0/1	Map 12: 0/1	Map 13: 0(+1)/1	Map 7: 3(+6)/13	Map 8: 0(+1)/1	Map 9: 1(+1)/3	Reducer 2: 0/3	Reducer 3: 0/3	Reducer 4: 0/3	Reducer 5: 0/1	Reducer 6: 0/1	
Map 1: 0/50	Map 10: 0(+3)/3	Map 11: 0/1	Map 12: 0/1	Map 13: 0(+1)/1	Map 7: 3(+9)/13	Map 8: 0(+1)/1	Map 9: 1(+2)/3	Reducer 2: 0/3	Reducer 3: 0/3	Reducer 4: 0/3	Reducer 5: 0/1	Reducer 6: 0/1	
Map 1: 0/50	Map 10: 1(+2)/3	Map 11: 0/1	Map 12: 0/1	Map 13: 0(+1)/1	Map 7: 3(+9)/13	Map 8: 0(+1)/1	Map 9: 1(+2)/3	Reducer 2: 0/3	Reducer 3: 0/3	Reducer 4: 0/3	Reducer 5: 0/1	Reducer 6: 0/1	
Map 1: 0/50	Map 10: 1(+2)/3	Map 11: 0/1	Map 12: 0/1	Map 13: 0(+1)/1	Map 7: 4(+8)/13	Map 8: 0(+1)/1	Map 9: 1(+2)/3	Reducer 2: 0/3	Reducer 3: 0/3	Reducer 4: 0/3	Reducer 5: 0/1	Reducer 6: 0/1	
Map 1: 0/50	Map 10: 1(+2)/3	Map 11: 0/1	Map 12: 0/1	Map 13: 0(+1)/1	Map 7: 4(+9)/13	Map 8: 0(+1)/1	Map 9: 1(+2)/3	Reducer 2: 0/3	Reducer 3: 0/3	Reducer 4: 0/3	Reducer 5: 0/1	Reducer 6: 0/1	
Map 1: 0/50	Map 10: 1(+2)/3	Map 11: 0/1	Map 12: 0(+1)/1	Map 13: 0(+1)/1	Map 7: 4(+9)/13	Map 8: 0(+1)/1	Map 9: 1(+2)/3	Reducer 2: 0/3	Reducer 3: 0/3	Reducer 4: 0/3	Reducer 5: 0/1	Reducer 6: 0/1	
Map 1: 0/50	Map 10: 2(+1)/3	Map 11: 0/1	Map 12: 0(+1)/1	Map 13: 0(+1)/1	Map 7: 4(+9)/13	Map 8: 0(+1)/1	Map 9: 1(+2)/3	Reducer 2: 0/3	Reducer 3: 0/3	Reducer 4: 0/3	Reducer 5: 0/1	Reducer 6: 0/1	
Map 1: 0/50	Map 10: 2(+1)/3	Map 11: 0/1	Map 12: 1/1	Map 13: 0(+1)/1	Map 7: 6(+7)/13	Map 8: 0(+1)/1	Map 9: 1(+2)/3	Reducer 2: 0/3	Reducer 3: 0/3	Reducer 4: 0/3	Reducer 5: 0/1	Reducer 6: 0/1	
Map 1: 0/50	Map 10: 2(+1)/3	Map 11: 0(+1)/1	Map 12: 1/1	Map 13: 0(+1)/1	Map 7: 6(+7)/13	Map 8: 0(+1)/1	Map 9: 1(+2)/3	Reducer 2: 0/3	Reducer 3: 0/3	Reducer 4: 0/3	Reducer 5: 0/1	Reducer 6: 0/1	
Map 1: 0(+1)/50	Map 10: 2(+1)/3	Map 11: 0(+1)/1	Map 12: 1/1	Map 13: 0(+1)/1	Map 7: 6(+7)/13	Map 8: 0(+1)/1	Map 9: 1(+2)/3	Reducer 2: 0/3	Reducer 3: 0/3	Reducer 4: 0/3	Reducer 5: 0/1	Reducer 6: 0/1	
Map 1: 0(+2)/50	Map 10: 2(+1)/3	Map 11: 0(+1)/1	Map 12: 1/1	Map 13: 0(+1)/1	Map 7: 6(+7)/13	Map 8: 0(+1)/1	Map 9: 1(+2)/3	Reducer 2: 0/3	Reducer 3: 0/3	Reducer 4: 0/3	Reducer 5: 0/1	Reducer 6: 0/1	
Map 1: 0(+3)/50	Map 10: 2(+1)/3	Map 11: 0(+1)/1	Map 12: 1/1	Map 13: 0(+1)/1	Map 7: 6(+7)/13	Map 8: 0(+1)/1	Map 9: 1(+2)/3	Reducer 2: 0/3	Reducer 3: 0/3	Reducer 4: 0/3	Reducer 5: 0/1	Reducer 6: 0/1	
Map 1: 0(+3)/50	Map 10: 2(+1)/3	Map 11: 0(+1)/1	Map 12: 1/1	Map 13: 1/1	Map 7: 6(+7)/13	Map 8: 1/1	Map 9: 1(+2)/3	Reducer 2: 0/3	Reducer 3: 0/3	Reducer 4: 0/3	Reducer 5: 0/1	Reducer 6: 0/1	
Map 1: 0(+3)/50	Map 10: 2(+1)/3	Map 11: 1/1	Map 12: 1/1	Map 13: 1/1	Map 7: 6(+7)/13	Map 8: 1/1	Map 9: 1(+2)/3	Reducer 2: 0/3	Reducer 3: 0/3	Reducer 4: 0/3	Reducer 5: 0/1	Reducer 6: 0/1	
Map 1: 0(+5)/50	Map 10: 2(+1)/3	Map 11: 1/1	Map 12: 1/1	Map 13: 1/1	Map 7: 7(+6)/13	Map 8: 1/1	Map 9: 1(+2)/3	Reducer 2: 0/3	Reducer 3: 0/3	Reducer 4: 0/3	Reducer 5: 0/1	Reducer 6: 0/1	
Map 1: 0(+6)/50	Map 10: 2(+1)/3	Map 11: 1/1	Map 12: 1/1	Map 13: 1/1	Map 7: 7(+6)/13	Map 8: 1/1	Map 9: 1(+2)/3	Reducer 2: 0/3	Reducer 3: 0/3	Reducer 4: 0/3	Reducer 5: 0/1	Reducer 6: 0/1	
Map 1: 0(+6)/50	Map 10: 2(+1)/3	Map 11: 1/1	Map 12: 1/1	Map 13: 1/1	Map 7: 8(+5)/13	Map 8: 1/1	Map 9: 1(+2)/3	Reducer 2: 0/3	Reducer 3: 0/3	Reducer 4: 0/3	Reducer 5: 0/1	Reducer 6: 0/1	
Map 1: 0(+6)/50	Map 10: 2(+1)/3	Map 11: 1/1	Map 12: 1/1	Map 13: 1/1	Map 7: 9(+4)/13	Map 8: 1/1	Map 9: 1(+2)/3	Reducer 2: 0/3	Reducer 3: 0/3	Reducer 4: 0/3	Reducer 5: 0/1	Reducer 6: 0/1	
Map 1: 0(+6)/50	Map 10: 2(+0)/3	Map 11: 1/1	Map 12: 1/1	Map 13: 1/1	Map 7: 9(+4)/13	Map 8: 1/1	Map 9: 2(+1)/3	Reducer 2: 0/3	Reducer 3: 0/3	Reducer 4: 0/3	Reducer 5: 0/1	Reducer 6: 0/1	
Map 1: 0(+6)/50	Map 10: 3/3	Map 11: 1/1	Map 12: 1/1	Map 13: 1/1	Map 7: 9(+4)/13	Map 8: 1/1	Map 9: 2(+1)/3	Reducer 2: 0/3	Reducer 3: 0/3	Reducer 4: 0/3	Reducer 5: 0/1	Reducer 6: 0/1	
Map 1: 0(+7)/50	Map 10: 3/3	Map 11: 1/1	Map 12: 1/1	Map 13: 1/1	Map 7: 10(+3)/13	Map 8: 1/1	Map 9: 2(+1)/3	Reducer 2: 0/3	Reducer 3: 0/3	Reducer 4: 0/3	Reducer 5: 0/1	Reducer 6: 0/1	
Map 1: 0(+7)/50	Map 10: 3/3	Map 11: 1/1	Map 12: 1/1	Map 13: 1/1	Map 7: 11(+2)/13	Map 8: 1/1	Map 9: 2(+1)/3	Reducer 2: 0/3	Reducer 3: 0/3	Reducer 4: 0/3	Reducer 5: 0/1	Reducer 6: 0/1	
Map 1: 0(+8)/50	Map 10: 3/3	Map 11: 1/1	Map 12: 1/1	Map 13: 1/1	Map 7: 11(+2)/13	Map 8: 1/1	Map 9: 2(+1)/3	Reducer 2: 0/3	Reducer 3: 0/3	Reducer 4: 0/3	Reducer 5: 0/1	Reducer 6: 0/1	
Map 1: 0(+8)/50	Map 10: 3/3	Map 11: 1/1	Map 12: 1/1	Map 13: 1/1	Map 7: 12(+1)/13	Map 8: 1/1	Map 9: 3/3	Reducer 2: 0/3	Reducer 3: 0/3	Reducer 4: 0/3	Reducer 5: 0/1	Reducer 6: 0/1	
Map 1: 0(+9)/50	Map 10: 3/3	Map 11: 1/1	Map 12: 1/1	Map 13: 1/1	Map 7: 13/13	Map 8: 1/1	Map 9: 3/3	Reducer 2: 0/3	Reducer 3: 0/3	Reducer 4: 0/3	Reducer 5: 0/1	Reducer 6: 0/1	
Map 1: 0(+10)/50	Map 10: 3/3	Map 11: 1/1	Map 12: 1/1	Map 13: 1/1	Map 7: 13/13	Map 8: 1/1	Map 9: 3/3	Reducer 2: 0/3	Reducer 3: 0/3	Reducer 4: 0/3	Reducer 5: 0/1	Reducer 6: 0/1	
Map 1: 0(+11)/50	Map 10: 3/3	Map 11: 1/1	Map 12: 1/1	Map 13: 1/1	Map 7: 13/13	Map 8: 1/1	Map 9: 3/3	Reducer 2: 0/3	Reducer 3: 0/3	Reducer 4: 0/3	Reducer 5: 0/1	Reducer 6: 0/1	
Map 1: 0(+13)/50	Map 10: 3/3	Map 11: 1/1	Map 12: 1/1	Map 13: 1/1	Map 7: 13/13	Map 8: 1/1	Map 9: 3/3	Reducer 2: 0/3	Reducer 3: 0/3	Reducer 4: 0/3	Reducer 5: 0/1	Reducer 6: 0/1	
Map 1: 0(+14)/50	Map 10: 3/3	Map 11: 1/1	Map 12: 1/1	Map 13: 1/1	Map 7: 13/13	Map 8: 1/1	Map 9: 3/3	Reducer 2: 0/3	Reducer 3: 0/3	Reducer 4: 0/3	Reducer 5: 0/1	Reducer 6: 0/1	
Map 1: 0(+16)/50	Map 10: 3/3	Map 11: 1/1	Map 12: 1/1	Map 13: 1/1	Map 7: 13/13	Map 8: 1/1	Map 9: 3/3	Reducer 2: 0/3	Reducer 3: 0/3	Reducer 4: 0/3	Reducer 5: 0/1	Reducer 6: 0/1	
Map 1: 0(+16)/50	Map 10: 3/3	Map 11: 1/1	Map 12: 1/1	Map 13: 1/1	Map 7: 13/13	Map 8: 1/1	Map 9: 3/3	Reducer 2: 0/3	Reducer 3: 0/3	Reducer 4: 0/3	Reducer 5: 0/1	Reducer 6: 0/1	
Map 1: 0(+16)/50	Map 10: 3/3	Map 11: 1/1	Map 12: 1/1	Map 13: 1/1	Map 7: 13/13	Map 8: 1/1	Map 9: 3/3	Reducer 2: 0/3	Reducer 3: 0/3	Reducer 4: 0/3	Reducer 5: 0/1	Reducer 6: 0/1	
Map 1: 0(+16)/50	Map 10: 3/3	Map 11: 1/1	Map 12: 1/1	Map 13: 1/1	Map 7: 13/13	Map 8: 1/1	Map 9: 3/3	Reducer 2: 0/3	Reducer 3: 0/3	Reducer 4: 0/3	Reducer 5: 0/1	Reducer 6: 0/1	
Map 1: 0(+16)/50	Map 10: 3/3	Map 11: 1/1	Map 12: 1/1	Map 13: 1/1	Map 7: 13/13	Map 8: 1/1	Map 9: 3/3	Reducer 2: 0/3	Reducer 3: 0/3	Reducer 4: 0/3	Reducer 5: 0/1	Reducer 6: 0/1	
Map 1: 0(+16)/50	Map 10: 3/3	Map 11: 1/1	Map 12: 1/1	Map 13: 1/1	Map 7: 13/13	Map 8: 1/1	Map 9: 3/3	Reducer 2: 0/3	Reducer 3: 0/3	Reducer 4: 0/3	Reducer 5: 0/1	Reducer 6: 0/1	
Map 1: 0(+16)/50	Map 10: 3/3	Map 11: 1/1	Map 12: 1/1	Map 13: 1/1	Map 7: 13/13	Map 8: 1/1	Map 9: 3/3	Reducer 2: 0/3	Reducer 3: 0/3	Reducer 4: 0/3	Reducer 5: 0/1	Reducer 6: 0/1	
Map 1: 0(+16)/50	Map 10: 3/3	Map 11: 1/1	Map 12: 1/1	Map 13: 1/1	Map 7: 13/13	Map 8: 1/1	Map 9: 3/3	Reducer 2: 0/3	Reducer 3: 0/3	Reducer 4: 0/3	Reducer 5: 0/1	Reducer 6: 0/1	
Map 1: 0(+16)/50	Map 10: 3/3	Map 11: 1/1	Map 12: 1/1	Map 13: 1/1	Map 7: 13/13	Map 8: 1/1	Map 9: 3/3	Reducer 2: 0/3	Reducer 3: 0/3	Reducer 4: 0/3	Reducer 5: 0/1	Reducer 6: 0/1	
Map 1: 0(+16)/50	Map 10: 3/3	Map 11: 1/1	Map 12: 1/1	Map 13: 1/1	Map 7: 13/13	Map 8: 1/1	Map 9: 3/3	Reducer 2: 0/3	Reducer 3: 0/3	Reducer 4: 0/3	Reducer 5: 0/1	Reducer 6: 0/1	
Map 1: 0(+16)/50	Map 10: 3/3	Map 11: 1/1	Map 12: 1/1	Map 13: 1/1	Map 7: 13/13	Map 8: 1/1	Map 9: 3/3	Reducer 2: 0/3	Reducer 3: 0/3	Reducer 4: 0/3	Reducer 5: 0/1	Reducer 6: 0/1	
Map 1: 0(+16)/50	Map 10: 3/3	Map 11: 1/1	Map 12: 1/1	Map 13: 1/1	Map 7: 13/13	Map 8: 1/1	Map 9: 3/3	Reducer 2: 0/3	Reducer 3: 0/3	Reducer 4: 0/3	Reducer 5: 0/1	Reducer 6: 0/1	
Map 1: 0(+16)/50	Map 10: 3/3	Map 11: 1/1	Map 12: 1/1	Map 13: 1/1	Map 7: 13/13	Map 8: 1/1	Map 9: 3/3	Reducer 2: 0/3	Reducer 3: 0/3	Reducer 4: 0/3	Reducer 5: 0/1	Reducer 6: 0/1	
Map 1: 0(+16)/50	Map 10: 3/3	Map 11: 1/1	Map 12: 1/1	Map 13: 1/1	Map 7: 13/13	Map 8: 1/1	Map 9: 3/3	Reducer 2: 0/3	Reducer 3: 0/3	Reducer 4: 0/3	Reducer 5: 0/1	Reducer 6: 0/1	
Map 1: 0(+16)/50	Map 10: 3/3	Map 11: 1/1	Map 12: 1/1	Map 13: 1/1	Map 7: 13/13	Map 8: 1/1	Map 9: 3/3	Reducer 2: 0/3	Reducer 3: 0/3	Reducer 4: 0/3	Reducer 5: 0/1	Reducer 6: 0/1	
Map 1: 0(+16)/50	Map 10: 3/3	Map 11: 1/1	Map 12: 1/1	Map 13: 1/1	Map 7: 13/13	Map 8: 1/1	Map 9: 3/3	Reducer 2: 0/3	Reducer 3: 0/3	Reducer 4: 0/3	Reducer 5: 0/1	Reducer 6: 0/1	
Map 1: 0(+16)/50	Map 10: 3/3	Map 11: 1/1	Map 12: 1/1	Map 13: 1/1	Map 7: 13/13	Map 8: 1/1	Map 9: 3/3	Reducer 2: 0/3	Reducer 3: 0/3	Reducer 4: 0/3	Reducer 5: 0/1	Reducer 6: 0/1	
Map 1: 0(+16)/50	Map 10: 3/3	Map 11: 1/1	Map 12: 1/1	Map 13: 1/1	Map 7: 13/13	Map 8: 1/1	Map 9: 3/3	Reducer 2: 0/3	Reducer 3: 0/3	Reducer 4: 0/3	Reducer 5: 0/1	Reducer 6: 0/1	
Map 1: 0(+16)/50	Map 10: 3/3	Map 11: 1/1	Map 12: 1/1	Map 13: 1/1	Map 7: 13/13	Map 8: 1/1	Map 9: 3/3	Reducer 2: 0/3	Reducer 3: 0/3	Reducer 4: 0/3	Reducer 5: 0/1	Reducer 6: 0/1	
Map 1: 0(+16)/50	Map 10: 3/3	Map 11: 1/1	Map 12: 1/1	Map 13: 1/1	Map 7: 13/13	Map 8: 1/1	Map 9: 3/3	Reducer 2: 0/3	Reducer 3: 0/3	Reducer 4: 0/3	Reducer 5: 0/1	Reducer 6: 0/1	
Map 1: 0(+16)/50	Map 10: 3/3	Map 11: 1/1	Map 12: 1/1	Map 13: 1/1	Map 7: 13/13	Map 8: 1/1	Map 9: 3/3	Reducer 2: 0/3	Reducer 3: 0/3	Reducer 4: 0/3	Reducer 5: 0/1	Reducer 6: 0/1	
Map 1: 0(+16)/50	Map 10: 3/3	Map 11: 1/1	Map 12: 1/1	Map 13: 1/1	Map 7: 13/13	Map 8: 1/1	Map 9: 3/3	Reducer 2: 0/3	Reducer 3: 0/3	Reducer 4: 0/3	Reducer 5: 0/1	Reducer 6: 0/1	
Map 1: 0(+16)/50	Map 10: 3/3	Map 11: 1/1	Map 12: 1/1	Map 13: 1/1	Map 7: 13/13	Map 8: 1/1	Map 9: 3/3	Reducer 2: 0/3	Reducer 3: 0/3	Reducer 4: 0/3	Reducer 5: 0/1	Reducer 6: 0/1	
Map 1: 0(+16)/50	Map 10: 3/3	Map 11: 1/1	Map 12: 1/1	Map 13: 1/1	Map 7: 13/13	Map 8: 1/1	Map 9: 3/3	Reducer 2: 0/3	Reducer 3: 0/3	Reducer 4: 0/3	Reducer 5: 0/1	Reducer 6: 0/1	
Map 1: 0(+16)/50	Map 10: 3/3	Map 11: 1/1	Map 12: 1/1	Map 13: 1/1	Map 7: 13/13	Map 8: 1/1	Map 9: 3/3	Reducer 2: 0/3	Reducer 3: 0/3	Reducer 4: 0/3	Reducer 5: 0/1	Reducer 6: 0/1	
Map 1: 0(+16)/50	Map 10: 3/3	Map 11: 1/1	Map 12: 1/1	Map 13: 1/1	Map 7: 13/13	Map 8: 1/1	Map 9: 3/3	Reducer 2: 0/3	Reducer 3: 0/3	Reducer 4: 0/3	Reducer 5: 0/1	Reducer 6: 0/1	
Map 1: 0(+16)/50	Map 10: 3/3	Map 11: 1/1	Map 12: 1/1	Map 13: 1/1	Map 7: 13/13	Map 8: 1/1	Map 9: 3/3	Reducer 2: 0/3	Reducer 3: 0/3	Reducer 4: 0/3	Reducer 5: 0/1	Reducer 6: 0/1	
Map 1: 0(+16)/50	Map 10: 3/3	Map 11: 1/1	Map 12: 1/1	Map 13: 1/1	Map 7: 13/13	Map 8: 1/1	Map 9: 3/3	Reducer 2: 0/3	Reducer 3: 0/3	Reducer 4: 0/3	Reducer 5: 0/1	Reducer 6: 0/1	
Map 1: 0(+16)/50	Map 10: 3/3	Map 11: 1/1	Map 12: 1/1	Map 13: 1/1	Map 7: 13/13	Map 8: 1/1	Map 9: 3/3	Reducer 2: 0/3	Reducer 3: 0/3	Reducer 4: 0/3	Reducer 5: 0/1	Reducer 6: 0/1	
Map 1: 0(+16)/50	Map 10: 3/3	Map 11: 1/1	Map 12: 1/1	Map 13: 1/1	Map 7: 13/13	Map 8: 1/1	Map 9: 3/3	Reducer 2: 0/3	Reducer 3: 0/3	Reducer 4: 0/3	Reducer 5: 0/1	Reducer 6: 0/1	
Map 1: 0(+16)/50	Map 10: 3/3	Map 11: 1/1	Map 12: 1/1	Map 13: 1/1	Map 7: 13/13	Map 8: 1/1	Map 9: 3/3	Reducer 2: 0/3	Reducer 3: 0/3	Reducer 4: 0/3	Reducer 5: 0/1	Reducer 6: 0/1	
Map 1: 0(+16)/50	Map 10: 3/3	Map 11: 1/1	Map 12: 1/1	Map 13: 1/1	Map 7: 13/13	Map 8: 1/1	Map 9: 3/3	Reducer 2: 0/3	Reducer 3: 0/3	Reducer 4: 0/3	Reducer 5: 0/1	Reducer 6: 0/1	
Map 1: 0(+16)/50	Map 10: 3/3	Map 11: 1/1	Map 12: 1/1	Map 13: 1/1	Map 7: 13/13	Map 8: 1/1	Map 9: 3/3	Reducer 2: 0/3	Reducer 3: 0/3	Reducer 4: 0/3	Reducer 5: 0/1	Reducer 6: 0/1	
Map 1: 0(+16)/50	Map 10: 3/3	Map 11: 1/1	Map 12: 1/1	Map 13: 1/1	Map 7: 13/13	Map 8: 1/1	Map 9: 3/3	Reducer 2: 0/3	Reducer 3: 0/3	Reducer 4: 0/3	Reducer 5: 0/1	Reducer 6: 0/1	
Map 1: 0(+16)/50	Map 10: 3/3	Map 11: 1/1	Map 12: 1/1	Map 13: 1/1	Map 7: 13/13	Map 8: 1/1	Map 9: 3/3	Reducer 2: 0/3	Reducer 3: 0/3	Reducer 4: 0/3	Reducer 5: 0/1	Reducer 6: 0/1	
Map 1: 0(+16)/50	Map 10: 3/3	Map 11: 1/1	Map 12: 1/1	Map 13: 1/1	Map 7: 13/13	Map 8: 1/1	Map 9: 3/3	Reducer 2: 0/3	Reducer 3: 0/3	Reducer 4: 0/3	Reducer 5: 0/1	Reducer 6: 0/1	
Map 1: 0(+16)/50	Map 10: 3/3	Map 11: 1/1	Map 12: 1/1	Map 13: 1/1	Map 7: 13/13	Map 8: 1/1	Map 9: 3/3	Reducer 2: 0/3	Reducer 3: 0/3	Reducer 4: 0/3	Reducer 5: 0/1	Reducer 6: 0/1	
Map 1: 0(+16)/50	Map 10: 3/3	Map 11: 1/1	Map 12: 1/1	Map 13: 1/1	Map 7: 13/13	Map 8: 1/1	Map 9: 3/3	Reducer 2: 0/3	Reducer 3: 0/3	Reducer 4: 0/3	Reducer 5: 0/1	Reducer 6: 0/1	
Map 1: 0(+16)/50	Map 10: 3/3	Map 11: 1/1	Map 12: 1/1	Map 13: 1/1	Map 7: 13/13	Map 8: 1/1	Map 9: 3/3	Reducer 2: 0/3	Reducer 3: 0/3	Reducer 4: 0/3	Reducer 5: 0/1	Reducer 6: 0/1	
Map 1: 0(+16)/50	Map 10: 3/3	Map 11: 1/1	Map 12: 1/1	Map 13: 1/1	Map 7: 13/13	Map 8: 1/1	Map 9: 3/3	Reducer 2: 0/3	Reducer 3: 0/3	Reducer 4: 0/3	Reducer 5: 0/1	Reducer 6: 0/1	
Map 1: 1(+15)/50	Map 10: 3/3	Map 11: 1/1	Map 12: 1/1	Map 13: 1/1	Map 7: 13/13	Map 8: 1/1	Map 9: 3/3	Reducer 2: 0/3	Reducer 3: 0/3	Reducer 4: 0/3	Reducer 5: 0/1	Reducer 6: 0/1	
Map 1: 2(+14)/50	Map 10: 3/3	Map 11: 1/1	Map 12: 1/1	Map 13: 1/1	Map 7: 13/13	Map 8: 1/1	Map 9: 3/3	Reducer 2: 0/3	Reducer 3: 0/3	Reducer 4: 0/3	Reducer 5: 0/1	Reducer 6: 0/1	
Map 1: 4(+12)/50	Map 10: 3/3	Map 11: 1/1	Map 12: 1/1	Map 13: 1/1	Map 7: 13/13	Map 8: 1/1	Map 9: 3/3	Reducer 2: 0/3	Reducer 3: 0/3	Reducer 4: 0/3	Reducer 5: 0/1	Reducer 6: 0/1	
Map 1: 4(+13)/50	Map 10: 3/3	Map 11: 1/1	Map 12: 1/1	Map 13: 1/1	Map 7: 13/13	Map 8: 1/1	Map 9: 3/3	Reducer 2: 0/3	Reducer 3: 0/3	Reducer 4: 0/3	Reducer 5: 0/1	Reducer 6: 0/1	
Map 1: 4(+14)/50	Map 10: 3/3	Map 11: 1/1	Map 12: 1/1	Map 13: 1/1	Map 7: 13/13	Map 8: 1/1	Map 9: 3/3	Reducer 2: 0/3	Reducer 3: 0/3	Reducer 4: 0/3	Reducer 5: 0/1	Reducer 6: 0/1	
Map 1: 4(+15)/50	Map 10: 3/3	Map 11: 1/1	Map 12: 1/1	Map 13: 1/1	Map 7: 13/13	Map 8: 1/1	Map 9: 3/3	Reducer 2: 0/3	Reducer 3: 0/3	Reducer 4: 0/3	Reducer 5: 0/1	Reducer 6: 0/1	
Map 1: 4(+16)/50	Map 10: 3/3	Map 11: 1/1	Map 12: 1/1	Map 13: 1/1	Map 7: 13/13	Map 8: 1/1	Map 9: 3/3	Reducer 2: 0/3	Reducer 3: 0/3	Reducer 4: 0/3	Reducer 5: 0/1	Reducer 6: 0/1	
Map 1: 6(+14)/50	Map 10: 3/3	Map 11: 1/1	Map 12: 1/1	Map 13: 1/1	Map 7: 13/13	Map 8: 1/1	Map 9: 3/3	Reducer 2: 0/3	Reducer 3: 0/3	Reducer 4: 0/3	Reducer 5: 0/1	Reducer 6: 0/1	
Map 1: 6(+15)/50	Map 10: 3/3	Map 11: 1/1	Map 12: 1/1	Map 13: 1/1	Map 7: 13/13	Map 8: 1/1	Map 9: 3/3	Reducer 2: 0/3	Reducer 3: 0/3	Reducer 4: 0/3	Reducer 5: 0/1	Reducer 6: 0/1	
Map 1: 6(+16)/50	Map 10: 3/3	Map 11: 1/1	Map 12: 1/1	Map 13: 1/1	Map 7: 13/13	Map 8: 1/1	Map 9: 3/3	Reducer 2: 0/3	Reducer 3: 0/3	Reducer 4: 0/3	Reducer 5: 0/1	Reducer 6: 0/1	
Map 1: 7(+15)/50	Map 10: 3/3	Map 11: 1/1	Map 12: 1/1	Map 13: 1/1	Map 7: 13/13	Map 8: 1/1	Map 9: 3/3	Reducer 2: 0/3	Reducer 3: 0/3	Reducer 4: 0/3	Reducer 5: 0/1	Reducer 6: 0/1	
Map 1: 8(+14)/50	Map 10: 3/3	Map 11: 1/1	Map 12: 1/1	Map 13: 1/1	Map 7: 13/13	Map 8: 1/1	Map 9: 3/3	Reducer 2: 0/3	Reducer 3: 0/3	Reducer 4: 0/3	Reducer 5: 0/1	Reducer 6: 0/1	
Map 1: 8(+15)/50	Map 10: 3/3	Map 11: 1/1	Map 12: 1/1	Map 13: 1/1	Map 7: 13/13	Map 8: 1/1	Map 9: 3/3	Reducer 2: 0/3	Reducer 3: 0/3	Reducer 4: 0/3	Reducer 5: 0/1	Reducer 6: 0/1	
Map 1: 8(+16)/50	Map 10: 3/3	Map 11: 1/1	Map 12: 1/1	Map 13: 1/1	Map 7: 13/13	Map 8: 1/1	Map 9: 3/3	Reducer 2: 0/3	Reducer 3: 0/3	Reducer 4: 0/3	Reducer 5: 0/1	Reducer 6: 0/1	
Map 1: 9(+15)/50	Map 10: 3/3	Map 11: 1/1	Map 12: 1/1	Map 13: 1/1	Map 7: 13/13	Map 8: 1/1	Map 9: 3/3	Reducer 2: 0/3	Reducer 3: 0/3	Reducer 4: 0/3	Reducer 5: 0/1	Reducer 6: 0/1	
Map 1: 10(+14)/50	Map 10: 3/3	Map 11: 1/1	Map 12: 1/1	Map 13: 1/1	Map 7: 13/13	Map 8: 1/1	Map 9: 3/3	Reducer 2: 0/3	Reducer 3: 0/3	Reducer 4: 0/3	Reducer 5: 0/1	Reducer 6: 0/1	
Map 1: 12(+12)/50	Map 10: 3/3	Map 11: 1/1	Map 12: 1/1	Map 13: 1/1	Map 7: 13/13	Map 8: 1/1	Map 9: 3/3	Reducer 2: 0/3	Reducer 3: 0/3	Reducer 4: 0/3	Reducer 5: 0/1	Reducer 6: 0/1	
Map 1: 13(+11)/50	Map 10: 3/3	Map 11: 1/1	Map 12: 1/1	Map 13: 1/1	Map 7: 13/13	Map 8: 1/1	Map 9: 3/3	Reducer 2: 0/3	Reducer 3: 0/3	Reducer 4: 0/3	Reducer 5: 0/1	Reducer 6: 0/1	
Map 1: 13(+12)/50	Map 10: 3/3	Map 11: 1/1	Map 12: 1/1	Map 13: 1/1	Map 7: 13/13	Map 8: 1/1	Map 9: 3/3	Reducer 2: 0/3	Reducer 3: 0/3	Reducer 4: 0/3	Reducer 5: 0/1	Reducer 6: 0/1	
Map 1: 13(+14)/50	Map 10: 3/3	Map 11: 1/1	Map 12: 1/1	Map 13: 1/1	Map 7: 13/13	Map 8: 1/1	Map 9: 3/3	Reducer 2: 0/3	Reducer 3: 0/3	Reducer 4: 0/3	Reducer 5: 0/1	Reducer 6: 0/1	
Map 1: 13(+15)/50	Map 10: 3/3	Map 11: 1/1	Map 12: 1/1	Map 13: 1/1	Map 7: 13/13	Map 8: 1/1	Map 9: 3/3	Reducer 2: 0/3	Reducer 3: 0/3	Reducer 4: 0/3	Reducer 5: 0/1	Reducer 6: 0/1	
Map 1: 14(+14)/50	Map 10: 3/3	Map 11: 1/1	Map 12: 1/1	Map 13: 1/1	Map 7: 13/13	Map 8: 1/1	Map 9: 3/3	Reducer 2: 0/3	Reducer 3: 0/3	Reducer 4: 0/3	Reducer 5: 0/1	Reducer 6: 0/1	
Map 1: 14(+15)/50	Map 10: 3/3	Map 11: 1/1	Map 12: 1/1	Map 13: 1/1	Map 7: 13/13	Map 8: 1/1	Map 9: 3/3	Reducer 2: 0/3	Reducer 3: 0/3	Reducer 4: 0/3	Reducer 5: 0/1	Reducer 6: 0/1	
Map 1: 15(+15)/50	Map 10: 3/3	Map 11: 1/1	Map 12: 1/1	Map 13: 1/1	Map 7: 13/13	Map 8: 1/1	Map 9: 3/3	Reducer 2: 0/3	Reducer 3: 0/3	Reducer 4: 0/3	Reducer 5: 0/1	Reducer 6: 0/1	
Map 1: 16(+14)/50	Map 10: 3/3	Map 11: 1/1	Map 12: 1/1	Map 13: 1/1	Map 7: 13/13	Map 8: 1/1	Map 9: 3/3	Reducer 2: 0/3	Reducer 3: 0/3	Reducer 4: 0/3	Reducer 5: 0/1	Reducer 6: 0/1	
Map 1: 16(+15)/50	Map 10: 3/3	Map 11: 1/1	Map 12: 1/1	Map 13: 1/1	Map 7: 13/13	Map 8: 1/1	Map 9: 3/3	Reducer 2: 0/3	Reducer 3: 0/3	Reducer 4: 0/3	Reducer 5: 0/1	Reducer 6: 0/1	
Map 1: 16(+16)/50	Map 10: 3/3	Map 11: 1/1	Map 12: 1/1	Map 13: 1/1	Map 7: 13/13	Map 8: 1/1	Map 9: 3/3	Reducer 2: 0/3	Reducer 3: 0/3	Reducer 4: 0/3	Reducer 5: 0/1	Reducer 6: 0/1	
Map 1: 16(+16)/50	Map 10: 3/3	Map 11: 1/1	Map 12: 1/1	Map 13: 1/1	Map 7: 13/13	Map 8: 1/1	Map 9: 3/3	Reducer 2: 0/3	Reducer 3: 0/3	Reducer 4: 0/3	Reducer 5: 0/1	Reducer 6: 0/1	
Map 1: 16(+16)/50	Map 10: 3/3	Map 11: 1/1	Map 12: 1/1	Map 13: 1/1	Map 7: 13/13	Map 8: 1/1	Map 9: 3/3	Reducer 2: 0/3	Reducer 3: 0/3	Reducer 4: 0/3	Reducer 5: 0/1	Reducer 6: 0/1	
Map 1: 16(+16)/50	Map 10: 3/3	Map 11: 1/1	Map 12: 1/1	Map 13: 1/1	Map 7: 13/13	Map 8: 1/1	Map 9: 3/3	Reducer 2: 0/3	Reducer 3: 0/3	Reducer 4: 0/3	Reducer 5: 0/1	Reducer 6: 0/1	
Map 1: 16(+16)/50	Map 10: 3/3	Map 11: 1/1	Map 12: 1/1	Map 13: 1/1	Map 7: 13/13	Map 8: 1/1	Map 9: 3/3	Reducer 2: 0/3	Reducer 3: 0/3	Reducer 4: 0/3	Reducer 5: 0/1	Reducer 6: 0/1	
Map 1: 16(+16)/50	Map 10: 3/3	Map 11: 1/1	Map 12: 1/1	Map 13: 1/1	Map 7: 13/13	Map 8: 1/1	Map 9: 3/3	Reducer 2: 0/3	Reducer 3: 0/3	Reducer 4: 0/3	Reducer 5: 0/1	Reducer 6: 0/1	
Map 1: 16(+16)/50	Map 10: 3/3	Map 11: 1/1	Map 12: 1/1	Map 13: 1/1	Map 7: 13/13	Map 8: 1/1	Map 9: 3/3	Reducer 2: 0/3	Reducer 3: 0/3	Reducer 4: 0/3	Reducer 5: 0/1	Reducer 6: 0/1	
Map 1: 16(+16)/50	Map 10: 3/3	Map 11: 1/1	Map 12: 1/1	Map 13: 1/1	Map 7: 13/13	Map 8: 1/1	Map 9: 3/3	Reducer 2: 0/3	Reducer 3: 0/3	Reducer 4: 0/3	Reducer 5: 0/1	Reducer 6: 0/1	
Map 1: 16(+16)/50	Map 10: 3/3	Map 11: 1/1	Map 12: 1/1	Map 13: 1/1	Map 7: 13/13	Map 8: 1/1	Map 9: 3/3	Reducer 2: 0/3	Reducer 3: 0/3	Reducer 4: 0/3	Reducer 5: 0/1	Reducer 6: 0/1	
Map 1: 16(+16)/50	Map 10: 3/3	Map 11: 1/1	Map 12: 1/1	Map 13: 1/1	Map 7: 13/13	Map 8: 1/1	Map 9: 3/3	Reducer 2: 0/3	Reducer 3: 0/3	Reducer 4: 0/3	Reducer 5: 0/1	Reducer 6: 0/1	
Map 1: 16(+16)/50	Map 10: 3/3	Map 11: 1/1	Map 12: 1/1	Map 13: 1/1	Map 7: 13/13	Map 8: 1/1	Map 9: 3/3	Reducer 2: 0/3	Reducer 3: 0/3	Reducer 4: 0/3	Reducer 5: 0/1	Reducer 6: 0/1	
Map 1: 16(+16)/50	Map 10: 3/3	Map 11: 1/1	Map 12: 1/1	Map 13: 1/1	Map 7: 13/13	Map 8: 1/1	Map 9: 3/3	Reducer 2: 0/3	Reducer 3: 0/3	Reducer 4: 0/3	Reducer 5: 0/1	Reducer 6: 0/1	
Map 1: 16(+16)/50	Map 10: 3/3	Map 11: 1/1	Map 12: 1/1	Map 13: 1/1	Map 7: 13/13	Map 8: 1/1	Map 9: 3/3	Reducer 2: 0/3	Reducer 3: 0/3	Reducer 4: 0/3	Reducer 5: 0/1	Reducer 6: 0/1	
Map 1: 16(+16)/50	Map 10: 3/3	Map 11: 1/1	Map 12: 1/1	Map 13: 1/1	Map 7: 13/13	Map 8: 1/1	Map 9: 3/3	Reducer 2: 0/3	Reducer 3: 0/3	Reducer 4: 0/3	Reducer 5: 0/1	Reducer 6: 0/1	
Map 1: 16(+16)/50	Map 10: 3/3	Map 11: 1/1	Map 12: 1/1	Map 13: 1/1	Map 7: 13/13	Map 8: 1/1	Map 9: 3/3	Reducer 2: 0/3	Reducer 3: 0/3	Reducer 4: 0/3	Reducer 5: 0/1	Reducer 6: 0/1	
Map 1: 16(+16)/50	Map 10: 3/3	Map 11: 1/1	Map 12: 1/1	Map 13: 1/1	Map 7: 13/13	Map 8: 1/1	Map 9: 3/3	Reducer 2: 0/3	Reducer 3: 0/3	Reducer 4: 0/3	Reducer 5: 0/1	Reducer 6: 0/1	
Map 1: 16(+16)/50	Map 10: 3/3	Map 11: 1/1	Map 12: 1/1	Map 13: 1/1	Map 7: 13/13	Map 8: 1/1	Map 9: 3/3	Reducer 2: 0/3	Reducer 3: 0/3	Reducer 4: 0/3	Reducer 5: 0/1	Reducer 6: 0/1	
Map 1: 16(+16)/50	Map 10: 3/3	Map 11: 1/1	Map 12: 1/1	Map 13: 1/1	Map 7: 13/13	Map 8: 1/1	Map 9: 3/3	Reducer 2: 0/3	Reducer 3: 0/3	Reducer 4: 0/3	Reducer 5: 0/1	Reducer 6: 0/1	
Map 1: 16(+16)/50	Map 10: 3/3	Map 11: 1/1	Map 12: 1/1	Map 13: 1/1	Map 7: 13/13	Map 8: 1/1	Map 9: 3/3	Reducer 2: 0/3	Reducer 3: 0/3	Reducer 4: 0/3	Reducer 5: 0/1	Reducer 6: 0/1	
Map 1: 16(+16)/50	Map 10: 3/3	Map 11: 1/1	Map 12: 1/1	Map 13: 1/1	Map 7: 13/13	Map 8: 1/1	Map 9: 3/3	Reducer 2: 0/3	Reducer 3: 0/3	Reducer 4: 0/3	Reducer 5: 0/1	Reducer 6: 0/1	
Map 1: 16(+16)/50	Map 10: 3/3	Map 11: 1/1	Map 12: 1/1	Map 13: 1/1	Map 7: 13/13	Map 8: 1/1	Map 9: 3/3	Reducer 2: 0/3	Reducer 3: 0/3	Reducer 4: 0/3	Reducer 5: 0/1	Reducer 6: 0/1	
Map 1: 16(+16)/50	Map 10: 3/3	Map 11: 1/1	Map 12: 1/1	Map 13: 1/1	Map 7: 13/13	Map 8: 1/1	Map 9: 3/3	Reducer 2: 0/3	Reducer 3: 0/3	Reducer 4: 0/3	Reducer 5: 0/1	Reducer 6: 0/1	
Map 1: 16(+16)/50	Map 10: 3/3	Map 11: 1/1	Map 12: 1/1	Map 13: 1/1	Map 7: 13/13	Map 8: 1/1	Map 9: 3/3	Reducer 2: 0/3	Reducer 3: 0/3	Reducer 4: 0/3	Reducer 5: 0/1	Reducer 6: 0/1	
Map 1: 16(+16)/50	Map 10: 3/3	Map 11: 1/1	Map 12: 1/1	Map 13: 1/1	Map 7: 13/13	Map 8: 1/1	Map 9: 3/3	Reducer 2: 0/3	Reducer 3: 0/3	Reducer 4: 0/3	Reducer 5: 0/1	Reducer 6: 0/1	
Map 1: 16(+16)/50	Map 10: 3/3	Map 11: 1/1	Map 12: 1/1	Map 13: 1/1	Map 7: 13/13	Map 8: 1/1	Map 9: 3/3	Reducer 2: 0/3	Reducer 3: 0/3	Reducer 4: 0/3	Reducer 5: 0/1	Reducer 6: 0/1	
Map 1: 16(+16)/50	Map 10: 3/3	Map 11: 1/1	Map 12: 1/1	Map 13: 1/1	Map 7: 13/13	Map 8: 1/1	Map 9: 3/3	Reducer 2: 0/3	Reducer 3: 0/3	Reducer 4: 0/3	Reducer 5: 0/1	Reducer 6: 0/1	
Map 1: 16(+16)/50	Map 10: 3/3	Map 11: 1/1	Map 12: 1/1	Map 13: 1/1	Map 7: 13/13	Map 8: 1/1	Map 9: 3/3	Reducer 2: 0/3	Reducer 3: 0/3	Reducer 4: 0/3	Reducer 5: 0/1	Reducer 6: 0/1	
Map 1: 16(+16)/50	Map 10: 3/3	Map 11: 1/1	Map 12: 1/1	Map 13: 1/1	Map 7: 13/13	Map 8: 1/1	Map 9: 3/3	Reducer 2: 0/3	Reducer 3: 0/3	Reducer 4: 0/3	Reducer 5: 0/1	Reducer 6: 0/1	
Map 1: 16(+16)/50	Map 10: 3/3	Map 11: 1/1	Map 12: 1/1	Map 13: 1/1	Map 7: 13/13	Map 8: 1/1	Map 9: 3/3	Reducer 2: 0/3	Reducer 3: 0/3	Reducer 4: 0/3	Reducer 5: 0/1	Reducer 6: 0/1	
Map 1: 17(+15)/50	Map 10: 3/3	Map 11: 1/1	Map 12: 1/1	Map 13: 1/1	Map 7: 13/13	Map 8: 1/1	Map 9: 3/3	Reducer 2: 0/3	Reducer 3: 0/3	Reducer 4: 0/3	Reducer 5: 0/1	Reducer 6: 0/1	
Map 1: 18(+14)/50	Map 10: 3/3	Map 11: 1/1	Map 12: 1/1	Map 13: 1/1	Map 7: 13/13	Map 8: 1/1	Map 9: 3/3	Reducer 2: 0/3	Reducer 3: 0/3	Reducer 4: 0/3	Reducer 5: 0/1	Reducer 6: 0/1	
Map 1: 18(+15)/50	Map 10: 3/3	Map 11: 1/1	Map 12: 1/1	Map 13: 1/1	Map 7: 13/13	Map 8: 1/1	Map 9: 3/3	Reducer 2: 0/3	Reducer 3: 0/3	Reducer 4: 0/3	Reducer 5: 0/1	Reducer 6: 0/1	
Map 1: 18(+16)/50	Map 10: 3/3	Map 11: 1/1	Map 12: 1/1	Map 13: 1/1	Map 7: 13/13	Map 8: 1/1	Map 9: 3/3	Reducer 2: 0/3	Reducer 3: 0/3	Reducer 4: 0/3	Reducer 5: 0/1	Reducer 6: 0/1	
Map 1: 18(+16)/50	Map 10: 3/3	Map 11: 1/1	Map 12: 1/1	Map 13: 1/1	Map 7: 13/13	Map 8: 1/1	Map 9: 3/3	Reducer 2: 0/3	Reducer 3: 0/3	Reducer 4: 0/3	Reducer 5: 0/1	Reducer 6: 0/1	
Map 1: 18(+16)/50	Map 10: 3/3	Map 11: 1/1	Map 12: 1/1	Map 13: 1/1	Map 7: 13/13	Map 8: 1/1	Map 9: 3/3	Reducer 2: 0/3	Reducer 3: 0/3	Reducer 4: 0/3	Reducer 5: 0/1	Reducer 6: 0/1	
Map 1: 18(+16)/50	Map 10: 3/3	Map 11: 1/1	Map 12: 1/1	Map 13: 1/1	Map 7: 13/13	Map 8: 1/1	Map 9: 3/3	Reducer 2: 0/3	Reducer 3: 0/3	Reducer 4: 0/3	Reducer 5: 0/1	Reducer 6: 0/1	
Map 1: 18(+16)/50	Map 10: 3/3	Map 11: 1/1	Map 12: 1/1	Map 13: 1/1	Map 7: 13/13	Map 8: 1/1	Map 9: 3/3	Reducer 2: 0/3	Reducer 3: 0/3	Reducer 4: 0/3	Reducer 5: 0/1	Reducer 6: 0/1	
Map 1: 19(+15)/50	Map 10: 3/3	Map 11: 1/1	Map 12: 1/1	Map 13: 1/1	Map 7: 13/13	Map 8: 1/1	Map 9: 3/3	Reducer 2: 0/3	Reducer 3: 0/3	Reducer 4: 0/3	Reducer 5: 0/1	Reducer 6: 0/1	
Map 1: 19(+16)/50	Map 10: 3/3	Map 11: 1/1	Map 12: 1/1	Map 13: 1/1	Map 7: 13/13	Map 8: 1/1	Map 9: 3/3	Reducer 2: 0/3	Reducer 3: 0/3	Reducer 4: 0/3	Reducer 5: 0/1	Reducer 6: 0/1	
Map 1: 19(+16)/50	Map 10: 3/3	Map 11: 1/1	Map 12: 1/1	Map 13: 1/1	Map 7: 13/13	Map 8: 1/1	Map 9: 3/3	Reducer 2: 0/3	Reducer 3: 0/3	Reducer 4: 0/3	Reducer 5: 0/1	Reducer 6: 0/1	
Map 1: 19(+16)/50	Map 10: 3/3	Map 11: 1/1	Map 12: 1/1	Map 13: 1/1	Map 7: 13/13	Map 8: 1/1	Map 9: 3/3	Reducer 2: 0/3	Reducer 3: 0/3	Reducer 4: 0/3	Reducer 5: 0/1	Reducer 6: 0/1	
Map 1: 21(+14)/50	Map 10: 3/3	Map 11: 1/1	Map 12: 1/1	Map 13: 1/1	Map 7: 13/13	Map 8: 1/1	Map 9: 3/3	Reducer 2: 0/3	Reducer 3: 0/3	Reducer 4: 0/3	Reducer 5: 0/1	Reducer 6: 0/1	
Map 1: 21(+15)/50	Map 10: 3/3	Map 11: 1/1	Map 12: 1/1	Map 13: 1/1	Map 7: 13/13	Map 8: 1/1	Map 9: 3/3	Reducer 2: 0/3	Reducer 3: 0/3	Reducer 4: 0/3	Reducer 5: 0/1	Reducer 6: 0/1	
Map 1: 21(+16)/50	Map 10: 3/3	Map 11: 1/1	Map 12: 1/1	Map 13: 1/1	Map 7: 13/13	Map 8: 1/1	Map 9: 3/3	Reducer 2: 0/3	Reducer 3: 0/3	Reducer 4: 0/3	Reducer 5: 0/1	Reducer 6: 0/1	
Map 1: 21(+16)/50	Map 10: 3/3	Map 11: 1/1	Map 12: 1/1	Map 13: 1/1	Map 7: 13/13	Map 8: 1/1	Map 9: 3/3	Reducer 2: 0/3	Reducer 3: 0/3	Reducer 4: 0/3	Reducer 5: 0/1	Reducer 6: 0/1	
Map 1: 22(+15)/50	Map 10: 3/3	Map 11: 1/1	Map 12: 1/1	Map 13: 1/1	Map 7: 13/13	Map 8: 1/1	Map 9: 3/3	Reducer 2: 0/3	Reducer 3: 0/3	Reducer 4: 0/3	Reducer 5: 0/1	Reducer 6: 0/1	
Map 1: 22(+16)/50	Map 10: 3/3	Map 11: 1/1	Map 12: 1/1	Map 13: 1/1	Map 7: 13/13	Map 8: 1/1	Map 9: 3/3	Reducer 2: 0/3	Reducer 3: 0/3	Reducer 4: 0/3	Reducer 5: 0/1	Reducer 6: 0/1	
Map 1: 23(+15)/50	Map 10: 3/3	Map 11: 1/1	Map 12: 1/1	Map 13: 1/1	Map 7: 13/13	Map 8: 1/1	Map 9: 3/3	Reducer 2: 0/3	Reducer 3: 0/3	Reducer 4: 0/3	Reducer 5: 0/1	Reducer 6: 0/1	
Map 1: 24(+15)/50	Map 10: 3/3	Map 11: 1/1	Map 12: 1/1	Map 13: 1/1	Map 7: 13/13	Map 8: 1/1	Map 9: 3/3	Reducer 2: 0/3	Reducer 3: 0/3	Reducer 4: 0/3	Reducer 5: 0/1	Reducer 6: 0/1	
Map 1: 25(+14)/50	Map 10: 3/3	Map 11: 1/1	Map 12: 1/1	Map 13: 1/1	Map 7: 13/13	Map 8: 1/1	Map 9: 3/3	Reducer 2: 0/3	Reducer 3: 0/3	Reducer 4: 0/3	Reducer 5: 0/1	Reducer 6: 0/1	
Map 1: 25(+15)/50	Map 10: 3/3	Map 11: 1/1	Map 12: 1/1	Map 13: 1/1	Map 7: 13/13	Map 8: 1/1	Map 9: 3/3	Reducer 2: 0/3	Reducer 3: 0/3	Reducer 4: 0/3	Reducer 5: 0/1	Reducer 6: 0/1	
Map 1: 25(+16)/50	Map 10: 3/3	Map 11: 1/1	Map 12: 1/1	Map 13: 1/1	Map 7: 13/13	Map 8: 1/1	Map 9: 3/3	Reducer 2: 0/3	Reducer 3: 0/3	Reducer 4: 0/3	Reducer 5: 0/1	Reducer 6: 0/1	
Map 1: 26(+15)/50	Map 10: 3/3	Map 11: 1/1	Map 12: 1/1	Map 13: 1/1	Map 7: 13/13	Map 8: 1/1	Map 9: 3/3	Reducer 2: 0/3	Reducer 3: 0/3	Reducer 4: 0/3	Reducer 5: 0/1	Reducer 6: 0/1	
Map 1: 27(+14)/50	Map 10: 3/3	Map 11: 1/1	Map 12: 1/1	Map 13: 1/1	Map 7: 13/13	Map 8: 1/1	Map 9: 3/3	Reducer 2: 0/3	Reducer 3: 0/3	Reducer 4: 0/3	Reducer 5: 0/1	Reducer 6: 0/1	
Map 1: 27(+15)/50	Map 10: 3/3	Map 11: 1/1	Map 12: 1/1	Map 13: 1/1	Map 7: 13/13	Map 8: 1/1	Map 9: 3/3	Reducer 2: 0/3	Reducer 3: 0/3	Reducer 4: 0/3	Reducer 5: 0/1	Reducer 6: 0/1	
Map 1: 27(+16)/50	Map 10: 3/3	Map 11: 1/1	Map 12: 1/1	Map 13: 1/1	Map 7: 13/13	Map 8: 1/1	Map 9: 3/3	Reducer 2: 0/3	Reducer 3: 0/3	Reducer 4: 0/3	Reducer 5: 0/1	Reducer 6: 0/1	
Map 1: 28(+15)/50	Map 10: 3/3	Map 11: 1/1	Map 12: 1/1	Map 13: 1/1	Map 7: 13/13	Map 8: 1/1	Map 9: 3/3	Reducer 2: 0/3	Reducer 3: 0/3	Reducer 4: 0/3	Reducer 5: 0/1	Reducer 6: 0/1	
Map 1: 29(+14)/50	Map 10: 3/3	Map 11: 1/1	Map 12: 1/1	Map 13: 1/1	Map 7: 13/13	Map 8: 1/1	Map 9: 3/3	Reducer 2: 0/3	Reducer 3: 0/3	Reducer 4: 0/3	Reducer 5: 0/1	Reducer 6: 0/1	
Map 1: 29(+15)/50	Map 10: 3/3	Map 11: 1/1	Map 12: 1/1	Map 13: 1/1	Map 7: 13/13	Map 8: 1/1	Map 9: 3/3	Reducer 2: 0/3	Reducer 3: 0/3	Reducer 4: 0/3	Reducer 5: 0/1	Reducer 6: 0/1	
Map 1: 30(+15)/50	Map 10: 3/3	Map 11: 1/1	Map 12: 1/1	Map 13: 1/1	Map 7: 13/13	Map 8: 1/1	Map 9: 3/3	Reducer 2: 0/3	Reducer 3: 0/3	Reducer 4: 0/3	Reducer 5: 0/1	Reducer 6: 0/1	
Map 1: 31(+14)/50	Map 10: 3/3	Map 11: 1/1	Map 12: 1/1	Map 13: 1/1	Map 7: 13/13	Map 8: 1/1	Map 9: 3/3	Reducer 2: 0/3	Reducer 3: 0/3	Reducer 4: 0/3	Reducer 5: 0/1	Reducer 6: 0/1	
Map 1: 31(+15)/50	Map 10: 3/3	Map 11: 1/1	Map 12: 1/1	Map 13: 1/1	Map 7: 13/13	Map 8: 1/1	Map 9: 3/3	Reducer 2: 0/3	Reducer 3: 0/3	Reducer 4: 0/3	Reducer 5: 0/1	Reducer 6: 0/1	
Map 1: 31(+16)/50	Map 10: 3/3	Map 11: 1/1	Map 12: 1/1	Map 13: 1/1	Map 7: 13/13	Map 8: 1/1	Map 9: 3/3	Reducer 2: 0/3	Reducer 3: 0/3	Reducer 4: 0/3	Reducer 5: 0/1	Reducer 6: 0/1	
Map 1: 32(+15)/50	Map 10: 3/3	Map 11: 1/1	Map 12: 1/1	Map 13: 1/1	Map 7: 13/13	Map 8: 1/1	Map 9: 3/3	Reducer 2: 0/3	Reducer 3: 0/3	Reducer 4: 0/3	Reducer 5: 0/1	Reducer 6: 0/1	
Map 1: 32(+16)/50	Map 10: 3/3	Map 11: 1/1	Map 12: 1/1	Map 13: 1/1	Map 7: 13/13	Map 8: 1/1	Map 9: 3/3	Reducer 2: 0/3	Reducer 3: 0/3	Reducer 4: 0/3	Reducer 5: 0/1	Reducer 6: 0/1	
Map 1: 32(+16)/50	Map 10: 3/3	Map 11: 1/1	Map 12: 1/1	Map 13: 1/1	Map 7: 13/13	Map 8: 1/1	Map 9: 3/3	Reducer 2: 0/3	Reducer 3: 0/3	Reducer 4: 0/3	Reducer 5: 0/1	Reducer 6: 0/1	
Map 1: 32(+16)/50	Map 10: 3/3	Map 11: 1/1	Map 12: 1/1	Map 13: 1/1	Map 7: 13/13	Map 8: 1/1	Map 9: 3/3	Reducer 2: 0/3	Reducer 3: 0/3	Reducer 4: 0/3	Reducer 5: 0/1	Reducer 6: 0/1	
Map 1: 32(+16)/50	Map 10: 3/3	Map 11: 1/1	Map 12: 1/1	Map 13: 1/1	Map 7: 13/13	Map 8: 1/1	Map 9: 3/3	Reducer 2: 0/3	Reducer 3: 0/3	Reducer 4: 0/3	Reducer 5: 0/1	Reducer 6: 0/1	
Map 1: 32(+16)/50	Map 10: 3/3	Map 11: 1/1	Map 12: 1/1	Map 13: 1/1	Map 7: 13/13	Map 8: 1/1	Map 9: 3/3	Reducer 2: 0/3	Reducer 3: 0/3	Reducer 4: 0/3	Reducer 5: 0/1	Reducer 6: 0/1	
Map 1: 32(+16)/50	Map 10: 3/3	Map 11: 1/1	Map 12: 1/1	Map 13: 1/1	Map 7: 13/13	Map 8: 1/1	Map 9: 3/3	Reducer 2: 0/3	Reducer 3: 0/3	Reducer 4: 0/3	Reducer 5: 0/1	Reducer 6: 0/1	
Map 1: 32(+16)/50	Map 10: 3/3	Map 11: 1/1	Map 12: 1/1	Map 13: 1/1	Map 7: 13/13	Map 8: 1/1	Map 9: 3/3	Reducer 2: 0/3	Reducer 3: 0/3	Reducer 4: 0/3	Reducer 5: 0/1	Reducer 6: 0/1	
Map 1: 32(+16)/50	Map 10: 3/3	Map 11: 1/1	Map 12: 1/1	Map 13: 1/1	Map 7: 13/13	Map 8: 1/1	Map 9: 3/3	Reducer 2: 0/3	Reducer 3: 0/3	Reducer 4: 0/3	Reducer 5: 0/1	Reducer 6: 0/1	
Map 1: 32(+16)/50	Map 10: 3/3	Map 11: 1/1	Map 12: 1/1	Map 13: 1/1	Map 7: 13/13	Map 8: 1/1	Map 9: 3/3	Reducer 2: 0/3	Reducer 3: 0/3	Reducer 4: 0/3	Reducer 5: 0/1	Reducer 6: 0/1	
Map 1: 32(+16)/50	Map 10: 3/3	Map 11: 1/1	Map 12: 1/1	Map 13: 1/1	Map 7: 13/13	Map 8: 1/1	Map 9: 3/3	Reducer 2: 0/3	Reducer 3: 0/3	Reducer 4: 0/3	Reducer 5: 0/1	Reducer 6: 0/1	
Map 1: 32(+16)/50	Map 10: 3/3	Map 11: 1/1	Map 12: 1/1	Map 13: 1/1	Map 7: 13/13	Map 8: 1/1	Map 9: 3/3	Reducer 2: 0/3	Reducer 3: 0/3	Reducer 4: 0/3	Reducer 5: 0/1	Reducer 6: 0/1	
Map 1: 32(+16)/50	Map 10: 3/3	Map 11: 1/1	Map 12: 1/1	Map 13: 1/1	Map 7: 13/13	Map 8: 1/1	Map 9: 3/3	Reducer 2: 0/3	Reducer 3: 0/3	Reducer 4: 0/3	Reducer 5: 0/1	Reducer 6: 0/1	
Map 1: 32(+16)/50	Map 10: 3/3	Map 11: 1/1	Map 12: 1/1	Map 13: 1/1	Map 7: 13/13	Map 8: 1/1	Map 9: 3/3	Reducer 2: 0/3	Reducer 3: 0/3	Reducer 4: 0/3	Reducer 5: 0/1	Reducer 6: 0/1	
Map 1: 32(+16)/50	Map 10: 3/3	Map 11: 1/1	Map 12: 1/1	Map 13: 1/1	Map 7: 13/13	Map 8: 1/1	Map 9: 3/3	Reducer 2: 0/3	Reducer 3: 0/3	Reducer 4: 0/3	Reducer 5: 0/1	Reducer 6: 0/1	
Map 1: 32(+16)/50	Map 10: 3/3	Map 11: 1/1	Map 12: 1/1	Map 13: 1/1	Map 7: 13/13	Map 8: 1/1	Map 9: 3/3	Reducer 2: 0/3	Reducer 3: 0/3	Reducer 4: 0/3	Reducer 5: 0/1	Reducer 6: 0/1	
Map 1: 33(+15)/50	Map 10: 3/3	Map 11: 1/1	Map 12: 1/1	Map 13: 1/1	Map 7: 13/13	Map 8: 1/1	Map 9: 3/3	Reducer 2: 0/3	Reducer 3: 0/3	Reducer 4: 0/3	Reducer 5: 0/1	Reducer 6: 0/1	
Map 1: 33(+16)/50	Map 10: 3/3	Map 11: 1/1	Map 12: 1/1	Map 13: 1/1	Map 7: 13/13	Map 8: 1/1	Map 9: 3/3	Reducer 2: 0/3	Reducer 3: 0/3	Reducer 4: 0/3	Reducer 5: 0/1	Reducer 6: 0/1	
Map 1: 33(+16)/50	Map 10: 3/3	Map 11: 1/1	Map 12: 1/1	Map 13: 1/1	Map 7: 13/13	Map 8: 1/1	Map 9: 3/3	Reducer 2: 0/3	Reducer 3: 0/3	Reducer 4: 0/3	Reducer 5: 0/1	Reducer 6: 0/1	
Map 1: 33(+16)/50	Map 10: 3/3	Map 11: 1/1	Map 12: 1/1	Map 13: 1/1	Map 7: 13/13	Map 8: 1/1	Map 9: 3/3	Reducer 2: 0/3	Reducer 3: 0/3	Reducer 4: 0/3	Reducer 5: 0/1	Reducer 6: 0/1	
Map 1: 33(+16)/50	Map 10: 3/3	Map 11: 1/1	Map 12: 1/1	Map 13: 1/1	Map 7: 13/13	Map 8: 1/1	Map 9: 3/3	Reducer 2: 0/3	Reducer 3: 0/3	Reducer 4: 0/3	Reducer 5: 0/1	Reducer 6: 0/1	
Map 1: 33(+16)/50	Map 10: 3/3	Map 11: 1/1	Map 12: 1/1	Map 13: 1/1	Map 7: 13/13	Map 8: 1/1	Map 9: 3/3	Reducer 2: 0/3	Reducer 3: 0/3	Reducer 4: 0/3	Reducer 5: 0/1	Reducer 6: 0/1	
Map 1: 33(+16)/50	Map 10: 3/3	Map 11: 1/1	Map 12: 1/1	Map 13: 1/1	Map 7: 13/13	Map 8: 1/1	Map 9: 3/3	Reducer 2: 0/3	Reducer 3: 0/3	Reducer 4: 0/3	Reducer 5: 0/1	Reducer 6: 0/1	
Map 1: 34(+15)/50	Map 10: 3/3	Map 11: 1/1	Map 12: 1/1	Map 13: 1/1	Map 7: 13/13	Map 8: 1/1	Map 9: 3/3	Reducer 2: 0/3	Reducer 3: 0/3	Reducer 4: 0/3	Reducer 5: 0/1	Reducer 6: 0/1	
Map 1: 34(+16)/50	Map 10: 3/3	Map 11: 1/1	Map 12: 1/1	Map 13: 1/1	Map 7: 13/13	Map 8: 1/1	Map 9: 3/3	Reducer 2: 0/3	Reducer 3: 0/3	Reducer 4: 0/3	Reducer 5: 0/1	Reducer 6: 0/1	
Map 1: 35(+15)/50	Map 10: 3/3	Map 11: 1/1	Map 12: 1/1	Map 13: 1/1	Map 7: 13/13	Map 8: 1/1	Map 9: 3/3	Reducer 2: 0/3	Reducer 3: 0/3	Reducer 4: 0/3	Reducer 5: 0/1	Reducer 6: 0/1	
Map 1: 35(+15)/50	Map 10: 3/3	Map 11: 1/1	Map 12: 1/1	Map 13: 1/1	Map 7: 13/13	Map 8: 1/1	Map 9: 3/3	Reducer 2: 0/3	Reducer 3: 0/3	Reducer 4: 0/3	Reducer 5: 0/1	Reducer 6: 0/1	
Map 1: 35(+15)/50	Map 10: 3/3	Map 11: 1/1	Map 12: 1/1	Map 13: 1/1	Map 7: 13/13	Map 8: 1/1	Map 9: 3/3	Reducer 2: 0/3	Reducer 3: 0/3	Reducer 4: 0/3	Reducer 5: 0/1	Reducer 6: 0/1	
Map 1: 35(+15)/50	Map 10: 3/3	Map 11: 1/1	Map 12: 1/1	Map 13: 1/1	Map 7: 13/13	Map 8: 1/1	Map 9: 3/3	Reducer 2: 0/3	Reducer 3: 0/3	Reducer 4: 0/3	Reducer 5: 0/1	Reducer 6: 0/1	
Map 1: 35(+15)/50	Map 10: 3/3	Map 11: 1/1	Map 12: 1/1	Map 13: 1/1	Map 7: 13/13	Map 8: 1/1	Map 9: 3/3	Reducer 2: 0/3	Reducer 3: 0/3	Reducer 4: 0/3	Reducer 5: 0/1	Reducer 6: 0/1	
Map 1: 35(+15)/50	Map 10: 3/3	Map 11: 1/1	Map 12: 1/1	Map 13: 1/1	Map 7: 13/13	Map 8: 1/1	Map 9: 3/3	Reducer 2: 0/3	Reducer 3: 0/3	Reducer 4: 0/3	Reducer 5: 0/1	Reducer 6: 0/1	
Map 1: 35(+15)/50	Map 10: 3/3	Map 11: 1/1	Map 12: 1/1	Map 13: 1/1	Map 7: 13/13	Map 8: 1/1	Map 9: 3/3	Reducer 2: 0/3	Reducer 3: 0/3	Reducer 4: 0/3	Reducer 5: 0/1	Reducer 6: 0/1	
Map 1: 35(+15)/50	Map 10: 3/3	Map 11: 1/1	Map 12: 1/1	Map 13: 1/1	Map 7: 13/13	Map 8: 1/1	Map 9: 3/3	Reducer 2: 0/3	Reducer 3: 0/3	Reducer 4: 0/3	Reducer 5: 0/1	Reducer 6: 0/1	
Map 1: 35(+15)/50	Map 10: 3/3	Map 11: 1/1	Map 12: 1/1	Map 13: 1/1	Map 7: 13/13	Map 8: 1/1	Map 9: 3/3	Reducer 2: 0/3	Reducer 3: 0/3	Reducer 4: 0/3	Reducer 5: 0/1	Reducer 6: 0/1	
Map 1: 35(+15)/50	Map 10: 3/3	Map 11: 1/1	Map 12: 1/1	Map 13: 1/1	Map 7: 13/13	Map 8: 1/1	Map 9: 3/3	Reducer 2: 0/3	Reducer 3: 0/3	Reducer 4: 0/3	Reducer 5: 0/1	Reducer 6: 0/1	
Map 1: 35(+15)/50	Map 10: 3/3	Map 11: 1/1	Map 12: 1/1	Map 13: 1/1	Map 7: 13/13	Map 8: 1/1	Map 9: 3/3	Reducer 2: 0/3	Reducer 3: 0/3	Reducer 4: 0/3	Reducer 5: 0/1	Reducer 6: 0/1	
Map 1: 35(+15)/50	Map 10: 3/3	Map 11: 1/1	Map 12: 1/1	Map 13: 1/1	Map 7: 13/13	Map 8: 1/1	Map 9: 3/3	Reducer 2: 0/3	Reducer 3: 0/3	Reducer 4: 0/3	Reducer 5: 0/1	Reducer 6: 0/1	
Map 1: 35(+15)/50	Map 10: 3/3	Map 11: 1/1	Map 12: 1/1	Map 13: 1/1	Map 7: 13/13	Map 8: 1/1	Map 9: 3/3	Reducer 2: 0/3	Reducer 3: 0/3	Reducer 4: 0/3	Reducer 5: 0/1	Reducer 6: 0/1	
Map 1: 35(+15)/50	Map 10: 3/3	Map 11: 1/1	Map 12: 1/1	Map 13: 1/1	Map 7: 13/13	Map 8: 1/1	Map 9: 3/3	Reducer 2: 0/3	Reducer 3: 0/3	Reducer 4: 0/3	Reducer 5: 0/1	Reducer 6: 0/1	
Map 1: 36(+14)/50	Map 10: 3/3	Map 11: 1/1	Map 12: 1/1	Map 13: 1/1	Map 7: 13/13	Map 8: 1/1	Map 9: 3/3	Reducer 2: 0/3	Reducer 3: 0/3	Reducer 4: 0/3	Reducer 5: 0/1	Reducer 6: 0/1	
Map 1: 37(+13)/50	Map 10: 3/3	Map 11: 1/1	Map 12: 1/1	Map 13: 1/1	Map 7: 13/13	Map 8: 1/1	Map 9: 3/3	Reducer 2: 0/3	Reducer 3: 0/3	Reducer 4: 0/3	Reducer 5: 0/1	Reducer 6: 0/1	
Map 1: 38(+12)/50	Map 10: 3/3	Map 11: 1/1	Map 12: 1/1	Map 13: 1/1	Map 7: 13/13	Map 8: 1/1	Map 9: 3/3	Reducer 2: 0/3	Reducer 3: 0/3	Reducer 4: 0/3	Reducer 5: 0/1	Reducer 6: 0/1	
Map 1: 38(+12)/50	Map 10: 3/3	Map 11: 1/1	Map 12: 1/1	Map 13: 1/1	Map 7: 13/13	Map 8: 1/1	Map 9: 3/3	Reducer 2: 0/3	Reducer 3: 0/3	Reducer 4: 0/3	Reducer 5: 0/1	Reducer 6: 0/1	
Map 1: 39(+11)/50	Map 10: 3/3	Map 11: 1/1	Map 12: 1/1	Map 13: 1/1	Map 7: 13/13	Map 8: 1/1	Map 9: 3/3	Reducer 2: 0/3	Reducer 3: 0/3	Reducer 4: 0/3	Reducer 5: 0/1	Reducer 6: 0/1	
Map 1: 40(+10)/50	Map 10: 3/3	Map 11: 1/1	Map 12: 1/1	Map 13: 1/1	Map 7: 13/13	Map 8: 1/1	Map 9: 3/3	Reducer 2: 0/3	Reducer 3: 0/3	Reducer 4: 0/3	Reducer 5: 0/1	Reducer 6: 0/1	
Map 1: 41(+9)/50	Map 10: 3/3	Map 11: 1/1	Map 12: 1/1	Map 13: 1/1	Map 7: 13/13	Map 8: 1/1	Map 9: 3/3	Reducer 2: 0/3	Reducer 3: 0/3	Reducer 4: 0/3	Reducer 5: 0/1	Reducer 6: 0/1	
Map 1: 42(+8)/50	Map 10: 3/3	Map 11: 1/1	Map 12: 1/1	Map 13: 1/1	Map 7: 13/13	Map 8: 1/1	Map 9: 3/3	Reducer 2: 0/3	Reducer 3: 0/3	Reducer 4: 0/3	Reducer 5: 0/1	Reducer 6: 0/1	
Map 1: 43(+7)/50	Map 10: 3/3	Map 11: 1/1	Map 12: 1/1	Map 13: 1/1	Map 7: 13/13	Map 8: 1/1	Map 9: 3/3	Reducer 2: 0/3	Reducer 3: 0/3	Reducer 4: 0/3	Reducer 5: 0/1	Reducer 6: 0/1	
Map 1: 43(+7)/50	Map 10: 3/3	Map 11: 1/1	Map 12: 1/1	Map 13: 1/1	Map 7: 13/13	Map 8: 1/1	Map 9: 3/3	Reducer 2: 0/3	Reducer 3: 0/3	Reducer 4: 0/3	Reducer 5: 0/1	Reducer 6: 0/1	
Map 1: 44(+6)/50	Map 10: 3/3	Map 11: 1/1	Map 12: 1/1	Map 13: 1/1	Map 7: 13/13	Map 8: 1/1	Map 9: 3/3	Reducer 2: 0/3	Reducer 3: 0/3	Reducer 4: 0/3	Reducer 5: 0/1	Reducer 6: 0/1	
Map 1: 45(+5)/50	Map 10: 3/3	Map 11: 1/1	Map 12: 1/1	Map 13: 1/1	Map 7: 13/13	Map 8: 1/1	Map 9: 3/3	Reducer 2: 0/3	Reducer 3: 0/3	Reducer 4: 0/3	Reducer 5: 0/1	Reducer 6: 0/1	
Map 1: 45(+5)/50	Map 10: 3/3	Map 11: 1/1	Map 12: 1/1	Map 13: 1/1	Map 7: 13/13	Map 8: 1/1	Map 9: 3/3	Reducer 2: 0/3	Reducer 3: 0/3	Reducer 4: 0/3	Reducer 5: 0/1	Reducer 6: 0/1	
Map 1: 45(+5)/50	Map 10: 3/3	Map 11: 1/1	Map 12: 1/1	Map 13: 1/1	Map 7: 13/13	Map 8: 1/1	Map 9: 3/3	Reducer 2: 0/3	Reducer 3: 0/3	Reducer 4: 0/3	Reducer 5: 0/1	Reducer 6: 0/1	
Map 1: 46(+4)/50	Map 10: 3/3	Map 11: 1/1	Map 12: 1/1	Map 13: 1/1	Map 7: 13/13	Map 8: 1/1	Map 9: 3/3	Reducer 2: 0/3	Reducer 3: 0/3	Reducer 4: 0/3	Reducer 5: 0/1	Reducer 6: 0/1	
Map 1: 47(+3)/50	Map 10: 3/3	Map 11: 1/1	Map 12: 1/1	Map 13: 1/1	Map 7: 13/13	Map 8: 1/1	Map 9: 3/3	Reducer 2: 0/3	Reducer 3: 0/3	Reducer 4: 0/3	Reducer 5: 0/1	Reducer 6: 0/1	
Map 1: 47(+3)/50	Map 10: 3/3	Map 11: 1/1	Map 12: 1/1	Map 13: 1/1	Map 7: 13/13	Map 8: 1/1	Map 9: 3/3	Reducer 2: 0/3	Reducer 3: 0/3	Reducer 4: 0/3	Reducer 5: 0/1	Reducer 6: 0/1	
Map 1: 47(+3)/50	Map 10: 3/3	Map 11: 1/1	Map 12: 1/1	Map 13: 1/1	Map 7: 13/13	Map 8: 1/1	Map 9: 3/3	Reducer 2: 0/3	Reducer 3: 0/3	Reducer 4: 0/3	Reducer 5: 0/1	Reducer 6: 0/1	
Map 1: 48(+2)/50	Map 10: 3/3	Map 11: 1/1	Map 12: 1/1	Map 13: 1/1	Map 7: 13/13	Map 8: 1/1	Map 9: 3/3	Reducer 2: 0/3	Reducer 3: 0/3	Reducer 4: 0/3	Reducer 5: 0/1	Reducer 6: 0/1	
Map 1: 48(+2)/50	Map 10: 3/3	Map 11: 1/1	Map 12: 1/1	Map 13: 1/1	Map 7: 13/13	Map 8: 1/1	Map 9: 3/3	Reducer 2: 0/3	Reducer 3: 0/3	Reducer 4: 0/3	Reducer 5: 0/1	Reducer 6: 0/1	
Map 1: 48(+2)/50	Map 10: 3/3	Map 11: 1/1	Map 12: 1/1	Map 13: 1/1	Map 7: 13/13	Map 8: 1/1	Map 9: 3/3	Reducer 2: 0/3	Reducer 3: 0/3	Reducer 4: 0/3	Reducer 5: 0/1	Reducer 6: 0/1	
Map 1: 48(+2)/50	Map 10: 3/3	Map 11: 1/1	Map 12: 1/1	Map 13: 1/1	Map 7: 13/13	Map 8: 1/1	Map 9: 3/3	Reducer 2: 0/3	Reducer 3: 0/3	Reducer 4: 0/3	Reducer 5: 0/1	Reducer 6: 0/1	
Map 1: 48(+2)/50	Map 10: 3/3	Map 11: 1/1	Map 12: 1/1	Map 13: 1/1	Map 7: 13/13	Map 8: 1/1	Map 9: 3/3	Reducer 2: 0/3	Reducer 3: 0/3	Reducer 4: 0/3	Reducer 5: 0/1	Reducer 6: 0/1	
Map 1: 48(+2)/50	Map 10: 3/3	Map 11: 1/1	Map 12: 1/1	Map 13: 1/1	Map 7: 13/13	Map 8: 1/1	Map 9: 3/3	Reducer 2: 0/3	Reducer 3: 0/3	Reducer 4: 0/3	Reducer 5: 0/1	Reducer 6: 0/1	
Map 1: 49(+1)/50	Map 10: 3/3	Map 11: 1/1	Map 12: 1/1	Map 13: 1/1	Map 7: 13/13	Map 8: 1/1	Map 9: 3/3	Reducer 2: 0/3	Reducer 3: 0/3	Reducer 4: 0/3	Reducer 5: 0/1	Reducer 6: 0/1	
Map 1: 50/50	Map 10: 3/3	Map 11: 1/1	Map 12: 1/1	Map 13: 1/1	Map 7: 13/13	Map 8: 1/1	Map 9: 3/3	Reducer 2: 0/3	Reducer 3: 0/3	Reducer 4: 0/3	Reducer 5: 0/1	Reducer 6: 0/1	
Map 1: 50/50	Map 10: 3/3	Map 11: 1/1	Map 12: 1/1	Map 13: 1/1	Map 7: 13/13	Map 8: 1/1	Map 9: 3/3	Reducer 2: 0(+2)/3	Reducer 3: 0/3	Reducer 4: 0/3	Reducer 5: 0/1	Reducer 6: 0/1	
Map 1: 50/50	Map 10: 3/3	Map 11: 1/1	Map 12: 1/1	Map 13: 1/1	Map 7: 13/13	Map 8: 1/1	Map 9: 3/3	Reducer 2: 0(+3)/3	Reducer 3: 0/3	Reducer 4: 0/3	Reducer 5: 0/1	Reducer 6: 0/1	
Map 1: 50/50	Map 10: 3/3	Map 11: 1/1	Map 12: 1/1	Map 13: 1/1	Map 7: 13/13	Map 8: 1/1	Map 9: 3/3	Reducer 2: 0(+3)/3	Reducer 3: 0/3	Reducer 4: 0/3	Reducer 5: 0/1	Reducer 6: 0/1	
Map 1: 50/50	Map 10: 3/3	Map 11: 1/1	Map 12: 1/1	Map 13: 1/1	Map 7: 13/13	Map 8: 1/1	Map 9: 3/3	Reducer 2: 0(+3)/3	Reducer 3: 0/3	Reducer 4: 0/3	Reducer 5: 0/1	Reducer 6: 0/1	
Map 1: 50/50	Map 10: 3/3	Map 11: 1/1	Map 12: 1/1	Map 13: 1/1	Map 7: 13/13	Map 8: 1/1	Map 9: 3/3	Reducer 2: 0(+3)/3	Reducer 3: 0/3	Reducer 4: 0/3	Reducer 5: 0/1	Reducer 6: 0/1	
Map 1: 50/50	Map 10: 3/3	Map 11: 1/1	Map 12: 1/1	Map 13: 1/1	Map 7: 13/13	Map 8: 1/1	Map 9: 3/3	Reducer 2: 0(+3)/3	Reducer 3: 0/3	Reducer 4: 0/3	Reducer 5: 0/1	Reducer 6: 0/1	
Map 1: 50/50	Map 10: 3/3	Map 11: 1/1	Map 12: 1/1	Map 13: 1/1	Map 7: 13/13	Map 8: 1/1	Map 9: 3/3	Reducer 2: 1(+2)/3	Reducer 3: 0/3	Reducer 4: 0/3	Reducer 5: 0/1	Reducer 6: 0/1	
Map 1: 50/50	Map 10: 3/3	Map 11: 1/1	Map 12: 1/1	Map 13: 1/1	Map 7: 13/13	Map 8: 1/1	Map 9: 3/3	Reducer 2: 2(+1)/3	Reducer 3: 0/3	Reducer 4: 0/3	Reducer 5: 0/1	Reducer 6: 0/1	
Map 1: 50/50	Map 10: 3/3	Map 11: 1/1	Map 12: 1/1	Map 13: 1/1	Map 7: 13/13	Map 8: 1/1	Map 9: 3/3	Reducer 2: 3/3	Reducer 3: 0/3	Reducer 4: 0/3	Reducer 5: 0/1	Reducer 6: 0/1	
Map 1: 50/50	Map 10: 3/3	Map 11: 1/1	Map 12: 1/1	Map 13: 1/1	Map 7: 13/13	Map 8: 1/1	Map 9: 3/3	Reducer 2: 3/3	Reducer 3: 0(+2)/3	Reducer 4: 0/3	Reducer 5: 0/1	Reducer 6: 0/1	
Map 1: 50/50	Map 10: 3/3	Map 11: 1/1	Map 12: 1/1	Map 13: 1/1	Map 7: 13/13	Map 8: 1/1	Map 9: 3/3	Reducer 2: 3/3	Reducer 3: 0(+3)/3	Reducer 4: 0/3	Reducer 5: 0/1	Reducer 6: 0/1	
Map 1: 50/50	Map 10: 3/3	Map 11: 1/1	Map 12: 1/1	Map 13: 1/1	Map 7: 13/13	Map 8: 1/1	Map 9: 3/3	Reducer 2: 3/3	Reducer 3: 0(+3)/3	Reducer 4: 0/3	Reducer 5: 0/1	Reducer 6: 0/1	
Map 1: 50/50	Map 10: 3/3	Map 11: 1/1	Map 12: 1/1	Map 13: 1/1	Map 7: 13/13	Map 8: 1/1	Map 9: 3/3	Reducer 2: 3/3	Reducer 3: 0(+3)/3	Reducer 4: 0/3	Reducer 5: 0/1	Reducer 6: 0/1	
Map 1: 50/50	Map 10: 3/3	Map 11: 1/1	Map 12: 1/1	Map 13: 1/1	Map 7: 13/13	Map 8: 1/1	Map 9: 3/3	Reducer 2: 3/3	Reducer 3: 0(+3)/3	Reducer 4: 0/3	Reducer 5: 0/1	Reducer 6: 0/1	
Map 1: 50/50	Map 10: 3/3	Map 11: 1/1	Map 12: 1/1	Map 13: 1/1	Map 7: 13/13	Map 8: 1/1	Map 9: 3/3	Reducer 2: 3/3	Reducer 3: 0(+3)/3	Reducer 4: 0/3	Reducer 5: 0/1	Reducer 6: 0/1	
Map 1: 50/50	Map 10: 3/3	Map 11: 1/1	Map 12: 1/1	Map 13: 1/1	Map 7: 13/13	Map 8: 1/1	Map 9: 3/3	Reducer 2: 3/3	Reducer 3: 1(+2)/3	Reducer 4: 0/3	Reducer 5: 0/1	Reducer 6: 0/1	
Map 1: 50/50	Map 10: 3/3	Map 11: 1/1	Map 12: 1/1	Map 13: 1/1	Map 7: 13/13	Map 8: 1/1	Map 9: 3/3	Reducer 2: 3/3	Reducer 3: 2(+1)/3	Reducer 4: 0/3	Reducer 5: 0/1	Reducer 6: 0/1	
Map 1: 50/50	Map 10: 3/3	Map 11: 1/1	Map 12: 1/1	Map 13: 1/1	Map 7: 13/13	Map 8: 1/1	Map 9: 3/3	Reducer 2: 3/3	Reducer 3: 3/3	Reducer 4: 0/3	Reducer 5: 0/1	Reducer 6: 0/1	
Map 1: 50/50	Map 10: 3/3	Map 11: 1/1	Map 12: 1/1	Map 13: 1/1	Map 7: 13/13	Map 8: 1/1	Map 9: 3/3	Reducer 2: 3/3	Reducer 3: 3/3	Reducer 4: 0(+1)/3	Reducer 5: 0/1	Reducer 6: 0/1	
Map 1: 50/50	Map 10: 3/3	Map 11: 1/1	Map 12: 1/1	Map 13: 1/1	Map 7: 13/13	Map 8: 1/1	Map 9: 3/3	Reducer 2: 3/3	Reducer 3: 3/3	Reducer 4: 0(+2)/3	Reducer 5: 0/1	Reducer 6: 0/1	
Map 1: 50/50	Map 10: 3/3	Map 11: 1/1	Map 12: 1/1	Map 13: 1/1	Map 7: 13/13	Map 8: 1/1	Map 9: 3/3	Reducer 2: 3/3	Reducer 3: 3/3	Reducer 4: 0(+3)/3	Reducer 5: 0/1	Reducer 6: 0/1	
Map 1: 50/50	Map 10: 3/3	Map 11: 1/1	Map 12: 1/1	Map 13: 1/1	Map 7: 13/13	Map 8: 1/1	Map 9: 3/3	Reducer 2: 3/3	Reducer 3: 3/3	Reducer 4: 0(+3)/3	Reducer 5: 0/1	Reducer 6: 0/1	
Map 1: 50/50	Map 10: 3/3	Map 11: 1/1	Map 12: 1/1	Map 13: 1/1	Map 7: 13/13	Map 8: 1/1	Map 9: 3/3	Reducer 2: 3/3	Reducer 3: 3/3	Reducer 4: 0(+3)/3	Reducer 5: 0/1	Reducer 6: 0/1	
Map 1: 50/50	Map 10: 3/3	Map 11: 1/1	Map 12: 1/1	Map 13: 1/1	Map 7: 13/13	Map 8: 1/1	Map 9: 3/3	Reducer 2: 3/3	Reducer 3: 3/3	Reducer 4: 0(+3)/3	Reducer 5: 0/1	Reducer 6: 0/1	
Map 1: 50/50	Map 10: 3/3	Map 11: 1/1	Map 12: 1/1	Map 13: 1/1	Map 7: 13/13	Map 8: 1/1	Map 9: 3/3	Reducer 2: 3/3	Reducer 3: 3/3	Reducer 4: 0(+3)/3	Reducer 5: 0/1	Reducer 6: 0/1	
Map 1: 50/50	Map 10: 3/3	Map 11: 1/1	Map 12: 1/1	Map 13: 1/1	Map 7: 13/13	Map 8: 1/1	Map 9: 3/3	Reducer 2: 3/3	Reducer 3: 3/3	Reducer 4: 1(+2)/3	Reducer 5: 0/1	Reducer 6: 0/1	
Map 1: 50/50	Map 10: 3/3	Map 11: 1/1	Map 12: 1/1	Map 13: 1/1	Map 7: 13/13	Map 8: 1/1	Map 9: 3/3	Reducer 2: 3/3	Reducer 3: 3/3	Reducer 4: 2(+1)/3	Reducer 5: 0/1	Reducer 6: 0/1	
Map 1: 50/50	Map 10: 3/3	Map 11: 1/1	Map 12: 1/1	Map 13: 1/1	Map 7: 13/13	Map 8: 1/1	Map 9: 3/3	Reducer 2: 3/3	Reducer 3: 3/3	Reducer 4: 3/3	Reducer 5: 0/1	Reducer 6: 0/1	
Map 1: 50/50	Map 10: 3/3	Map 11: 1/1	Map 12: 1/1	Map 13: 1/1	Map 7: 13/13	Map 8: 1/1	Map 9: 3/3	Reducer 2: 3/3	Reducer 3: 3/3	Reducer 4: 3/3	Reducer 5: 0(+1)/1	Reducer 6: 0/1	
Map 1: 50/50	Map 10: 3/3	Map 11: 1/1	Map 12: 1/1	Map 13: 1/1	Map 7: 13/13	Map 8: 1/1	Map 9: 3/3	Reducer 2: 3/3	Reducer 3: 3/3	Reducer 4: 3/3	Reducer 5: 1/1	Reducer 6: 0/1	
Map 1: 50/50	Map 10: 3/3	Map 11: 1/1	Map 12: 1/1	Map 13: 1/1	Map 7: 13/13	Map 8: 1/1	Map 9: 3/3	Reducer 2: 3/3	Reducer 3: 3/3	Reducer 4: 3/3	Reducer 5: 1/1	Reducer 6: 0(+1)/1	
Map 1: 50/50	Map 10: 3/3	Map 11: 1/1	Map 12: 1/1	Map 13: 1/1	Map 7: 13/13	Map 8: 1/1	Map 9: 3/3	Reducer 2: 3/3	Reducer 3: 3/3	Reducer 4: 3/3	Reducer 5: 1/1	Reducer 6: 1/1	
OK
Did not fit	36.4	922.3180053710937	44.14999961853027
Did not like the col	7.0	65.66000366210938	52.52000045776367
Did not like the mak	12.0	359.4599914550781	34.9900016784668
Did not like the mod	4.5	96.23500061035156	18.535000205039978
Found a better exten	5.0	65.47000122070312	41.73500061035156
Found a better price	21.5	365.5500011444092	44.73249959945679
Gift exchange	15.5	502.5549907684326	48.635000228881836
No service location 	18.0	670.0650100708008	32.06499934196472
Not working any more	22.0	90.98999977111816	20.105000019073486
Package was damaged	19.0	941.0019750595093	31.7440003156662
Parts missing	14.333333333333334	213.90000025431314	57.020002365112305
Stopped working	27.0	452.43249130249023	70.0649995803833
Wrong size	23.5	431.12999725341797	65.73999786376953
duplicate purchase	18.0	0.0	5.519999980926514
it is a girl	10.5	474.72498321533203	29.644999027252197
its is a boy	27.5	196.35500717163086	26.50499999523163
reason 24	9.75	172.76999378204346	65.16749954223633
reason 25	9.0	259.3500061035156	52.0099983215332
reason 26	5.0	248.11000061035156	74.68000030517578
reason 27	25.666666666666668	467.3833363850911	38.336666107177734
reason 28	42.0	497.6000061035156	64.03499984741211
reason 29	22.0	374.82666810353595	44.30666542053223
reason 31	36.25	760.8725032806396	54.20750141143799
reason 32	44.0	92.88000297546387	75.44499969482422
reason 33	9.0	180.9300038019816	45.070000330607094
reason 34	31.0	263.83998918533325	33.27000069618225
reason 35	6.0	558.7899780273438	70.2300033569336
reason 36	14.0	407.8599853515625	67.08999633789062
reason 37	24.0	526.3600006103516	57.30000114440918
reason 38	9.0	146.94749927520752	21.157500505447388
reason 39	52.5	675.9999961853027	43.98499870300293
unauthoized purchase	37.0	761.5599975585938	43.720001220703125
Time taken: 558.222 seconds, Fetched: 32 row(s)
Query 85: Total Execution Time = 586 seconds
