VM1 sda-sda
Previous Sectors Read = 26795802
Current Sectors Read = 26955842
Previous Sectors Written = 12871888
Current Sectors Written = 12910240
Sectors Read = 160040
Sectors Written = 38352
--------------------
VM1 sdb-sdb
Previous Sectors Read = 260226
Current Sectors Read = 260522
Previous Sectors Written = 427723368
Current Sectors Written = 427739128
Sectors Read = 296
Sectors Written = 15760
--------------------
VM1 sdc-sdc
Previous Sectors Read = 843164866
Current Sectors Read = 848040074
Previous Sectors Written = 1199074312
Current Sectors Written = 1288335472
Sectors Read = 4875208
Sectors Written = 89261160
--------------------
VM2 sda-sda
Previous Sectors Read = 10955082
Current Sectors Read = 10977250
Previous Sectors Written = 2006944
Current Sectors Written = 2027176
Sectors Read = 22168
Sectors Written = 20232
--------------------
VM2 sdb-sdb
Previous Sectors Read = 882066
Current Sectors Read = 883242
Previous Sectors Written = 427276128
Current Sectors Written = 427290256
Sectors Read = 1176
Sectors Written = 14128
--------------------
VM2 sdc-sdc
Previous Sectors Read = 982921274
Current Sectors Read = 988033490
Previous Sectors Written = 1161500088
Current Sectors Written = 1257088504
Sectors Read = 5112216
Sectors Written = 95588416
--------------------
VM3 sda-sda
Previous Sectors Read = 10907130
Current Sectors Read = 10929818
Previous Sectors Written = 2035592
Current Sectors Written = 2060104
Sectors Read = 22688
Sectors Written = 24512
--------------------
VM3 sdc-sdc
Previous Sectors Read = 840740898
Current Sectors Read = 846936170
Previous Sectors Written = 1175542584
Current Sectors Written = 1264206920
Sectors Read = 6195272
Sectors Written = 88664336
--------------------
VM3 sdb-sdb
Previous Sectors Read = 898218
Current Sectors Read = 899442
Previous Sectors Written = 427289688
Current Sectors Written = 427306784
Sectors Read = 1224
Sectors Written = 17096
--------------------
VM4 sda-sda
Previous Sectors Read = 10817754
Current Sectors Read = 10839986
Previous Sectors Written = 2042568
Current Sectors Written = 2060928
Sectors Read = 22232
Sectors Written = 18360
--------------------
VM4 sdb-sdb
Previous Sectors Read = 865490
Current Sectors Read = 866898
Previous Sectors Written = 427265360
Current Sectors Written = 427279160
Sectors Read = 1408
Sectors Written = 13800
--------------------
VM4 sdc-sdc
Previous Sectors Read = 837656834
Current Sectors Read = 842493970
Previous Sectors Written = 1273172984
Current Sectors Written = 1369376904
Sectors Read = 4837136
Sectors Written = 96203920
--------------------
VM1
Previous Packets Received = 83703083262
Current Packets Received = 84902458297
Previous Packets Transmitted = 88008246947
Current Packets Transmitted = 89245403754
Packets received = 1199375035
Packets Transmitted = 1237156807
--------------------
VM2
Previous Packets Received = 64697341217
Current Packets Received = 66327999046
Previous Packets Transmitted = 114584805766
Current Packets Transmitted = 115463882192
Packets received = 1630657829
Packets Transmitted = 879076426
--------------------
VM3
Previous Packets Received = 96033248708
Current Packets Received = 97255206542
Previous Packets Transmitted = 68375266976
Current Packets Transmitted = 70441238388
Packets received = 1221957834
Packets Transmitted = 2065971412
--------------------
VM4
Previous Packets Received = 101812429827
Current Packets Received = 103384196748
Previous Packets Transmitted = 61949202513
Current Packets Transmitted = 63184220056
Packets received = 1571766921
Packets Transmitted = 1235017543
--------------------
Total Sectors Read = 10880544768
Total Sectors Written = 189378596864
Total Packets Received = 5623757619
Total Packets Transmitted = 5417222188
