   8       0 sda 767094 9 21614114 1175952 228957 407983 10377720 5172412 0 1371212 6348052
   8       1 sda1 766944 9 21612914 1175900 228334 407983 10377720 5172144 0 1370944 6347740
   8      16 sdb 9048 13111 85058 4664 63313 66118 427292496 115048 0 8552 119688
   8      17 sdb1 8695 13089 82058 4596 63211 66118 427292496 114960 0 8396 119532
   8      32 sdc 2210794 802 521609090 142123752 1858288 154529 833040080 490450176 0 11600440 632570568
   8      33 sdc1 2210644 802 521607890 142122932 1821705 154529 833040080 490433904 0 11594104 632554060
   8       0 sda 381246 165 8814882 660460 45298 26468 1758832 794788 0 702508 1455120
   8       1 sda1 381096 165 8813682 660404 45290 26468 1758832 794712 0 702392 1454988
   8      16 sdb 48607 13108 399186 18616 50702 59953 426952536 113856 0 16476 132460
   8      17 sdb1 48254 13086 396186 18524 50599 59953 426952536 113796 0 16324 132308
   8      32 sdc 2535288 781 606926738 179916808 1709555 106091 796271016 493163144 0 11447040 673079948
   8      33 sdc1 2535138 781 606925538 179915980 1709462 106091 796271016 493163128 0 11446248 673078008
   8       0 sda 378073 129 8757266 589084 46676 26805 1780288 804952 0 692712 1393876
   8       1 sda1 377923 129 8756066 589064 46670 26805 1780288 804908 0 692664 1393808
   8      32 sdc 2192089 522 519176850 139083272 1696489 105351 792788960 478566976 0 10619884 617664776
   8      33 sdc1 2191939 522 519175650 139082452 1696401 105351 792788960 478566960 0 10619056 617647352
   8      16 sdb 48851 13108 401226 19388 50769 59670 426957144 99500 0 15916 118860
   8      17 sdb1 48499 13086 398234 19316 50664 59670 426957144 99244 0 15592 118532
   8       0 sda 377919 181 8731098 700516 45905 30799 1777232 813716 0 681404 1514064
   8       1 sda1 377769 181 8729898 700448 45899 30799 1777232 813672 0 681324 1513952
   8      16 sdb 47332 13108 388986 15908 50171 59290 426926456 93868 0 12316 109756
   8      17 sdb1 46979 13086 385986 15864 50065 59290 426926456 93620 0 12024 109464
   8      32 sdc 2173258 495 515362834 142492000 1902080 105606 891832312 541353908 0 11042756 683843860
   8      33 sdc1 2173108 495 515361634 142491168 1901987 105606 891832312 541353896 0 11041924 683859832
  eth0: 54241720467 43514630    0    0    0     0          0         0 64384970208 7896568    0    0    0     0       0          0
  eth0: 46837413028 38127211    0  916    0     0          0         0 75831828673 7469701    0    0    0     0       0          0
  eth0: 64928749005 49852310    0 1739    0     0          0         0 44312090915 7721925    0    0    0     0       0          0
  eth0: 71255461699 53069648    0  849    0     0          0         0 43539944812 7985992    0    0    0     0       0          0
