   8       0 sda 761150 9 21445586 1172540 228280 400632 10289304 5168400 0 1366416 6340628
   8       1 sda1 761000 9 21444386 1172488 227657 400632 10289304 5168132 0 1366148 6340316
   8      16 sdb 9033 13111 84938 4656 63193 66014 427288664 115020 0 8516 119652
   8      17 sdb1 8680 13089 81938 4588 63091 66014 427288664 114932 0 8360 119496
   8      32 sdc 2207527 802 521049986 141996048 1855287 153945 832437376 490326008 0 11564752 632318696
   8      33 sdc1 2207377 802 521048786 141995228 1819179 153945 832437376 490309816 0 11558456 632302268
   8       0 sda 378101 165 8743042 658328 45205 26388 1756296 794328 0 700576 1452528
   8       1 sda1 377951 165 8741842 658272 45197 26388 1756296 794252 0 700460 1452396
   8      16 sdb 48551 13108 398738 18608 50577 59819 426949576 113840 0 16452 132436
   8      17 sdb1 48198 13086 395738 18516 50474 59819 426949576 113780 0 16300 132284
   8      32 sdc 2531624 779 606222786 179775104 1703704 105396 794836832 492465180 0 11411252 672240292
   8      33 sdc1 2531474 779 606221586 179774276 1703611 105396 794836832 492465164 0 11410460 672238352
   8       0 sda 374875 129 8685514 587820 46592 26728 1778408 803932 0 690636 1391596
   8       1 sda1 374725 129 8684314 587800 46586 26728 1778408 803888 0 690588 1391528
   8      32 sdc 2189059 522 518619674 138954836 1695341 104869 792394720 478368248 0 10585276 617337612
   8      33 sdc1 2188909 522 518618474 138954016 1695253 104869 792394720 478368232 0 10584448 617320188
   8      16 sdb 48797 13108 400794 19356 50708 59587 426955808 99488 0 15900 118816
   8      17 sdb1 48445 13086 397802 19284 50603 59587 426955808 99232 0 15576 118488
   8       0 sda 374775 181 8659290 698652 45755 30657 1772608 813132 0 679596 1511624
   8       1 sda1 374625 181 8658090 698584 45749 30657 1772608 813088 0 679516 1511512
   8      16 sdb 47270 13108 388490 15844 50034 59093 426922440 93840 0 12272 109664
   8      17 sdb1 46917 13086 385490 15800 49928 59093 426922440 93592 0 11980 109372
   8      32 sdc 2169551 490 514705458 142161656 1884783 104730 887451560 537804172 0 10987596 679963784
   8      33 sdc1 2169401 490 514704258 142160824 1884690 104730 887451560 537804160 0 10986764 679979756
  eth0: 53298665463 42822018    0    0    0     0          0         0 63759910510 7818953    0    0    0     0       0          0
  eth0: 46456936849 37856048    0  916    0     0          0         0 75644000071 7437515    0    0    0     0       0          0
  eth0: 64794412558 49745603    0 1739    0     0          0         0 43964388308 7681608    0    0    0     0       0          0
  eth0: 70413135301 52456485    0  849    0     0          0         0 42485158810 7896651    0    0    0     0       0          0
