
Logging initialized using configuration in jar:file:/home/ubuntu/software/hive-1.2.1/lib/hive-common-1.2.1.jar!/hive-log4j.properties
Hive history file=/tmp/ubuntu/hive_job_log_689e5bec-037a-442a-913a-3908936c2d4d_1180618171.txt
SLF4J: Class path contains multiple SLF4J bindings.
SLF4J: Found binding in [jar:file:/home/ubuntu/software/tez-0.7.1-SNAPSHOT-minimal/lib/slf4j-log4j12-1.7.5.jar!/org/slf4j/impl/StaticLoggerBinder.class]
SLF4J: Found binding in [jar:file:/home/ubuntu/software/hadoop-2.6.0/share/hadoop/common/lib/slf4j-log4j12-1.7.5.jar!/org/slf4j/impl/StaticLoggerBinder.class]
SLF4J: See http://www.slf4j.org/codes.html#multiple_bindings for an explanation.
SLF4J: Actual binding is of type [org.slf4j.impl.Log4jLoggerFactory]
OK
Time taken: 0.945 seconds
Query ID = ubuntu_20160924182134_d4491e66-b94e-4803-b487-8f61d6f9bffc
Total jobs = 9
SLF4J: Class path contains multiple SLF4J bindings.
SLF4J: Found binding in [jar:file:/home/ubuntu/software/tez-0.7.1-SNAPSHOT-minimal/lib/slf4j-log4j12-1.7.5.jar!/org/slf4j/impl/StaticLoggerBinder.class]
SLF4J: Found binding in [jar:file:/home/ubuntu/software/hadoop-2.6.0/share/hadoop/common/lib/slf4j-log4j12-1.7.5.jar!/org/slf4j/impl/StaticLoggerBinder.class]
SLF4J: See http://www.slf4j.org/codes.html#multiple_bindings for an explanation.
SLF4J: Actual binding is of type [org.slf4j.impl.Log4jLoggerFactory]
Execution log at: /tmp/ubuntu/ubuntu_20160924182134_d4491e66-b94e-4803-b487-8f61d6f9bffc.log
2016-09-24 18:21:40	Starting to launch local task to process map join;	maximum memory = 932184064
2016-09-24 18:21:41	Dump the side-table for tag: 1 with group count: 7 into file: file:/tmp/ubuntu/689e5bec-037a-442a-913a-3908936c2d4d/hive_2016-09-24_18-21-34_547_3755150786418200208-1/-local-10016/HashTable-Stage-15/MapJoin-mapfile41--.hashtable
2016-09-24 18:21:41	Uploaded 1 File to: file:/tmp/ubuntu/689e5bec-037a-442a-913a-3908936c2d4d/hive_2016-09-24_18-21-34_547_3755150786418200208-1/-local-10016/HashTable-Stage-15/MapJoin-mapfile41--.hashtable (504 bytes)
2016-09-24 18:21:41	End of local task; Time Taken: 1.317 sec.
Execution completed successfully
MapredLocal task succeeded
Launching Job 1 out of 9
Number of reduce tasks is set to 0 since there's no reduce operator
Starting Job = job_1474660851143_0316, Tracking URL = http://vm1:8088/proxy/application_1474660851143_0316/
Kill Command = /home/ubuntu/software/hadoop-2.6.0/bin/hadoop job  -kill job_1474660851143_0316
Hadoop job information for Stage-15: number of mappers: 5; number of reducers: 0
2016-09-24 18:21:49,874 Stage-15 map = 0%,  reduce = 0%
2016-09-24 18:22:04,361 Stage-15 map = 4%,  reduce = 0%, Cumulative CPU 34.87 sec
2016-09-24 18:22:05,399 Stage-15 map = 11%,  reduce = 0%, Cumulative CPU 43.38 sec
2016-09-24 18:22:07,488 Stage-15 map = 12%,  reduce = 0%, Cumulative CPU 49.15 sec
2016-09-24 18:22:08,523 Stage-15 map = 16%,  reduce = 0%, Cumulative CPU 57.55 sec
2016-09-24 18:22:10,589 Stage-15 map = 20%,  reduce = 0%, Cumulative CPU 62.45 sec
2016-09-24 18:22:11,625 Stage-15 map = 23%,  reduce = 0%, Cumulative CPU 71.47 sec
2016-09-24 18:22:14,730 Stage-15 map = 30%,  reduce = 0%, Cumulative CPU 84.51 sec
2016-09-24 18:22:16,797 Stage-15 map = 34%,  reduce = 0%, Cumulative CPU 89.79 sec
2016-09-24 18:22:17,837 Stage-15 map = 35%,  reduce = 0%, Cumulative CPU 97.96 sec
2016-09-24 18:22:19,904 Stage-15 map = 37%,  reduce = 0%, Cumulative CPU 103.19 sec
2016-09-24 18:22:20,940 Stage-15 map = 42%,  reduce = 0%, Cumulative CPU 111.9 sec
2016-09-24 18:22:23,016 Stage-15 map = 48%,  reduce = 0%, Cumulative CPU 123.11 sec
2016-09-24 18:22:24,051 Stage-15 map = 49%,  reduce = 0%, Cumulative CPU 125.76 sec
2016-09-24 18:22:26,121 Stage-15 map = 55%,  reduce = 0%, Cumulative CPU 139.82 sec
2016-09-24 18:22:28,189 Stage-15 map = 58%,  reduce = 0%, Cumulative CPU 141.22 sec
2016-09-24 18:22:29,223 Stage-15 map = 64%,  reduce = 0%, Cumulative CPU 151.86 sec
2016-09-24 18:22:32,316 Stage-15 map = 65%,  reduce = 0%, Cumulative CPU 161.44 sec
2016-09-24 18:22:34,383 Stage-15 map = 67%,  reduce = 0%, Cumulative CPU 164.57 sec
2016-09-24 18:22:35,417 Stage-15 map = 71%,  reduce = 0%, Cumulative CPU 172.27 sec
2016-09-24 18:22:37,483 Stage-15 map = 73%,  reduce = 0%, Cumulative CPU 175.34 sec
2016-09-24 18:22:38,516 Stage-15 map = 76%,  reduce = 0%, Cumulative CPU 182.73 sec
2016-09-24 18:22:40,578 Stage-15 map = 78%,  reduce = 0%, Cumulative CPU 185.78 sec
2016-09-24 18:22:41,609 Stage-15 map = 80%,  reduce = 0%, Cumulative CPU 193.51 sec
2016-09-24 18:22:44,701 Stage-15 map = 85%,  reduce = 0%, Cumulative CPU 204.07 sec
2016-09-24 18:22:46,764 Stage-15 map = 87%,  reduce = 0%, Cumulative CPU 206.95 sec
2016-09-24 18:22:47,816 Stage-15 map = 91%,  reduce = 0%, Cumulative CPU 212.29 sec
2016-09-24 18:22:50,905 Stage-15 map = 93%,  reduce = 0%, Cumulative CPU 220.96 sec
2016-09-24 18:22:51,936 Stage-15 map = 95%,  reduce = 0%, Cumulative CPU 221.7 sec
2016-09-24 18:22:52,966 Stage-15 map = 96%,  reduce = 0%, Cumulative CPU 224.24 sec
2016-09-24 18:22:55,025 Stage-15 map = 98%,  reduce = 0%, Cumulative CPU 228.31 sec
2016-09-24 18:22:56,055 Stage-15 map = 100%,  reduce = 0%, Cumulative CPU 231.04 sec
MapReduce Total cumulative CPU time: 3 minutes 51 seconds 40 msec
Ended Job = job_1474660851143_0316
Stage-18 is selected by condition resolver.
Stage-19 is filtered out by condition resolver.
Stage-2 is filtered out by condition resolver.
SLF4J: Class path contains multiple SLF4J bindings.
SLF4J: Found binding in [jar:file:/home/ubuntu/software/tez-0.7.1-SNAPSHOT-minimal/lib/slf4j-log4j12-1.7.5.jar!/org/slf4j/impl/StaticLoggerBinder.class]
SLF4J: Found binding in [jar:file:/home/ubuntu/software/hadoop-2.6.0/share/hadoop/common/lib/slf4j-log4j12-1.7.5.jar!/org/slf4j/impl/StaticLoggerBinder.class]
SLF4J: See http://www.slf4j.org/codes.html#multiple_bindings for an explanation.
SLF4J: Actual binding is of type [org.slf4j.impl.Log4jLoggerFactory]
Execution log at: /tmp/ubuntu/ubuntu_20160924182134_d4491e66-b94e-4803-b487-8f61d6f9bffc.log
2016-09-24 18:22:59	Starting to launch local task to process map join;	maximum memory = 932184064
2016-09-24 18:23:02	Dump the side-table for tag: 1 with group count: 3863 into file: file:/tmp/ubuntu/689e5bec-037a-442a-913a-3908936c2d4d/hive_2016-09-24_18-21-34_547_3755150786418200208-1/-local-10012/HashTable-Stage-12/MapJoin-mapfile21--.hashtable
2016-09-24 18:23:02	Uploaded 1 File to: file:/tmp/ubuntu/689e5bec-037a-442a-913a-3908936c2d4d/hive_2016-09-24_18-21-34_547_3755150786418200208-1/-local-10012/HashTable-Stage-12/MapJoin-mapfile21--.hashtable (163270 bytes)
2016-09-24 18:23:02	End of local task; Time Taken: 2.323 sec.
Execution completed successfully
MapredLocal task succeeded
Launching Job 3 out of 9
Number of reduce tasks is set to 0 since there's no reduce operator
Starting Job = job_1474660851143_0317, Tracking URL = http://vm1:8088/proxy/application_1474660851143_0317/
Kill Command = /home/ubuntu/software/hadoop-2.6.0/bin/hadoop job  -kill job_1474660851143_0317
Hadoop job information for Stage-12: number of mappers: 10; number of reducers: 0
2016-09-24 18:23:08,608 Stage-12 map = 0%,  reduce = 0%
2016-09-24 18:23:20,102 Stage-12 map = 2%,  reduce = 0%, Cumulative CPU 37.69 sec
2016-09-24 18:23:21,191 Stage-12 map = 12%,  reduce = 0%, Cumulative CPU 60.98 sec
2016-09-24 18:23:25,365 Stage-12 map = 22%,  reduce = 0%, Cumulative CPU 94.74 sec
2016-09-24 18:23:26,447 Stage-12 map = 41%,  reduce = 0%, Cumulative CPU 109.36 sec
2016-09-24 18:23:27,485 Stage-12 map = 51%,  reduce = 0%, Cumulative CPU 115.63 sec
2016-09-24 18:23:29,563 Stage-12 map = 66%,  reduce = 0%, Cumulative CPU 138.54 sec
2016-09-24 18:23:30,594 Stage-12 map = 90%,  reduce = 0%, Cumulative CPU 148.38 sec
2016-09-24 18:23:31,624 Stage-12 map = 95%,  reduce = 0%, Cumulative CPU 149.66 sec
2016-09-24 18:23:33,692 Stage-12 map = 100%,  reduce = 0%, Cumulative CPU 153.16 sec
MapReduce Total cumulative CPU time: 2 minutes 33 seconds 160 msec
Ended Job = job_1474660851143_0317
Stage-16 is selected by condition resolver.
Stage-17 is filtered out by condition resolver.
Stage-3 is filtered out by condition resolver.
SLF4J: Class path contains multiple SLF4J bindings.
SLF4J: Found binding in [jar:file:/home/ubuntu/software/tez-0.7.1-SNAPSHOT-minimal/lib/slf4j-log4j12-1.7.5.jar!/org/slf4j/impl/StaticLoggerBinder.class]
SLF4J: Found binding in [jar:file:/home/ubuntu/software/hadoop-2.6.0/share/hadoop/common/lib/slf4j-log4j12-1.7.5.jar!/org/slf4j/impl/StaticLoggerBinder.class]
SLF4J: See http://www.slf4j.org/codes.html#multiple_bindings for an explanation.
SLF4J: Actual binding is of type [org.slf4j.impl.Log4jLoggerFactory]
Execution log at: /tmp/ubuntu/ubuntu_20160924182134_d4491e66-b94e-4803-b487-8f61d6f9bffc.log
2016-09-24 18:23:37	Starting to launch local task to process map join;	maximum memory = 932184064
2016-09-24 18:23:39	Dump the side-table for tag: 1 with group count: 60 into file: file:/tmp/ubuntu/689e5bec-037a-442a-913a-3908936c2d4d/hive_2016-09-24_18-21-34_547_3755150786418200208-1/-local-10008/HashTable-Stage-9/MapJoin-mapfile01--.hashtable
2016-09-24 18:23:39	Uploaded 1 File to: file:/tmp/ubuntu/689e5bec-037a-442a-913a-3908936c2d4d/hive_2016-09-24_18-21-34_547_3755150786418200208-1/-local-10008/HashTable-Stage-9/MapJoin-mapfile01--.hashtable (2248 bytes)
2016-09-24 18:23:39	End of local task; Time Taken: 1.947 sec.
Execution completed successfully
MapredLocal task succeeded
Launching Job 5 out of 9
Number of reduce tasks is set to 0 since there's no reduce operator
Starting Job = job_1474660851143_0318, Tracking URL = http://vm1:8088/proxy/application_1474660851143_0318/
Kill Command = /home/ubuntu/software/hadoop-2.6.0/bin/hadoop job  -kill job_1474660851143_0318
Hadoop job information for Stage-9: number of mappers: 3; number of reducers: 0
2016-09-24 18:23:46,002 Stage-9 map = 0%,  reduce = 0%
2016-09-24 18:23:55,326 Stage-9 map = 33%,  reduce = 0%, Cumulative CPU 4.47 sec
2016-09-24 18:23:57,384 Stage-9 map = 100%,  reduce = 0%, Cumulative CPU 20.7 sec
MapReduce Total cumulative CPU time: 20 seconds 700 msec
Ended Job = job_1474660851143_0318
Launching Job 6 out of 9
Number of reduce tasks not specified. Estimated from input data size: 1
In order to change the average load for a reducer (in bytes):
  set hive.exec.reducers.bytes.per.reducer=<number>
In order to limit the maximum number of reducers:
  set hive.exec.reducers.max=<number>
In order to set a constant number of reducers:
  set mapreduce.job.reduces=<number>
Starting Job = job_1474660851143_0319, Tracking URL = http://vm1:8088/proxy/application_1474660851143_0319/
Kill Command = /home/ubuntu/software/hadoop-2.6.0/bin/hadoop job  -kill job_1474660851143_0319
Hadoop job information for Stage-4: number of mappers: 1; number of reducers: 1
2016-09-24 18:24:05,254 Stage-4 map = 0%,  reduce = 0%
2016-09-24 18:24:11,447 Stage-4 map = 100%,  reduce = 0%, Cumulative CPU 2.9 sec
2016-09-24 18:24:18,674 Stage-4 map = 100%,  reduce = 100%, Cumulative CPU 6.18 sec
MapReduce Total cumulative CPU time: 6 seconds 180 msec
Ended Job = job_1474660851143_0319
Launching Job 7 out of 9
Number of reduce tasks determined at compile time: 1
In order to change the average load for a reducer (in bytes):
  set hive.exec.reducers.bytes.per.reducer=<number>
In order to limit the maximum number of reducers:
  set hive.exec.reducers.max=<number>
In order to set a constant number of reducers:
  set mapreduce.job.reduces=<number>
Starting Job = job_1474660851143_0320, Tracking URL = http://vm1:8088/proxy/application_1474660851143_0320/
Kill Command = /home/ubuntu/software/hadoop-2.6.0/bin/hadoop job  -kill job_1474660851143_0320
Hadoop job information for Stage-5: number of mappers: 1; number of reducers: 1
2016-09-24 18:24:24,565 Stage-5 map = 0%,  reduce = 0%
2016-09-24 18:24:30,746 Stage-5 map = 100%,  reduce = 0%, Cumulative CPU 2.33 sec
2016-09-24 18:24:36,921 Stage-5 map = 100%,  reduce = 100%, Cumulative CPU 4.04 sec
MapReduce Total cumulative CPU time: 4 seconds 40 msec
Ended Job = job_1474660851143_0320
MapReduce Jobs Launched: 
Stage-Stage-15: Map: 5   Cumulative CPU: 231.04 sec   HDFS Read: 1164950191 HDFS Write: 2535951899 SUCCESS
Stage-Stage-12: Map: 10   Cumulative CPU: 153.16 sec   HDFS Read: 2536063335 HDFS Write: 246864624 SUCCESS
Stage-Stage-9: Map: 3   Cumulative CPU: 20.7 sec   HDFS Read: 246905378 HDFS Write: 1432440 SUCCESS
Stage-Stage-4: Map: 1  Reduce: 1   Cumulative CPU: 6.18 sec   HDFS Read: 1440614 HDFS Write: 432344 SUCCESS
Stage-Stage-5: Map: 1  Reduce: 1   Cumulative CPU: 4.04 sec   HDFS Read: 438339 HDFS Write: 2799 SUCCESS
Total MapReduce CPU Time Spent: 6 minutes 55 seconds 120 msec
OK
	AAAAAAAAAAANAAAA	2640	2496
	AAAAAAAAAACDAAAA	1034	1314
	AAAAAAAAAAHMAAAA	2644	3757
	AAAAAAAAAAIIAAAA	2502	2092
	AAAAAAAAAAKNAAAA	2183	2240
	AAAAAAAAAALAAAAA	2430	2468
	AAAAAAAAAANDAAAA	1584	1366
	AAAAAAAAAANKAAAA	1616	2105
	AAAAAAAAABDAAAAA	2514	2640
	AAAAAAAAABEFAAAA	1845	1548
	AAAAAAAAABGMAAAA	2334	1572
	AAAAAAAAABGNAAAA	2627	2304
	AAAAAAAAABIHAAAA	2087	2884
	AAAAAAAAABLFAAAA	2670	1925
	AAAAAAAAACGLAAAA	2470	2049
	AAAAAAAAACGOAAAA	1453	2075
	AAAAAAAAACHCAAAA	2280	2036
	AAAAAAAAACLDAAAA	2632	1873
	AAAAAAAAACLGAAAA	1525	2041
	AAAAAAAAACLNAAAA	1670	2320
	AAAAAAAAACOBAAAA	2566	2711
	AAAAAAAAACPDAAAA	1781	2658
	AAAAAAAAADCMAAAA	2977	2344
	AAAAAAAAADIOAAAA	2672	2435
	AAAAAAAAADJFAAAA	2645	2806
	AAAAAAAAADPOAAAA	2476	1953
	AAAAAAAAAEBFAAAA	1790	1845
	AAAAAAAAAEFBAAAA	1512	1700
	AAAAAAAAAEHOAAAA	2251	2443
	AAAAAAAAAELOAAAA	2213	2398
	AAAAAAAAAEMAAAAA	1647	1643
	AAAAAAAAAEOCAAAA	1950	2293
	AAAAAAAAAFADAAAA	1701	1553
	AAAAAAAAAFGJAAAA	1405	1941
	AAAAAAAAAFJLAAAA	2396	2375
	AAAAAAAAAFKEAAAA	1166	980
	AAAAAAAAAFPCAAAA	2526	3200
	AAAAAAAAAFPJAAAA	2733	2181
	AAAAAAAAAGIDAAAA	2661	2186
	AAAAAAAAAGNMAAAA	2035	2991
	AAAAAAAAAHGHAAAA	2577	3172
	AAAAAAAAAHJBAAAA	1907	1675
	AAAAAAAAAHJJAAAA	2095	2846
	AAAAAAAAAHKMAAAA	2284	2753
	AAAAAAAAAHNCAAAA	2540	3563
	AAAAAAAAAHOEAAAA	2198	3112
	AAAAAAAAAICKAAAA	1322	1955
	AAAAAAAAAIECAAAA	1759	2184
	AAAAAAAAAIENAAAA	1971	2162
	AAAAAAAAAIJLAAAA	1546	1807
	AAAAAAAAAINEAAAA	2279	2388
	AAAAAAAAAJACAAAA	2664	3148
	AAAAAAAAAJAIAAAA	1868	2481
	AAAAAAAAAJCAAAAA	2115	3069
	AAAAAAAAAJCIAAAA	3035	3028
	AAAAAAAAAJEDAAAA	1735	2566
	AAAAAAAAAJFIAAAA	2434	2179
	AAAAAAAAAJKBAAAA	2108	1725
	AAAAAAAAAJKGAAAA	2342	3151
	AAAAAAAAAJNEAAAA	2299	2512
	AAAAAAAAAJNHAAAA	1882	2463
	AAAAAAAAAKAAAAAA	3018	2187
	AAAAAAAAAKAHAAAA	2507	2815
	AAAAAAAAAKCLAAAA	2349	2460
	AAAAAAAAAKDHAAAA	2277	3281
	AAAAAAAAAKHFAAAA	2511	1776
	AAAAAAAAAKMHAAAA	1406	1593
	AAAAAAAAAKPNAAAA	1873	2357
	AAAAAAAAALECAAAA	2305	1994
	AAAAAAAAALFMAAAA	1979	1829
	AAAAAAAAALHFAAAA	1445	1341
	AAAAAAAAALIGAAAA	2138	1434
	AAAAAAAAALJCAAAA	1854	1895
	AAAAAAAAALKKAAAA	1809	1859
	AAAAAAAAALLNAAAA	2434	2437
	AAAAAAAAALPFAAAA	1843	2452
	AAAAAAAAAMALAAAA	1171	1491
	AAAAAAAAAMBEAAAA	1996	2202
	AAAAAAAAAMEKAAAA	2047	2684
	AAAAAAAAAMGNAAAA	2319	2796
	AAAAAAAAAMMOAAAA	2558	2480
	AAAAAAAAANBIAAAA	1817	1616
	AAAAAAAAANCFAAAA	2129	2180
	AAAAAAAAANEGAAAA	2294	1690
	AAAAAAAAANMHAAAA	2760	3511
	AAAAAAAAANPGAAAA	1710	2288
	AAAAAAAAAOAGAAAA	3238	2186
	AAAAAAAAAOIBAAAA	1721	2168
	AAAAAAAAAOJGAAAA	1984	2491
	AAAAAAAAAOMOAAAA	2450	1670
	AAAAAAAAAOPIAAAA	1730	2180
	AAAAAAAAAPEMAAAA	2384	3135
	AAAAAAAAAPHNAAAA	1752	2525
	AAAAAAAAAPLAAAAA	2431	3250
	AAAAAAAAAPLDAAAA	2445	2048
	AAAAAAAAAPOMAAAA	1591	2108
	AAAAAAAABAEIAAAA	2147	2378
	AAAAAAAABAIKAAAA	2341	2858
	AAAAAAAABAPDAAAA	1786	2327
	AAAAAAAABAPMAAAA	2586	2338
Time taken: 183.491 seconds, Fetched: 100 row(s)
Query 21: Total Execution Time = 191 seconds
