VM1 sda-sda
Previous Sectors Read = 21445586
Current Sectors Read = 21614114
Previous Sectors Written = 10289304
Current Sectors Written = 10377720
Sectors Read = 168528
Sectors Written = 88416
--------------------
VM1 sdb-sdb
Previous Sectors Read = 84938
Current Sectors Read = 85058
Previous Sectors Written = 427288664
Current Sectors Written = 427292496
Sectors Read = 120
Sectors Written = 3832
--------------------
VM1 sdc-sdc
Previous Sectors Read = 521049986
Current Sectors Read = 521609090
Previous Sectors Written = 832437376
Current Sectors Written = 833040080
Sectors Read = 559104
Sectors Written = 602704
--------------------
VM2 sda-sda
Previous Sectors Read = 8743042
Current Sectors Read = 8814882
Previous Sectors Written = 1756296
Current Sectors Written = 1758832
Sectors Read = 71840
Sectors Written = 2536
--------------------
VM2 sdb-sdb
Previous Sectors Read = 398738
Current Sectors Read = 399186
Previous Sectors Written = 426949576
Current Sectors Written = 426952536
Sectors Read = 448
Sectors Written = 2960
--------------------
VM2 sdc-sdc
Previous Sectors Read = 606222786
Current Sectors Read = 606926738
Previous Sectors Written = 794836832
Current Sectors Written = 796271016
Sectors Read = 703952
Sectors Written = 1434184
--------------------
VM3 sda-sda
Previous Sectors Read = 8685514
Current Sectors Read = 8757266
Previous Sectors Written = 1778408
Current Sectors Written = 1780288
Sectors Read = 71752
Sectors Written = 1880
--------------------
VM3 sdc-sdc
Previous Sectors Read = 518619674
Current Sectors Read = 519176850
Previous Sectors Written = 792394720
Current Sectors Written = 792788960
Sectors Read = 557176
Sectors Written = 394240
--------------------
VM3 sdb-sdb
Previous Sectors Read = 400794
Current Sectors Read = 401226
Previous Sectors Written = 426955808
Current Sectors Written = 426957144
Sectors Read = 432
Sectors Written = 1336
--------------------
VM4 sda-sda
Previous Sectors Read = 8659290
Current Sectors Read = 8731098
Previous Sectors Written = 1772608
Current Sectors Written = 1777232
Sectors Read = 71808
Sectors Written = 4624
--------------------
VM4 sdb-sdb
Previous Sectors Read = 388490
Current Sectors Read = 388986
Previous Sectors Written = 426922440
Current Sectors Written = 426926456
Sectors Read = 496
Sectors Written = 4016
--------------------
VM4 sdc-sdc
Previous Sectors Read = 514705458
Current Sectors Read = 515362834
Previous Sectors Written = 887451560
Current Sectors Written = 891832312
Sectors Read = 657376
Sectors Written = 4380752
--------------------
VM1
Previous Packets Received = 53298665463
Current Packets Received = 54241720467
Previous Packets Transmitted = 63759910510
Current Packets Transmitted = 64384970208
Packets received = 943055004
Packets Transmitted = 625059698
--------------------
VM2
Previous Packets Received = 46456936849
Current Packets Received = 46837413028
Previous Packets Transmitted = 75644000071
Current Packets Transmitted = 75831828673
Packets received = 380476179
Packets Transmitted = 187828602
--------------------
VM3
Previous Packets Received = 64794412558
Current Packets Received = 64928749005
Previous Packets Transmitted = 43964388308
Current Packets Transmitted = 44312090915
Packets received = 134336447
Packets Transmitted = 347702607
--------------------
VM4
Previous Packets Received = 70413135301
Current Packets Received = 71255461699
Previous Packets Transmitted = 42485158810
Current Packets Transmitted = 43539944812
Packets received = 842326398
Packets Transmitted = 1054786002
--------------------
Total Sectors Read = 1465872384
Total Sectors Written = 3543797760
Total Packets Received = 2300194028
Total Packets Transmitted = 2215376909
