   8       0 sda 637505 9 18046610 1031940 207110 338859 9161288 4921204 0 1278564 5952904
   8       1 sda1 637355 9 18045410 1031888 206490 338859 9161288 4920936 0 1278296 5952584
   8      16 sdb 5285 13111 54954 3164 60548 63338 427205528 114424 0 7272 117564
   8      17 sdb1 4932 13089 51954 3096 60463 63338 427205528 114344 0 7124 117416
   8      32 sdc 2047591 738 487191194 134633204 1781000 140727 805369360 478303092 0 10671752 612933080
   8      33 sdc1 2047441 738 487189994 134632384 1749759 140727 805369360 478288484 0 10666040 612918236
   8       0 sda 315607 143 7354826 608528 42863 24589 1691728 779744 0 665448 1388172
   8       1 sda1 315457 143 7353626 608472 42855 24589 1691728 779668 0 665332 1388040
   8      16 sdb 10999 13108 98322 4672 48296 57252 426884952 113392 0 6868 118056
   8      17 sdb1 10646 13086 95322 4580 48210 57252 426884952 113340 0 6724 117912
   8      32 sdc 2348540 747 565869498 171571564 1652020 96554 773265744 482438352 0 10550068 654008788
   8      33 sdc1 2348390 747 565868298 171570736 1651944 96554 773265744 482438340 0 10549276 654006836
   8       0 sda 312774 108 7301402 563440 44229 24702 1716104 790120 0 658360 1353420
   8       1 sda1 312624 108 7300202 563420 44223 24702 1716104 790076 0 658312 1353352
   8      32 sdc 2031702 438 484880986 132112356 1657645 95970 778292112 471515104 0 9831832 603641920
   8      33 sdc1 2031552 438 484879786 132111536 1657573 95970 778292112 471515100 0 9831012 603624660
   8      16 sdb 10762 13108 96514 4860 48477 57107 426895792 99148 0 6480 104004
   8      17 sdb1 10410 13086 93522 4788 48389 57107 426895792 98900 0 6164 103684
   8       0 sda 313316 161 7288330 632544 43846 29135 1720992 803060 0 650020 1435464
   8       1 sda1 313166 161 7287130 632476 43840 29135 1720992 803016 0 649940 1435352
   8      16 sdb 10619 13108 95282 3796 48057 56750 426867760 93644 0 5928 97428
   8      17 sdb1 10266 13086 92282 3752 47968 56750 426867760 93400 0 5640 97140
   8      32 sdc 2012330 432 480795258 135320964 1828652 96183 863408816 526062196 0 10204060 661381236
   8      33 sdc1 2012180 432 480794058 135320132 1828575 96183 863408816 526062184 0 10203228 661397212
  eth0: 48784948716 39297203    0    0    0     0          0         0 55928420240 7204392    0    0    0     0       0          0
  eth0: 42729327890 34902991    0  916    0     0          0         0 70054442580 6952851    0    0    0     0       0          0
  eth0: 57931265212 44876181    0 1739    0     0          0         0 41397314088 7155083    0    0    0     0       0          0
  eth0: 64341822014 48034168    0  849    0     0          0         0 38129850613 7347566    0    0    0     0       0          0
