   8       0 sda 632725 9 17886978 1028780 206869 338642 9154144 4919568 0 1275284 5948108
   8       1 sda1 632575 9 17885778 1028728 206249 338642 9154144 4919300 0 1275016 5947788
   8      16 sdb 5240 13111 54594 3044 60435 63200 427201584 114412 0 7256 117432
   8      17 sdb1 4887 13089 51594 2976 60350 63200 427201584 114332 0 7108 117284
   8      32 sdc 2030873 730 483537498 133957068 1780330 139963 805335928 478294992 0 10602000 612248856
   8      33 sdc1 2030723 730 483536298 133956248 1749170 139963 805335928 478280392 0 10596292 612234020
   8       0 sda 314432 143 7332882 607860 42707 24430 1685872 778228 0 663528 1385988
   8       1 sda1 314282 143 7331682 607804 42699 24430 1685872 778152 0 663412 1385856
   8      16 sdb 10910 13108 97610 4668 48086 57010 426878024 113372 0 6844 118032
   8      17 sdb1 10557 13086 94610 4576 48000 57010 426878024 113320 0 6700 117888
   8      32 sdc 2328570 747 561441050 170871568 1651351 95914 773229648 482421032 0 10471216 653291476
   8      33 sdc1 2328420 747 561439850 170870740 1651275 95914 773229648 482421020 0 10470424 653289524
   8       0 sda 311608 108 7279162 562432 44145 24654 1713192 789812 0 657096 1352108
   8       1 sda1 311458 108 7277962 562412 44139 24654 1713192 789768 0 657048 1352040
   8      32 sdc 2015111 429 481223810 131432216 1657255 95564 778267440 471506508 0 9774972 602953192
   8      33 sdc1 2014961 429 481222610 131431396 1657183 95564 778267440 471506504 0 9774152 602935936
   8      16 sdb 10672 13108 95794 4848 48320 56961 426891800 99144 0 6464 103988
   8      17 sdb1 10320 13086 92802 4776 48232 56961 426891800 98896 0 6148 103668
   8       0 sda 312142 157 7267386 631912 43786 29093 1719256 802692 0 649236 1434464
   8       1 sda1 311992 157 7266186 631844 43780 29093 1719256 802648 0 649156 1434352
   8      16 sdb 10532 13108 94586 3788 47959 56620 426864976 93644 0 5920 97420
   8      17 sdb1 10179 13086 91586 3744 47870 56620 426864976 93400 0 5632 97132
   8      32 sdc 1995960 427 477144194 134632704 1828325 95834 863386752 526056716 0 10136228 660687500
   8      33 sdc1 1995810 427 477142994 134631872 1828248 95834 863386752 526056704 0 10135396 660703476
  eth0: 48587911831 39135180    0    0    0     0          0         0 55612667368 7169554    0    0    0     0       0          0
  eth0: 42079662598 34416569    0  916    0     0          0         0 69954886455 6901715    0    0    0     0       0          0
  eth0: 57722673224 44723782    0 1739    0     0          0         0 41238652464 7126896    0    0    0     0       0          0
  eth0: 64313327378 47989262    0  849    0     0          0         0 37664924150 7326069    0    0    0     0       0          0
