VM1 sda-sda
Previous Sectors Read = 17886978
Current Sectors Read = 18046610
Previous Sectors Written = 9154144
Current Sectors Written = 9161288
Sectors Read = 159632
Sectors Written = 7144
--------------------
VM1 sdb-sdb
Previous Sectors Read = 54594
Current Sectors Read = 54954
Previous Sectors Written = 427201584
Current Sectors Written = 427205528
Sectors Read = 360
Sectors Written = 3944
--------------------
VM1 sdc-sdc
Previous Sectors Read = 483537498
Current Sectors Read = 487191194
Previous Sectors Written = 805335928
Current Sectors Written = 805369360
Sectors Read = 3653696
Sectors Written = 33432
--------------------
VM2 sda-sda
Previous Sectors Read = 7332882
Current Sectors Read = 7354826
Previous Sectors Written = 1685872
Current Sectors Written = 1691728
Sectors Read = 21944
Sectors Written = 5856
--------------------
VM2 sdb-sdb
Previous Sectors Read = 97610
Current Sectors Read = 98322
Previous Sectors Written = 426878024
Current Sectors Written = 426884952
Sectors Read = 712
Sectors Written = 6928
--------------------
VM2 sdc-sdc
Previous Sectors Read = 561441050
Current Sectors Read = 565869498
Previous Sectors Written = 773229648
Current Sectors Written = 773265744
Sectors Read = 4428448
Sectors Written = 36096
--------------------
VM3 sda-sda
Previous Sectors Read = 7279162
Current Sectors Read = 7301402
Previous Sectors Written = 1713192
Current Sectors Written = 1716104
Sectors Read = 22240
Sectors Written = 2912
--------------------
VM3 sdc-sdc
Previous Sectors Read = 481223810
Current Sectors Read = 484880986
Previous Sectors Written = 778267440
Current Sectors Written = 778292112
Sectors Read = 3657176
Sectors Written = 24672
--------------------
VM3 sdb-sdb
Previous Sectors Read = 95794
Current Sectors Read = 96514
Previous Sectors Written = 426891800
Current Sectors Written = 426895792
Sectors Read = 720
Sectors Written = 3992
--------------------
VM4 sda-sda
Previous Sectors Read = 7267386
Current Sectors Read = 7288330
Previous Sectors Written = 1719256
Current Sectors Written = 1720992
Sectors Read = 20944
Sectors Written = 1736
--------------------
VM4 sdb-sdb
Previous Sectors Read = 94586
Current Sectors Read = 95282
Previous Sectors Written = 426864976
Current Sectors Written = 426867760
Sectors Read = 696
Sectors Written = 2784
--------------------
VM4 sdc-sdc
Previous Sectors Read = 477144194
Current Sectors Read = 480795258
Previous Sectors Written = 863386752
Current Sectors Written = 863408816
Sectors Read = 3651064
Sectors Written = 22064
--------------------
VM1
Previous Packets Received = 48587911831
Current Packets Received = 48784948716
Previous Packets Transmitted = 55612667368
Current Packets Transmitted = 55928420240
Packets received = 197036885
Packets Transmitted = 315752872
--------------------
VM2
Previous Packets Received = 42079662598
Current Packets Received = 42729327890
Previous Packets Transmitted = 69954886455
Current Packets Transmitted = 70054442580
Packets received = 649665292
Packets Transmitted = 99556125
--------------------
VM3
Previous Packets Received = 57722673224
Current Packets Received = 57931265212
Previous Packets Transmitted = 41238652464
Current Packets Transmitted = 41397314088
Packets received = 208591988
Packets Transmitted = 158661624
--------------------
VM4
Previous Packets Received = 64313327378
Current Packets Received = 64341822014
Previous Packets Transmitted = 37664924150
Current Packets Transmitted = 38129850613
Packets received = 28494636
Packets Transmitted = 464926463
--------------------
Total Sectors Read = 7996227584
Total Sectors Written = 77598720
Total Packets Received = 1083788801
Total Packets Transmitted = 1038897084
