   8       0 sda 759040 9 21402986 1171064 228169 400568 10285600 5167720 0 1365480 6338472
   8       1 sda1 758890 9 21401786 1171012 227546 400568 10285600 5167452 0 1365212 6338160
   8      16 sdb 8753 13111 82698 4580 63123 65980 427286712 114952 0 8432 119508
   8      17 sdb1 8400 13089 79698 4512 63022 65980 427286712 114864 0 8276 119352
   8      32 sdc 2207520 802 521049930 141995928 1855109 153862 832434096 490323348 0 11564000 632315916
   8      33 sdc1 2207370 802 521048730 141995108 1819021 153862 832434096 490307164 0 11557712 632299496
   8       0 sda 376401 165 8704242 657252 45176 26375 1755792 794284 0 700084 1451408
   8       1 sda1 376251 165 8703042 657196 45168 26375 1755792 794208 0 699968 1451276
   8      16 sdb 46335 13108 381010 17720 50550 59809 426949272 113840 0 15784 131548
   8      17 sdb1 45982 13086 378010 17628 50448 59809 426949272 113780 0 15632 131396
   8      32 sdc 2531561 779 606222282 179771780 1703655 105342 794834984 492464584 0 11410148 672236372
   8      33 sdc1 2531411 779 606221082 179770952 1703563 105342 794834984 492464568 0 11409356 672234432
   8       0 sda 373211 129 8646826 587496 46549 26693 1776704 803484 0 690052 1390824
   8       1 sda1 373061 129 8645626 587476 46543 26693 1776704 803440 0 690004 1390756
   8      32 sdc 2188841 522 518617850 138947288 1695248 104785 792389128 478365668 0 10583716 617327484
   8      33 sdc1 2188691 522 518616650 138946468 1695161 104785 792389128 478365652 0 10582888 617310060
   8      16 sdb 46518 13108 382562 18636 50645 59556 426954624 99456 0 15316 118068
   8      17 sdb1 46166 13086 379570 18564 50541 59556 426954624 99200 0 14992 117740
   8       0 sda 373081 181 8620674 697772 45726 30635 1771920 813012 0 679136 1510624
   8       1 sda1 372931 181 8619474 697704 45720 30635 1771920 812968 0 679056 1510512
   8      16 sdb 45152 13108 371546 15276 49994 59066 426921528 93840 0 11892 109100
   8      17 sdb1 44799 13086 368546 15232 49889 59066 426921528 93592 0 11600 108808
   8      32 sdc 2169544 490 514705402 142161532 1884649 104641 887448928 537801376 0 10986748 679960864
   8      33 sdc1 2169394 490 514704202 142160700 1884557 104641 887448928 537801364 0 10985916 679976836
  eth0: 53297872507 42820986    0    0    0     0          0         0 63759805828 7818217    0    0    0     0       0          0
  eth0: 46456902219 37855906    0  916    0     0          0         0 75643966117 7437344    0    0    0     0       0          0
  eth0: 64794356213 49745108    0 1739    0     0          0         0 43963681529 7681297    0    0    0     0       0          0
  eth0: 70413110506 52456357    0  849    0     0          0         0 42485129516 7896500    0    0    0     0       0          0
