   8       0 sda 754175 9 21242794 1168012 227966 400413 10280216 5166732 0 1362372 6334432
   8       1 sda1 754025 9 21241594 1167960 227343 400413 10280216 5166464 0 1362104 6334120
   8      16 sdb 8707 13111 82330 4476 63053 65895 427284872 114944 0 8420 119396
   8      17 sdb1 8354 13089 79330 4408 62952 65895 427284872 114856 0 8264 119240
   8      32 sdc 2202784 791 520438770 141853868 1854679 153348 832159904 490314740 1 11522344 632165296
   8      33 sdc1 2202634 791 520437570 141853048 1818648 153348 832159904 490298572 1 11516060 632148892
   8       0 sda 375273 165 8683002 656364 45133 26352 1754896 794056 0 699460 1450292
   8       1 sda1 375123 165 8681802 656308 45125 26352 1754896 793980 0 699344 1450160
   8      16 sdb 46293 13108 380674 17716 50497 59751 426947848 113840 0 15780 131544
   8      17 sdb1 45940 13086 377674 17624 50395 59751 426947848 113780 0 15628 131392
   8      32 sdc 2526305 776 605465346 179612284 1703515 105168 794831200 492462556 0 11370864 672074804
   8      33 sdc1 2526155 776 605464146 179611456 1703423 105168 794831200 492462540 0 11370072 672072912
   8       0 sda 372038 129 8624298 587276 46440 26593 1773288 803104 0 689484 1390224
   8       1 sda1 371888 129 8623098 587256 46434 26593 1773288 803060 0 689436 1390156
   8      32 sdc 2183784 518 517994330 138800180 1694884 104439 792377928 478357720 0 10542728 617172436
   8      33 sdc1 2183634 518 517993130 138799360 1694797 104439 792377928 478357704 0 10541900 617155012
   8      16 sdb 46509 13108 382490 18628 50528 59447 426951136 99428 0 15280 118032
   8      17 sdb1 46157 13086 379498 18556 50424 59447 426951136 99172 0 14956 117704
   8       0 sda 371973 180 8599514 697200 45670 30591 1770120 812760 0 678500 1509800
   8       1 sda1 371823 180 8598314 697132 45664 30591 1770120 812716 0 678420 1509688
   8      16 sdb 45076 13108 370938 15140 49943 58982 426919952 93836 0 11880 108960
   8      17 sdb1 44723 13086 367938 15096 49838 58982 426919952 93588 0 11588 108668
   8      32 sdc 2164925 485 514092826 142027420 1884480 104377 887443664 537798616 0 10945336 679823996
   8      33 sdc1 2164775 485 514091626 142026588 1884388 104377 887443664 537798604 0 10944504 679839968
  eth0: 53148160403 42712874    0    0    0     0          0         0 63709837779 7802715    0    0    0     0       0          0
  eth0: 46455242280 37847028    0  916    0     0          0         0 75473683976 7423844    0    0    0     0       0          0
  eth0: 64691940966 49666710    0 1739    0     0          0         0 43960208429 7671205    0    0    0     0       0          0
  eth0: 70381925117 52429032    0  849    0     0          0         0 42434802767 7887075    0    0    0     0       0          0
