VM1 sda-sda
Previous Sectors Read = 21242794
Current Sectors Read = 21402986
Previous Sectors Written = 10280216
Current Sectors Written = 10285600
Sectors Read = 160192
Sectors Written = 5384
--------------------
VM1 sdb-sdb
Previous Sectors Read = 82330
Current Sectors Read = 82698
Previous Sectors Written = 427284872
Current Sectors Written = 427286712
Sectors Read = 368
Sectors Written = 1840
--------------------
VM1 sdc-sdc
Previous Sectors Read = 520438770
Current Sectors Read = 521049930
Previous Sectors Written = 832159904
Current Sectors Written = 832434096
Sectors Read = 611160
Sectors Written = 274192
--------------------
VM2 sda-sda
Previous Sectors Read = 8683002
Current Sectors Read = 8704242
Previous Sectors Written = 1754896
Current Sectors Written = 1755792
Sectors Read = 21240
Sectors Written = 896
--------------------
VM2 sdb-sdb
Previous Sectors Read = 380674
Current Sectors Read = 381010
Previous Sectors Written = 426947848
Current Sectors Written = 426949272
Sectors Read = 336
Sectors Written = 1424
--------------------
VM2 sdc-sdc
Previous Sectors Read = 605465346
Current Sectors Read = 606222282
Previous Sectors Written = 794831200
Current Sectors Written = 794834984
Sectors Read = 756936
Sectors Written = 3784
--------------------
VM3 sda-sda
Previous Sectors Read = 8624298
Current Sectors Read = 8646826
Previous Sectors Written = 1773288
Current Sectors Written = 1776704
Sectors Read = 22528
Sectors Written = 3416
--------------------
VM3 sdc-sdc
Previous Sectors Read = 517994330
Current Sectors Read = 518617850
Previous Sectors Written = 792377928
Current Sectors Written = 792389128
Sectors Read = 623520
Sectors Written = 11200
--------------------
VM3 sdb-sdb
Previous Sectors Read = 382490
Current Sectors Read = 382562
Previous Sectors Written = 426951136
Current Sectors Written = 426954624
Sectors Read = 72
Sectors Written = 3488
--------------------
VM4 sda-sda
Previous Sectors Read = 8599514
Current Sectors Read = 8620674
Previous Sectors Written = 1770120
Current Sectors Written = 1771920
Sectors Read = 21160
Sectors Written = 1800
--------------------
VM4 sdb-sdb
Previous Sectors Read = 370938
Current Sectors Read = 371546
Previous Sectors Written = 426919952
Current Sectors Written = 426921528
Sectors Read = 608
Sectors Written = 1576
--------------------
VM4 sdc-sdc
Previous Sectors Read = 514092826
Current Sectors Read = 514705402
Previous Sectors Written = 887443664
Current Sectors Written = 887448928
Sectors Read = 612576
Sectors Written = 5264
--------------------
VM1
Previous Packets Received = 53148160403
Current Packets Received = 53297872507
Previous Packets Transmitted = 63709837779
Current Packets Transmitted = 63759805828
Packets received = 149712104
Packets Transmitted = 49968049
--------------------
VM2
Previous Packets Received = 46455242280
Current Packets Received = 46456902219
Previous Packets Transmitted = 75473683976
Current Packets Transmitted = 75643966117
Packets received = 1659939
Packets Transmitted = 170282141
--------------------
VM3
Previous Packets Received = 64691940966
Current Packets Received = 64794356213
Previous Packets Transmitted = 43960208429
Current Packets Transmitted = 43963681529
Packets received = 102415247
Packets Transmitted = 3473100
--------------------
VM4
Previous Packets Received = 70381925117
Current Packets Received = 70413110506
Previous Packets Transmitted = 42434802767
Current Packets Transmitted = 42485129516
Packets received = 31185389
Packets Transmitted = 50326749
--------------------
Total Sectors Read = 1449316352
Total Sectors Written = 160903168
Total Packets Received = 284972679
Total Packets Transmitted = 274050039
