   8       0 sda 645610 9 18259250 1036652 207783 343974 9235248 4926424 0 1284248 5962828
   8       1 sda1 645460 9 18258050 1036600 207163 343974 9235248 4926156 0 1283980 5962508
   8      16 sdb 5380 13111 55714 3184 60724 63504 427211416 114436 0 7304 117596
   8      17 sdb1 5027 13089 52714 3116 60638 63504 427211416 114356 0 7156 117448
   8      32 sdc 2062718 739 490817362 135513960 1787096 141635 806652840 479573204 0 10734140 615083944
   8      33 sdc1 2062568 739 490816162 135513140 1755299 141635 806652840 479558276 0 10728356 615068780
   8       0 sda 320537 143 7468370 611592 43018 24735 1696840 780240 0 667676 1391732
   8       1 sda1 320387 143 7467170 611536 43010 24735 1696840 780164 0 667560 1391600
   8      16 sdb 13111 13108 115218 5636 48450 57457 426889656 113436 0 7472 119064
   8      17 sdb1 12758 13086 112218 5544 48363 57457 426889656 113384 0 7328 118920
   8      32 sdc 2365568 747 570119794 172540556 1656213 97342 774243976 483238748 0 10601360 655778168
   8      33 sdc1 2365418 747 570118594 172539728 1656136 97342 774243976 483238736 0 10600568 655776216
   8       0 sda 317631 109 7413426 566476 44410 24930 1721312 791172 0 662356 1357508
   8       1 sda1 317481 109 7412226 566456 44404 24930 1721312 791128 0 662308 1357440
   8      32 sdc 2046034 439 488479698 132799476 1663134 96763 779584904 472437748 0 9880164 605251672
   8      33 sdc1 2045884 439 488478498 132798656 1663061 96763 779584904 472437740 0 9879340 605234408
   8      16 sdb 12916 13108 113746 5924 48622 57303 426900152 99180 0 6992 105100
   8      17 sdb1 12564 13086 110754 5852 48533 57303 426900152 98932 0 6676 104780
   8       0 sda 318123 166 7399602 639232 43963 29229 1724304 803468 0 652344 1442556
   8       1 sda1 317973 166 7398402 639164 43957 29229 1724304 803424 0 652264 1442444
   8      16 sdb 12673 13108 111714 4264 48182 56898 426871192 93660 0 6288 97912
   8      17 sdb1 12320 13086 108714 4220 48092 56898 426871192 93416 0 6000 97624
   8      32 sdc 2026730 434 484389826 136079448 1834546 96774 864838608 528087672 0 10256612 664165176
   8      33 sdc1 2026580 434 484388626 136078616 1834468 96774 864838608 528087660 0 10255780 664181152
  eth0: 48874628457 39396803    0    0    0     0          0         0 56526615472 7230091    0    0    0     0       0          0
  eth0: 42875165730 35045384    0  916    0     0          0         0 70902446343 6983179    0    0    0     0       0          0
  eth0: 58897341291 45546313    0 1739    0     0          0         0 41487553151 7204248    0    0    0     0       0          0
  eth0: 65118574056 48577580    0  849    0     0          0         0 38489024082 7392725    0    0    0     0       0          0
