   8       0 sda 638985 9 18076690 1032968 207216 338918 9164848 4921564 0 1278856 5954292
   8       1 sda1 638835 9 18075490 1032916 206596 338918 9164848 4921296 0 1278588 5953972
   8      16 sdb 5336 13111 55362 3172 60591 63363 427206592 114424 0 7280 117572
   8      17 sdb1 4983 13089 52362 3104 60505 63363 427206592 114344 0 7132 117424
   8      32 sdc 2047593 738 487191210 134633252 1781161 140790 805372280 478304752 0 10672244 612934788
   8      33 sdc1 2047443 738 487190010 134632432 1749901 140790 805372280 478290140 0 10666528 612919940
   8       0 sda 317310 143 7394186 609612 42908 24629 1693416 779836 0 665936 1389348
   8       1 sda1 317160 143 7392986 609556 42900 24629 1693416 779760 0 665820 1389216
   8      16 sdb 13068 13108 114874 5632 48334 57284 426885792 113424 0 7456 119048
   8      17 sdb1 12715 13086 111874 5540 48247 57284 426885792 113372 0 7312 118904
   8      32 sdc 2348609 747 565870074 171574176 1652130 96635 773272176 482439888 3 10550748 654013188
   8      33 sdc1 2348459 747 565868874 171573348 1652053 96635 773272176 482439876 3 10549956 654011236
   8       0 sda 314441 108 7340066 563652 44257 24716 1716480 790184 0 658624 1353696
   8       1 sda1 314291 108 7338866 563632 44251 24716 1716480 790140 0 658576 1353628
   8      32 sdc 2031704 438 484881002 132112444 1657726 96017 778296728 471516480 0 9832460 603643384
   8      33 sdc1 2031554 438 484879802 132111624 1657653 96017 778296728 471516472 0 9831636 603626120
   8      16 sdb 12838 13108 113122 5892 48489 57121 426896000 99148 0 6952 105036
   8      17 sdb1 12486 13086 110130 5820 48400 57121 426896000 98900 0 6636 104716
   8       0 sda 315016 161 7327002 636968 43870 29147 1721320 803112 0 650616 1439936
   8       1 sda1 314866 161 7325802 636900 43864 29147 1721320 803068 0 650536 1439824
   8      16 sdb 12628 13108 111354 4252 48079 56769 426868184 93644 0 6260 97884
   8      17 sdb1 12275 13086 108354 4208 47989 56769 426868184 93400 0 5972 97596
   8      32 sdc 2012444 432 480796170 135324668 1828696 96206 863410216 526062724 4 10204712 661386724
   8      33 sdc1 2012294 432 480794970 135323836 1828618 96206 863410216 526062712 4 10203880 661402700
  eth0: 48785806970 39298245    0    0    0     0          0         0 55928525525 7205135    0    0    0     0       0          0
  eth0: 42729385718 34903508    0  916    0     0          0         0 70055212374 6953123    0    0    0     0       0          0
  eth0: 57931304812 44876381    0 1739    0     0          0         0 41397355281 7155315    0    0    0     0       0          0
  eth0: 64341846521 48034292    0  849    0     0          0         0 38129878958 7347714    0    0    0     0       0          0
