VM1 sda-sda
Previous Sectors Read = 18076690
Current Sectors Read = 18259250
Previous Sectors Written = 9164848
Current Sectors Written = 9235248
Sectors Read = 182560
Sectors Written = 70400
--------------------
VM1 sdb-sdb
Previous Sectors Read = 55362
Current Sectors Read = 55714
Previous Sectors Written = 427206592
Current Sectors Written = 427211416
Sectors Read = 352
Sectors Written = 4824
--------------------
VM1 sdc-sdc
Previous Sectors Read = 487191210
Current Sectors Read = 490817362
Previous Sectors Written = 805372280
Current Sectors Written = 806652840
Sectors Read = 3626152
Sectors Written = 1280560
--------------------
VM2 sda-sda
Previous Sectors Read = 7394186
Current Sectors Read = 7468370
Previous Sectors Written = 1693416
Current Sectors Written = 1696840
Sectors Read = 74184
Sectors Written = 3424
--------------------
VM2 sdb-sdb
Previous Sectors Read = 114874
Current Sectors Read = 115218
Previous Sectors Written = 426885792
Current Sectors Written = 426889656
Sectors Read = 344
Sectors Written = 3864
--------------------
VM2 sdc-sdc
Previous Sectors Read = 565870074
Current Sectors Read = 570119794
Previous Sectors Written = 773272176
Current Sectors Written = 774243976
Sectors Read = 4249720
Sectors Written = 971800
--------------------
VM3 sda-sda
Previous Sectors Read = 7340066
Current Sectors Read = 7413426
Previous Sectors Written = 1716480
Current Sectors Written = 1721312
Sectors Read = 73360
Sectors Written = 4832
--------------------
VM3 sdc-sdc
Previous Sectors Read = 484881002
Current Sectors Read = 488479698
Previous Sectors Written = 778296728
Current Sectors Written = 779584904
Sectors Read = 3598696
Sectors Written = 1288176
--------------------
VM3 sdb-sdb
Previous Sectors Read = 113122
Current Sectors Read = 113746
Previous Sectors Written = 426896000
Current Sectors Written = 426900152
Sectors Read = 624
Sectors Written = 4152
--------------------
VM4 sda-sda
Previous Sectors Read = 7327002
Current Sectors Read = 7399602
Previous Sectors Written = 1721320
Current Sectors Written = 1724304
Sectors Read = 72600
Sectors Written = 2984
--------------------
VM4 sdb-sdb
Previous Sectors Read = 111354
Current Sectors Read = 111714
Previous Sectors Written = 426868184
Current Sectors Written = 426871192
Sectors Read = 360
Sectors Written = 3008
--------------------
VM4 sdc-sdc
Previous Sectors Read = 480796170
Current Sectors Read = 484389826
Previous Sectors Written = 863410216
Current Sectors Written = 864838608
Sectors Read = 3593656
Sectors Written = 1428392
--------------------
VM1
Previous Packets Received = 48785806970
Current Packets Received = 48874628457
Previous Packets Transmitted = 55928525525
Current Packets Transmitted = 56526615472
Packets received = 88821487
Packets Transmitted = 598089947
--------------------
VM2
Previous Packets Received = 42729385718
Current Packets Received = 42875165730
Previous Packets Transmitted = 70055212374
Current Packets Transmitted = 70902446343
Packets received = 145780012
Packets Transmitted = 847233969
--------------------
VM3
Previous Packets Received = 57931304812
Current Packets Received = 58897341291
Previous Packets Transmitted = 41397355281
Current Packets Transmitted = 41487553151
Packets received = 966036479
Packets Transmitted = 90197870
--------------------
VM4
Previous Packets Received = 64341846521
Current Packets Received = 65118574056
Previous Packets Transmitted = 38129878958
Current Packets Transmitted = 38489024082
Packets received = 776727535
Packets Transmitted = 359145124
--------------------
Total Sectors Read = 7921975296
Total Sectors Written = 2594004992
Total Packets Received = 1977365513
Total Packets Transmitted = 1894666910
