   8       0 sda 661013 9 18683186 1047328 208892 350432 9337432 4933732 2 1296096 5981352
   8       1 sda1 660863 9 18681986 1047276 208272 350432 9337432 4933464 2 1295828 5981032
   8      16 sdb 5624 13111 57666 3260 61040 63882 427223392 114500 0 7404 117736
   8      17 sdb1 5271 13089 54666 3192 60952 63882 427223392 114420 0 7256 117588
   8      32 sdc 2094545 747 498071162 137125904 1793774 143644 808673760 480527892 0 10860432 617650572
   8      33 sdc1 2094395 747 498069962 137125084 1761344 143644 808673760 480512856 0 10854568 617635300
   8       0 sda 328286 143 7640882 618524 43361 25058 1707640 782024 0 672052 1400444
   8       1 sda1 328136 143 7639682 618468 43353 25058 1707640 781948 0 671936 1400312
   8      16 sdb 17419 13108 149682 7120 48801 57916 426901496 113492 0 8760 120604
   8      17 sdb1 17066 13086 146682 7028 48712 57916 426901496 113440 0 8616 120460
   8      32 sdc 2403137 749 578798922 174240264 1662914 98872 776507920 484463828 0 10744088 658702932
   8      33 sdc1 2402987 749 578797722 174239436 1662835 98872 776507920 484463816 0 10743296 658700980
   8       0 sda 324839 117 7572290 569112 44732 25209 1729224 793072 0 666152 1362044
   8       1 sda1 324689 117 7571090 569092 44726 25209 1729224 793028 0 666104 1361976
   8      32 sdc 2077752 444 495740986 134238820 1669499 97859 782095136 474237436 0 9998088 608490688
   8      33 sdc1 2077602 444 495739786 134238000 1669424 97859 782095136 474237428 0 9997264 608473424
   8      16 sdb 17271 13108 148586 6864 48866 57621 426907416 99200 0 7836 106060
   8      17 sdb1 16919 13086 145594 6792 48775 57621 426907416 98952 0 7520 105740
   8       0 sda 325285 170 7558186 644396 44156 29355 1729472 804560 0 655564 1448812
   8       1 sda1 325135 170 7556986 644328 44150 29355 1729472 804516 0 655484 1448700
   8      16 sdb 16959 13108 146002 6232 48401 57171 426877432 93680 0 7020 99900
   8      17 sdb1 16606 13086 143002 6188 48309 57171 426877432 93432 0 6728 99608
   8      32 sdc 2058464 441 491643058 137567716 1839591 97763 867190608 529302732 0 10371488 666868484
   8      33 sdc1 2058314 441 491641858 137566884 1839511 97763 867190608 529302720 0 10370656 666884460
  eth0: 49647538347 39984736    0    0    0     0          0         0 57525761913 7295850    0    0    0     0       0          0
  eth0: 43372439690 35441499    0  916    0     0          0         0 71293705065 7035332    0    0    0     0       0          0
  eth0: 59677103215 46098547    0 1739    0     0          0         0 41891220960 7266874    0    0    0     0       0          0
  eth0: 65319119442 48733371    0  849    0     0          0         0 38855996034 7427044    0    0    0     0       0          0
