   8       0 sda 654566 9 18503138 1043404 208259 344325 9257456 4928824 0 1289616 5971972
   8       1 sda1 654416 9 18501938 1043352 207639 344325 9257456 4928556 0 1289348 5971652
   8      16 sdb 5578 13111 57298 3232 60897 63682 427216992 114472 0 7372 117680
   8      17 sdb1 5225 13089 54298 3164 60809 63682 427216992 114392 0 7224 117532
   8      32 sdc 2079816 746 494474354 136226572 1787926 142400 807481920 479587164 0 10800308 615810516
   8      33 sdc1 2079666 746 494473154 136225752 1756034 142400 807481920 479572232 0 10794520 615795348
   8       0 sda 325114 143 7569090 616604 43241 24935 1704328 781496 0 670160 1397996
   8       1 sda1 324964 143 7567890 616548 43233 24935 1704328 781420 0 670044 1397864
   8      16 sdb 17321 13108 148898 7112 48687 57749 426897784 113472 0 8736 120576
   8      17 sdb1 16968 13086 145898 7020 48598 57749 426897784 113420 0 8592 120432
   8      32 sdc 2385859 749 574546610 173364652 1657407 98095 775090440 483322380 0 10685516 656685888
   8      33 sdc1 2385709 749 574545410 173363824 1657328 98095 775090440 483322368 0 10684724 656683936
   8       0 sda 322140 111 7512274 567736 44603 25093 1725760 792236 0 664012 1359832
   8       1 sda1 321990 111 7511074 567716 44597 25093 1725760 792192 0 663964 1359764
   8      32 sdc 2063105 443 492140026 133464260 1663610 97147 780618560 472449400 0 9939920 605928096
   8      33 sdc1 2062955 443 492138826 133463440 1663535 97147 780618560 472449392 0 9939096 605910832
   8      16 sdb 17180 13108 147858 6860 48762 57471 426904208 99184 0 7816 106040
   8      17 sdb1 16828 13086 144866 6788 48671 57471 426904208 98936 0 7500 105720
   8       0 sda 322634 167 7498498 643048 44074 29298 1726992 804016 0 654088 1446920
   8       1 sda1 322484 167 7497298 642980 44068 29298 1726992 803972 0 654008 1446808
   8      16 sdb 16826 13108 144938 6000 48303 57029 426874496 93676 0 7004 99664
   8      17 sdb1 16473 13086 141938 5956 48211 57029 426874496 93428 0 6712 99372
   8      32 sdc 2043803 440 488046650 136763288 1834927 97108 866054192 528101124 0 10321496 664862460
   8      33 sdc1 2043653 440 488045450 136762456 1834847 97108 866054192 528101112 0 10320664 664878436
  eth0: 48911009044 39435675    0    0    0     0          0         0 56688504410 7253140    0    0    0     0       0          0
  eth0: 43215223894 35321621    0  916    0     0          0         0 71003325945 7016302    0    0    0     0       0          0
  eth0: 58933294942 45574916    0 1739    0     0          0         0 41493099040 7220412    0    0    0     0       0          0
  eth0: 65151947101 48611506    0  849    0     0          0         0 38648670578 7411344    0    0    0     0       0          0
