VM1 sda-sda
Previous Sectors Read = 18503138
Current Sectors Read = 18683186
Previous Sectors Written = 9257456
Current Sectors Written = 9337432
Sectors Read = 180048
Sectors Written = 79976
--------------------
VM1 sdb-sdb
Previous Sectors Read = 57298
Current Sectors Read = 57666
Previous Sectors Written = 427216992
Current Sectors Written = 427223392
Sectors Read = 368
Sectors Written = 6400
--------------------
VM1 sdc-sdc
Previous Sectors Read = 494474354
Current Sectors Read = 498071162
Previous Sectors Written = 807481920
Current Sectors Written = 808673760
Sectors Read = 3596808
Sectors Written = 1191840
--------------------
VM2 sda-sda
Previous Sectors Read = 7569090
Current Sectors Read = 7640882
Previous Sectors Written = 1704328
Current Sectors Written = 1707640
Sectors Read = 71792
Sectors Written = 3312
--------------------
VM2 sdb-sdb
Previous Sectors Read = 148898
Current Sectors Read = 149682
Previous Sectors Written = 426897784
Current Sectors Written = 426901496
Sectors Read = 784
Sectors Written = 3712
--------------------
VM2 sdc-sdc
Previous Sectors Read = 574546610
Current Sectors Read = 578798922
Previous Sectors Written = 775090440
Current Sectors Written = 776507920
Sectors Read = 4252312
Sectors Written = 1417480
--------------------
VM3 sda-sda
Previous Sectors Read = 7512274
Current Sectors Read = 7572290
Previous Sectors Written = 1725760
Current Sectors Written = 1729224
Sectors Read = 60016
Sectors Written = 3464
--------------------
VM3 sdc-sdc
Previous Sectors Read = 492140026
Current Sectors Read = 495740986
Previous Sectors Written = 780618560
Current Sectors Written = 782095136
Sectors Read = 3600960
Sectors Written = 1476576
--------------------
VM3 sdb-sdb
Previous Sectors Read = 147858
Current Sectors Read = 148586
Previous Sectors Written = 426904208
Current Sectors Written = 426907416
Sectors Read = 728
Sectors Written = 3208
--------------------
VM4 sda-sda
Previous Sectors Read = 7498498
Current Sectors Read = 7558186
Previous Sectors Written = 1726992
Current Sectors Written = 1729472
Sectors Read = 59688
Sectors Written = 2480
--------------------
VM4 sdb-sdb
Previous Sectors Read = 144938
Current Sectors Read = 146002
Previous Sectors Written = 426874496
Current Sectors Written = 426877432
Sectors Read = 1064
Sectors Written = 2936
--------------------
VM4 sdc-sdc
Previous Sectors Read = 488046650
Current Sectors Read = 491643058
Previous Sectors Written = 866054192
Current Sectors Written = 867190608
Sectors Read = 3596408
Sectors Written = 1136416
--------------------
VM1
Previous Packets Received = 48911009044
Current Packets Received = 49647538347
Previous Packets Transmitted = 56688504410
Current Packets Transmitted = 57525761913
Packets received = 736529303
Packets Transmitted = 837257503
--------------------
VM2
Previous Packets Received = 43215223894
Current Packets Received = 43372439690
Previous Packets Transmitted = 71003325945
Current Packets Transmitted = 71293705065
Packets received = 157215796
Packets Transmitted = 290379120
--------------------
VM3
Previous Packets Received = 58933294942
Current Packets Received = 59677103215
Previous Packets Transmitted = 41493099040
Current Packets Transmitted = 41891220960
Packets received = 743808273
Packets Transmitted = 398121920
--------------------
VM4
Previous Packets Received = 65151947101
Current Packets Received = 65319119442
Previous Packets Transmitted = 38648670578
Current Packets Transmitted = 38855996034
Packets received = 167172341
Packets Transmitted = 207325456
--------------------
Total Sectors Read = 7895539712
Total Sectors Written = 2727833600
Total Packets Received = 1804725713
Total Packets Transmitted = 1733083999
