   8       0 sda 630630 9 17844954 1027312 206756 338566 9143320 4918916 0 1274412 5945984
   8       1 sda1 630480 9 17843754 1027260 206136 338566 9143320 4918648 0 1274144 5945664
   8      16 sdb 5198 13111 54258 3032 60415 63188 427201112 114408 0 7240 117416
   8      17 sdb1 4845 13089 51258 2964 60331 63188 427201112 114332 0 7096 117272
   8      32 sdc 2030849 730 483537306 133956584 1780227 139867 804558008 478294092 0 10600984 612247472
   8      33 sdc1 2030699 730 483536106 133955764 1749077 139867 804558008 478279496 0 10595280 612232640
   8       0 sda 312728 143 7293882 606628 42683 24418 1685520 778148 0 663096 1384676
   8       1 sda1 312578 143 7292682 606572 42675 24418 1685520 778072 0 662980 1384544
   8      16 sdb 8877 13108 81346 3928 48068 56999 426877752 113372 0 6464 117292
   8      17 sdb1 8524 13086 78346 3836 47983 56999 426877752 113320 0 6320 117148
   8      32 sdc 2328546 747 561440858 170871156 1651272 95843 772302280 482420104 0 10470452 653290136
   8      33 sdc1 2328396 747 561439658 170870328 1651197 95843 772302280 482420092 0 10469660 653288184
   8       0 sda 309939 108 7240346 561768 44108 24636 1712680 789692 0 656612 1351324
   8       1 sda1 309789 108 7239146 561748 44102 24636 1712680 789648 0 656564 1351256
   8      32 sdc 2015087 429 481223618 131431804 1656940 95456 777317720 471450400 0 9773252 602896672
   8      33 sdc1 2014937 429 481222418 131430984 1656868 95456 777317720 471450396 0 9772432 602879416
   8      16 sdb 8572 13108 78994 3856 48288 56933 426891096 99140 0 5872 102992
   8      17 sdb1 8220 13086 76002 3784 48201 56933 426891096 98892 0 5556 102672
   8       0 sda 310446 157 7228554 630688 43746 29065 1718504 802580 0 648816 1433128
   8       1 sda1 310296 157 7227354 630620 43740 29065 1718504 802536 0 648736 1433016
   8      16 sdb 8526 13108 78538 3324 47930 56595 426864312 93592 0 5572 96904
   8      17 sdb1 8173 13086 75538 3280 47842 56595 426864312 93348 0 5284 96616
   8      32 sdc 1995708 427 477142178 134622520 1827828 95702 862154920 526009760 0 10133648 660630360
   8      33 sdc1 1995558 427 477140978 134621688 1827752 95702 862154920 526009748 0 10132816 660646336
  eth0: 48587816122 39134730    0    0    0     0          0         0 55612589798 7169175    0    0    0     0       0          0
  eth0: 42079630070 34416445    0  916    0     0          0         0 69954856105 6901563    0    0    0     0       0          0
  eth0: 57722646572 44723622    0 1739    0     0          0         0 41238621354 7126716    0    0    0     0       0          0
  eth0: 64313290889 47989100    0  849    0     0          0         0 37664888978 7325877    0    0    0     0       0          0
