   8       0 sda 624327 9 17654378 1023896 203663 333492 9013824 4898140 0 1267596 5921792
   8       1 sda1 624177 9 17653178 1023844 203043 333492 9013824 4897872 0 1267328 5921472
   8      16 sdb 5185 13111 54154 3032 60276 63011 427195512 114376 0 7208 117384
   8      17 sdb1 4832 13089 51154 2964 60192 63011 427195512 114300 0 7064 117240
   8      32 sdc 2015923 730 479938882 133085592 1774271 138937 803294056 477272192 4 10540524 610354904
   8      33 sdc1 2015773 730 479937682 133084772 1743651 138937 803294056 477257792 4 10534876 610340268
   8       0 sda 309521 141 7222026 604588 42580 24336 1682592 777648 0 661236 1382140
   8       1 sda1 309371 141 7220826 604532 42572 24336 1682592 777572 0 661120 1382008
   8      16 sdb 8801 13108 80738 3924 47958 56866 426874488 113344 0 6444 117260
   8      17 sdb1 8448 13086 77738 3832 47873 56866 426874488 113292 0 6300 117116
   8      32 sdc 2311546 744 557190810 170002892 1646681 95246 771191424 481267556 0 10409484 651269332
   8      33 sdc1 2311396 744 557189610 170002064 1646606 95246 771191424 481267544 0 10408692 651267380
   8       0 sda 306797 106 7167690 561012 43992 24526 1709344 788688 0 654936 1349572
   8       1 sda1 306647 106 7166490 560992 43986 24526 1709344 788644 0 654888 1349504
   8      32 sdc 2000694 429 477624586 130710980 1652251 94849 776181384 470145484 31 9721888 600871300
   8      33 sdc1 2000544 429 477623386 130710160 1652179 94849 776181384 470145480 31 9721068 600854044
   8      16 sdb 8562 13108 78914 3852 48181 56782 426887848 99132 0 5860 102980
   8      17 sdb1 8210 13086 75922 3780 48094 56782 426887848 98884 0 5544 102660
   8       0 sda 307261 157 7155554 628864 43630 28916 1714688 801884 0 646848 1430612
   8       1 sda1 307111 157 7154354 628796 43624 28916 1714688 801840 0 646768 1430500
   8      16 sdb 8449 13108 77922 3192 47815 56424 426860360 93576 0 5552 96756
   8      17 sdb1 8096 13086 74922 3148 47727 56424 426860360 93332 0 5264 96468
   8      32 sdc 1980757 424 473543178 133854816 1822126 94963 860779352 524814392 0 10082092 658667300
   8      33 sdc1 1980607 424 473541978 133853984 1822050 94963 860779352 524814380 0 10081260 658683276
  eth0: 48546697892 39072546    0    0    0     0          0         0 54994070623 7143763    0    0    0     0       0          0
  eth0: 41402106792 33924745    0  916    0     0          0         0 69570701038 6870383    0    0    0     0       0          0
  eth0: 57531418594 44583157    0 1739    0     0          0         0 41009717864 7107265    0    0    0     0       0          0
  eth0: 63526725410 47435841    0  849    0     0          0         0 37270135038 7271637    0    0    0     0       0          0
