VM1 sda-sda
Previous Sectors Read = 17654378
Current Sectors Read = 17844954
Previous Sectors Written = 9013824
Current Sectors Written = 9143320
Sectors Read = 190576
Sectors Written = 129496
--------------------
VM1 sdb-sdb
Previous Sectors Read = 54154
Current Sectors Read = 54258
Previous Sectors Written = 427195512
Current Sectors Written = 427201112
Sectors Read = 104
Sectors Written = 5600
--------------------
VM1 sdc-sdc
Previous Sectors Read = 479938882
Current Sectors Read = 483537306
Previous Sectors Written = 803294056
Current Sectors Written = 804558008
Sectors Read = 3598424
Sectors Written = 1263952
--------------------
VM2 sda-sda
Previous Sectors Read = 7222026
Current Sectors Read = 7293882
Previous Sectors Written = 1682592
Current Sectors Written = 1685520
Sectors Read = 71856
Sectors Written = 2928
--------------------
VM2 sdb-sdb
Previous Sectors Read = 80738
Current Sectors Read = 81346
Previous Sectors Written = 426874488
Current Sectors Written = 426877752
Sectors Read = 608
Sectors Written = 3264
--------------------
VM2 sdc-sdc
Previous Sectors Read = 557190810
Current Sectors Read = 561440858
Previous Sectors Written = 771191424
Current Sectors Written = 772302280
Sectors Read = 4250048
Sectors Written = 1110856
--------------------
VM3 sda-sda
Previous Sectors Read = 7167690
Current Sectors Read = 7240346
Previous Sectors Written = 1709344
Current Sectors Written = 1712680
Sectors Read = 72656
Sectors Written = 3336
--------------------
VM3 sdc-sdc
Previous Sectors Read = 477624586
Current Sectors Read = 481223618
Previous Sectors Written = 776181384
Current Sectors Written = 777317720
Sectors Read = 3599032
Sectors Written = 1136336
--------------------
VM3 sdb-sdb
Previous Sectors Read = 78914
Current Sectors Read = 78994
Previous Sectors Written = 426887848
Current Sectors Written = 426891096
Sectors Read = 80
Sectors Written = 3248
--------------------
VM4 sda-sda
Previous Sectors Read = 7155554
Current Sectors Read = 7228554
Previous Sectors Written = 1714688
Current Sectors Written = 1718504
Sectors Read = 73000
Sectors Written = 3816
--------------------
VM4 sdb-sdb
Previous Sectors Read = 77922
Current Sectors Read = 78538
Previous Sectors Written = 426860360
Current Sectors Written = 426864312
Sectors Read = 616
Sectors Written = 3952
--------------------
VM4 sdc-sdc
Previous Sectors Read = 473543178
Current Sectors Read = 477142178
Previous Sectors Written = 860779352
Current Sectors Written = 862154920
Sectors Read = 3599000
Sectors Written = 1375568
--------------------
VM1
Previous Packets Received = 48546697892
Current Packets Received = 48587816122
Previous Packets Transmitted = 54994070623
Current Packets Transmitted = 55612589798
Packets received = 41118230
Packets Transmitted = 618519175
--------------------
VM2
Previous Packets Received = 41402106792
Current Packets Received = 42079630070
Previous Packets Transmitted = 69570701038
Current Packets Transmitted = 69954856105
Packets received = 677523278
Packets Transmitted = 384155067
--------------------
VM3
Previous Packets Received = 57531418594
Current Packets Received = 57722646572
Previous Packets Transmitted = 41009717864
Current Packets Transmitted = 41238621354
Packets received = 191227978
Packets Transmitted = 228903490
--------------------
VM4
Previous Packets Received = 63526725410
Current Packets Received = 64313290889
Previous Packets Transmitted = 37270135038
Current Packets Transmitted = 37664888978
Packets received = 786565479
Packets Transmitted = 394753940
--------------------
Total Sectors Read = 7913472000
Total Sectors Written = 2581684224
Total Packets Received = 1696434965
Total Packets Transmitted = 1626331672
